[2022-08-11T04:32:50.330Z] Log level: Info
[2022-08-11T04:32:50.332Z] [info] Validating found git in: git
[2022-08-11T04:32:50.356Z] [info] Using git 2.37.1 from git
[2022-08-11T04:32:50.390Z] > git rev-parse --show-toplevel [12ms]
[2022-08-11T04:32:50.403Z] > git rev-parse --git-dir --git-common-dir [2ms]
[2022-08-11T04:32:50.409Z] [info] Open repository: /home/manu320/.config
[2022-08-11T04:32:50.469Z] > git status -z -uall [50ms]
[2022-08-11T04:32:50.482Z] > git symbolic-ref --short HEAD [4ms]
[2022-08-11T04:32:50.512Z] > git for-each-ref --format=%(refname)%00%(upstream:short)%00%(objectname)%00%(upstream:track)%00%(upstream:remotename)%00%(upstream:remoteref) refs/heads/master refs/remotes/master [21ms]
[2022-08-11T04:32:50.527Z] > git remote --verbose [2ms]
[2022-08-11T04:32:50.528Z] > git for-each-ref --sort -committerdate --format %(refname) %(objectname) %(*objectname) [10ms]
[2022-08-11T04:32:51.735Z] > git config --get commit.template [1112ms]
[2022-08-11T04:32:51.753Z] > git check-ignore -v -z --stdin [3ms]
[2022-08-11T04:32:51.758Z] > git status -z -uall [16ms]
[2022-08-11T04:32:51.764Z] > git symbolic-ref --short HEAD [1ms]
[2022-08-11T04:32:51.770Z] > git for-each-ref --format=%(refname)%00%(upstream:short)%00%(objectname)%00%(upstream:track)%00%(upstream:remotename)%00%(upstream:remoteref) refs/heads/master refs/remotes/master [1ms]
[2022-08-11T04:32:51.780Z] > git for-each-ref --sort -committerdate --format %(refname) %(objectname) %(*objectname) [5ms]
[2022-08-11T04:32:51.781Z] > git remote --verbose [2ms]
[2022-08-11T04:32:51.857Z] > git config --get commit.template [2ms]
[2022-08-11T04:32:53.672Z] > git show --textconv :starship.toml [1759ms]
[2022-08-11T04:32:53.672Z] > git ls-files --stage -- /home/manu320/.config/starship.toml [1753ms]
[2022-08-11T04:32:55.083Z] > git status -z -uall [43ms]
[2022-08-11T04:32:55.092Z] > git symbolic-ref --short HEAD [1ms]
[2022-08-11T04:32:55.101Z] > git for-each-ref --format=%(refname)%00%(upstream:short)%00%(objectname)%00%(upstream:track)%00%(upstream:remotename)%00%(upstream:remoteref) refs/heads/master refs/remotes/master [2ms]
[2022-08-11T04:32:55.115Z] > git for-each-ref --sort -committerdate --format %(refname) %(objectname) %(*objectname) [8ms]
[2022-08-11T04:32:55.115Z] > git remote --verbose [1ms]
[2022-08-11T04:32:55.159Z] > git config --get commit.template [2ms]
[2022-08-11T04:33:00.182Z] > git status -z -uall [13ms]
[2022-08-11T04:33:00.188Z] > git symbolic-ref --short HEAD [1ms]
[2022-08-11T04:33:00.194Z] > git for-each-ref --format=%(refname)%00%(upstream:short)%00%(objectname)%00%(upstream:track)%00%(upstream:remotename)%00%(upstream:remoteref) refs/heads/master refs/remotes/master [1ms]
[2022-08-11T04:33:00.205Z] > git for-each-ref --sort -committerdate --format %(refname) %(objectname) %(*objectname) [6ms]
[2022-08-11T04:33:00.205Z] > git remote --verbose [1ms]
[2022-08-11T04:33:00.247Z] > git config --get commit.template [5ms]
[2022-08-11T04:33:21.245Z] > git status -z -uall [20ms]
[2022-08-11T04:33:21.251Z] > git symbolic-ref --short HEAD [1ms]
[2022-08-11T04:33:21.255Z] > git for-each-ref --format=%(refname)%00%(upstream:short)%00%(objectname)%00%(upstream:track)%00%(upstream:remotename)%00%(upstream:remoteref) refs/heads/master refs/remotes/master [1ms]
[2022-08-11T04:33:21.266Z] > git for-each-ref --sort -committerdate --format %(refname) %(objectname) %(*objectname) [7ms]
[2022-08-11T04:33:21.266Z] > git remote --verbose [2ms]
[2022-08-11T04:33:21.312Z] > git config --get commit.template [1ms]
[2022-08-11T04:33:26.376Z] > git status -z -uall [43ms]
[2022-08-11T04:33:26.385Z] > git symbolic-ref --short HEAD [1ms]
[2022-08-11T04:33:26.392Z] > git for-each-ref --format=%(refname)%00%(upstream:short)%00%(objectname)%00%(upstream:track)%00%(upstream:remotename)%00%(upstream:remoteref) refs/heads/master refs/remotes/master [1ms]
[2022-08-11T04:33:26.402Z] > git for-each-ref --sort -committerdate --format %(refname) %(objectname) %(*objectname) [5ms]
[2022-08-11T04:33:26.402Z] > git remote --verbose [1ms]
[2022-08-11T04:33:26.440Z] > git config --get commit.template [4ms]
[2022-08-11T04:33:31.508Z] > git status -z -uall [46ms]
[2022-08-11T04:33:31.517Z] > git symbolic-ref --short HEAD [1ms]
[2022-08-11T04:33:31.526Z] > git for-each-ref --format=%(refname)%00%(upstream:short)%00%(objectname)%00%(upstream:track)%00%(upstream:remotename)%00%(upstream:remoteref) refs/heads/master refs/remotes/master [1ms]
[2022-08-11T04:33:31.538Z] > git for-each-ref --sort -committerdate --format %(refname) %(objectname) %(*objectname) [6ms]
[2022-08-11T04:33:31.538Z] > git remote --verbose [1ms]
[2022-08-11T04:33:31.593Z] > git config --get commit.template [10ms]
[2022-08-11T04:33:44.230Z] > git status -z -uall [16ms]
[2022-08-11T04:33:44.235Z] > git symbolic-ref --short HEAD [0ms]
[2022-08-11T04:33:44.241Z] > git for-each-ref --format=%(refname)%00%(upstream:short)%00%(objectname)%00%(upstream:track)%00%(upstream:remotename)%00%(upstream:remoteref) refs/heads/master refs/remotes/master [1ms]
[2022-08-11T04:33:44.249Z] > git remote --verbose [1ms]
[2022-08-11T04:33:44.249Z] > git for-each-ref --sort -committerdate --format %(refname) %(objectname) %(*objectname) [5ms]
[2022-08-11T04:33:44.296Z] > git config --get commit.template [2ms]
[2022-08-11T04:33:53.148Z] > git status -z -uall [15ms]
[2022-08-11T04:33:53.154Z] > git symbolic-ref --short HEAD [1ms]
[2022-08-11T04:33:53.161Z] > git for-each-ref --format=%(refname)%00%(upstream:short)%00%(objectname)%00%(upstream:track)%00%(upstream:remotename)%00%(upstream:remoteref) refs/heads/master refs/remotes/master [1ms]
[2022-08-11T04:33:53.171Z] > git for-each-ref --sort -committerdate --format %(refname) %(objectname) %(*objectname) [5ms]
[2022-08-11T04:33:53.172Z] > git remote --verbose [2ms]
[2022-08-11T04:33:53.212Z] > git config --get commit.template [3ms]
[2022-08-11T04:33:59.192Z] > git status -z -uall [23ms]
[2022-08-11T04:33:59.200Z] > git symbolic-ref --short HEAD [1ms]
[2022-08-11T04:33:59.209Z] > git for-each-ref --format=%(refname)%00%(upstream:short)%00%(objectname)%00%(upstream:track)%00%(upstream:remotename)%00%(upstream:remoteref) refs/heads/master refs/remotes/master [2ms]
[2022-08-11T04:33:59.229Z] > git remote --verbose [2ms]
[2022-08-11T04:33:59.230Z] > git for-each-ref --sort -committerdate --format %(refname) %(objectname) %(*objectname) [14ms]
[2022-08-11T04:33:59.297Z] > git config --get commit.template [3ms]
[2022-08-11T04:34:05.240Z] > git status -z -uall [17ms]
[2022-08-11T04:34:05.247Z] > git symbolic-ref --short HEAD [0ms]
[2022-08-11T04:34:05.256Z] > git for-each-ref --format=%(refname)%00%(upstream:short)%00%(objectname)%00%(upstream:track)%00%(upstream:remotename)%00%(upstream:remoteref) refs/heads/master refs/remotes/master [2ms]
[2022-08-11T04:34:05.271Z] > git for-each-ref --sort -committerdate --format %(refname) %(objectname) %(*objectname) [8ms]
[2022-08-11T04:34:05.271Z] > git remote --verbose [1ms]
[2022-08-11T04:34:05.318Z] > git config --get commit.template [5ms]
[2022-08-11T04:34:26.970Z] > git status -z -uall [20ms]
[2022-08-11T04:34:26.977Z] > git symbolic-ref --short HEAD [1ms]
[2022-08-11T04:34:26.983Z] > git for-each-ref --format=%(refname)%00%(upstream:short)%00%(objectname)%00%(upstream:track)%00%(upstream:remotename)%00%(upstream:remoteref) refs/heads/master refs/remotes/master [2ms]
[2022-08-11T04:34:26.993Z] > git for-each-ref --sort -committerdate --format %(refname) %(objectname) %(*objectname) [6ms]
[2022-08-11T04:34:26.993Z] > git remote --verbose [1ms]
[2022-08-11T04:34:27.046Z] > git config --get commit.template [4ms]
[2022-08-11T04:34:28.950Z] > git show --textconv :kitty/kitty.conf [9ms]
[2022-08-11T04:34:28.952Z] > git ls-files --stage -- /home/manu320/.config/kitty/kitty.conf [2ms]
[2022-08-11T04:34:32.067Z] > git status -z -uall [14ms]
[2022-08-11T04:34:32.073Z] > git symbolic-ref --short HEAD [1ms]
[2022-08-11T04:34:32.079Z] > git for-each-ref --format=%(refname)%00%(upstream:short)%00%(objectname)%00%(upstream:track)%00%(upstream:remotename)%00%(upstream:remoteref) refs/heads/master refs/remotes/master [1ms]
[2022-08-11T04:34:32.088Z] > git for-each-ref --sort -committerdate --format %(refname) %(objectname) %(*objectname) [5ms]
[2022-08-11T04:34:32.088Z] > git remote --verbose [1ms]
[2022-08-11T04:34:32.131Z] > git config --get commit.template [3ms]
[2022-08-11T04:34:37.186Z] > git status -z -uall [34ms]
[2022-08-11T04:34:37.193Z] > git symbolic-ref --short HEAD [1ms]
[2022-08-11T04:34:37.199Z] > git for-each-ref --format=%(refname)%00%(upstream:short)%00%(objectname)%00%(upstream:track)%00%(upstream:remotename)%00%(upstream:remoteref) refs/heads/master refs/remotes/master [1ms]
[2022-08-11T04:34:37.209Z] > git for-each-ref --sort -committerdate --format %(refname) %(objectname) %(*objectname) [5ms]
[2022-08-11T04:34:37.209Z] > git remote --verbose [1ms]
[2022-08-11T04:34:37.247Z] > git config --get commit.template [2ms]
[2022-08-11T04:34:42.312Z] > git status -z -uall [46ms]
[2022-08-11T04:34:42.321Z] > git symbolic-ref --short HEAD [1ms]
[2022-08-11T04:34:42.328Z] > git for-each-ref --format=%(refname)%00%(upstream:short)%00%(objectname)%00%(upstream:track)%00%(upstream:remotename)%00%(upstream:remoteref) refs/heads/master refs/remotes/master [1ms]
[2022-08-11T04:34:42.338Z] > git for-each-ref --sort -committerdate --format %(refname) %(objectname) %(*objectname) [4ms]
[2022-08-11T04:34:42.339Z] > git remote --verbose [1ms]
[2022-08-11T04:34:42.385Z] > git config --get commit.template [2ms]
[2022-08-11T04:34:50.884Z] > git status -z -uall [17ms]
[2022-08-11T04:34:50.892Z] > git symbolic-ref --short HEAD [1ms]
[2022-08-11T04:34:50.898Z] > git for-each-ref --format=%(refname)%00%(upstream:short)%00%(objectname)%00%(upstream:track)%00%(upstream:remotename)%00%(upstream:remoteref) refs/heads/master refs/remotes/master [1ms]
[2022-08-11T04:34:50.910Z] > git for-each-ref --sort -committerdate --format %(refname) %(objectname) %(*objectname) [7ms]
[2022-08-11T04:34:50.910Z] > git remote --verbose [1ms]
[2022-08-11T04:34:50.956Z] > git config --get commit.template [7ms]
[2022-08-11T04:34:54.987Z] > git check-ignore -v -z --stdin [4ms]
[2022-08-11T04:34:56.016Z] > git show --textconv :lightdm/lightdm-gtk-greeter.conf [15ms]
[2022-08-11T04:34:56.017Z] > git ls-files --stage -- /home/manu320/.config/lightdm/lightdm-gtk-greeter.conf [2ms]
[2022-08-11T04:34:56.020Z] > git status -z -uall [45ms]
[2022-08-11T04:34:56.029Z] > git symbolic-ref --short HEAD [1ms]
[2022-08-11T04:34:56.037Z] > git for-each-ref --format=%(refname)%00%(upstream:short)%00%(objectname)%00%(upstream:track)%00%(upstream:remotename)%00%(upstream:remoteref) refs/heads/master refs/remotes/master [2ms]
[2022-08-11T04:34:56.048Z] > git for-each-ref --sort -committerdate --format %(refname) %(objectname) %(*objectname) [6ms]
[2022-08-11T04:34:56.048Z] > git remote --verbose [1ms]
[2022-08-11T04:34:56.086Z] > git config --get commit.template [2ms]
[2022-08-11T04:35:01.107Z] > git status -z -uall [14ms]
[2022-08-11T04:35:01.113Z] > git symbolic-ref --short HEAD [1ms]
[2022-08-11T04:35:01.117Z] > git for-each-ref --format=%(refname)%00%(upstream:short)%00%(objectname)%00%(upstream:track)%00%(upstream:remotename)%00%(upstream:remoteref) refs/heads/master refs/remotes/master [0ms]
[2022-08-11T04:35:01.125Z] > git for-each-ref --sort -committerdate --format %(refname) %(objectname) %(*objectname) [4ms]
[2022-08-11T04:35:01.125Z] > git remote --verbose [1ms]
[2022-08-11T04:35:01.164Z] > git config --get commit.template [3ms]
[2022-08-11T04:35:06.228Z] > git status -z -uall [43ms]
[2022-08-11T04:35:06.237Z] > git symbolic-ref --short HEAD [1ms]
[2022-08-11T04:35:06.243Z] > git for-each-ref --format=%(refname)%00%(upstream:short)%00%(objectname)%00%(upstream:track)%00%(upstream:remotename)%00%(upstream:remoteref) refs/heads/master refs/remotes/master [1ms]
[2022-08-11T04:35:06.253Z] > git for-each-ref --sort -committerdate --format %(refname) %(objectname) %(*objectname) [5ms]
[2022-08-11T04:35:06.254Z] > git remote --verbose [2ms]
[2022-08-11T04:35:06.292Z] > git config --get commit.template [4ms]
[2022-08-11T04:35:11.358Z] > git status -z -uall [45ms]
[2022-08-11T04:35:11.369Z] > git symbolic-ref --short HEAD [1ms]
[2022-08-11T04:35:11.376Z] > git for-each-ref --format=%(refname)%00%(upstream:short)%00%(objectname)%00%(upstream:track)%00%(upstream:remotename)%00%(upstream:remoteref) refs/heads/master refs/remotes/master [1ms]
[2022-08-11T04:35:11.387Z] > git for-each-ref --sort -committerdate --format %(refname) %(objectname) %(*objectname) [6ms]
[2022-08-11T04:35:11.388Z] > git remote --verbose [2ms]
[2022-08-11T04:35:11.426Z] > git config --get commit.template [5ms]
[2022-08-11T04:35:17.097Z] > git status -z -uall [15ms]
[2022-08-11T04:35:17.108Z] > git symbolic-ref --short HEAD [2ms]
[2022-08-11T04:35:17.118Z] > git for-each-ref --format=%(refname)%00%(upstream:short)%00%(objectname)%00%(upstream:track)%00%(upstream:remotename)%00%(upstream:remoteref) refs/heads/master refs/remotes/master [2ms]
[2022-08-11T04:35:17.136Z] > git for-each-ref --sort -committerdate --format %(refname) %(objectname) %(*objectname) [9ms]
[2022-08-11T04:35:17.136Z] > git remote --verbose [2ms]
[2022-08-11T04:35:17.206Z] > git config --get commit.template [1ms]
[2022-08-11T04:35:36.817Z] > git status -z -uall [16ms]
[2022-08-11T04:35:36.824Z] > git symbolic-ref --short HEAD [1ms]
[2022-08-11T04:35:36.830Z] > git for-each-ref --format=%(refname)%00%(upstream:short)%00%(objectname)%00%(upstream:track)%00%(upstream:remotename)%00%(upstream:remoteref) refs/heads/master refs/remotes/master [1ms]
[2022-08-11T04:35:36.840Z] > git for-each-ref --sort -committerdate --format %(refname) %(objectname) %(*objectname) [5ms]
[2022-08-11T04:35:36.840Z] > git remote --verbose [1ms]
[2022-08-11T04:35:36.891Z] > git config --get commit.template [1ms]
[2022-08-11T04:35:41.841Z] > git show --textconv :README.md [9ms]
[2022-08-11T04:35:41.841Z] > git ls-files --stage -- /home/manu320/.config/README.md [1ms]
[2022-08-11T04:35:41.850Z] > git cat-file -s 1cc716e92d8ad36009a97c27618191101c1eced3 [1ms]
[2022-08-11T04:35:41.919Z] > git status -z -uall [20ms]
[2022-08-11T04:35:41.928Z] > git symbolic-ref --short HEAD [1ms]
[2022-08-11T04:35:41.937Z] > git for-each-ref --format=%(refname)%00%(upstream:short)%00%(objectname)%00%(upstream:track)%00%(upstream:remotename)%00%(upstream:remoteref) refs/heads/master refs/remotes/master [1ms]
[2022-08-11T04:35:41.953Z] > git for-each-ref --sort -committerdate --format %(refname) %(objectname) %(*objectname) [8ms]
[2022-08-11T04:35:41.953Z] > git remote --verbose [1ms]
[2022-08-11T04:35:42.005Z] > git config --get commit.template [4ms]
[2022-08-11T04:37:54.437Z] > git status -z -uall [18ms]
[2022-08-11T04:37:54.443Z] > git symbolic-ref --short HEAD [1ms]
[2022-08-11T04:37:54.450Z] > git for-each-ref --format=%(refname)%00%(upstream:short)%00%(objectname)%00%(upstream:track)%00%(upstream:remotename)%00%(upstream:remoteref) refs/heads/master refs/remotes/master [1ms]
[2022-08-11T04:37:54.460Z] > git for-each-ref --sort -committerdate --format %(refname) %(objectname) %(*objectname) [5ms]
[2022-08-11T04:37:54.461Z] > git remote --verbose [1ms]
[2022-08-11T04:37:54.514Z] > git config --get commit.template [1ms]
[2022-08-11T04:37:59.580Z] > git status -z -uall [45ms]
[2022-08-11T04:37:59.590Z] > git symbolic-ref --short HEAD [2ms]
[2022-08-11T04:37:59.597Z] > git for-each-ref --format=%(refname)%00%(upstream:short)%00%(objectname)%00%(upstream:track)%00%(upstream:remotename)%00%(upstream:remoteref) refs/heads/master refs/remotes/master [1ms]
[2022-08-11T04:37:59.607Z] > git for-each-ref --sort -committerdate --format %(refname) %(objectname) %(*objectname) [5ms]
[2022-08-11T04:37:59.607Z] > git remote --verbose [1ms]
[2022-08-11T04:37:59.648Z] > git config --get commit.template [4ms]
[2022-08-11T04:38:04.678Z] > git status -z -uall [13ms]
[2022-08-11T04:38:04.684Z] > git symbolic-ref --short HEAD [1ms]
[2022-08-11T04:38:04.690Z] > git for-each-ref --format=%(refname)%00%(upstream:short)%00%(objectname)%00%(upstream:track)%00%(upstream:remotename)%00%(upstream:remoteref) refs/heads/master refs/remotes/master [1ms]
[2022-08-11T04:38:04.700Z] > git for-each-ref --sort -committerdate --format %(refname) %(objectname) %(*objectname) [6ms]
[2022-08-11T04:38:04.700Z] > git remote --verbose [1ms]
[2022-08-11T04:38:04.737Z] > git config --get commit.template [3ms]
[2022-08-11T04:38:09.755Z] > git status -z -uall [12ms]
[2022-08-11T04:38:09.762Z] > git symbolic-ref --short HEAD [1ms]
[2022-08-11T04:38:09.767Z] > git for-each-ref --format=%(refname)%00%(upstream:short)%00%(objectname)%00%(upstream:track)%00%(upstream:remotename)%00%(upstream:remoteref) refs/heads/master refs/remotes/master [1ms]
[2022-08-11T04:38:09.776Z] > git for-each-ref --sort -committerdate --format %(refname) %(objectname) %(*objectname) [5ms]
[2022-08-11T04:38:09.776Z] > git remote --verbose [0ms]
[2022-08-11T04:38:09.813Z] > git config --get commit.template [4ms]
[2022-08-11T04:38:14.858Z] > git status -z -uall [26ms]
[2022-08-11T04:38:14.864Z] > git symbolic-ref --short HEAD [0ms]
[2022-08-11T04:38:14.870Z] > git for-each-ref --format=%(refname)%00%(upstream:short)%00%(objectname)%00%(upstream:track)%00%(upstream:remotename)%00%(upstream:remoteref) refs/heads/master refs/remotes/master [1ms]
[2022-08-11T04:38:14.878Z] > git remote --verbose [1ms]
[2022-08-11T04:38:14.879Z] > git for-each-ref --sort -committerdate --format %(refname) %(objectname) %(*objectname) [5ms]
[2022-08-11T04:38:14.921Z] > git config --get commit.template [6ms]
[2022-08-11T04:38:19.955Z] > git status -z -uall [25ms]
[2022-08-11T04:38:19.967Z] > git symbolic-ref --short HEAD [2ms]
[2022-08-11T04:38:19.977Z] > git for-each-ref --format=%(refname)%00%(upstream:short)%00%(objectname)%00%(upstream:track)%00%(upstream:remotename)%00%(upstream:remoteref) refs/heads/master refs/remotes/master [2ms]
[2022-08-11T04:38:19.996Z] > git for-each-ref --sort -committerdate --format %(refname) %(objectname) %(*objectname) [10ms]
[2022-08-11T04:38:19.996Z] > git remote --verbose [1ms]
[2022-08-11T04:38:20.046Z] > git config --get commit.template [4ms]
[2022-08-11T04:38:25.069Z] > git status -z -uall [13ms]
[2022-08-11T04:38:25.076Z] > git symbolic-ref --short HEAD [1ms]
[2022-08-11T04:38:25.083Z] > git for-each-ref --format=%(refname)%00%(upstream:short)%00%(objectname)%00%(upstream:track)%00%(upstream:remotename)%00%(upstream:remoteref) refs/heads/master refs/remotes/master [2ms]
[2022-08-11T04:38:25.093Z] > git for-each-ref --sort -committerdate --format %(refname) %(objectname) %(*objectname) [5ms]
[2022-08-11T04:38:25.093Z] > git remote --verbose [1ms]
[2022-08-11T04:38:25.131Z] > git config --get commit.template [4ms]
[2022-08-11T04:38:50.251Z] > git status -z -uall [16ms]
[2022-08-11T04:38:50.257Z] > git symbolic-ref --short HEAD [1ms]
[2022-08-11T04:38:50.263Z] > git for-each-ref --format=%(refname)%00%(upstream:short)%00%(objectname)%00%(upstream:track)%00%(upstream:remotename)%00%(upstream:remoteref) refs/heads/master refs/remotes/master [1ms]
[2022-08-11T04:38:50.273Z] > git for-each-ref --sort -committerdate --format %(refname) %(objectname) %(*objectname) [6ms]
[2022-08-11T04:38:50.273Z] > git remote --verbose [2ms]
[2022-08-11T04:38:50.315Z] > git config --get commit.template [1ms]
[2022-08-11T04:38:55.382Z] > git status -z -uall [45ms]
[2022-08-11T04:38:55.392Z] > git symbolic-ref --short HEAD [1ms]
[2022-08-11T04:38:55.400Z] > git for-each-ref --format=%(refname)%00%(upstream:short)%00%(objectname)%00%(upstream:track)%00%(upstream:remotename)%00%(upstream:remoteref) refs/heads/master refs/remotes/master [1ms]
[2022-08-11T04:38:55.409Z] > git for-each-ref --sort -committerdate --format %(refname) %(objectname) %(*objectname) [5ms]
[2022-08-11T04:38:55.410Z] > git remote --verbose [1ms]
[2022-08-11T04:38:55.446Z] > git config --get commit.template [3ms]
[2022-08-11T04:39:21.492Z] > git status -z -uall [22ms]
[2022-08-11T04:39:21.499Z] > git symbolic-ref --short HEAD [1ms]
[2022-08-11T04:39:21.506Z] > git for-each-ref --format=%(refname)%00%(upstream:short)%00%(objectname)%00%(upstream:track)%00%(upstream:remotename)%00%(upstream:remoteref) refs/heads/master refs/remotes/master [2ms]
[2022-08-11T04:39:21.516Z] > git for-each-ref --sort -committerdate --format %(refname) %(objectname) %(*objectname) [5ms]
[2022-08-11T04:39:21.517Z] > git remote --verbose [1ms]
[2022-08-11T04:39:21.569Z] > git config --get commit.template [3ms]
[2022-08-11T04:39:26.633Z] > git status -z -uall [43ms]
[2022-08-11T04:39:26.642Z] > git symbolic-ref --short HEAD [1ms]
[2022-08-11T04:39:26.649Z] > git for-each-ref --format=%(refname)%00%(upstream:short)%00%(objectname)%00%(upstream:track)%00%(upstream:remotename)%00%(upstream:remoteref) refs/heads/master refs/remotes/master [1ms]
[2022-08-11T04:39:26.660Z] > git for-each-ref --sort -committerdate --format %(refname) %(objectname) %(*objectname) [5ms]
[2022-08-11T04:39:26.661Z] > git remote --verbose [1ms]
[2022-08-11T04:39:26.698Z] > git config --get commit.template [2ms]
[2022-08-11T04:39:41.455Z] > git status -z -uall [17ms]
[2022-08-11T04:39:41.462Z] > git symbolic-ref --short HEAD [1ms]
[2022-08-11T04:39:41.468Z] > git for-each-ref --format=%(refname)%00%(upstream:short)%00%(objectname)%00%(upstream:track)%00%(upstream:remotename)%00%(upstream:remoteref) refs/heads/master refs/remotes/master [1ms]
[2022-08-11T04:39:41.478Z] > git for-each-ref --sort -committerdate --format %(refname) %(objectname) %(*objectname) [5ms]
[2022-08-11T04:39:41.479Z] > git remote --verbose [1ms]
[2022-08-11T04:39:41.523Z] > git config --get commit.template [3ms]
[2022-08-11T04:39:46.586Z] > git status -z -uall [43ms]
[2022-08-11T04:39:46.595Z] > git symbolic-ref --short HEAD [1ms]
[2022-08-11T04:39:46.604Z] > git for-each-ref --format=%(refname)%00%(upstream:short)%00%(objectname)%00%(upstream:track)%00%(upstream:remotename)%00%(upstream:remoteref) refs/heads/master refs/remotes/master [2ms]
[2022-08-11T04:39:46.617Z] > git for-each-ref --sort -committerdate --format %(refname) %(objectname) %(*objectname) [7ms]
[2022-08-11T04:39:46.618Z] > git remote --verbose [2ms]
[2022-08-11T04:39:46.661Z] > git config --get commit.template [2ms]
[2022-08-11T04:39:51.682Z] > git status -z -uall [14ms]
[2022-08-11T04:39:51.689Z] > git symbolic-ref --short HEAD [1ms]
[2022-08-11T04:39:51.694Z] > git for-each-ref --format=%(refname)%00%(upstream:short)%00%(objectname)%00%(upstream:track)%00%(upstream:remotename)%00%(upstream:remoteref) refs/heads/master refs/remotes/master [1ms]
[2022-08-11T04:39:51.704Z] > git for-each-ref --sort -committerdate --format %(refname) %(objectname) %(*objectname) [5ms]
[2022-08-11T04:39:51.704Z] > git remote --verbose [1ms]
[2022-08-11T04:39:51.741Z] > git config --get commit.template [2ms]
[2022-08-11T04:39:56.809Z] > git status -z -uall [48ms]
[2022-08-11T04:39:56.818Z] > git symbolic-ref --short HEAD [1ms]
[2022-08-11T04:39:56.825Z] > git for-each-ref --format=%(refname)%00%(upstream:short)%00%(objectname)%00%(upstream:track)%00%(upstream:remotename)%00%(upstream:remoteref) refs/heads/master refs/remotes/master [1ms]
[2022-08-11T04:39:56.834Z] > git for-each-ref --sort -committerdate --format %(refname) %(objectname) %(*objectname) [5ms]
[2022-08-11T04:39:56.834Z] > git remote --verbose [1ms]
[2022-08-11T04:39:56.869Z] > git config --get commit.template [4ms]
