[Debug 04:35:42.061] TableOfContentsProvider: create - file:///home/manu320/.config/README.md
[Debug 04:35:42.062] LinkProvider: compute - file:///home/manu320/.config/README.md
[Debug 04:35:43.490] MdFoldingProvider: provideFoldingRanges - file:///home/manu320/.config/README.md
[Debug 04:37:56.626] MdFoldingProvider: provideFoldingRanges - file:///home/manu320/.config/README.md
[Debug 04:37:56.626] TableOfContentsProvider: create - file:///home/manu320/.config/README.md
[Debug 04:37:56.824] LinkProvider: compute - file:///home/manu320/.config/README.md
[Debug 04:38:03.245] MdFoldingProvider: provideFoldingRanges - file:///home/manu320/.config/README.md
[Debug 04:38:03.245] TableOfContentsProvider: create - file:///home/manu320/.config/README.md
[Debug 04:38:03.561] LinkProvider: compute - file:///home/manu320/.config/README.md
[Debug 04:38:27.955] ReferencesProvider: getReferencesAtPosition: file:///home/manu320/.config/README.md
[Debug 04:38:52.102] MdFoldingProvider: provideFoldingRanges - file:///home/manu320/.config/README.md
[Debug 04:38:52.102] TableOfContentsProvider: create - file:///home/manu320/.config/README.md
[Debug 04:38:52.660] MdFoldingProvider: provideFoldingRanges - file:///home/manu320/.config/README.md
[Debug 04:38:52.660] TableOfContentsProvider: create - file:///home/manu320/.config/README.md
[Debug 04:38:53.199] MdFoldingProvider: provideFoldingRanges - file:///home/manu320/.config/README.md
[Debug 04:38:53.199] TableOfContentsProvider: create - file:///home/manu320/.config/README.md
[Debug 04:38:53.926] LinkProvider: compute - file:///home/manu320/.config/README.md
[Debug 04:38:54.297] MdFoldingProvider: provideFoldingRanges - file:///home/manu320/.config/README.md
[Debug 04:38:54.297] TableOfContentsProvider: create - file:///home/manu320/.config/README.md
[Debug 04:38:54.626] MdFoldingProvider: provideFoldingRanges - file:///home/manu320/.config/README.md
[Debug 04:38:54.626] TableOfContentsProvider: create - file:///home/manu320/.config/README.md
[Trace 04:38:55.392] VsCodeClientWorkspace: onDidChangeWatchedFiles: 1: file:///home/manu320/.config/Code%20-%20OSS/User/History/6d87ae69/rtZY.md
[Trace 04:38:55.437] VsCodeClientWorkspace: onDidChangeWatchedFiles: 2: file:///home/manu320/.config/README.md
[Debug 04:38:55.437] LinkProvider: compute - file:///home/manu320/.config/README.md
[Debug 04:39:22.999] MdFoldingProvider: provideFoldingRanges - file:///home/manu320/.config/README.md
[Debug 04:39:22.999] TableOfContentsProvider: create - file:///home/manu320/.config/README.md
[Debug 04:39:23.090] LinkProvider: compute - file:///home/manu320/.config/README.md
[Debug 04:39:24.314] MdFoldingProvider: provideFoldingRanges - file:///home/manu320/.config/README.md
[Debug 04:39:24.314] TableOfContentsProvider: create - file:///home/manu320/.config/README.md
[Debug 04:39:24.676] MdFoldingProvider: provideFoldingRanges - file:///home/manu320/.config/README.md
[Debug 04:39:24.677] TableOfContentsProvider: create - file:///home/manu320/.config/README.md
[Debug 04:39:25.479] LinkProvider: compute - file:///home/manu320/.config/README.md
[Debug 04:39:43.350] MdFoldingProvider: provideFoldingRanges - file:///home/manu320/.config/README.md
[Debug 04:39:43.350] TableOfContentsProvider: create - file:///home/manu320/.config/README.md
[Debug 04:39:44.154] LinkProvider: compute - file:///home/manu320/.config/README.md
[Debug 04:39:44.966] MdFoldingProvider: provideFoldingRanges - file:///home/manu320/.config/README.md
[Debug 04:39:44.966] TableOfContentsProvider: create - file:///home/manu320/.config/README.md
[Debug 04:39:45.475] MdFoldingProvider: provideFoldingRanges - file:///home/manu320/.config/README.md
[Debug 04:39:45.475] TableOfContentsProvider: create - file:///home/manu320/.config/README.md
[Debug 04:39:46.275] LinkProvider: compute - file:///home/manu320/.config/README.md
[Trace 04:39:48.395] VsCodeClientWorkspace: onDidChangeWatchedFiles: 1: file:///home/manu320/.config/Code%20-%20OSS/User/History/6d87ae69/PCgm.md
[Trace 04:39:48.404] VsCodeClientWorkspace: onDidChangeWatchedFiles: 2: file:///home/manu320/.config/README.md
