[2022-08-10 23:32:49.823] [exthost] [info] Extension host with pid 47314 started
[2022-08-10 23:32:49.823] [exthost] [info] Skipping acquiring lock for /home/manu320/.config/Code - OSS/User/workspaceStorage/6a7bad11e60a69ed78162b22e93f74f1.
[2022-08-10 23:32:49.924] [exthost] [info] ExtensionService#_doActivateExtension vscode.configuration-editing, startup: false, activationEvent: 'onLanguage:jsonc'
[2022-08-10 23:32:49.929] [exthost] [info] ExtensionService#_doActivateExtension vscode.json-language-features, startup: false, activationEvent: 'onLanguage:jsonc'
[2022-08-10 23:32:49.960] [exthost] [info] ExtensionService#_doActivateExtension vscode.typescript-language-features, startup: false, activationEvent: 'onLanguage:jsonc'
[2022-08-10 23:32:49.974] [exthost] [info] ExtensionService#_doActivateExtension vscode.debug-auto-launch, startup: true, activationEvent: '*'
[2022-08-10 23:32:49.976] [exthost] [info] ExtensionService#_doActivateExtension vscode.git-base, startup: true, activationEvent: '*', root cause: vscode.git
[2022-08-10 23:32:49.979] [exthost] [info] ExtensionService#_doActivateExtension vscode.ipynb, startup: true, activationEvent: '*'
[2022-08-10 23:32:49.983] [exthost] [info] ExtensionService#_doActivateExtension ecmel.vscode-html-css, startup: true, activationEvent: '*'
[2022-08-10 23:32:50.015] [exthost] [info] ExtensionService#_doActivateExtension formulahendry.auto-close-tag, startup: true, activationEvent: '*'
[2022-08-10 23:32:50.017] [exthost] [info] ExtensionService#_doActivateExtension formulahendry.auto-rename-tag, startup: true, activationEvent: '*'
[2022-08-10 23:32:50.028] [exthost] [info] ExtensionService#_doActivateExtension Zignd.html-css-class-completion, startup: true, activationEvent: '*'
[2022-08-10 23:32:50.197] [exthost] [info] ExtensionService#_doActivateExtension vscode.git, startup: true, activationEvent: '*'
[2022-08-10 23:32:50.222] [exthost] [info] ExtensionService#_doActivateExtension vscode.github, startup: true, activationEvent: '*'
[2022-08-10 23:32:50.243] [exthost] [info] ExtensionService#_doActivateExtension pranaygp.vscode-css-peek, startup: true, activationEvent: 'workspaceContains:**/*.css,**/*.scss,**/*.sass,**/*.less'
[2022-08-10 23:32:50.511] [exthost] [info] Eager extensions activated
[2022-08-10 23:32:50.608] [exthost] [warning] [Decorations] CAPPING events from decorations provider vscode.git 2865
[2022-08-10 23:32:50.624] [exthost] [info] ExtensionService#_doActivateExtension vscode.emmet, startup: false, activationEvent: 'onStartupFinished'
[2022-08-10 23:32:50.631] [exthost] [info] ExtensionService#_doActivateExtension vscode.merge-conflict, startup: false, activationEvent: 'onStartupFinished'
[2022-08-10 23:32:50.633] [exthost] [info] ExtensionService#_doActivateExtension esbenp.prettier-vscode, startup: false, activationEvent: 'onStartupFinished'
[2022-08-10 23:32:50.681] [exthost] [info] ExtensionService#_doActivateExtension ritwickdey.LiveServer, startup: false, activationEvent: 'onStartupFinished'
[2022-08-10 23:32:51.833] [exthost] [warning] [Decorations] CAPPING events from decorations provider vscode.git 2866
[2022-08-10 23:32:55.146] [exthost] [warning] [Decorations] CAPPING events from decorations provider vscode.git 2866
[2022-08-10 23:33:00.229] [exthost] [warning] [Decorations] CAPPING events from decorations provider vscode.git 2884
[2022-08-10 23:33:21.300] [exthost] [warning] [Decorations] CAPPING events from decorations provider vscode.git 2908
[2022-08-10 23:33:26.427] [exthost] [warning] [Decorations] CAPPING events from decorations provider vscode.git 2908
[2022-08-10 23:33:31.573] [exthost] [warning] [Decorations] CAPPING events from decorations provider vscode.git 2908
[2022-08-10 23:33:44.285] [exthost] [warning] [Decorations] CAPPING events from decorations provider vscode.git 2909
[2022-08-10 23:33:53.197] [exthost] [warning] [Decorations] CAPPING events from decorations provider vscode.git 2910
[2022-08-10 23:33:59.281] [exthost] [warning] [Decorations] CAPPING events from decorations provider vscode.git 2910
[2022-08-10 23:34:05.303] [exthost] [warning] [Decorations] CAPPING events from decorations provider vscode.git 2910
[2022-08-10 23:34:27.032] [exthost] [warning] [Decorations] CAPPING events from decorations provider vscode.git 2910
[2022-08-10 23:34:32.117] [exthost] [warning] [Decorations] CAPPING events from decorations provider vscode.git 2910
[2022-08-10 23:34:37.234] [exthost] [warning] [Decorations] CAPPING events from decorations provider vscode.git 2910
[2022-08-10 23:34:42.370] [exthost] [warning] [Decorations] CAPPING events from decorations provider vscode.git 2911
[2022-08-10 23:34:50.938] [exthost] [warning] [Decorations] CAPPING events from decorations provider vscode.git 2912
[2022-08-10 23:34:56.072] [exthost] [warning] [Decorations] CAPPING events from decorations provider vscode.git 2911
[2022-08-10 23:35:01.152] [exthost] [warning] [Decorations] CAPPING events from decorations provider vscode.git 2911
[2022-08-10 23:35:06.276] [exthost] [warning] [Decorations] CAPPING events from decorations provider vscode.git 2911
[2022-08-10 23:35:11.410] [exthost] [warning] [Decorations] CAPPING events from decorations provider vscode.git 2911
[2022-08-10 23:35:17.184] [exthost] [warning] [Decorations] CAPPING events from decorations provider vscode.git 2911
[2022-08-10 23:35:36.878] [exthost] [warning] [Decorations] CAPPING events from decorations provider vscode.git 2911
[2022-08-10 23:35:41.438] [exthost] [info] ExtensionService#_doActivateExtension vscode.extension-editing, startup: false, activationEvent: 'onLanguage:markdown'
[2022-08-10 23:35:41.459] [exthost] [info] ExtensionService#_doActivateExtension vscode.markdown-language-features, startup: false, activationEvent: 'onLanguage:markdown'
[2022-08-10 23:35:41.989] [exthost] [warning] [Decorations] CAPPING events from decorations provider vscode.git 2911
[2022-08-10 23:35:43.494] [exthost] [info] ExtensionService#_doActivateExtension vscode.markdown-math, startup: false, activationEvent: 'api', root cause: vscode.markdown-language-features
[2022-08-10 23:37:54.504] [exthost] [warning] [Decorations] CAPPING events from decorations provider vscode.git 2915
[2022-08-10 23:37:59.633] [exthost] [warning] [Decorations] CAPPING events from decorations provider vscode.git 2916
[2022-08-10 23:38:04.724] [exthost] [warning] [Decorations] CAPPING events from decorations provider vscode.git 2917
[2022-08-10 23:38:09.800] [exthost] [warning] [Decorations] CAPPING events from decorations provider vscode.git 2917
[2022-08-10 23:38:14.905] [exthost] [warning] [Decorations] CAPPING events from decorations provider vscode.git 2917
[2022-08-10 23:38:20.033] [exthost] [warning] [Decorations] CAPPING events from decorations provider vscode.git 2917
[2022-08-10 23:38:25.118] [exthost] [warning] [Decorations] CAPPING events from decorations provider vscode.git 2917
[2022-08-10 23:38:50.305] [exthost] [warning] [Decorations] CAPPING events from decorations provider vscode.git 2917
[2022-08-10 23:38:55.433] [exthost] [warning] [Decorations] CAPPING events from decorations provider vscode.git 2919
[2022-08-10 23:39:21.555] [exthost] [warning] [Decorations] CAPPING events from decorations provider vscode.git 2918
[2022-08-10 23:39:26.687] [exthost] [warning] [Decorations] CAPPING events from decorations provider vscode.git 2919
[2022-08-10 23:39:41.511] [exthost] [warning] [Decorations] CAPPING events from decorations provider vscode.git 2919
[2022-08-10 23:39:46.650] [exthost] [warning] [Decorations] CAPPING events from decorations provider vscode.git 2919
[2022-08-10 23:39:51.728] [exthost] [warning] [Decorations] CAPPING events from decorations provider vscode.git 2920
[2022-08-10 23:39:56.856] [exthost] [warning] [Decorations] CAPPING events from decorations provider vscode.git 2919
