[2022-08-11T04:27:22.559Z] Log level: Info
[2022-08-11T04:27:22.560Z] [info] Validating found git in: git
[2022-08-11T04:27:22.574Z] [info] Using git 2.37.1 from git
[2022-08-11T04:27:22.591Z] > git rev-parse --show-toplevel [4ms]
[2022-08-11T04:27:22.600Z] > git rev-parse --git-dir --git-common-dir [1ms]
[2022-08-11T04:27:22.603Z] [info] Open repository: /home/manu320/.config
[2022-08-11T04:27:22.629Z] > git status -z -uall [18ms]
[2022-08-11T04:27:22.638Z] > git symbolic-ref --short HEAD [2ms]
[2022-08-11T04:27:22.650Z] > git for-each-ref --format=%(refname)%00%(upstream:short)%00%(objectname)%00%(upstream:track)%00%(upstream:remotename)%00%(upstream:remoteref) refs/heads/master refs/remotes/master [4ms]
[2022-08-11T04:27:22.670Z] > git remote --verbose [3ms]
[2022-08-11T04:27:22.671Z] > git for-each-ref --sort -committerdate --format %(refname) %(objectname) %(*objectname) [12ms]
[2022-08-11T04:27:23.266Z] > git check-ignore -v -z --stdin [8ms]
[2022-08-11T04:27:23.269Z] > git config --get commit.template [45ms]
[2022-08-11T04:27:23.285Z] > git status -z -uall [10ms]
[2022-08-11T04:27:23.291Z] > git symbolic-ref --short HEAD [1ms]
[2022-08-11T04:27:23.299Z] > git for-each-ref --format=%(refname)%00%(upstream:short)%00%(objectname)%00%(upstream:track)%00%(upstream:remotename)%00%(upstream:remoteref) refs/heads/master refs/remotes/master [2ms]
[2022-08-11T04:27:23.313Z] > git for-each-ref --sort -committerdate --format %(refname) %(objectname) %(*objectname) [7ms]
[2022-08-11T04:27:23.313Z] > git remote --verbose [1ms]
[2022-08-11T04:27:23.344Z] > git config --get commit.template [2ms]
[2022-08-11T04:27:25.748Z] > git status -z -uall [31ms]
[2022-08-11T04:27:25.762Z] > git symbolic-ref --short HEAD [2ms]
[2022-08-11T04:27:25.777Z] > git for-each-ref --format=%(refname)%00%(upstream:short)%00%(objectname)%00%(upstream:track)%00%(upstream:remotename)%00%(upstream:remoteref) refs/heads/master refs/remotes/master [3ms]
[2022-08-11T04:27:25.801Z] > git for-each-ref --sort -committerdate --format %(refname) %(objectname) %(*objectname) [12ms]
[2022-08-11T04:27:25.802Z] > git remote --verbose [3ms]
[2022-08-11T04:27:25.841Z] > git config --get commit.template [1ms]
[2022-08-11T04:27:30.856Z] > git status -z -uall [9ms]
[2022-08-11T04:27:30.862Z] > git symbolic-ref --short HEAD [1ms]
[2022-08-11T04:27:30.867Z] > git for-each-ref --format=%(refname)%00%(upstream:short)%00%(objectname)%00%(upstream:track)%00%(upstream:remotename)%00%(upstream:remoteref) refs/heads/master refs/remotes/master [1ms]
[2022-08-11T04:27:30.878Z] > git for-each-ref --sort -committerdate --format %(refname) %(objectname) %(*objectname) [5ms]
[2022-08-11T04:27:30.878Z] > git remote --verbose [1ms]
[2022-08-11T04:27:30.903Z] > git config --get commit.template [3ms]
[2022-08-11T04:27:35.935Z] > git status -z -uall [20ms]
[2022-08-11T04:27:35.945Z] > git symbolic-ref --short HEAD [1ms]
[2022-08-11T04:27:35.953Z] > git for-each-ref --format=%(refname)%00%(upstream:short)%00%(objectname)%00%(upstream:track)%00%(upstream:remotename)%00%(upstream:remoteref) refs/heads/master refs/remotes/master [2ms]
[2022-08-11T04:27:35.967Z] > git for-each-ref --sort -committerdate --format %(refname) %(objectname) %(*objectname) [7ms]
[2022-08-11T04:27:35.967Z] > git remote --verbose [1ms]
[2022-08-11T04:27:35.996Z] > git config --get commit.template [3ms]
[2022-08-11T04:27:41.016Z] > git status -z -uall [11ms]
[2022-08-11T04:27:41.026Z] > git symbolic-ref --short HEAD [2ms]
[2022-08-11T04:27:41.034Z] > git for-each-ref --format=%(refname)%00%(upstream:short)%00%(objectname)%00%(upstream:track)%00%(upstream:remotename)%00%(upstream:remoteref) refs/heads/master refs/remotes/master [1ms]
[2022-08-11T04:27:41.048Z] > git for-each-ref --sort -committerdate --format %(refname) %(objectname) %(*objectname) [7ms]
[2022-08-11T04:27:41.049Z] > git remote --verbose [2ms]
[2022-08-11T04:27:41.082Z] > git config --get commit.template [2ms]
[2022-08-11T04:27:46.122Z] > git status -z -uall [24ms]
[2022-08-11T04:27:46.140Z] > git symbolic-ref --short HEAD [2ms]
[2022-08-11T04:27:46.154Z] > git for-each-ref --format=%(refname)%00%(upstream:short)%00%(objectname)%00%(upstream:track)%00%(upstream:remotename)%00%(upstream:remoteref) refs/heads/master refs/remotes/master [3ms]
[2022-08-11T04:27:46.178Z] > git for-each-ref --sort -committerdate --format %(refname) %(objectname) %(*objectname) [13ms]
[2022-08-11T04:27:46.178Z] > git remote --verbose [2ms]
[2022-08-11T04:27:46.216Z] > git config --get commit.template [3ms]
