[2022-08-11T03:54:40.768Z] Log level: Info
[2022-08-11T03:54:40.770Z] [info] Validating found git in: git
[2022-08-11T03:54:40.787Z] [info] Using git 2.37.1 from git
[2022-08-11T03:54:40.805Z] > git rev-parse --show-toplevel [4ms]
[2022-08-11T03:54:40.812Z] > git rev-parse --git-dir --git-common-dir [1ms]
[2022-08-11T03:54:40.815Z] [info] Open repository: /home/manu320/.config
[2022-08-11T03:54:40.831Z] > git status -z -uall [11ms]
[2022-08-11T03:54:40.836Z] > git symbolic-ref --short HEAD [1ms]
[2022-08-11T03:54:40.862Z] > git for-each-ref --format=%(refname)%00%(upstream:short)%00%(objectname)%00%(upstream:track)%00%(upstream:remotename)%00%(upstream:remoteref) refs/heads/master refs/remotes/master [21ms]
[2022-08-11T03:54:40.878Z] > git remote --verbose [7ms]
[2022-08-11T03:54:40.879Z] > git for-each-ref --sort -committerdate --format %(refname) %(objectname) %(*objectname) [12ms]
[2022-08-11T03:54:40.890Z] > git config --get commit.template [1ms]
[2022-08-11T03:54:40.906Z] > git status -z -uall [9ms]
[2022-08-11T03:54:40.941Z] > git symbolic-ref --short HEAD [30ms]
[2022-08-11T03:54:40.948Z] > git for-each-ref --format=%(refname)%00%(upstream:short)%00%(objectname)%00%(upstream:track)%00%(upstream:remotename)%00%(upstream:remoteref) refs/heads/master refs/remotes/master [2ms]
[2022-08-11T03:54:40.959Z] > git for-each-ref --sort -committerdate --format %(refname) %(objectname) %(*objectname) [6ms]
[2022-08-11T03:54:40.960Z] > git remote --verbose [2ms]
[2022-08-11T03:54:40.970Z] > git config --get commit.template [2ms]
[2022-08-11T03:54:41.325Z] > git ls-files --stage -- /home/manu320/.config/qtile/config.py [2ms]
[2022-08-11T03:54:41.332Z] > git show --textconv :qtile/config.py [16ms]
[2022-08-11T03:54:41.333Z] > git cat-file -s 111e8966e2f429bf78017ba61116c659bab33a4b [2ms]
[2022-08-11T03:54:41.367Z] > git check-ignore -v -z --stdin [1ms]
[2022-08-11T03:54:48.061Z] > git status -z -uall [6ms]
[2022-08-11T03:54:48.065Z] > git symbolic-ref --short HEAD [1ms]
[2022-08-11T03:54:48.069Z] > git for-each-ref --format=%(refname)%00%(upstream:short)%00%(objectname)%00%(upstream:track)%00%(upstream:remotename)%00%(upstream:remoteref) refs/heads/master refs/remotes/master [1ms]
[2022-08-11T03:54:48.077Z] > git for-each-ref --sort -committerdate --format %(refname) %(objectname) %(*objectname) [4ms]
[2022-08-11T03:54:48.077Z] > git remote --verbose [1ms]
[2022-08-11T03:54:48.084Z] > git config --get commit.template [1ms]
[2022-08-11T03:54:53.117Z] > git status -z -uall [18ms]
[2022-08-11T03:54:53.122Z] > git symbolic-ref --short HEAD [1ms]
[2022-08-11T03:54:53.126Z] > git for-each-ref --format=%(refname)%00%(upstream:short)%00%(objectname)%00%(upstream:track)%00%(upstream:remotename)%00%(upstream:remoteref) refs/heads/master refs/remotes/master [1ms]
[2022-08-11T03:54:53.133Z] > git for-each-ref --sort -committerdate --format %(refname) %(objectname) %(*objectname) [4ms]
[2022-08-11T03:54:53.133Z] > git remote --verbose [1ms]
[2022-08-11T03:54:53.139Z] > git config --get commit.template [1ms]
[2022-08-11T03:54:58.181Z] > git status -z -uall [27ms]
[2022-08-11T03:54:58.197Z] > git symbolic-ref --short HEAD [4ms]
[2022-08-11T03:54:58.213Z] > git for-each-ref --format=%(refname)%00%(upstream:short)%00%(objectname)%00%(upstream:track)%00%(upstream:remotename)%00%(upstream:remoteref) refs/heads/master refs/remotes/master [4ms]
[2022-08-11T03:54:58.237Z] > git for-each-ref --sort -committerdate --format %(refname) %(objectname) %(*objectname) [11ms]
[2022-08-11T03:54:58.238Z] > git remote --verbose [3ms]
[2022-08-11T03:54:58.256Z] > git config --get commit.template [5ms]
[2022-08-11T03:55:03.280Z] > git status -z -uall [10ms]
[2022-08-11T03:55:03.288Z] > git symbolic-ref --short HEAD [1ms]
[2022-08-11T03:55:03.295Z] > git for-each-ref --format=%(refname)%00%(upstream:short)%00%(objectname)%00%(upstream:track)%00%(upstream:remotename)%00%(upstream:remoteref) refs/heads/master refs/remotes/master [2ms]
[2022-08-11T03:55:03.303Z] > git for-each-ref --sort -committerdate --format %(refname) %(objectname) %(*objectname) [4ms]
[2022-08-11T03:55:03.304Z] > git remote --verbose [1ms]
[2022-08-11T03:55:03.318Z] > git config --get commit.template [8ms]
[2022-08-11T03:55:08.333Z] > git status -z -uall [5ms]
[2022-08-11T03:55:08.338Z] > git symbolic-ref --short HEAD [1ms]
[2022-08-11T03:55:08.343Z] > git for-each-ref --format=%(refname)%00%(upstream:short)%00%(objectname)%00%(upstream:track)%00%(upstream:remotename)%00%(upstream:remoteref) refs/heads/master refs/remotes/master [1ms]
[2022-08-11T03:55:08.351Z] > git for-each-ref --sort -committerdate --format %(refname) %(objectname) %(*objectname) [4ms]
[2022-08-11T03:55:08.352Z] > git remote --verbose [1ms]
[2022-08-11T03:55:08.361Z] > git config --get commit.template [1ms]
[2022-08-11T03:55:18.464Z] > git status -z -uall [13ms]
[2022-08-11T03:55:18.473Z] > git symbolic-ref --short HEAD [1ms]
[2022-08-11T03:55:18.481Z] > git for-each-ref --format=%(refname)%00%(upstream:short)%00%(objectname)%00%(upstream:track)%00%(upstream:remotename)%00%(upstream:remoteref) refs/heads/master refs/remotes/master [1ms]
[2022-08-11T03:55:18.490Z] > git for-each-ref --sort -committerdate --format %(refname) %(objectname) %(*objectname) [5ms]
[2022-08-11T03:55:18.490Z] > git remote --verbose [1ms]
[2022-08-11T03:55:18.499Z] > git config --get commit.template [1ms]
[2022-08-11T03:55:23.512Z] > git status -z -uall [8ms]
[2022-08-11T03:55:23.519Z] > git symbolic-ref --short HEAD [2ms]
[2022-08-11T03:55:23.528Z] > git for-each-ref --format=%(refname)%00%(upstream:short)%00%(objectname)%00%(upstream:track)%00%(upstream:remotename)%00%(upstream:remoteref) refs/heads/master refs/remotes/master [3ms]
[2022-08-11T03:55:23.545Z] > git for-each-ref --sort -committerdate --format %(refname) %(objectname) %(*objectname) [9ms]
[2022-08-11T03:55:23.545Z] > git remote --verbose [2ms]
[2022-08-11T03:55:23.564Z] > git config --get commit.template [2ms]
[2022-08-11T03:55:28.580Z] > git status -z -uall [6ms]
[2022-08-11T03:55:28.584Z] > git symbolic-ref --short HEAD [1ms]
[2022-08-11T03:55:28.587Z] > git for-each-ref --format=%(refname)%00%(upstream:short)%00%(objectname)%00%(upstream:track)%00%(upstream:remotename)%00%(upstream:remoteref) refs/heads/master refs/remotes/master [1ms]
[2022-08-11T03:55:28.594Z] > git for-each-ref --sort -committerdate --format %(refname) %(objectname) %(*objectname) [4ms]
[2022-08-11T03:55:28.594Z] > git remote --verbose [1ms]
[2022-08-11T03:55:28.604Z] > git config --get commit.template [1ms]
[2022-08-11T03:55:33.640Z] > git status -z -uall [22ms]
[2022-08-11T03:55:33.657Z] > git symbolic-ref --short HEAD [3ms]
[2022-08-11T03:55:33.674Z] > git for-each-ref --format=%(refname)%00%(upstream:short)%00%(objectname)%00%(upstream:track)%00%(upstream:remotename)%00%(upstream:remoteref) refs/heads/master refs/remotes/master [4ms]
[2022-08-11T03:55:33.697Z] > git for-each-ref --sort -committerdate --format %(refname) %(objectname) %(*objectname) [11ms]
[2022-08-11T03:55:33.698Z] > git remote --verbose [3ms]
[2022-08-11T03:55:33.716Z] > git config --get commit.template [1ms]
[2022-08-11T03:55:39.477Z] > git status -z -uall [24ms]
[2022-08-11T03:55:39.493Z] > git symbolic-ref --short HEAD [4ms]
[2022-08-11T03:55:39.509Z] > git for-each-ref --format=%(refname)%00%(upstream:short)%00%(objectname)%00%(upstream:track)%00%(upstream:remotename)%00%(upstream:remoteref) refs/heads/master refs/remotes/master [4ms]
[2022-08-11T03:55:39.536Z] > git for-each-ref --sort -committerdate --format %(refname) %(objectname) %(*objectname) [15ms]
[2022-08-11T03:55:39.537Z] > git remote --verbose [4ms]
[2022-08-11T03:55:39.561Z] > git config --get commit.template [1ms]
[2022-08-11T03:55:44.571Z] > git status -z -uall [6ms]
[2022-08-11T03:55:44.575Z] > git symbolic-ref --short HEAD [1ms]
[2022-08-11T03:55:44.579Z] > git for-each-ref --format=%(refname)%00%(upstream:short)%00%(objectname)%00%(upstream:track)%00%(upstream:remotename)%00%(upstream:remoteref) refs/heads/master refs/remotes/master [1ms]
[2022-08-11T03:55:44.586Z] > git for-each-ref --sort -committerdate --format %(refname) %(objectname) %(*objectname) [4ms]
[2022-08-11T03:55:44.586Z] > git remote --verbose [2ms]
[2022-08-11T03:55:44.595Z] > git config --get commit.template [1ms]
[2022-08-11T03:55:49.606Z] > git status -z -uall [6ms]
[2022-08-11T03:55:49.609Z] > git symbolic-ref --short HEAD [0ms]
[2022-08-11T03:55:49.613Z] > git for-each-ref --format=%(refname)%00%(upstream:short)%00%(objectname)%00%(upstream:track)%00%(upstream:remotename)%00%(upstream:remoteref) refs/heads/master refs/remotes/master [1ms]
[2022-08-11T03:55:49.620Z] > git for-each-ref --sort -committerdate --format %(refname) %(objectname) %(*objectname) [3ms]
[2022-08-11T03:55:49.621Z] > git remote --verbose [1ms]
[2022-08-11T03:55:49.630Z] > git config --get commit.template [1ms]
[2022-08-11T03:55:54.670Z] > git status -z -uall [25ms]
[2022-08-11T03:55:54.687Z] > git symbolic-ref --short HEAD [4ms]
[2022-08-11T03:55:54.704Z] > git for-each-ref --format=%(refname)%00%(upstream:short)%00%(objectname)%00%(upstream:track)%00%(upstream:remotename)%00%(upstream:remoteref) refs/heads/master refs/remotes/master [4ms]
[2022-08-11T03:55:54.729Z] > git for-each-ref --sort -committerdate --format %(refname) %(objectname) %(*objectname) [12ms]
[2022-08-11T03:55:54.730Z] > git remote --verbose [2ms]
[2022-08-11T03:55:54.747Z] > git config --get commit.template [1ms]
[2022-08-11T03:56:03.444Z] > git status -z -uall [7ms]
[2022-08-11T03:56:03.449Z] > git symbolic-ref --short HEAD [1ms]
[2022-08-11T03:56:03.455Z] > git for-each-ref --format=%(refname)%00%(upstream:short)%00%(objectname)%00%(upstream:track)%00%(upstream:remotename)%00%(upstream:remoteref) refs/heads/master refs/remotes/master [1ms]
[2022-08-11T03:56:03.466Z] > git for-each-ref --sort -committerdate --format %(refname) %(objectname) %(*objectname) [7ms]
[2022-08-11T03:56:03.466Z] > git remote --verbose [3ms]
[2022-08-11T03:56:03.480Z] > git config --get commit.template [1ms]
[2022-08-11T03:56:08.494Z] > git status -z -uall [5ms]
[2022-08-11T03:56:08.500Z] > git symbolic-ref --short HEAD [1ms]
[2022-08-11T03:56:08.507Z] > git for-each-ref --format=%(refname)%00%(upstream:short)%00%(objectname)%00%(upstream:track)%00%(upstream:remotename)%00%(upstream:remoteref) refs/heads/master refs/remotes/master [2ms]
[2022-08-11T03:56:08.518Z] > git for-each-ref --sort -committerdate --format %(refname) %(objectname) %(*objectname) [6ms]
[2022-08-11T03:56:08.518Z] > git remote --verbose [1ms]
[2022-08-11T03:56:08.534Z] > git config --get commit.template [0ms]
[2022-08-11T03:56:13.547Z] > git status -z -uall [5ms]
[2022-08-11T03:56:13.553Z] > git symbolic-ref --short HEAD [1ms]
[2022-08-11T03:56:13.559Z] > git for-each-ref --format=%(refname)%00%(upstream:short)%00%(objectname)%00%(upstream:track)%00%(upstream:remotename)%00%(upstream:remoteref) refs/heads/master refs/remotes/master [1ms]
[2022-08-11T03:56:13.573Z] > git for-each-ref --sort -committerdate --format %(refname) %(objectname) %(*objectname) [8ms]
[2022-08-11T03:56:13.573Z] > git remote --verbose [1ms]
[2022-08-11T03:56:13.597Z] > git config --get commit.template [2ms]
[2022-08-11T03:56:18.612Z] > git status -z -uall [5ms]
[2022-08-11T03:56:18.618Z] > git symbolic-ref --short HEAD [1ms]
[2022-08-11T03:56:18.624Z] > git for-each-ref --format=%(refname)%00%(upstream:short)%00%(objectname)%00%(upstream:track)%00%(upstream:remotename)%00%(upstream:remoteref) refs/heads/master refs/remotes/master [1ms]
[2022-08-11T03:56:18.638Z] > git for-each-ref --sort -committerdate --format %(refname) %(objectname) %(*objectname) [7ms]
[2022-08-11T03:56:18.638Z] > git remote --verbose [1ms]
[2022-08-11T03:56:18.654Z] > git config --get commit.template [3ms]
[2022-08-11T03:56:23.676Z] > git status -z -uall [9ms]
[2022-08-11T03:56:23.685Z] > git symbolic-ref --short HEAD [1ms]
[2022-08-11T03:56:23.694Z] > git for-each-ref --format=%(refname)%00%(upstream:short)%00%(objectname)%00%(upstream:track)%00%(upstream:remotename)%00%(upstream:remoteref) refs/heads/master refs/remotes/master [2ms]
[2022-08-11T03:56:23.706Z] > git for-each-ref --sort -committerdate --format %(refname) %(objectname) %(*objectname) [6ms]
[2022-08-11T03:56:23.707Z] > git remote --verbose [2ms]
[2022-08-11T03:56:23.719Z] > git config --get commit.template [0ms]
[2022-08-11T03:56:28.742Z] > git status -z -uall [6ms]
[2022-08-11T03:56:28.748Z] > git symbolic-ref --short HEAD [1ms]
[2022-08-11T03:56:28.753Z] > git for-each-ref --format=%(refname)%00%(upstream:short)%00%(objectname)%00%(upstream:track)%00%(upstream:remotename)%00%(upstream:remoteref) refs/heads/master refs/remotes/master [1ms]
[2022-08-11T03:56:28.764Z] > git for-each-ref --sort -committerdate --format %(refname) %(objectname) %(*objectname) [6ms]
[2022-08-11T03:56:28.764Z] > git remote --verbose [1ms]
[2022-08-11T03:56:28.777Z] > git config --get commit.template [2ms]
[2022-08-11T03:56:33.795Z] > git status -z -uall [8ms]
[2022-08-11T03:56:33.805Z] > git symbolic-ref --short HEAD [1ms]
[2022-08-11T03:56:33.815Z] > git for-each-ref --format=%(refname)%00%(upstream:short)%00%(objectname)%00%(upstream:track)%00%(upstream:remotename)%00%(upstream:remoteref) refs/heads/master refs/remotes/master [2ms]
[2022-08-11T03:56:33.833Z] > git for-each-ref --sort -committerdate --format %(refname) %(objectname) %(*objectname) [9ms]
[2022-08-11T03:56:33.833Z] > git remote --verbose [1ms]
[2022-08-11T03:56:33.852Z] > git config --get commit.template [0ms]
[2022-08-11T03:56:38.887Z] > git status -z -uall [14ms]
[2022-08-11T03:56:38.900Z] > git symbolic-ref --short HEAD [1ms]
[2022-08-11T03:56:38.914Z] > git for-each-ref --format=%(refname)%00%(upstream:short)%00%(objectname)%00%(upstream:track)%00%(upstream:remotename)%00%(upstream:remoteref) refs/heads/master refs/remotes/master [3ms]
[2022-08-11T03:56:38.937Z] > git for-each-ref --sort -committerdate --format %(refname) %(objectname) %(*objectname) [12ms]
[2022-08-11T03:56:38.938Z] > git remote --verbose [1ms]
[2022-08-11T03:56:38.962Z] > git config --get commit.template [1ms]
[2022-08-11T03:56:43.981Z] > git status -z -uall [5ms]
[2022-08-11T03:56:43.988Z] > git symbolic-ref --short HEAD [1ms]
[2022-08-11T03:56:43.995Z] > git for-each-ref --format=%(refname)%00%(upstream:short)%00%(objectname)%00%(upstream:track)%00%(upstream:remotename)%00%(upstream:remoteref) refs/heads/master refs/remotes/master [2ms]
[2022-08-11T03:56:44.006Z] > git for-each-ref --sort -committerdate --format %(refname) %(objectname) %(*objectname) [5ms]
[2022-08-11T03:56:44.006Z] > git remote --verbose [0ms]
[2022-08-11T03:56:44.023Z] > git config --get commit.template [5ms]
[2022-08-11T03:56:50.747Z] > git status -z -uall [8ms]
[2022-08-11T03:56:50.754Z] > git symbolic-ref --short HEAD [1ms]
[2022-08-11T03:56:50.761Z] > git for-each-ref --format=%(refname)%00%(upstream:short)%00%(objectname)%00%(upstream:track)%00%(upstream:remotename)%00%(upstream:remoteref) refs/heads/master refs/remotes/master [1ms]
[2022-08-11T03:56:50.772Z] > git for-each-ref --sort -committerdate --format %(refname) %(objectname) %(*objectname) [5ms]
[2022-08-11T03:56:50.773Z] > git remote --verbose [1ms]
[2022-08-11T03:56:50.788Z] > git config --get commit.template [2ms]
[2022-08-11T03:56:55.805Z] > git status -z -uall [8ms]
[2022-08-11T03:56:55.817Z] > git symbolic-ref --short HEAD [2ms]
[2022-08-11T03:56:55.831Z] > git for-each-ref --format=%(refname)%00%(upstream:short)%00%(objectname)%00%(upstream:track)%00%(upstream:remotename)%00%(upstream:remoteref) refs/heads/master refs/remotes/master [6ms]
[2022-08-11T03:56:55.845Z] > git for-each-ref --sort -committerdate --format %(refname) %(objectname) %(*objectname) [7ms]
[2022-08-11T03:56:55.846Z] > git remote --verbose [2ms]
[2022-08-11T03:56:55.875Z] > git config --get commit.template [2ms]
[2022-08-11T03:57:00.891Z] > git status -z -uall [6ms]
[2022-08-11T03:57:00.897Z] > git symbolic-ref --short HEAD [0ms]
[2022-08-11T03:57:00.905Z] > git for-each-ref --format=%(refname)%00%(upstream:short)%00%(objectname)%00%(upstream:track)%00%(upstream:remotename)%00%(upstream:remoteref) refs/heads/master refs/remotes/master [1ms]
[2022-08-11T03:57:00.921Z] > git for-each-ref --sort -committerdate --format %(refname) %(objectname) %(*objectname) [9ms]
[2022-08-11T03:57:00.921Z] > git remote --verbose [1ms]
[2022-08-11T03:57:00.937Z] > git config --get commit.template [2ms]
[2022-08-11T03:57:09.939Z] > git status -z -uall [6ms]
[2022-08-11T03:57:09.944Z] > git symbolic-ref --short HEAD [0ms]
[2022-08-11T03:57:09.950Z] > git for-each-ref --format=%(refname)%00%(upstream:short)%00%(objectname)%00%(upstream:track)%00%(upstream:remotename)%00%(upstream:remoteref) refs/heads/master refs/remotes/master [2ms]
[2022-08-11T03:57:09.958Z] > git for-each-ref --sort -committerdate --format %(refname) %(objectname) %(*objectname) [5ms]
[2022-08-11T03:57:09.958Z] > git remote --verbose [1ms]
[2022-08-11T03:57:09.988Z] > git config --get commit.template [11ms]
[2022-08-11T03:57:15.002Z] > git status -z -uall [6ms]
[2022-08-11T03:57:15.007Z] > git symbolic-ref --short HEAD [1ms]
[2022-08-11T03:57:15.013Z] > git for-each-ref --format=%(refname)%00%(upstream:short)%00%(objectname)%00%(upstream:track)%00%(upstream:remotename)%00%(upstream:remoteref) refs/heads/master refs/remotes/master [1ms]
[2022-08-11T03:57:15.023Z] > git for-each-ref --sort -committerdate --format %(refname) %(objectname) %(*objectname) [5ms]
[2022-08-11T03:57:15.023Z] > git remote --verbose [1ms]
[2022-08-11T03:57:15.041Z] > git config --get commit.template [2ms]
[2022-08-11T03:57:20.084Z] > git status -z -uall [24ms]
[2022-08-11T03:57:20.105Z] > git symbolic-ref --short HEAD [3ms]
[2022-08-11T03:57:20.126Z] > git for-each-ref --format=%(refname)%00%(upstream:short)%00%(objectname)%00%(upstream:track)%00%(upstream:remotename)%00%(upstream:remoteref) refs/heads/master refs/remotes/master [4ms]
[2022-08-11T03:57:20.163Z] > git for-each-ref --sort -committerdate --format %(refname) %(objectname) %(*objectname) [19ms]
[2022-08-11T03:57:20.164Z] > git remote --verbose [3ms]
[2022-08-11T03:57:20.204Z] > git config --get commit.template [9ms]
[2022-08-11T03:57:25.219Z] > git status -z -uall [6ms]
[2022-08-11T03:57:25.223Z] > git symbolic-ref --short HEAD [0ms]
[2022-08-11T03:57:25.228Z] > git for-each-ref --format=%(refname)%00%(upstream:short)%00%(objectname)%00%(upstream:track)%00%(upstream:remotename)%00%(upstream:remoteref) refs/heads/master refs/remotes/master [1ms]
[2022-08-11T03:57:25.238Z] > git for-each-ref --sort -committerdate --format %(refname) %(objectname) %(*objectname) [5ms]
[2022-08-11T03:57:25.238Z] > git remote --verbose [1ms]
[2022-08-11T03:57:25.256Z] > git config --get commit.template [2ms]
[2022-08-11T03:57:30.289Z] > git status -z -uall [14ms]
[2022-08-11T03:57:30.298Z] > git symbolic-ref --short HEAD [2ms]
[2022-08-11T03:57:30.304Z] > git for-each-ref --format=%(refname)%00%(upstream:short)%00%(objectname)%00%(upstream:track)%00%(upstream:remotename)%00%(upstream:remoteref) refs/heads/master refs/remotes/master [1ms]
[2022-08-11T03:57:30.314Z] > git for-each-ref --sort -committerdate --format %(refname) %(objectname) %(*objectname) [5ms]
[2022-08-11T03:57:30.314Z] > git remote --verbose [1ms]
[2022-08-11T03:57:30.329Z] > git config --get commit.template [1ms]
[2022-08-11T03:57:35.343Z] > git status -z -uall [7ms]
[2022-08-11T03:57:35.349Z] > git symbolic-ref --short HEAD [1ms]
[2022-08-11T03:57:35.357Z] > git for-each-ref --format=%(refname)%00%(upstream:short)%00%(objectname)%00%(upstream:track)%00%(upstream:remotename)%00%(upstream:remoteref) refs/heads/master refs/remotes/master [1ms]
[2022-08-11T03:57:35.369Z] > git for-each-ref --sort -committerdate --format %(refname) %(objectname) %(*objectname) [6ms]
[2022-08-11T03:57:35.369Z] > git remote --verbose [0ms]
[2022-08-11T03:57:35.391Z] > git config --get commit.template [3ms]
[2022-08-11T03:57:40.405Z] > git status -z -uall [6ms]
[2022-08-11T03:57:40.411Z] > git symbolic-ref --short HEAD [1ms]
[2022-08-11T03:57:40.417Z] > git for-each-ref --format=%(refname)%00%(upstream:short)%00%(objectname)%00%(upstream:track)%00%(upstream:remotename)%00%(upstream:remoteref) refs/heads/master refs/remotes/master [1ms]
[2022-08-11T03:57:40.426Z] > git for-each-ref --sort -committerdate --format %(refname) %(objectname) %(*objectname) [5ms]
[2022-08-11T03:57:40.427Z] > git remote --verbose [1ms]
[2022-08-11T03:57:40.443Z] > git config --get commit.template [1ms]
[2022-08-11T03:57:45.457Z] > git status -z -uall [8ms]
[2022-08-11T03:57:45.463Z] > git symbolic-ref --short HEAD [1ms]
[2022-08-11T03:57:45.469Z] > git for-each-ref --format=%(refname)%00%(upstream:short)%00%(objectname)%00%(upstream:track)%00%(upstream:remotename)%00%(upstream:remoteref) refs/heads/master refs/remotes/master [1ms]
[2022-08-11T03:57:45.479Z] > git for-each-ref --sort -committerdate --format %(refname) %(objectname) %(*objectname) [6ms]
[2022-08-11T03:57:45.480Z] > git remote --verbose [2ms]
[2022-08-11T03:57:45.511Z] > git config --get commit.template [9ms]
[2022-08-11T03:57:50.541Z] > git status -z -uall [10ms]
[2022-08-11T03:57:50.546Z] > git symbolic-ref --short HEAD [1ms]
[2022-08-11T03:57:50.551Z] > git for-each-ref --format=%(refname)%00%(upstream:short)%00%(objectname)%00%(upstream:track)%00%(upstream:remotename)%00%(upstream:remoteref) refs/heads/master refs/remotes/master [1ms]
[2022-08-11T03:57:50.560Z] > git for-each-ref --sort -committerdate --format %(refname) %(objectname) %(*objectname) [5ms]
[2022-08-11T03:57:50.560Z] > git remote --verbose [1ms]
[2022-08-11T03:57:50.576Z] > git config --get commit.template [4ms]
[2022-08-11T03:57:55.614Z] > git status -z -uall [23ms]
[2022-08-11T03:57:55.629Z] > git symbolic-ref --short HEAD [1ms]
[2022-08-11T03:57:55.635Z] > git for-each-ref --format=%(refname)%00%(upstream:short)%00%(objectname)%00%(upstream:track)%00%(upstream:remotename)%00%(upstream:remoteref) refs/heads/master refs/remotes/master [1ms]
[2022-08-11T03:57:55.644Z] > git for-each-ref --sort -committerdate --format %(refname) %(objectname) %(*objectname) [5ms]
[2022-08-11T03:57:55.644Z] > git remote --verbose [1ms]
[2022-08-11T03:57:55.658Z] > git config --get commit.template [2ms]
[2022-08-11T03:58:00.679Z] > git status -z -uall [5ms]
[2022-08-11T03:58:00.685Z] > git symbolic-ref --short HEAD [1ms]
[2022-08-11T03:58:00.691Z] > git for-each-ref --format=%(refname)%00%(upstream:short)%00%(objectname)%00%(upstream:track)%00%(upstream:remotename)%00%(upstream:remoteref) refs/heads/master refs/remotes/master [1ms]
[2022-08-11T03:58:00.701Z] > git for-each-ref --sort -committerdate --format %(refname) %(objectname) %(*objectname) [5ms]
[2022-08-11T03:58:00.702Z] > git remote --verbose [1ms]
[2022-08-11T03:58:00.720Z] > git config --get commit.template [3ms]
[2022-08-11T03:58:05.766Z] > git status -z -uall [29ms]
[2022-08-11T03:58:05.786Z] > git symbolic-ref --short HEAD [2ms]
[2022-08-11T03:58:05.796Z] > git for-each-ref --format=%(refname)%00%(upstream:short)%00%(objectname)%00%(upstream:track)%00%(upstream:remotename)%00%(upstream:remoteref) refs/heads/master refs/remotes/master [2ms]
[2022-08-11T03:58:05.810Z] > git for-each-ref --sort -committerdate --format %(refname) %(objectname) %(*objectname) [8ms]
[2022-08-11T03:58:05.810Z] > git remote --verbose [1ms]
[2022-08-11T03:58:05.832Z] > git config --get commit.template [3ms]
[2022-08-11T03:58:12.443Z] > git status -z -uall [25ms]
[2022-08-11T03:58:12.458Z] > git symbolic-ref --short HEAD [2ms]
[2022-08-11T03:58:12.475Z] > git for-each-ref --format=%(refname)%00%(upstream:short)%00%(objectname)%00%(upstream:track)%00%(upstream:remotename)%00%(upstream:remoteref) refs/heads/master refs/remotes/master [2ms]
[2022-08-11T03:58:12.493Z] > git for-each-ref --sort -committerdate --format %(refname) %(objectname) %(*objectname) [9ms]
[2022-08-11T03:58:12.493Z] > git remote --verbose [1ms]
[2022-08-11T03:58:12.521Z] > git config --get commit.template [2ms]
[2022-08-11T03:58:17.565Z] > git status -z -uall [25ms]
[2022-08-11T03:58:17.586Z] > git symbolic-ref --short HEAD [3ms]
[2022-08-11T03:58:17.608Z] > git for-each-ref --format=%(refname)%00%(upstream:short)%00%(objectname)%00%(upstream:track)%00%(upstream:remotename)%00%(upstream:remoteref) refs/heads/master refs/remotes/master [3ms]
[2022-08-11T03:58:17.627Z] > git for-each-ref --sort -committerdate --format %(refname) %(objectname) %(*objectname) [9ms]
[2022-08-11T03:58:17.627Z] > git remote --verbose [1ms]
[2022-08-11T03:58:17.653Z] > git config --get commit.template [4ms]
[2022-08-11T03:58:24.367Z] > git status -z -uall [7ms]
[2022-08-11T03:58:24.372Z] > git symbolic-ref --short HEAD [0ms]
[2022-08-11T03:58:24.378Z] > git for-each-ref --format=%(refname)%00%(upstream:short)%00%(objectname)%00%(upstream:track)%00%(upstream:remotename)%00%(upstream:remoteref) refs/heads/master refs/remotes/master [1ms]
[2022-08-11T03:58:24.388Z] > git for-each-ref --sort -committerdate --format %(refname) %(objectname) %(*objectname) [5ms]
[2022-08-11T03:58:24.388Z] > git remote --verbose [0ms]
[2022-08-11T03:58:24.411Z] > git config --get commit.template [4ms]
[2022-08-11T03:58:29.451Z] > git status -z -uall [20ms]
[2022-08-11T03:58:29.467Z] > git symbolic-ref --short HEAD [2ms]
[2022-08-11T03:58:29.483Z] > git for-each-ref --format=%(refname)%00%(upstream:short)%00%(objectname)%00%(upstream:track)%00%(upstream:remotename)%00%(upstream:remoteref) refs/heads/master refs/remotes/master [3ms]
[2022-08-11T03:58:29.511Z] > git for-each-ref --sort -committerdate --format %(refname) %(objectname) %(*objectname) [15ms]
[2022-08-11T03:58:29.512Z] > git remote --verbose [2ms]
[2022-08-11T03:58:29.545Z] > git config --get commit.template [4ms]
[2022-08-11T03:58:31.714Z] > git show --textconv :picom/picom.conf [7ms]
[2022-08-11T03:58:31.715Z] > git ls-files --stage -- /home/manu320/.config/picom/picom.conf [2ms]
[2022-08-11T03:58:31.721Z] > git cat-file -s f9932345a7171c8ea4adbe36cb7cb10263a4ec74 [1ms]
[2022-08-11T03:58:34.561Z] > git status -z -uall [6ms]
[2022-08-11T03:58:34.566Z] > git symbolic-ref --short HEAD [0ms]
[2022-08-11T03:58:34.572Z] > git for-each-ref --format=%(refname)%00%(upstream:short)%00%(objectname)%00%(upstream:track)%00%(upstream:remotename)%00%(upstream:remoteref) refs/heads/master refs/remotes/master [1ms]
[2022-08-11T03:58:34.582Z] > git for-each-ref --sort -committerdate --format %(refname) %(objectname) %(*objectname) [6ms]
[2022-08-11T03:58:34.582Z] > git remote --verbose [1ms]
[2022-08-11T03:58:34.605Z] > git config --get commit.template [3ms]
[2022-08-11T03:58:39.619Z] > git status -z -uall [6ms]
[2022-08-11T03:58:39.625Z] > git symbolic-ref --short HEAD [1ms]
[2022-08-11T03:58:39.631Z] > git for-each-ref --format=%(refname)%00%(upstream:short)%00%(objectname)%00%(upstream:track)%00%(upstream:remotename)%00%(upstream:remoteref) refs/heads/master refs/remotes/master [1ms]
[2022-08-11T03:58:39.642Z] > git for-each-ref --sort -committerdate --format %(refname) %(objectname) %(*objectname) [6ms]
[2022-08-11T03:58:39.643Z] > git remote --verbose [1ms]
[2022-08-11T03:58:39.667Z] > git config --get commit.template [1ms]
[2022-08-11T03:58:44.712Z] > git status -z -uall [26ms]
[2022-08-11T03:58:44.733Z] > git symbolic-ref --short HEAD [3ms]
[2022-08-11T03:58:44.754Z] > git for-each-ref --format=%(refname)%00%(upstream:short)%00%(objectname)%00%(upstream:track)%00%(upstream:remotename)%00%(upstream:remoteref) refs/heads/master refs/remotes/master [4ms]
[2022-08-11T03:58:44.791Z] > git for-each-ref --sort -committerdate --format %(refname) %(objectname) %(*objectname) [18ms]
[2022-08-11T03:58:44.791Z] > git remote --verbose [3ms]
[2022-08-11T03:58:44.831Z] > git config --get commit.template [1ms]
[2022-08-11T03:58:45.652Z] > git show --textconv :qtile/config.py [11ms]
[2022-08-11T03:58:45.653Z] > git ls-files --stage -- /home/manu320/.config/qtile/config.py [2ms]
[2022-08-11T03:58:45.662Z] > git cat-file -s 111e8966e2f429bf78017ba61116c659bab33a4b [2ms]
[2022-08-11T03:58:49.852Z] > git status -z -uall [5ms]
[2022-08-11T03:58:49.858Z] > git symbolic-ref --short HEAD [1ms]
[2022-08-11T03:58:49.863Z] > git for-each-ref --format=%(refname)%00%(upstream:short)%00%(objectname)%00%(upstream:track)%00%(upstream:remotename)%00%(upstream:remoteref) refs/heads/master refs/remotes/master [1ms]
[2022-08-11T03:58:49.872Z] > git for-each-ref --sort -committerdate --format %(refname) %(objectname) %(*objectname) [4ms]
[2022-08-11T03:58:49.873Z] > git remote --verbose [1ms]
[2022-08-11T03:58:49.892Z] > git config --get commit.template [2ms]
[2022-08-11T03:58:54.941Z] > git status -z -uall [30ms]
[2022-08-11T03:58:54.963Z] > git symbolic-ref --short HEAD [4ms]
[2022-08-11T03:58:54.985Z] > git for-each-ref --format=%(refname)%00%(upstream:short)%00%(objectname)%00%(upstream:track)%00%(upstream:remotename)%00%(upstream:remoteref) refs/heads/master refs/remotes/master [4ms]
[2022-08-11T03:58:55.016Z] > git for-each-ref --sort -committerdate --format %(refname) %(objectname) %(*objectname) [12ms]
[2022-08-11T03:58:55.017Z] > git remote --verbose [2ms]
[2022-08-11T03:58:55.039Z] > git config --get commit.template [1ms]
[2022-08-11T03:58:59.970Z] > git show --textconv :qtile/autostart.sh [19ms]
[2022-08-11T03:58:59.972Z] > git ls-files --stage -- /home/manu320/.config/qtile/autostart.sh [3ms]
[2022-08-11T03:58:59.993Z] > git cat-file -s d5b540b47e99d76261fab85373b31e473deb35a1 [4ms]
[2022-08-11T03:59:00.063Z] > git status -z -uall [13ms]
[2022-08-11T03:59:00.075Z] > git symbolic-ref --short HEAD [2ms]
[2022-08-11T03:59:00.086Z] > git for-each-ref --format=%(refname)%00%(upstream:short)%00%(objectname)%00%(upstream:track)%00%(upstream:remotename)%00%(upstream:remoteref) refs/heads/master refs/remotes/master [2ms]
[2022-08-11T03:59:00.105Z] > git for-each-ref --sort -committerdate --format %(refname) %(objectname) %(*objectname) [10ms]
[2022-08-11T03:59:00.106Z] > git remote --verbose [2ms]
[2022-08-11T03:59:00.137Z] > git config --get commit.template [2ms]
[2022-08-11T03:59:05.152Z] > git status -z -uall [6ms]
[2022-08-11T03:59:05.158Z] > git symbolic-ref --short HEAD [1ms]
[2022-08-11T03:59:05.164Z] > git for-each-ref --format=%(refname)%00%(upstream:short)%00%(objectname)%00%(upstream:track)%00%(upstream:remotename)%00%(upstream:remoteref) refs/heads/master refs/remotes/master [1ms]
[2022-08-11T03:59:05.177Z] > git for-each-ref --sort -committerdate --format %(refname) %(objectname) %(*objectname) [7ms]
[2022-08-11T03:59:05.177Z] > git remote --verbose [1ms]
[2022-08-11T03:59:05.203Z] > git config --get commit.template [2ms]
[2022-08-11T03:59:11.014Z] > git status -z -uall [7ms]
[2022-08-11T03:59:11.020Z] > git symbolic-ref --short HEAD [1ms]
[2022-08-11T03:59:11.027Z] > git for-each-ref --format=%(refname)%00%(upstream:short)%00%(objectname)%00%(upstream:track)%00%(upstream:remotename)%00%(upstream:remoteref) refs/heads/master refs/remotes/master [1ms]
[2022-08-11T03:59:11.037Z] > git for-each-ref --sort -committerdate --format %(refname) %(objectname) %(*objectname) [5ms]
[2022-08-11T03:59:11.037Z] > git remote --verbose [1ms]
[2022-08-11T03:59:11.057Z] > git config --get commit.template [1ms]
[2022-08-11T03:59:16.079Z] > git status -z -uall [13ms]
[2022-08-11T03:59:16.090Z] > git symbolic-ref --short HEAD [2ms]
[2022-08-11T03:59:16.102Z] > git for-each-ref --format=%(refname)%00%(upstream:short)%00%(objectname)%00%(upstream:track)%00%(upstream:remotename)%00%(upstream:remoteref) refs/heads/master refs/remotes/master [3ms]
[2022-08-11T03:59:16.120Z] > git for-each-ref --sort -committerdate --format %(refname) %(objectname) %(*objectname) [10ms]
[2022-08-11T03:59:16.121Z] > git remote --verbose [2ms]
[2022-08-11T03:59:16.161Z] > git config --get commit.template [8ms]
[2022-08-11T04:09:12.997Z] > git status -z -uall [8ms]
[2022-08-11T04:09:13.003Z] > git symbolic-ref --short HEAD [1ms]
[2022-08-11T04:09:13.008Z] > git for-each-ref --format=%(refname)%00%(upstream:short)%00%(objectname)%00%(upstream:track)%00%(upstream:remotename)%00%(upstream:remoteref) refs/heads/master refs/remotes/master [1ms]
[2022-08-11T04:09:13.016Z] > git for-each-ref --sort -committerdate --format %(refname) %(objectname) %(*objectname) [5ms]
[2022-08-11T04:09:13.017Z] > git remote --verbose [1ms]
[2022-08-11T04:09:13.042Z] > git config --get commit.template [1ms]
[2022-08-11T04:09:18.058Z] > git status -z -uall [7ms]
[2022-08-11T04:09:18.064Z] > git symbolic-ref --short HEAD [0ms]
[2022-08-11T04:09:18.071Z] > git for-each-ref --format=%(refname)%00%(upstream:short)%00%(objectname)%00%(upstream:track)%00%(upstream:remotename)%00%(upstream:remoteref) refs/heads/master refs/remotes/master [1ms]
[2022-08-11T04:09:18.083Z] > git for-each-ref --sort -committerdate --format %(refname) %(objectname) %(*objectname) [7ms]
[2022-08-11T04:09:18.084Z] > git remote --verbose [1ms]
[2022-08-11T04:09:18.131Z] > git config --get commit.template [9ms]
[2022-08-11T04:09:23.160Z] > git status -z -uall [9ms]
[2022-08-11T04:09:23.165Z] > git symbolic-ref --short HEAD [1ms]
[2022-08-11T04:09:23.170Z] > git for-each-ref --format=%(refname)%00%(upstream:short)%00%(objectname)%00%(upstream:track)%00%(upstream:remotename)%00%(upstream:remoteref) refs/heads/master refs/remotes/master [1ms]
[2022-08-11T04:09:23.179Z] > git for-each-ref --sort -committerdate --format %(refname) %(objectname) %(*objectname) [5ms]
[2022-08-11T04:09:23.179Z] > git remote --verbose [1ms]
[2022-08-11T04:09:23.198Z] > git config --get commit.template [3ms]
[2022-08-11T04:09:28.246Z] > git status -z -uall [28ms]
[2022-08-11T04:09:28.257Z] > git symbolic-ref --short HEAD [2ms]
[2022-08-11T04:09:28.266Z] > git for-each-ref --format=%(refname)%00%(upstream:short)%00%(objectname)%00%(upstream:track)%00%(upstream:remotename)%00%(upstream:remoteref) refs/heads/master refs/remotes/master [1ms]
[2022-08-11T04:09:28.277Z] > git for-each-ref --sort -committerdate --format %(refname) %(objectname) %(*objectname) [6ms]
[2022-08-11T04:09:28.277Z] > git remote --verbose [1ms]
[2022-08-11T04:09:28.297Z] > git config --get commit.template [2ms]
[2022-08-11T04:09:33.312Z] > git status -z -uall [7ms]
[2022-08-11T04:09:33.317Z] > git symbolic-ref --short HEAD [0ms]
[2022-08-11T04:09:33.322Z] > git for-each-ref --format=%(refname)%00%(upstream:short)%00%(objectname)%00%(upstream:track)%00%(upstream:remotename)%00%(upstream:remoteref) refs/heads/master refs/remotes/master [0ms]
[2022-08-11T04:09:33.331Z] > git for-each-ref --sort -committerdate --format %(refname) %(objectname) %(*objectname) [4ms]
[2022-08-11T04:09:33.332Z] > git remote --verbose [1ms]
[2022-08-11T04:09:33.351Z] > git config --get commit.template [2ms]
[2022-08-11T04:09:38.392Z] > git status -z -uall [21ms]
[2022-08-11T04:09:38.399Z] > git symbolic-ref --short HEAD [0ms]
[2022-08-11T04:09:38.405Z] > git for-each-ref --format=%(refname)%00%(upstream:short)%00%(objectname)%00%(upstream:track)%00%(upstream:remotename)%00%(upstream:remoteref) refs/heads/master refs/remotes/master [1ms]
[2022-08-11T04:09:38.413Z] > git for-each-ref --sort -committerdate --format %(refname) %(objectname) %(*objectname) [4ms]
[2022-08-11T04:09:38.414Z] > git remote --verbose [1ms]
[2022-08-11T04:09:38.434Z] > git config --get commit.template [3ms]
[2022-08-11T04:09:43.450Z] > git status -z -uall [7ms]
[2022-08-11T04:09:43.455Z] > git symbolic-ref --short HEAD [1ms]
[2022-08-11T04:09:43.463Z] > git for-each-ref --format=%(refname)%00%(upstream:short)%00%(objectname)%00%(upstream:track)%00%(upstream:remotename)%00%(upstream:remoteref) refs/heads/master refs/remotes/master [1ms]
[2022-08-11T04:09:43.473Z] > git for-each-ref --sort -committerdate --format %(refname) %(objectname) %(*objectname) [5ms]
[2022-08-11T04:09:43.473Z] > git remote --verbose [0ms]
[2022-08-11T04:09:43.493Z] > git config --get commit.template [2ms]
[2022-08-11T04:09:47.033Z] > git show --textconv :qtile/autostart.sh [20ms]
[2022-08-11T04:09:47.036Z] > git ls-files --stage -- /home/manu320/.config/qtile/autostart.sh [4ms]
[2022-08-11T04:09:47.059Z] > git cat-file -s d5b540b47e99d76261fab85373b31e473deb35a1 [5ms]
[2022-08-11T04:09:48.507Z] > git status -z -uall [7ms]
[2022-08-11T04:09:48.514Z] > git symbolic-ref --short HEAD [1ms]
[2022-08-11T04:09:48.520Z] > git for-each-ref --format=%(refname)%00%(upstream:short)%00%(objectname)%00%(upstream:track)%00%(upstream:remotename)%00%(upstream:remoteref) refs/heads/master refs/remotes/master [1ms]
[2022-08-11T04:09:48.529Z] > git for-each-ref --sort -committerdate --format %(refname) %(objectname) %(*objectname) [5ms]
[2022-08-11T04:09:48.529Z] > git remote --verbose [1ms]
[2022-08-11T04:09:48.547Z] > git config --get commit.template [1ms]
[2022-08-11T04:09:49.174Z] > git show --textconv :qtile/config.py [5ms]
[2022-08-11T04:09:49.175Z] > git ls-files --stage -- /home/manu320/.config/qtile/config.py [1ms]
[2022-08-11T04:09:49.181Z] > git cat-file -s 111e8966e2f429bf78017ba61116c659bab33a4b [1ms]
[2022-08-11T04:09:53.596Z] > git status -z -uall [29ms]
[2022-08-11T04:09:53.613Z] > git symbolic-ref --short HEAD [3ms]
[2022-08-11T04:09:53.625Z] > git for-each-ref --format=%(refname)%00%(upstream:short)%00%(objectname)%00%(upstream:track)%00%(upstream:remotename)%00%(upstream:remoteref) refs/heads/master refs/remotes/master [2ms]
[2022-08-11T04:09:53.641Z] > git for-each-ref --sort -committerdate --format %(refname) %(objectname) %(*objectname) [8ms]
[2022-08-11T04:09:53.642Z] > git remote --verbose [2ms]
[2022-08-11T04:09:53.672Z] > git config --get commit.template [2ms]
[2022-08-11T04:09:58.712Z] > git status -z -uall [20ms]
[2022-08-11T04:09:58.718Z] > git symbolic-ref --short HEAD [1ms]
[2022-08-11T04:09:58.723Z] > git for-each-ref --format=%(refname)%00%(upstream:short)%00%(objectname)%00%(upstream:track)%00%(upstream:remotename)%00%(upstream:remoteref) refs/heads/master refs/remotes/master [1ms]
[2022-08-11T04:09:58.732Z] > git for-each-ref --sort -committerdate --format %(refname) %(objectname) %(*objectname) [5ms]
[2022-08-11T04:09:58.732Z] > git remote --verbose [1ms]
[2022-08-11T04:09:58.751Z] > git config --get commit.template [3ms]
[2022-08-11T04:10:01.458Z] > git show --textconv :qtile/config.py [6ms]
[2022-08-11T04:10:01.459Z] > git ls-files --stage -- /home/manu320/.config/qtile/config.py [2ms]
[2022-08-11T04:10:01.465Z] > git cat-file -s 111e8966e2f429bf78017ba61116c659bab33a4b [1ms]
[2022-08-11T04:10:03.768Z] > git status -z -uall [10ms]
[2022-08-11T04:10:03.775Z] > git symbolic-ref --short HEAD [1ms]
[2022-08-11T04:10:03.783Z] > git for-each-ref --format=%(refname)%00%(upstream:short)%00%(objectname)%00%(upstream:track)%00%(upstream:remotename)%00%(upstream:remoteref) refs/heads/master refs/remotes/master [1ms]
[2022-08-11T04:10:03.798Z] > git for-each-ref --sort -committerdate --format %(refname) %(objectname) %(*objectname) [8ms]
[2022-08-11T04:10:03.798Z] > git remote --verbose [2ms]
[2022-08-11T04:10:03.842Z] > git config --get commit.template [11ms]
[2022-08-11T04:10:04.483Z] > git show --textconv :qtile/autostart.sh [7ms]
[2022-08-11T04:10:04.484Z] > git ls-files --stage -- /home/manu320/.config/qtile/autostart.sh [1ms]
[2022-08-11T04:10:04.490Z] > git cat-file -s d5b540b47e99d76261fab85373b31e473deb35a1 [1ms]
[2022-08-11T04:10:08.858Z] > git status -z -uall [7ms]
[2022-08-11T04:10:08.864Z] > git symbolic-ref --short HEAD [1ms]
[2022-08-11T04:10:08.870Z] > git for-each-ref --format=%(refname)%00%(upstream:short)%00%(objectname)%00%(upstream:track)%00%(upstream:remotename)%00%(upstream:remoteref) refs/heads/master refs/remotes/master [1ms]
[2022-08-11T04:10:08.880Z] > git for-each-ref --sort -committerdate --format %(refname) %(objectname) %(*objectname) [5ms]
[2022-08-11T04:10:08.880Z] > git remote --verbose [1ms]
[2022-08-11T04:10:08.901Z] > git config --get commit.template [2ms]
[2022-08-11T04:10:12.156Z] > git check-ignore -v -z --stdin [3ms]
[2022-08-11T04:10:13.920Z] > git status -z -uall [9ms]
[2022-08-11T04:10:13.928Z] > git symbolic-ref --short HEAD [1ms]
[2022-08-11T04:10:13.934Z] > git for-each-ref --format=%(refname)%00%(upstream:short)%00%(objectname)%00%(upstream:track)%00%(upstream:remotename)%00%(upstream:remoteref) refs/heads/master refs/remotes/master [1ms]
[2022-08-11T04:10:13.946Z] > git for-each-ref --sort -committerdate --format %(refname) %(objectname) %(*objectname) [6ms]
[2022-08-11T04:10:13.946Z] > git remote --verbose [1ms]
[2022-08-11T04:10:13.970Z] > git config --get commit.template [2ms]
[2022-08-11T04:10:18.984Z] > git status -z -uall [7ms]
[2022-08-11T04:10:18.990Z] > git symbolic-ref --short HEAD [1ms]
[2022-08-11T04:10:18.996Z] > git for-each-ref --format=%(refname)%00%(upstream:short)%00%(objectname)%00%(upstream:track)%00%(upstream:remotename)%00%(upstream:remoteref) refs/heads/master refs/remotes/master [1ms]
[2022-08-11T04:10:19.007Z] > git for-each-ref --sort -committerdate --format %(refname) %(objectname) %(*objectname) [6ms]
[2022-08-11T04:10:19.007Z] > git remote --verbose [1ms]
[2022-08-11T04:10:19.035Z] > git config --get commit.template [2ms]
[2022-08-11T04:10:24.083Z] > git status -z -uall [28ms]
[2022-08-11T04:10:24.105Z] > git symbolic-ref --short HEAD [3ms]
[2022-08-11T04:10:24.120Z] > git for-each-ref --format=%(refname)%00%(upstream:short)%00%(objectname)%00%(upstream:track)%00%(upstream:remotename)%00%(upstream:remoteref) refs/heads/master refs/remotes/master [2ms]
[2022-08-11T04:10:24.138Z] > git for-each-ref --sort -committerdate --format %(refname) %(objectname) %(*objectname) [9ms]
[2022-08-11T04:10:24.139Z] > git remote --verbose [2ms]
[2022-08-11T04:10:24.161Z] > git config --get commit.template [2ms]
[2022-08-11T04:10:29.175Z] > git status -z -uall [6ms]
[2022-08-11T04:10:29.181Z] > git symbolic-ref --short HEAD [1ms]
[2022-08-11T04:10:29.187Z] > git for-each-ref --format=%(refname)%00%(upstream:short)%00%(objectname)%00%(upstream:track)%00%(upstream:remotename)%00%(upstream:remoteref) refs/heads/master refs/remotes/master [1ms]
[2022-08-11T04:10:29.198Z] > git for-each-ref --sort -committerdate --format %(refname) %(objectname) %(*objectname) [6ms]
[2022-08-11T04:10:29.199Z] > git remote --verbose [1ms]
[2022-08-11T04:10:29.222Z] > git config --get commit.template [2ms]
[2022-08-11T04:11:53.692Z] > git check-ignore -v -z --stdin [3ms]
[2022-08-11T04:12:08.231Z] > git status -z -uall [8ms]
[2022-08-11T04:12:08.237Z] > git symbolic-ref --short HEAD [1ms]
[2022-08-11T04:12:08.243Z] > git for-each-ref --format=%(refname)%00%(upstream:short)%00%(objectname)%00%(upstream:track)%00%(upstream:remotename)%00%(upstream:remoteref) refs/heads/master refs/remotes/master [1ms]
[2022-08-11T04:12:08.253Z] > git for-each-ref --sort -committerdate --format %(refname) %(objectname) %(*objectname) [5ms]
[2022-08-11T04:12:08.253Z] > git remote --verbose [1ms]
[2022-08-11T04:12:08.277Z] > git config --get commit.template [1ms]
[2022-08-11T04:12:13.293Z] > git status -z -uall [7ms]
[2022-08-11T04:12:13.299Z] > git symbolic-ref --short HEAD [1ms]
[2022-08-11T04:12:13.304Z] > git for-each-ref --format=%(refname)%00%(upstream:short)%00%(objectname)%00%(upstream:track)%00%(upstream:remotename)%00%(upstream:remoteref) refs/heads/master refs/remotes/master [1ms]
[2022-08-11T04:12:13.314Z] > git for-each-ref --sort -committerdate --format %(refname) %(objectname) %(*objectname) [5ms]
[2022-08-11T04:12:13.315Z] > git remote --verbose [1ms]
[2022-08-11T04:12:13.337Z] > git config --get commit.template [2ms]
