[2022-08-11T04:43:38.396Z] Log level: Info
[2022-08-11T04:43:38.398Z] [info] Validating found git in: git
[2022-08-11T04:43:38.423Z] [info] Using git 2.37.1 from git
[2022-08-11T04:43:38.449Z] > git rev-parse --show-toplevel [5ms]
[2022-08-11T04:43:38.481Z] > git rev-parse --git-dir --git-common-dir [20ms]
[2022-08-11T04:43:38.484Z] [info] Open repository: /home/manu320/.config
[2022-08-11T04:43:38.520Z] > git status -z -uall [27ms]
[2022-08-11T04:43:38.530Z] > git symbolic-ref --short HEAD [2ms]
[2022-08-11T04:43:38.539Z] > git for-each-ref --format=%(refname)%00%(upstream:short)%00%(objectname)%00%(upstream:track)%00%(upstream:remotename)%00%(upstream:remoteref) refs/heads/master refs/remotes/master [2ms]
[2022-08-11T04:43:38.556Z] > git remote --verbose [3ms]
[2022-08-11T04:43:38.557Z] > git for-each-ref --sort -committerdate --format %(refname) %(objectname) %(*objectname) [10ms]
[2022-08-11T04:43:38.571Z] > git config --get commit.template [1ms]
[2022-08-11T04:43:38.633Z] > git status -z -uall [52ms]
[2022-08-11T04:43:38.646Z] > git symbolic-ref --short HEAD [6ms]
[2022-08-11T04:43:38.654Z] > git for-each-ref --format=%(refname)%00%(upstream:short)%00%(objectname)%00%(upstream:track)%00%(upstream:remotename)%00%(upstream:remoteref) refs/heads/master refs/remotes/master [2ms]
[2022-08-11T04:43:38.667Z] > git for-each-ref --sort -committerdate --format %(refname) %(objectname) %(*objectname) [7ms]
[2022-08-11T04:43:38.668Z] > git remote --verbose [2ms]
[2022-08-11T04:43:38.677Z] > git config --get commit.template [1ms]
[2022-08-11T04:43:39.002Z] > git show --textconv :README.md [13ms]
[2022-08-11T04:43:39.003Z] > git ls-files --stage -- /home/manu320/.config/README.md [8ms]
[2022-08-11T04:43:39.027Z] > git cat-file -s fda4029e0a1c81b7ba749f747235287af632d5de [18ms]
[2022-08-11T04:43:39.039Z] > git check-ignore -v -z --stdin [3ms]
[2022-08-11T04:43:41.289Z] > git status -z -uall [41ms]
[2022-08-11T04:43:41.297Z] > git symbolic-ref --short HEAD [1ms]
[2022-08-11T04:43:41.304Z] > git for-each-ref --format=%(refname)%00%(upstream:short)%00%(objectname)%00%(upstream:track)%00%(upstream:remotename)%00%(upstream:remoteref) refs/heads/master refs/remotes/master [1ms]
[2022-08-11T04:43:41.313Z] > git for-each-ref --sort -committerdate --format %(refname) %(objectname) %(*objectname) [5ms]
[2022-08-11T04:43:41.313Z] > git remote --verbose [1ms]
[2022-08-11T04:43:41.320Z] > git config --get commit.template [1ms]
[2022-08-11T04:44:14.109Z] > git status -z -uall [15ms]
[2022-08-11T04:44:14.115Z] > git symbolic-ref --short HEAD [1ms]
[2022-08-11T04:44:14.120Z] > git for-each-ref --format=%(refname)%00%(upstream:short)%00%(objectname)%00%(upstream:track)%00%(upstream:remotename)%00%(upstream:remoteref) refs/heads/master refs/remotes/master [1ms]
[2022-08-11T04:44:14.129Z] > git for-each-ref --sort -committerdate --format %(refname) %(objectname) %(*objectname) [5ms]
[2022-08-11T04:44:14.129Z] > git remote --verbose [1ms]
[2022-08-11T04:44:14.138Z] > git config --get commit.template [1ms]
[2022-08-11T04:44:16.473Z] > git show --textconv :kitty/kitty.conf [8ms]
[2022-08-11T04:44:16.474Z] > git ls-files --stage -- /home/manu320/.config/kitty/kitty.conf [1ms]
[2022-08-11T04:44:16.482Z] > git cat-file -s 3983fc6de066763699be3ea97db0587f05bfb4b7 [1ms]
[2022-08-11T04:44:19.199Z] > git status -z -uall [45ms]
[2022-08-11T04:44:19.207Z] > git symbolic-ref --short HEAD [2ms]
[2022-08-11T04:44:19.213Z] > git for-each-ref --format=%(refname)%00%(upstream:short)%00%(objectname)%00%(upstream:track)%00%(upstream:remotename)%00%(upstream:remoteref) refs/heads/master refs/remotes/master [1ms]
[2022-08-11T04:44:19.221Z] > git for-each-ref --sort -committerdate --format %(refname) %(objectname) %(*objectname) [4ms]
[2022-08-11T04:44:19.222Z] > git remote --verbose [2ms]
[2022-08-11T04:44:19.228Z] > git config --get commit.template [1ms]
[2022-08-11T04:44:21.446Z] > git check-ignore -v -z --stdin [2ms]
[2022-08-11T04:44:24.002Z] > git show --textconv :starship.toml [7ms]
[2022-08-11T04:44:24.004Z] > git ls-files --stage -- /home/manu320/.config/starship.toml [3ms]
[2022-08-11T04:44:24.013Z] > git cat-file -s 7c28df8d33d5daecd71e1e729cd5ec39dc4d3e2d [2ms]
[2022-08-11T04:44:24.292Z] > git status -z -uall [46ms]
[2022-08-11T04:44:24.307Z] > git symbolic-ref --short HEAD [2ms]
[2022-08-11T04:44:24.322Z] > git for-each-ref --format=%(refname)%00%(upstream:short)%00%(objectname)%00%(upstream:track)%00%(upstream:remotename)%00%(upstream:remoteref) refs/heads/master refs/remotes/master [3ms]
[2022-08-11T04:44:24.350Z] > git for-each-ref --sort -committerdate --format %(refname) %(objectname) %(*objectname) [15ms]
[2022-08-11T04:44:24.351Z] > git remote --verbose [3ms]
[2022-08-11T04:44:24.371Z] > git config --get commit.template [3ms]
[2022-08-11T04:44:29.426Z] > git status -z -uall [39ms]
[2022-08-11T04:44:29.438Z] > git symbolic-ref --short HEAD [1ms]
[2022-08-11T04:44:29.447Z] > git for-each-ref --format=%(refname)%00%(upstream:short)%00%(objectname)%00%(upstream:track)%00%(upstream:remotename)%00%(upstream:remoteref) refs/heads/master refs/remotes/master [2ms]
[2022-08-11T04:44:29.463Z] > git for-each-ref --sort -committerdate --format %(refname) %(objectname) %(*objectname) [8ms]
[2022-08-11T04:44:29.464Z] > git remote --verbose [2ms]
[2022-08-11T04:44:29.477Z] > git config --get commit.template [2ms]
[2022-08-11T04:44:30.508Z] > git show --textconv :qtile/config.py [520ms]
[2022-08-11T04:44:30.508Z] > git ls-files --stage -- /home/manu320/.config/qtile/config.py [514ms]
[2022-08-11T04:44:30.548Z] > git cat-file -s c06c7cbeba6f9e0a2e2113c1298b8aa80d2a5f62 [32ms]
[2022-08-11T04:44:30.549Z] > git check-ignore -v -z --stdin [25ms]
[2022-08-11T04:44:34.502Z] > git status -z -uall [16ms]
[2022-08-11T04:44:34.511Z] > git symbolic-ref --short HEAD [1ms]
[2022-08-11T04:44:34.519Z] > git for-each-ref --format=%(refname)%00%(upstream:short)%00%(objectname)%00%(upstream:track)%00%(upstream:remotename)%00%(upstream:remoteref) refs/heads/master refs/remotes/master [1ms]
[2022-08-11T04:44:34.534Z] > git for-each-ref --sort -committerdate --format %(refname) %(objectname) %(*objectname) [7ms]
[2022-08-11T04:44:34.535Z] > git remote --verbose [1ms]
[2022-08-11T04:44:34.547Z] > git config --get commit.template [1ms]
[2022-08-11T04:44:39.570Z] > git status -z -uall [13ms]
[2022-08-11T04:44:39.576Z] > git symbolic-ref --short HEAD [1ms]
[2022-08-11T04:44:39.581Z] > git for-each-ref --format=%(refname)%00%(upstream:short)%00%(objectname)%00%(upstream:track)%00%(upstream:remotename)%00%(upstream:remoteref) refs/heads/master refs/remotes/master [1ms]
[2022-08-11T04:44:39.590Z] > git remote --verbose [1ms]
[2022-08-11T04:44:39.591Z] > git for-each-ref --sort -committerdate --format %(refname) %(objectname) %(*objectname) [6ms]
[2022-08-11T04:44:39.599Z] > git config --get commit.template [1ms]
[2022-08-11T04:44:44.637Z] > git status -z -uall [20ms]
[2022-08-11T04:44:44.643Z] > git symbolic-ref --short HEAD [1ms]
[2022-08-11T04:44:44.647Z] > git for-each-ref --format=%(refname)%00%(upstream:short)%00%(objectname)%00%(upstream:track)%00%(upstream:remotename)%00%(upstream:remoteref) refs/heads/master refs/remotes/master [0ms]
[2022-08-11T04:44:44.655Z] > git for-each-ref --sort -committerdate --format %(refname) %(objectname) %(*objectname) [4ms]
[2022-08-11T04:44:44.656Z] > git remote --verbose [2ms]
[2022-08-11T04:44:44.663Z] > git config --get commit.template [1ms]
[2022-08-11T04:44:49.684Z] > git status -z -uall [14ms]
[2022-08-11T04:44:49.691Z] > git symbolic-ref --short HEAD [1ms]
[2022-08-11T04:44:49.697Z] > git for-each-ref --format=%(refname)%00%(upstream:short)%00%(objectname)%00%(upstream:track)%00%(upstream:remotename)%00%(upstream:remoteref) refs/heads/master refs/remotes/master [1ms]
[2022-08-11T04:44:49.708Z] > git for-each-ref --sort -committerdate --format %(refname) %(objectname) %(*objectname) [5ms]
[2022-08-11T04:44:49.708Z] > git remote --verbose [1ms]
[2022-08-11T04:44:49.718Z] > git config --get commit.template [1ms]
[2022-08-11T04:44:54.738Z] > git status -z -uall [14ms]
[2022-08-11T04:44:54.744Z] > git symbolic-ref --short HEAD [1ms]
[2022-08-11T04:44:54.750Z] > git for-each-ref --format=%(refname)%00%(upstream:short)%00%(objectname)%00%(upstream:track)%00%(upstream:remotename)%00%(upstream:remoteref) refs/heads/master refs/remotes/master [1ms]
[2022-08-11T04:44:54.760Z] > git for-each-ref --sort -committerdate --format %(refname) %(objectname) %(*objectname) [5ms]
[2022-08-11T04:44:54.760Z] > git remote --verbose [1ms]
[2022-08-11T04:44:54.770Z] > git config --get commit.template [1ms]
[2022-08-11T04:44:59.793Z] > git status -z -uall [16ms]
[2022-08-11T04:44:59.799Z] > git symbolic-ref --short HEAD [1ms]
[2022-08-11T04:44:59.804Z] > git for-each-ref --format=%(refname)%00%(upstream:short)%00%(objectname)%00%(upstream:track)%00%(upstream:remotename)%00%(upstream:remoteref) refs/heads/master refs/remotes/master [1ms]
[2022-08-11T04:44:59.814Z] > git for-each-ref --sort -committerdate --format %(refname) %(objectname) %(*objectname) [5ms]
[2022-08-11T04:44:59.814Z] > git remote --verbose [1ms]
[2022-08-11T04:44:59.823Z] > git config --get commit.template [2ms]
[2022-08-11T04:45:04.885Z] > git status -z -uall [44ms]
[2022-08-11T04:45:04.893Z] > git symbolic-ref --short HEAD [1ms]
[2022-08-11T04:45:04.899Z] > git for-each-ref --format=%(refname)%00%(upstream:short)%00%(objectname)%00%(upstream:track)%00%(upstream:remotename)%00%(upstream:remoteref) refs/heads/master refs/remotes/master [1ms]
[2022-08-11T04:45:04.909Z] > git for-each-ref --sort -committerdate --format %(refname) %(objectname) %(*objectname) [5ms]
[2022-08-11T04:45:04.909Z] > git remote --verbose [1ms]
[2022-08-11T04:45:04.918Z] > git config --get commit.template [1ms]
[2022-08-11T04:45:11.614Z] > git status -z -uall [22ms]
[2022-08-11T04:45:11.621Z] > git symbolic-ref --short HEAD [1ms]
[2022-08-11T04:45:11.626Z] > git for-each-ref --format=%(refname)%00%(upstream:short)%00%(objectname)%00%(upstream:track)%00%(upstream:remotename)%00%(upstream:remoteref) refs/heads/master refs/remotes/master [1ms]
[2022-08-11T04:45:11.637Z] > git for-each-ref --sort -committerdate --format %(refname) %(objectname) %(*objectname) [6ms]
[2022-08-11T04:45:11.637Z] > git remote --verbose [1ms]
[2022-08-11T04:45:11.646Z] > git config --get commit.template [2ms]
