Code - OSS (1.70.0, undefined, desktop)
Jupyter Extension Version: 2022.8.1002170547.
Python Extension Version: 2022.12.0.
Workspace folder /home/manu320/.config
info 23:44:30.20: ZMQ install verified.
error 23:44:30.477: Failure during activation. Error: Extension 'ms-toolsai.jupyter' CANNOT use API proposal: notebookCellExecutionState.
Its package.json#enabledApiProposals-property declares:  but NOT notebookCellExecutionState.
 The missing proposal MUST be added and you must start in extension development mode or use the following command line switch: --enable-proposed-api ms-toolsai.jupyter
    at g (/usr/lib/code/out/vs/workbench/api/node/extensionHostProcess.js:83:68123)
    at d.onDidChangeNotebookCellExecutionState (/usr/lib/code/out/vs/workbench/api/node/extensionHostProcess.js:106:52770)
    at new f (/home/manu320/.vscode-oss/extensions/ms-toolsai.jupyter-2022.8.1002170547/out/extension.node.js:2:308606)
    at Object.t.resolveInstance (/home/manu320/.vscode-oss/extensions/ms-toolsai.jupyter-2022.8.1002170547/out/extension.node.js:17:1395108)
    at /home/manu320/.vscode-oss/extensions/ms-toolsai.jupyter-2022.8.1002170547/out/extension.node.js:17:1397046
    at /home/manu320/.vscode-oss/extensions/ms-toolsai.jupyter-2022.8.1002170547/out/extension.node.js:17:1395964
    at Array.map (<anonymous>)
    at /home/manu320/.vscode-oss/extensions/ms-toolsai.jupyter-2022.8.1002170547/out/extension.node.js:17:1395936
    at Array.map (<anonymous>)
    at Object.t.resolveInstance (/home/manu320/.vscode-oss/extensions/ms-toolsai.jupyter-2022.8.1002170547/out/extension.node.js:17:1394882)
    at /home/manu320/.vscode-oss/extensions/ms-toolsai.jupyter-2022.8.1002170547/out/extension.node.js:17:1397046
    at Object.t.resolve (/home/manu320/.vscode-oss/extensions/ms-toolsai.jupyter-2022.8.1002170547/out/extension.node.js:17:1397309)
    at /home/manu320/.vscode-oss/extensions/ms-toolsai.jupyter-2022.8.1002170547/out/extension.node.js:17:1380722
    at e._get (/home/manu320/.vscode-oss/extensions/ms-toolsai.jupyter-2022.8.1002170547/out/extension.node.js:17:1380488)
    at e.get (/home/manu320/.vscode-oss/extensions/ms-toolsai.jupyter-2022.8.1002170547/out/extension.node.js:17:1379131)
    at a.get (/home/manu320/.vscode-oss/extensions/ms-toolsai.jupyter-2022.8.1002170547/out/extension.node.js:17:48723)
    at /home/manu320/.vscode-oss/extensions/ms-toolsai.jupyter-2022.8.1002170547/out/extension.node.js:17:2933890
error 23:44:30.506: sendStartupTelemetry() failed. Error: Extension 'ms-toolsai.jupyter' CANNOT use API proposal: notebookCellExecutionState.
Its package.json#enabledApiProposals-property declares:  but NOT notebookCellExecutionState.
 The missing proposal MUST be added and you must start in extension development mode or use the following command line switch: --enable-proposed-api ms-toolsai.jupyter
    at g (/usr/lib/code/out/vs/workbench/api/node/extensionHostProcess.js:83:68123)
    at d.onDidChangeNotebookCellExecutionState (/usr/lib/code/out/vs/workbench/api/node/extensionHostProcess.js:106:52770)
    at new f (/home/manu320/.vscode-oss/extensions/ms-toolsai.jupyter-2022.8.1002170547/out/extension.node.js:2:308606)
    at Object.t.resolveInstance (/home/manu320/.vscode-oss/extensions/ms-toolsai.jupyter-2022.8.1002170547/out/extension.node.js:17:1395108)
    at /home/manu320/.vscode-oss/extensions/ms-toolsai.jupyter-2022.8.1002170547/out/extension.node.js:17:1397046
    at /home/manu320/.vscode-oss/extensions/ms-toolsai.jupyter-2022.8.1002170547/out/extension.node.js:17:1395964
    at Array.map (<anonymous>)
    at /home/manu320/.vscode-oss/extensions/ms-toolsai.jupyter-2022.8.1002170547/out/extension.node.js:17:1395936
    at Array.map (<anonymous>)
    at Object.t.resolveInstance (/home/manu320/.vscode-oss/extensions/ms-toolsai.jupyter-2022.8.1002170547/out/extension.node.js:17:1394882)
    at /home/manu320/.vscode-oss/extensions/ms-toolsai.jupyter-2022.8.1002170547/out/extension.node.js:17:1397046
    at Object.t.resolve (/home/manu320/.vscode-oss/extensions/ms-toolsai.jupyter-2022.8.1002170547/out/extension.node.js:17:1397309)
    at /home/manu320/.vscode-oss/extensions/ms-toolsai.jupyter-2022.8.1002170547/out/extension.node.js:17:1380722
    at e._get (/home/manu320/.vscode-oss/extensions/ms-toolsai.jupyter-2022.8.1002170547/out/extension.node.js:17:1380488)
    at e.get (/home/manu320/.vscode-oss/extensions/ms-toolsai.jupyter-2022.8.1002170547/out/extension.node.js:17:1379131)
    at a.get (/home/manu320/.vscode-oss/extensions/ms-toolsai.jupyter-2022.8.1002170547/out/extension.node.js:17:48723)
    at /home/manu320/.vscode-oss/extensions/ms-toolsai.jupyter-2022.8.1002170547/out/extension.node.js:17:2933890
error 23:44:30.506: extension activation failed Error: Extension 'ms-toolsai.jupyter' CANNOT use API proposal: notebookCellExecutionState.
Its package.json#enabledApiProposals-property declares:  but NOT notebookCellExecutionState.
 The missing proposal MUST be added and you must start in extension development mode or use the following command line switch: --enable-proposed-api ms-toolsai.jupyter
    at g (/usr/lib/code/out/vs/workbench/api/node/extensionHostProcess.js:83:68123)
    at d.onDidChangeNotebookCellExecutionState (/usr/lib/code/out/vs/workbench/api/node/extensionHostProcess.js:106:52770)
    at new f (/home/manu320/.vscode-oss/extensions/ms-toolsai.jupyter-2022.8.1002170547/out/extension.node.js:2:308606)
    at Object.t.resolveInstance (/home/manu320/.vscode-oss/extensions/ms-toolsai.jupyter-2022.8.1002170547/out/extension.node.js:17:1395108)
    at /home/manu320/.vscode-oss/extensions/ms-toolsai.jupyter-2022.8.1002170547/out/extension.node.js:17:1397046
    at /home/manu320/.vscode-oss/extensions/ms-toolsai.jupyter-2022.8.1002170547/out/extension.node.js:17:1395964
    at Array.map (<anonymous>)
    at /home/manu320/.vscode-oss/extensions/ms-toolsai.jupyter-2022.8.1002170547/out/extension.node.js:17:1395936
    at Array.map (<anonymous>)
    at Object.t.resolveInstance (/home/manu320/.vscode-oss/extensions/ms-toolsai.jupyter-2022.8.1002170547/out/extension.node.js:17:1394882)
    at /home/manu320/.vscode-oss/extensions/ms-toolsai.jupyter-2022.8.1002170547/out/extension.node.js:17:1397046
    at Object.t.resolve (/home/manu320/.vscode-oss/extensions/ms-toolsai.jupyter-2022.8.1002170547/out/extension.node.js:17:1397309)
    at /home/manu320/.vscode-oss/extensions/ms-toolsai.jupyter-2022.8.1002170547/out/extension.node.js:17:1380722
    at e._get (/home/manu320/.vscode-oss/extensions/ms-toolsai.jupyter-2022.8.1002170547/out/extension.node.js:17:1380488)
    at e.get (/home/manu320/.vscode-oss/extensions/ms-toolsai.jupyter-2022.8.1002170547/out/extension.node.js:17:1379131)
    at a.get (/home/manu320/.vscode-oss/extensions/ms-toolsai.jupyter-2022.8.1002170547/out/extension.node.js:17:48723)
    at /home/manu320/.vscode-oss/extensions/ms-toolsai.jupyter-2022.8.1002170547/out/extension.node.js:17:2933890
error 23:44:30.507: Failed to active the Jupyter Extension Error: Extension 'ms-toolsai.jupyter' CANNOT use API proposal: notebookCellExecutionState.
Its package.json#enabledApiProposals-property declares:  but NOT notebookCellExecutionState.
 The missing proposal MUST be added and you must start in extension development mode or use the following command line switch: --enable-proposed-api ms-toolsai.jupyter
    at g (/usr/lib/code/out/vs/workbench/api/node/extensionHostProcess.js:83:68123)
    at d.onDidChangeNotebookCellExecutionState (/usr/lib/code/out/vs/workbench/api/node/extensionHostProcess.js:106:52770)
    at new f (/home/manu320/.vscode-oss/extensions/ms-toolsai.jupyter-2022.8.1002170547/out/extension.node.js:2:308606)
    at Object.t.resolveInstance (/home/manu320/.vscode-oss/extensions/ms-toolsai.jupyter-2022.8.1002170547/out/extension.node.js:17:1395108)
    at /home/manu320/.vscode-oss/extensions/ms-toolsai.jupyter-2022.8.1002170547/out/extension.node.js:17:1397046
    at /home/manu320/.vscode-oss/extensions/ms-toolsai.jupyter-2022.8.1002170547/out/extension.node.js:17:1395964
    at Array.map (<anonymous>)
    at /home/manu320/.vscode-oss/extensions/ms-toolsai.jupyter-2022.8.1002170547/out/extension.node.js:17:1395936
    at Array.map (<anonymous>)
    at Object.t.resolveInstance (/home/manu320/.vscode-oss/extensions/ms-toolsai.jupyter-2022.8.1002170547/out/extension.node.js:17:1394882)
    at /home/manu320/.vscode-oss/extensions/ms-toolsai.jupyter-2022.8.1002170547/out/extension.node.js:17:1397046
    at Object.t.resolve (/home/manu320/.vscode-oss/extensions/ms-toolsai.jupyter-2022.8.1002170547/out/extension.node.js:17:1397309)
    at /home/manu320/.vscode-oss/extensions/ms-toolsai.jupyter-2022.8.1002170547/out/extension.node.js:17:1380722
    at e._get (/home/manu320/.vscode-oss/extensions/ms-toolsai.jupyter-2022.8.1002170547/out/extension.node.js:17:1380488)
    at e.get (/home/manu320/.vscode-oss/extensions/ms-toolsai.jupyter-2022.8.1002170547/out/extension.node.js:17:1379131)
    at a.get (/home/manu320/.vscode-oss/extensions/ms-toolsai.jupyter-2022.8.1002170547/out/extension.node.js:17:48723)
    at /home/manu320/.vscode-oss/extensions/ms-toolsai.jupyter-2022.8.1002170547/out/extension.node.js:17:2933890
info 23:45:13.954: Shutting down notebooks for d302856d-9e35-4b74-ba3b-2b6656a26a36
info 23:45:13.954: Disposing HostJupyterExecution 1aa14c4b-0694-4b70-916e-cd7128db65b9
info 23:45:13.954: Disposing super HostJupyterExecution 1aa14c4b-0694-4b70-916e-cd7128db65b9
info 23:45:13.954: Disposing HostJupyterExecution 1aa14c4b-0694-4b70-916e-cd7128db65b9
info 23:45:13.954: Finished disposing HostJupyterExecution  1aa14c4b-0694-4b70-916e-cd7128db65b9
info 23:45:13.958: Cleaning up server cache 1aa14c4b-0694-4b70-916e-cd7128db65b9
info 23:45:13.959: Finished disposing HostJupyterExecution  1aa14c4b-0694-4b70-916e-cd7128db65b9
