[2022-08-10 23:45:20.116] [exthost] [info] Extension host with pid 56466 started
[2022-08-10 23:45:20.116] [exthost] [info] Skipping acquiring lock for /home/manu320/.config/Code - OSS/User/workspaceStorage/6a7bad11e60a69ed78162b22e93f74f1.
[2022-08-10 23:45:20.273] [exthost] [info] ExtensionService#_doActivateExtension ms-python.python, startup: false, activationEvent: 'onLanguage:python'
[2022-08-10 23:45:20.371] [exthost] [info] ExtensionService#_doActivateExtension ms-toolsai.jupyter, startup: false, activationEvent: 'onLanguage:python'
[2022-08-10 23:45:20.479] [exthost] [info] ExtensionService#_doActivateExtension vscode.debug-auto-launch, startup: true, activationEvent: '*'
[2022-08-10 23:45:20.482] [exthost] [info] ExtensionService#_doActivateExtension vscode.git-base, startup: true, activationEvent: '*', root cause: vscode.git
[2022-08-10 23:45:20.484] [exthost] [info] ExtensionService#_doActivateExtension vscode.ipynb, startup: true, activationEvent: '*'
[2022-08-10 23:45:20.492] [exthost] [info] ExtensionService#_doActivateExtension ecmel.vscode-html-css, startup: true, activationEvent: '*'
[2022-08-10 23:45:20.549] [exthost] [info] ExtensionService#_doActivateExtension formulahendry.auto-close-tag, startup: true, activationEvent: '*'
[2022-08-10 23:45:20.551] [exthost] [info] ExtensionService#_doActivateExtension formulahendry.auto-rename-tag, startup: true, activationEvent: '*'
[2022-08-10 23:45:20.561] [exthost] [info] ExtensionService#_doActivateExtension Zignd.html-css-class-completion, startup: true, activationEvent: '*'
[2022-08-10 23:45:21.241] [exthost] [info] ExtensionService#_doActivateExtension vscode.git, startup: true, activationEvent: '*'
[2022-08-10 23:45:21.266] [exthost] [info] ExtensionService#_doActivateExtension vscode.github, startup: true, activationEvent: '*'
[2022-08-10 23:45:21.359] [exthost] [info] ExtensionService#_doActivateExtension pranaygp.vscode-css-peek, startup: true, activationEvent: 'workspaceContains:**/*.css,**/*.scss,**/*.sass,**/*.less'
[2022-08-10 23:45:21.431] [exthost] [info] Eager extensions activated
[2022-08-10 23:45:21.446] [exthost] [info] ExtensionService#_doActivateExtension vscode.emmet, startup: false, activationEvent: 'onStartupFinished'
[2022-08-10 23:45:21.451] [exthost] [info] ExtensionService#_doActivateExtension vscode.merge-conflict, startup: false, activationEvent: 'onStartupFinished'
[2022-08-10 23:45:21.452] [exthost] [info] ExtensionService#_doActivateExtension esbenp.prettier-vscode, startup: false, activationEvent: 'onStartupFinished'
[2022-08-10 23:45:21.493] [exthost] [info] ExtensionService#_doActivateExtension ritwickdey.LiveServer, startup: false, activationEvent: 'onStartupFinished'
[2022-08-10 23:46:19.204] [exthost] [error] {"message":"Git error","stdout":"","stderr":"fatal: Pathspec '/home/manu320/.config/Qtile-config/dotfiles' is in submodule 'Qtile-config'\n","exitCode":128,"gitErrorCode":"IsInSubmodule"}
[2022-08-10 23:46:19.204] [exthost] [error] {"message":"Git error","stdout":"","stderr":"fatal: Pathspec '/home/manu320/.config/Qtile-config/dotfiles' is in submodule 'Qtile-config'\n","exitCode":128,"gitErrorCode":"IsInSubmodule"}
[2022-08-10 23:46:20.528] [exthost] [error] {"message":"Git error","stdout":"","stderr":"fatal: Pathspec '/home/manu320/.config/Qtile-config/dotfiles/zathura' is in submodule 'Qtile-config'\n","exitCode":128,"gitErrorCode":"IsInSubmodule"}
[2022-08-10 23:46:20.528] [exthost] [error] {"message":"Git error","stdout":"","stderr":"fatal: Pathspec '/home/manu320/.config/Qtile-config/dotfiles/zathura' is in submodule 'Qtile-config'\n","exitCode":128,"gitErrorCode":"IsInSubmodule"}
[2022-08-10 23:46:20.528] [exthost] [error] {"message":"Git error","stdout":"","stderr":"fatal: Pathspec '/home/manu320/.config/Qtile-config/dotfiles/zathura' is in submodule 'Qtile-config'\n","exitCode":128,"gitErrorCode":"IsInSubmodule"}
[2022-08-10 23:46:20.528] [exthost] [error] {"message":"Git error","stdout":"","stderr":"fatal: Pathspec '/home/manu320/.config/Qtile-config/dotfiles/zathura' is in submodule 'Qtile-config'\n","exitCode":128,"gitErrorCode":"IsInSubmodule"}
[2022-08-10 23:46:20.528] [exthost] [error] {"message":"Git error","stdout":"","stderr":"fatal: Pathspec '/home/manu320/.config/Qtile-config/dotfiles/zathura' is in submodule 'Qtile-config'\n","exitCode":128,"gitErrorCode":"IsInSubmodule"}
[2022-08-10 23:46:35.126] [exthost] [error] {"message":"Git error","stdout":"","stderr":"fatal: Pathspec '/home/manu320/.config/Qtile-config/dotfiles/zathura/catppuccin' is in submodule 'Qtile-config'\n","exitCode":128,"gitErrorCode":"IsInSubmodule"}
[2022-08-10 23:46:35.126] [exthost] [error] {"message":"Git error","stdout":"","stderr":"fatal: Pathspec '/home/manu320/.config/Qtile-config/dotfiles/zathura/catppuccin' is in submodule 'Qtile-config'\n","exitCode":128,"gitErrorCode":"IsInSubmodule"}
[2022-08-10 23:46:53.716] [exthost] [error] {"message":"Git error","stdout":"","stderr":"fatal: Pathspec '/home/manu320/.config/Qtile-config/qtile/__pycache__' is in submodule 'Qtile-config'\n","exitCode":128,"gitErrorCode":"IsInSubmodule"}
[2022-08-10 23:46:53.716] [exthost] [error] {"message":"Git error","stdout":"","stderr":"fatal: Pathspec '/home/manu320/.config/Qtile-config/qtile/__pycache__' is in submodule 'Qtile-config'\n","exitCode":128,"gitErrorCode":"IsInSubmodule"}
[2022-08-10 23:46:53.716] [exthost] [error] {"message":"Git error","stdout":"","stderr":"fatal: Pathspec '/home/manu320/.config/Qtile-config/qtile/__pycache__' is in submodule 'Qtile-config'\n","exitCode":128,"gitErrorCode":"IsInSubmodule"}
[2022-08-10 23:46:53.716] [exthost] [error] {"message":"Git error","stdout":"","stderr":"fatal: Pathspec '/home/manu320/.config/Qtile-config/qtile/__pycache__' is in submodule 'Qtile-config'\n","exitCode":128,"gitErrorCode":"IsInSubmodule"}
[2022-08-10 23:46:53.716] [exthost] [error] {"message":"Git error","stdout":"","stderr":"fatal: Pathspec '/home/manu320/.config/Qtile-config/qtile/__pycache__' is in submodule 'Qtile-config'\n","exitCode":128,"gitErrorCode":"IsInSubmodule"}
[2022-08-10 23:46:53.716] [exthost] [error] {"message":"Git error","stdout":"","stderr":"fatal: Pathspec '/home/manu320/.config/Qtile-config/qtile/__pycache__' is in submodule 'Qtile-config'\n","exitCode":128,"gitErrorCode":"IsInSubmodule"}
[2022-08-10 23:46:54.868] [exthost] [error] {"message":"Git error","stdout":"","stderr":"fatal: Pathspec '/home/manu320/.config/Qtile-config/qtile/__pycache__/config.cpython-310.pyc' is in submodule 'Qtile-config'\n","exitCode":128,"gitErrorCode":"IsInSubmodule"}
[2022-08-10 23:47:08.495] [exthost] [error] {"message":"Git error","stdout":"","stderr":"fatal: Pathspec '/home/manu320/.config/Qtile-config/qtile/scripts/check_battery.sh' is in submodule 'Qtile-config'\n","exitCode":128,"gitErrorCode":"IsInSubmodule"}
[2022-08-10 23:47:08.495] [exthost] [error] {"message":"Git error","stdout":"","stderr":"fatal: Pathspec '/home/manu320/.config/Qtile-config/qtile/scripts/check_battery.sh' is in submodule 'Qtile-config'\n","exitCode":128,"gitErrorCode":"IsInSubmodule"}
[2022-08-10 23:47:32.004] [exthost] [error] {"message":"Git error","stdout":"","stderr":"fatal: Pathspec '/home/manu320/.config/Qtile-config/qtile/modules/__pycache__' is in submodule 'Qtile-config'\n","exitCode":128,"gitErrorCode":"IsInSubmodule"}
[2022-08-10 23:47:32.004] [exthost] [error] {"message":"Git error","stdout":"","stderr":"fatal: Pathspec '/home/manu320/.config/Qtile-config/qtile/modules/__pycache__' is in submodule 'Qtile-config'\n","exitCode":128,"gitErrorCode":"IsInSubmodule"}
[2022-08-10 23:47:32.004] [exthost] [error] {"message":"Git error","stdout":"","stderr":"fatal: Pathspec '/home/manu320/.config/Qtile-config/qtile/modules/__pycache__' is in submodule 'Qtile-config'\n","exitCode":128,"gitErrorCode":"IsInSubmodule"}
[2022-08-10 23:47:32.004] [exthost] [error] {"message":"Git error","stdout":"","stderr":"fatal: Pathspec '/home/manu320/.config/Qtile-config/qtile/modules/__pycache__' is in submodule 'Qtile-config'\n","exitCode":128,"gitErrorCode":"IsInSubmodule"}
[2022-08-10 23:47:32.004] [exthost] [error] {"message":"Git error","stdout":"","stderr":"fatal: Pathspec '/home/manu320/.config/Qtile-config/qtile/modules/__pycache__' is in submodule 'Qtile-config'\n","exitCode":128,"gitErrorCode":"IsInSubmodule"}
[2022-08-10 23:47:32.004] [exthost] [error] {"message":"Git error","stdout":"","stderr":"fatal: Pathspec '/home/manu320/.config/Qtile-config/qtile/modules/__pycache__' is in submodule 'Qtile-config'\n","exitCode":128,"gitErrorCode":"IsInSubmodule"}
[2022-08-10 23:47:32.004] [exthost] [error] {"message":"Git error","stdout":"","stderr":"fatal: Pathspec '/home/manu320/.config/Qtile-config/qtile/modules/__pycache__' is in submodule 'Qtile-config'\n","exitCode":128,"gitErrorCode":"IsInSubmodule"}
[2022-08-10 23:47:32.004] [exthost] [error] {"message":"Git error","stdout":"","stderr":"fatal: Pathspec '/home/manu320/.config/Qtile-config/qtile/modules/__pycache__' is in submodule 'Qtile-config'\n","exitCode":128,"gitErrorCode":"IsInSubmodule"}
[2022-08-10 23:47:48.694] [exthost] [error] [ms-python.python] provider FAILED
[2022-08-10 23:47:48.696] [exthost] [error] Error: AttributeError: 'HoverDisable' object has no attribute 'namespace_'
    at /home/manu320/.vscode-oss/extensions/ms-python.python-2022.12.0/out/client/extension.js:2:2147823
    at /home/manu320/.vscode-oss/extensions/ms-python.python-2022.12.0/out/client/extension.js:2:2148117
    at Immediate.<anonymous> (/home/manu320/.vscode-oss/extensions/ms-python.python-2022.12.0/out/client/extension.js:2:2148479)
    at processImmediate (node:internal/timers:464:21)
[2022-08-10 23:47:59.022] [exthost] [info] ExtensionService#_doActivateExtension vscode.image-preview, startup: false, activationEvent: 'onCustomEditor:imagePreview.previewEditor'
[2022-08-11 00:00:28.499] [exthost] [error] [ms-python.python] provider FAILED
[2022-08-11 00:00:28.499] [exthost] [error] Error: ValueError: `column` parameter (1) is not in a valid range (0-0) for line 152 ('\n').
    at /home/manu320/.vscode-oss/extensions/ms-python.python-2022.12.0/out/client/extension.js:2:2147823
    at /home/manu320/.vscode-oss/extensions/ms-python.python-2022.12.0/out/client/extension.js:2:2148117
    at Immediate.<anonymous> (/home/manu320/.vscode-oss/extensions/ms-python.python-2022.12.0/out/client/extension.js:2:2148479)
    at processImmediate (node:internal/timers:464:21)
[2022-08-11 00:03:02.549] [exthost] [error] {"message":"Git error","stdout":"","stderr":"fatal: Pathspec '/home/manu320/.config/Qtile-config/qtile/modules/__pycache__/groups.cpython-310.pyc' is in submodule 'Qtile-config'\n","exitCode":128,"gitErrorCode":"IsInSubmodule"}
[2022-08-11 00:03:02.549] [exthost] [error] {"message":"Git error","stdout":"","stderr":"fatal: Pathspec '/home/manu320/.config/Qtile-config/qtile/modules/__pycache__/groups.cpython-310.pyc' is in submodule 'Qtile-config'\n","exitCode":128,"gitErrorCode":"IsInSubmodule"}
[2022-08-11 00:03:02.549] [exthost] [error] {"message":"Git error","stdout":"","stderr":"fatal: Pathspec '/home/manu320/.config/Qtile-config/qtile/modules/__pycache__/groups.cpython-310.pyc' is in submodule 'Qtile-config'\n","exitCode":128,"gitErrorCode":"IsInSubmodule"}
[2022-08-11 00:03:02.549] [exthost] [error] {"message":"Git error","stdout":"","stderr":"fatal: Pathspec '/home/manu320/.config/Qtile-config/qtile/modules/__pycache__/groups.cpython-310.pyc' is in submodule 'Qtile-config'\n","exitCode":128,"gitErrorCode":"IsInSubmodule"}
[2022-08-11 00:03:02.549] [exthost] [error] {"message":"Git error","stdout":"","stderr":"fatal: Pathspec '/home/manu320/.config/Qtile-config/qtile/modules/__pycache__/groups.cpython-310.pyc' is in submodule 'Qtile-config'\n","exitCode":128,"gitErrorCode":"IsInSubmodule"}
[2022-08-11 00:03:02.549] [exthost] [error] {"message":"Git error","stdout":"","stderr":"fatal: Pathspec '/home/manu320/.config/Qtile-config/qtile/modules/__pycache__/groups.cpython-310.pyc' is in submodule 'Qtile-config'\n","exitCode":128,"gitErrorCode":"IsInSubmodule"}
[2022-08-11 00:03:02.549] [exthost] [error] {"message":"Git error","stdout":"","stderr":"fatal: Pathspec '/home/manu320/.config/Qtile-config/qtile/modules/__pycache__/groups.cpython-310.pyc' is in submodule 'Qtile-config'\n","exitCode":128,"gitErrorCode":"IsInSubmodule"}
[2022-08-11 00:04:26.051] [exthost] [error] {"message":"Git error","stdout":"","stderr":"fatal: Pathspec '/home/manu320/.config/Qtile-config/qtile/modules/__pycache__/groups.py' is in submodule 'Qtile-config'\n","exitCode":128,"gitErrorCode":"IsInSubmodule"}
[2022-08-11 00:04:26.361] [exthost] [error] [ms-python.python] provider FAILED
[2022-08-11 00:04:26.362] [exthost] [error] Error: ValueError: `column` parameter (1) is not in a valid range (0-0) for line 38 ('').
    at /home/manu320/.vscode-oss/extensions/ms-python.python-2022.12.0/out/client/extension.js:2:2147823
    at /home/manu320/.vscode-oss/extensions/ms-python.python-2022.12.0/out/client/extension.js:2:2148117
    at Immediate.<anonymous> (/home/manu320/.vscode-oss/extensions/ms-python.python-2022.12.0/out/client/extension.js:2:2148479)
    at processImmediate (node:internal/timers:464:21)
[2022-08-11 00:10:14.678] [exthost] [info] ExtensionService#_doActivateExtension vscode.configuration-editing, startup: false, activationEvent: 'onLanguage:jsonc'
[2022-08-11 00:10:14.680] [exthost] [info] ExtensionService#_doActivateExtension vscode.json-language-features, startup: false, activationEvent: 'onLanguage:jsonc'
[2022-08-11 00:10:14.703] [exthost] [info] ExtensionService#_doActivateExtension vscode.typescript-language-features, startup: false, activationEvent: 'onLanguage:jsonc'
[2022-08-11 00:11:40.492] [exthost] [error] [ms-python.python] provider FAILED
[2022-08-11 00:11:40.493] [exthost] [error] Error: ValueError: `column` parameter (1) is not in a valid range (0-0) for line 3 ('\n').
    at /home/manu320/.vscode-oss/extensions/ms-python.python-2022.12.0/out/client/extension.js:2:2147823
    at /home/manu320/.vscode-oss/extensions/ms-python.python-2022.12.0/out/client/extension.js:2:2148117
    at Immediate.<anonymous> (/home/manu320/.vscode-oss/extensions/ms-python.python-2022.12.0/out/client/extension.js:2:2148479)
    at processImmediate (node:internal/timers:464:21)
[2022-08-11 00:11:41.537] [exthost] [error] [ms-python.python] provider FAILED
[2022-08-11 00:11:41.537] [exthost] [error] Error: ValueError: `column` parameter (1) is not in a valid range (0-0) for line 15 ('\n').
    at /home/manu320/.vscode-oss/extensions/ms-python.python-2022.12.0/out/client/extension.js:2:2147823
    at /home/manu320/.vscode-oss/extensions/ms-python.python-2022.12.0/out/client/extension.js:2:2148117
    at Immediate.<anonymous> (/home/manu320/.vscode-oss/extensions/ms-python.python-2022.12.0/out/client/extension.js:2:2148479)
    at processImmediate (node:internal/timers:464:21)
