[2022-08-10 23:27:22.173] [exthost] [info] Extension host with pid 33627 started
[2022-08-10 23:27:22.173] [exthost] [info] Skipping acquiring lock for /home/manu320/.config/Code - OSS/User/workspaceStorage/6a7bad11e60a69ed78162b22e93f74f1.
[2022-08-10 23:27:22.263] [exthost] [info] ExtensionService#_doActivateExtension vscode.configuration-editing, startup: false, activationEvent: 'onLanguage:jsonc'
[2022-08-10 23:27:22.268] [exthost] [info] ExtensionService#_doActivateExtension vscode.json-language-features, startup: false, activationEvent: 'onLanguage:jsonc'
[2022-08-10 23:27:22.291] [exthost] [info] ExtensionService#_doActivateExtension vscode.typescript-language-features, startup: false, activationEvent: 'onLanguage:jsonc'
[2022-08-10 23:27:22.302] [exthost] [info] ExtensionService#_doActivateExtension vscode.debug-auto-launch, startup: true, activationEvent: '*'
[2022-08-10 23:27:22.304] [exthost] [info] ExtensionService#_doActivateExtension vscode.git-base, startup: true, activationEvent: '*', root cause: vscode.git
[2022-08-10 23:27:22.307] [exthost] [info] ExtensionService#_doActivateExtension vscode.ipynb, startup: true, activationEvent: '*'
[2022-08-10 23:27:22.311] [exthost] [info] ExtensionService#_doActivateExtension ecmel.vscode-html-css, startup: true, activationEvent: '*'
[2022-08-10 23:27:22.343] [exthost] [info] ExtensionService#_doActivateExtension formulahendry.auto-close-tag, startup: true, activationEvent: '*'
[2022-08-10 23:27:22.345] [exthost] [info] ExtensionService#_doActivateExtension formulahendry.auto-rename-tag, startup: true, activationEvent: '*'
[2022-08-10 23:27:22.355] [exthost] [info] ExtensionService#_doActivateExtension Zignd.html-css-class-completion, startup: true, activationEvent: '*'
[2022-08-10 23:27:22.525] [exthost] [info] ExtensionService#_doActivateExtension vscode.git, startup: true, activationEvent: '*'
[2022-08-10 23:27:22.552] [exthost] [info] ExtensionService#_doActivateExtension vscode.github, startup: true, activationEvent: '*'
[2022-08-10 23:27:22.735] [exthost] [warning] [Decorations] CAPPING events from decorations provider vscode.git 1269
[2022-08-10 23:27:23.243] [exthost] [info] Eager extensions activated
[2022-08-10 23:27:23.267] [exthost] [error] {"message":"Git error","stdout":"","stderr":"fatal: Pathspec '/home/manu320/.config/Qtile-config/dotfiles/zathura/catppuccin' is in submodule 'Qtile-config'\n","exitCode":128,"gitErrorCode":"IsInSubmodule"}
[2022-08-10 23:27:23.267] [exthost] [error] {"message":"Git error","stdout":"","stderr":"fatal: Pathspec '/home/manu320/.config/Qtile-config/dotfiles/zathura/catppuccin' is in submodule 'Qtile-config'\n","exitCode":128,"gitErrorCode":"IsInSubmodule"}
[2022-08-10 23:27:23.267] [exthost] [error] {"message":"Git error","stdout":"","stderr":"fatal: Pathspec '/home/manu320/.config/Qtile-config/dotfiles/zathura/catppuccin' is in submodule 'Qtile-config'\n","exitCode":128,"gitErrorCode":"IsInSubmodule"}
[2022-08-10 23:27:23.267] [exthost] [error] {"message":"Git error","stdout":"","stderr":"fatal: Pathspec '/home/manu320/.config/Qtile-config/dotfiles/zathura/catppuccin' is in submodule 'Qtile-config'\n","exitCode":128,"gitErrorCode":"IsInSubmodule"}
[2022-08-10 23:27:23.267] [exthost] [error] {"message":"Git error","stdout":"","stderr":"fatal: Pathspec '/home/manu320/.config/Qtile-config/dotfiles/zathura/catppuccin' is in submodule 'Qtile-config'\n","exitCode":128,"gitErrorCode":"IsInSubmodule"}
[2022-08-10 23:27:23.267] [exthost] [error] {"message":"Git error","stdout":"","stderr":"fatal: Pathspec '/home/manu320/.config/Qtile-config/dotfiles/zathura/catppuccin' is in submodule 'Qtile-config'\n","exitCode":128,"gitErrorCode":"IsInSubmodule"}
[2022-08-10 23:27:23.267] [exthost] [error] {"message":"Git error","stdout":"","stderr":"fatal: Pathspec '/home/manu320/.config/Qtile-config/dotfiles/zathura/catppuccin' is in submodule 'Qtile-config'\n","exitCode":128,"gitErrorCode":"IsInSubmodule"}
[2022-08-10 23:27:23.267] [exthost] [error] {"message":"Git error","stdout":"","stderr":"fatal: Pathspec '/home/manu320/.config/Qtile-config/dotfiles/zathura/catppuccin' is in submodule 'Qtile-config'\n","exitCode":128,"gitErrorCode":"IsInSubmodule"}
[2022-08-10 23:27:23.267] [exthost] [error] {"message":"Git error","stdout":"","stderr":"fatal: Pathspec '/home/manu320/.config/Qtile-config/dotfiles/zathura/catppuccin' is in submodule 'Qtile-config'\n","exitCode":128,"gitErrorCode":"IsInSubmodule"}
[2022-08-10 23:27:23.267] [exthost] [error] {"message":"Git error","stdout":"","stderr":"fatal: Pathspec '/home/manu320/.config/Qtile-config/dotfiles/zathura/catppuccin' is in submodule 'Qtile-config'\n","exitCode":128,"gitErrorCode":"IsInSubmodule"}
[2022-08-10 23:27:23.267] [exthost] [error] {"message":"Git error","stdout":"","stderr":"fatal: Pathspec '/home/manu320/.config/Qtile-config/dotfiles/zathura/catppuccin' is in submodule 'Qtile-config'\n","exitCode":128,"gitErrorCode":"IsInSubmodule"}
[2022-08-10 23:27:23.267] [exthost] [error] {"message":"Git error","stdout":"","stderr":"fatal: Pathspec '/home/manu320/.config/Qtile-config/dotfiles/zathura/catppuccin' is in submodule 'Qtile-config'\n","exitCode":128,"gitErrorCode":"IsInSubmodule"}
[2022-08-10 23:27:23.267] [exthost] [error] {"message":"Git error","stdout":"","stderr":"fatal: Pathspec '/home/manu320/.config/Qtile-config/dotfiles/zathura/catppuccin' is in submodule 'Qtile-config'\n","exitCode":128,"gitErrorCode":"IsInSubmodule"}
[2022-08-10 23:27:23.267] [exthost] [error] {"message":"Git error","stdout":"","stderr":"fatal: Pathspec '/home/manu320/.config/Qtile-config/dotfiles/zathura/catppuccin' is in submodule 'Qtile-config'\n","exitCode":128,"gitErrorCode":"IsInSubmodule"}
[2022-08-10 23:27:23.267] [exthost] [error] {"message":"Git error","stdout":"","stderr":"fatal: Pathspec '/home/manu320/.config/Qtile-config/dotfiles/zathura/catppuccin' is in submodule 'Qtile-config'\n","exitCode":128,"gitErrorCode":"IsInSubmodule"}
[2022-08-10 23:27:23.267] [exthost] [error] {"message":"Git error","stdout":"","stderr":"fatal: Pathspec '/home/manu320/.config/Qtile-config/dotfiles/zathura/catppuccin' is in submodule 'Qtile-config'\n","exitCode":128,"gitErrorCode":"IsInSubmodule"}
[2022-08-10 23:27:23.267] [exthost] [error] {"message":"Git error","stdout":"","stderr":"fatal: Pathspec '/home/manu320/.config/Qtile-config/dotfiles/zathura/catppuccin' is in submodule 'Qtile-config'\n","exitCode":128,"gitErrorCode":"IsInSubmodule"}
[2022-08-10 23:27:23.267] [exthost] [error] {"message":"Git error","stdout":"","stderr":"fatal: Pathspec '/home/manu320/.config/Qtile-config/dotfiles/zathura/catppuccin' is in submodule 'Qtile-config'\n","exitCode":128,"gitErrorCode":"IsInSubmodule"}
[2022-08-10 23:27:23.267] [exthost] [error] {"message":"Git error","stdout":"","stderr":"fatal: Pathspec '/home/manu320/.config/Qtile-config/dotfiles/zathura/catppuccin' is in submodule 'Qtile-config'\n","exitCode":128,"gitErrorCode":"IsInSubmodule"}
[2022-08-10 23:27:23.267] [exthost] [error] {"message":"Git error","stdout":"","stderr":"fatal: Pathspec '/home/manu320/.config/Qtile-config/dotfiles/zathura/catppuccin' is in submodule 'Qtile-config'\n","exitCode":128,"gitErrorCode":"IsInSubmodule"}
[2022-08-10 23:27:23.267] [exthost] [error] {"message":"Git error","stdout":"","stderr":"fatal: Pathspec '/home/manu320/.config/Qtile-config/dotfiles/zathura/catppuccin' is in submodule 'Qtile-config'\n","exitCode":128,"gitErrorCode":"IsInSubmodule"}
[2022-08-10 23:27:23.267] [exthost] [error] {"message":"Git error","stdout":"","stderr":"fatal: Pathspec '/home/manu320/.config/Qtile-config/dotfiles/zathura/catppuccin' is in submodule 'Qtile-config'\n","exitCode":128,"gitErrorCode":"IsInSubmodule"}
[2022-08-10 23:27:23.267] [exthost] [error] {"message":"Git error","stdout":"","stderr":"fatal: Pathspec '/home/manu320/.config/Qtile-config/dotfiles/zathura/catppuccin' is in submodule 'Qtile-config'\n","exitCode":128,"gitErrorCode":"IsInSubmodule"}
[2022-08-10 23:27:23.267] [exthost] [error] {"message":"Git error","stdout":"","stderr":"fatal: Pathspec '/home/manu320/.config/Qtile-config/dotfiles/zathura/catppuccin' is in submodule 'Qtile-config'\n","exitCode":128,"gitErrorCode":"IsInSubmodule"}
[2022-08-10 23:27:23.268] [exthost] [error] {"message":"Git error","stdout":"","stderr":"fatal: Pathspec '/home/manu320/.config/Qtile-config/dotfiles/zathura/catppuccin' is in submodule 'Qtile-config'\n","exitCode":128,"gitErrorCode":"IsInSubmodule"}
[2022-08-10 23:27:23.268] [exthost] [error] {"message":"Git error","stdout":"","stderr":"fatal: Pathspec '/home/manu320/.config/Qtile-config/dotfiles/zathura/catppuccin' is in submodule 'Qtile-config'\n","exitCode":128,"gitErrorCode":"IsInSubmodule"}
[2022-08-10 23:27:23.268] [exthost] [error] {"message":"Git error","stdout":"","stderr":"fatal: Pathspec '/home/manu320/.config/Qtile-config/dotfiles/zathura/catppuccin' is in submodule 'Qtile-config'\n","exitCode":128,"gitErrorCode":"IsInSubmodule"}
[2022-08-10 23:27:23.268] [exthost] [error] {"message":"Git error","stdout":"","stderr":"fatal: Pathspec '/home/manu320/.config/Qtile-config/dotfiles/zathura/catppuccin' is in submodule 'Qtile-config'\n","exitCode":128,"gitErrorCode":"IsInSubmodule"}
[2022-08-10 23:27:23.268] [exthost] [error] {"message":"Git error","stdout":"","stderr":"fatal: Pathspec '/home/manu320/.config/Qtile-config/dotfiles/zathura/catppuccin' is in submodule 'Qtile-config'\n","exitCode":128,"gitErrorCode":"IsInSubmodule"}
[2022-08-10 23:27:23.268] [exthost] [error] {"message":"Git error","stdout":"","stderr":"fatal: Pathspec '/home/manu320/.config/Qtile-config/dotfiles/zathura/catppuccin' is in submodule 'Qtile-config'\n","exitCode":128,"gitErrorCode":"IsInSubmodule"}
[2022-08-10 23:27:23.268] [exthost] [error] {"message":"Git error","stdout":"","stderr":"fatal: Pathspec '/home/manu320/.config/Qtile-config/dotfiles/zathura/catppuccin' is in submodule 'Qtile-config'\n","exitCode":128,"gitErrorCode":"IsInSubmodule"}
[2022-08-10 23:27:23.268] [exthost] [error] {"message":"Git error","stdout":"","stderr":"fatal: Pathspec '/home/manu320/.config/Qtile-config/dotfiles/zathura/catppuccin' is in submodule 'Qtile-config'\n","exitCode":128,"gitErrorCode":"IsInSubmodule"}
[2022-08-10 23:27:23.268] [exthost] [error] {"message":"Git error","stdout":"","stderr":"fatal: Pathspec '/home/manu320/.config/Qtile-config/dotfiles/zathura/catppuccin' is in submodule 'Qtile-config'\n","exitCode":128,"gitErrorCode":"IsInSubmodule"}
[2022-08-10 23:27:23.268] [exthost] [error] {"message":"Git error","stdout":"","stderr":"fatal: Pathspec '/home/manu320/.config/Qtile-config/dotfiles/zathura/catppuccin' is in submodule 'Qtile-config'\n","exitCode":128,"gitErrorCode":"IsInSubmodule"}
[2022-08-10 23:27:23.268] [exthost] [error] {"message":"Git error","stdout":"","stderr":"fatal: Pathspec '/home/manu320/.config/Qtile-config/dotfiles/zathura/catppuccin' is in submodule 'Qtile-config'\n","exitCode":128,"gitErrorCode":"IsInSubmodule"}
[2022-08-10 23:27:23.268] [exthost] [error] {"message":"Git error","stdout":"","stderr":"fatal: Pathspec '/home/manu320/.config/Qtile-config/dotfiles/zathura/catppuccin' is in submodule 'Qtile-config'\n","exitCode":128,"gitErrorCode":"IsInSubmodule"}
[2022-08-10 23:27:23.268] [exthost] [error] {"message":"Git error","stdout":"","stderr":"fatal: Pathspec '/home/manu320/.config/Qtile-config/dotfiles/zathura/catppuccin' is in submodule 'Qtile-config'\n","exitCode":128,"gitErrorCode":"IsInSubmodule"}
[2022-08-10 23:27:23.268] [exthost] [error] {"message":"Git error","stdout":"","stderr":"fatal: Pathspec '/home/manu320/.config/Qtile-config/dotfiles/zathura/catppuccin' is in submodule 'Qtile-config'\n","exitCode":128,"gitErrorCode":"IsInSubmodule"}
[2022-08-10 23:27:23.268] [exthost] [error] {"message":"Git error","stdout":"","stderr":"fatal: Pathspec '/home/manu320/.config/Qtile-config/dotfiles/zathura/catppuccin' is in submodule 'Qtile-config'\n","exitCode":128,"gitErrorCode":"IsInSubmodule"}
[2022-08-10 23:27:23.268] [exthost] [error] {"message":"Git error","stdout":"","stderr":"fatal: Pathspec '/home/manu320/.config/Qtile-config/dotfiles/zathura/catppuccin' is in submodule 'Qtile-config'\n","exitCode":128,"gitErrorCode":"IsInSubmodule"}
[2022-08-10 23:27:23.268] [exthost] [error] {"message":"Git error","stdout":"","stderr":"fatal: Pathspec '/home/manu320/.config/Qtile-config/dotfiles/zathura/catppuccin' is in submodule 'Qtile-config'\n","exitCode":128,"gitErrorCode":"IsInSubmodule"}
[2022-08-10 23:27:23.268] [exthost] [error] {"message":"Git error","stdout":"","stderr":"fatal: Pathspec '/home/manu320/.config/Qtile-config/dotfiles/zathura/catppuccin' is in submodule 'Qtile-config'\n","exitCode":128,"gitErrorCode":"IsInSubmodule"}
[2022-08-10 23:27:23.268] [exthost] [error] {"message":"Git error","stdout":"","stderr":"fatal: Pathspec '/home/manu320/.config/Qtile-config/dotfiles/zathura/catppuccin' is in submodule 'Qtile-config'\n","exitCode":128,"gitErrorCode":"IsInSubmodule"}
[2022-08-10 23:27:23.268] [exthost] [error] {"message":"Git error","stdout":"","stderr":"fatal: Pathspec '/home/manu320/.config/Qtile-config/dotfiles/zathura/catppuccin' is in submodule 'Qtile-config'\n","exitCode":128,"gitErrorCode":"IsInSubmodule"}
[2022-08-10 23:27:23.268] [exthost] [error] {"message":"Git error","stdout":"","stderr":"fatal: Pathspec '/home/manu320/.config/Qtile-config/dotfiles/zathura/catppuccin' is in submodule 'Qtile-config'\n","exitCode":128,"gitErrorCode":"IsInSubmodule"}
[2022-08-10 23:27:23.268] [exthost] [error] {"message":"Git error","stdout":"","stderr":"fatal: Pathspec '/home/manu320/.config/Qtile-config/dotfiles/zathura/catppuccin' is in submodule 'Qtile-config'\n","exitCode":128,"gitErrorCode":"IsInSubmodule"}
[2022-08-10 23:27:23.268] [exthost] [error] {"message":"Git error","stdout":"","stderr":"fatal: Pathspec '/home/manu320/.config/Qtile-config/dotfiles/zathura/catppuccin' is in submodule 'Qtile-config'\n","exitCode":128,"gitErrorCode":"IsInSubmodule"}
[2022-08-10 23:27:23.268] [exthost] [error] {"message":"Git error","stdout":"","stderr":"fatal: Pathspec '/home/manu320/.config/Qtile-config/dotfiles/zathura/catppuccin' is in submodule 'Qtile-config'\n","exitCode":128,"gitErrorCode":"IsInSubmodule"}
[2022-08-10 23:27:23.268] [exthost] [error] {"message":"Git error","stdout":"","stderr":"fatal: Pathspec '/home/manu320/.config/Qtile-config/dotfiles/zathura/catppuccin' is in submodule 'Qtile-config'\n","exitCode":128,"gitErrorCode":"IsInSubmodule"}
[2022-08-10 23:27:23.268] [exthost] [error] {"message":"Git error","stdout":"","stderr":"fatal: Pathspec '/home/manu320/.config/Qtile-config/dotfiles/zathura/catppuccin' is in submodule 'Qtile-config'\n","exitCode":128,"gitErrorCode":"IsInSubmodule"}
[2022-08-10 23:27:23.268] [exthost] [error] {"message":"Git error","stdout":"","stderr":"fatal: Pathspec '/home/manu320/.config/Qtile-config/dotfiles/zathura/catppuccin' is in submodule 'Qtile-config'\n","exitCode":128,"gitErrorCode":"IsInSubmodule"}
[2022-08-10 23:27:23.268] [exthost] [error] {"message":"Git error","stdout":"","stderr":"fatal: Pathspec '/home/manu320/.config/Qtile-config/dotfiles/zathura/catppuccin' is in submodule 'Qtile-config'\n","exitCode":128,"gitErrorCode":"IsInSubmodule"}
[2022-08-10 23:27:23.268] [exthost] [error] {"message":"Git error","stdout":"","stderr":"fatal: Pathspec '/home/manu320/.config/Qtile-config/dotfiles/zathura/catppuccin' is in submodule 'Qtile-config'\n","exitCode":128,"gitErrorCode":"IsInSubmodule"}
[2022-08-10 23:27:23.268] [exthost] [error] {"message":"Git error","stdout":"","stderr":"fatal: Pathspec '/home/manu320/.config/Qtile-config/dotfiles/zathura/catppuccin' is in submodule 'Qtile-config'\n","exitCode":128,"gitErrorCode":"IsInSubmodule"}
[2022-08-10 23:27:23.268] [exthost] [error] {"message":"Git error","stdout":"","stderr":"fatal: Pathspec '/home/manu320/.config/Qtile-config/dotfiles/zathura/catppuccin' is in submodule 'Qtile-config'\n","exitCode":128,"gitErrorCode":"IsInSubmodule"}
[2022-08-10 23:27:23.268] [exthost] [error] {"message":"Git error","stdout":"","stderr":"fatal: Pathspec '/home/manu320/.config/Qtile-config/dotfiles/zathura/catppuccin' is in submodule 'Qtile-config'\n","exitCode":128,"gitErrorCode":"IsInSubmodule"}
[2022-08-10 23:27:23.268] [exthost] [error] {"message":"Git error","stdout":"","stderr":"fatal: Pathspec '/home/manu320/.config/Qtile-config/dotfiles/zathura/catppuccin' is in submodule 'Qtile-config'\n","exitCode":128,"gitErrorCode":"IsInSubmodule"}
[2022-08-10 23:27:23.268] [exthost] [error] {"message":"Git error","stdout":"","stderr":"fatal: Pathspec '/home/manu320/.config/Qtile-config/dotfiles/zathura/catppuccin' is in submodule 'Qtile-config'\n","exitCode":128,"gitErrorCode":"IsInSubmodule"}
[2022-08-10 23:27:23.268] [exthost] [error] {"message":"Git error","stdout":"","stderr":"fatal: Pathspec '/home/manu320/.config/Qtile-config/dotfiles/zathura/catppuccin' is in submodule 'Qtile-config'\n","exitCode":128,"gitErrorCode":"IsInSubmodule"}
[2022-08-10 23:27:23.268] [exthost] [error] {"message":"Git error","stdout":"","stderr":"fatal: Pathspec '/home/manu320/.config/Qtile-config/dotfiles/zathura/catppuccin' is in submodule 'Qtile-config'\n","exitCode":128,"gitErrorCode":"IsInSubmodule"}
[2022-08-10 23:27:23.268] [exthost] [error] {"message":"Git error","stdout":"","stderr":"fatal: Pathspec '/home/manu320/.config/Qtile-config/dotfiles/zathura/catppuccin' is in submodule 'Qtile-config'\n","exitCode":128,"gitErrorCode":"IsInSubmodule"}
[2022-08-10 23:27:23.268] [exthost] [error] {"message":"Git error","stdout":"","stderr":"fatal: Pathspec '/home/manu320/.config/Qtile-config/dotfiles/zathura/catppuccin' is in submodule 'Qtile-config'\n","exitCode":128,"gitErrorCode":"IsInSubmodule"}
[2022-08-10 23:27:23.268] [exthost] [error] {"message":"Git error","stdout":"","stderr":"fatal: Pathspec '/home/manu320/.config/Qtile-config/dotfiles/zathura/catppuccin' is in submodule 'Qtile-config'\n","exitCode":128,"gitErrorCode":"IsInSubmodule"}
[2022-08-10 23:27:23.268] [exthost] [error] {"message":"Git error","stdout":"","stderr":"fatal: Pathspec '/home/manu320/.config/Qtile-config/dotfiles/zathura/catppuccin' is in submodule 'Qtile-config'\n","exitCode":128,"gitErrorCode":"IsInSubmodule"}
[2022-08-10 23:27:23.268] [exthost] [error] {"message":"Git error","stdout":"","stderr":"fatal: Pathspec '/home/manu320/.config/Qtile-config/dotfiles/zathura/catppuccin' is in submodule 'Qtile-config'\n","exitCode":128,"gitErrorCode":"IsInSubmodule"}
[2022-08-10 23:27:23.268] [exthost] [error] {"message":"Git error","stdout":"","stderr":"fatal: Pathspec '/home/manu320/.config/Qtile-config/dotfiles/zathura/catppuccin' is in submodule 'Qtile-config'\n","exitCode":128,"gitErrorCode":"IsInSubmodule"}
[2022-08-10 23:27:23.268] [exthost] [error] {"message":"Git error","stdout":"","stderr":"fatal: Pathspec '/home/manu320/.config/Qtile-config/dotfiles/zathura/catppuccin' is in submodule 'Qtile-config'\n","exitCode":128,"gitErrorCode":"IsInSubmodule"}
[2022-08-10 23:27:23.268] [exthost] [error] {"message":"Git error","stdout":"","stderr":"fatal: Pathspec '/home/manu320/.config/Qtile-config/dotfiles/zathura/catppuccin' is in submodule 'Qtile-config'\n","exitCode":128,"gitErrorCode":"IsInSubmodule"}
[2022-08-10 23:27:23.268] [exthost] [error] {"message":"Git error","stdout":"","stderr":"fatal: Pathspec '/home/manu320/.config/Qtile-config/dotfiles/zathura/catppuccin' is in submodule 'Qtile-config'\n","exitCode":128,"gitErrorCode":"IsInSubmodule"}
[2022-08-10 23:27:23.268] [exthost] [error] {"message":"Git error","stdout":"","stderr":"fatal: Pathspec '/home/manu320/.config/Qtile-config/dotfiles/zathura/catppuccin' is in submodule 'Qtile-config'\n","exitCode":128,"gitErrorCode":"IsInSubmodule"}
[2022-08-10 23:27:23.268] [exthost] [error] {"message":"Git error","stdout":"","stderr":"fatal: Pathspec '/home/manu320/.config/Qtile-config/dotfiles/zathura/catppuccin' is in submodule 'Qtile-config'\n","exitCode":128,"gitErrorCode":"IsInSubmodule"}
[2022-08-10 23:27:23.268] [exthost] [error] {"message":"Git error","stdout":"","stderr":"fatal: Pathspec '/home/manu320/.config/Qtile-config/dotfiles/zathura/catppuccin' is in submodule 'Qtile-config'\n","exitCode":128,"gitErrorCode":"IsInSubmodule"}
[2022-08-10 23:27:23.268] [exthost] [error] {"message":"Git error","stdout":"","stderr":"fatal: Pathspec '/home/manu320/.config/Qtile-config/dotfiles/zathura/catppuccin' is in submodule 'Qtile-config'\n","exitCode":128,"gitErrorCode":"IsInSubmodule"}
[2022-08-10 23:27:23.268] [exthost] [error] {"message":"Git error","stdout":"","stderr":"fatal: Pathspec '/home/manu320/.config/Qtile-config/dotfiles/zathura/catppuccin' is in submodule 'Qtile-config'\n","exitCode":128,"gitErrorCode":"IsInSubmodule"}
[2022-08-10 23:27:23.334] [exthost] [warning] [Decorations] CAPPING events from decorations provider vscode.git 1269
[2022-08-10 23:27:23.368] [exthost] [info] ExtensionService#_doActivateExtension vscode.emmet, startup: false, activationEvent: 'onStartupFinished'
[2022-08-10 23:27:23.378] [exthost] [info] ExtensionService#_doActivateExtension vscode.merge-conflict, startup: false, activationEvent: 'onStartupFinished'
[2022-08-10 23:27:23.379] [exthost] [info] ExtensionService#_doActivateExtension esbenp.prettier-vscode, startup: false, activationEvent: 'onStartupFinished'
[2022-08-10 23:27:23.412] [exthost] [info] ExtensionService#_doActivateExtension ritwickdey.LiveServer, startup: false, activationEvent: 'onStartupFinished'
[2022-08-10 23:27:25.831] [exthost] [warning] [Decorations] CAPPING events from decorations provider vscode.git 1270
[2022-08-10 23:27:30.891] [exthost] [warning] [Decorations] CAPPING events from decorations provider vscode.git 1270
[2022-08-10 23:27:35.985] [exthost] [warning] [Decorations] CAPPING events from decorations provider vscode.git 1270
[2022-08-10 23:27:41.073] [exthost] [warning] [Decorations] CAPPING events from decorations provider vscode.git 1270
[2022-08-10 23:27:46.205] [exthost] [warning] [Decorations] CAPPING events from decorations provider vscode.git 1271
[2022-08-10 23:27:47.443] [exthost] [info] Extension host terminating: received terminate message from renderer
[2022-08-10 23:27:47.457] [exthost] [info] Extension host with pid 33627 exiting with code 0
