[2022-08-10 23:13:21.281] [exthost] [info] Extension host with pid 21098 started
[2022-08-10 23:13:21.281] [exthost] [info] Skipping acquiring lock for /home/manu320/.config/Code - OSS/User/workspaceStorage/6a7bad11e60a69ed78162b22e93f74f1.
[2022-08-10 23:13:21.354] [exthost] [info] ExtensionService#_doActivateExtension vscode.configuration-editing, startup: false, activationEvent: 'onLanguage:jsonc'
[2022-08-10 23:13:21.359] [exthost] [info] ExtensionService#_doActivateExtension vscode.json-language-features, startup: false, activationEvent: 'onLanguage:jsonc'
[2022-08-10 23:13:21.388] [exthost] [info] ExtensionService#_doActivateExtension vscode.typescript-language-features, startup: false, activationEvent: 'onLanguage:jsonc'
[2022-08-10 23:13:21.402] [exthost] [info] ExtensionService#_doActivateExtension vscode.debug-auto-launch, startup: true, activationEvent: '*'
[2022-08-10 23:13:21.404] [exthost] [info] ExtensionService#_doActivateExtension vscode.git-base, startup: true, activationEvent: '*', root cause: vscode.git
[2022-08-10 23:13:21.408] [exthost] [info] ExtensionService#_doActivateExtension vscode.ipynb, startup: true, activationEvent: '*'
[2022-08-10 23:13:21.412] [exthost] [info] ExtensionService#_doActivateExtension ecmel.vscode-html-css, startup: true, activationEvent: '*'
[2022-08-10 23:13:21.443] [exthost] [info] ExtensionService#_doActivateExtension formulahendry.auto-close-tag, startup: true, activationEvent: '*'
[2022-08-10 23:13:21.445] [exthost] [info] ExtensionService#_doActivateExtension formulahendry.auto-rename-tag, startup: true, activationEvent: '*'
[2022-08-10 23:13:21.456] [exthost] [info] ExtensionService#_doActivateExtension Zignd.html-css-class-completion, startup: true, activationEvent: '*'
[2022-08-10 23:13:21.614] [exthost] [info] ExtensionService#_doActivateExtension vscode.git, startup: true, activationEvent: '*'
[2022-08-10 23:13:21.651] [exthost] [info] ExtensionService#_doActivateExtension vscode.github, startup: true, activationEvent: '*'
[2022-08-10 23:13:21.854] [exthost] [warning] [Decorations] CAPPING events from decorations provider vscode.git 1204
[2022-08-10 23:13:22.372] [exthost] [info] Eager extensions activated
[2022-08-10 23:13:22.398] [exthost] [error] {"message":"Git error","stdout":"","stderr":"fatal: Pathspec '/home/manu320/.config/Qtile-config/dotfiles' is in submodule 'Qtile-config'\n","exitCode":128,"gitErrorCode":"IsInSubmodule"}
[2022-08-10 23:13:22.398] [exthost] [error] {"message":"Git error","stdout":"","stderr":"fatal: Pathspec '/home/manu320/.config/Qtile-config/dotfiles' is in submodule 'Qtile-config'\n","exitCode":128,"gitErrorCode":"IsInSubmodule"}
[2022-08-10 23:13:22.398] [exthost] [error] {"message":"Git error","stdout":"","stderr":"fatal: Pathspec '/home/manu320/.config/Qtile-config/dotfiles' is in submodule 'Qtile-config'\n","exitCode":128,"gitErrorCode":"IsInSubmodule"}
[2022-08-10 23:13:22.398] [exthost] [error] {"message":"Git error","stdout":"","stderr":"fatal: Pathspec '/home/manu320/.config/Qtile-config/dotfiles' is in submodule 'Qtile-config'\n","exitCode":128,"gitErrorCode":"IsInSubmodule"}
[2022-08-10 23:13:22.398] [exthost] [error] {"message":"Git error","stdout":"","stderr":"fatal: Pathspec '/home/manu320/.config/Qtile-config/dotfiles' is in submodule 'Qtile-config'\n","exitCode":128,"gitErrorCode":"IsInSubmodule"}
[2022-08-10 23:13:22.398] [exthost] [error] {"message":"Git error","stdout":"","stderr":"fatal: Pathspec '/home/manu320/.config/Qtile-config/dotfiles' is in submodule 'Qtile-config'\n","exitCode":128,"gitErrorCode":"IsInSubmodule"}
[2022-08-10 23:13:22.398] [exthost] [error] {"message":"Git error","stdout":"","stderr":"fatal: Pathspec '/home/manu320/.config/Qtile-config/dotfiles' is in submodule 'Qtile-config'\n","exitCode":128,"gitErrorCode":"IsInSubmodule"}
[2022-08-10 23:13:22.398] [exthost] [error] {"message":"Git error","stdout":"","stderr":"fatal: Pathspec '/home/manu320/.config/Qtile-config/dotfiles' is in submodule 'Qtile-config'\n","exitCode":128,"gitErrorCode":"IsInSubmodule"}
[2022-08-10 23:13:22.398] [exthost] [error] {"message":"Git error","stdout":"","stderr":"fatal: Pathspec '/home/manu320/.config/Qtile-config/dotfiles' is in submodule 'Qtile-config'\n","exitCode":128,"gitErrorCode":"IsInSubmodule"}
[2022-08-10 23:13:22.398] [exthost] [error] {"message":"Git error","stdout":"","stderr":"fatal: Pathspec '/home/manu320/.config/Qtile-config/dotfiles' is in submodule 'Qtile-config'\n","exitCode":128,"gitErrorCode":"IsInSubmodule"}
[2022-08-10 23:13:22.398] [exthost] [error] {"message":"Git error","stdout":"","stderr":"fatal: Pathspec '/home/manu320/.config/Qtile-config/dotfiles' is in submodule 'Qtile-config'\n","exitCode":128,"gitErrorCode":"IsInSubmodule"}
[2022-08-10 23:13:22.398] [exthost] [error] {"message":"Git error","stdout":"","stderr":"fatal: Pathspec '/home/manu320/.config/Qtile-config/dotfiles' is in submodule 'Qtile-config'\n","exitCode":128,"gitErrorCode":"IsInSubmodule"}
[2022-08-10 23:13:22.398] [exthost] [error] {"message":"Git error","stdout":"","stderr":"fatal: Pathspec '/home/manu320/.config/Qtile-config/dotfiles' is in submodule 'Qtile-config'\n","exitCode":128,"gitErrorCode":"IsInSubmodule"}
[2022-08-10 23:13:22.398] [exthost] [error] {"message":"Git error","stdout":"","stderr":"fatal: Pathspec '/home/manu320/.config/Qtile-config/dotfiles' is in submodule 'Qtile-config'\n","exitCode":128,"gitErrorCode":"IsInSubmodule"}
[2022-08-10 23:13:22.398] [exthost] [error] {"message":"Git error","stdout":"","stderr":"fatal: Pathspec '/home/manu320/.config/Qtile-config/dotfiles' is in submodule 'Qtile-config'\n","exitCode":128,"gitErrorCode":"IsInSubmodule"}
[2022-08-10 23:13:22.398] [exthost] [error] {"message":"Git error","stdout":"","stderr":"fatal: Pathspec '/home/manu320/.config/Qtile-config/dotfiles' is in submodule 'Qtile-config'\n","exitCode":128,"gitErrorCode":"IsInSubmodule"}
[2022-08-10 23:13:22.398] [exthost] [error] {"message":"Git error","stdout":"","stderr":"fatal: Pathspec '/home/manu320/.config/Qtile-config/dotfiles' is in submodule 'Qtile-config'\n","exitCode":128,"gitErrorCode":"IsInSubmodule"}
[2022-08-10 23:13:22.398] [exthost] [error] {"message":"Git error","stdout":"","stderr":"fatal: Pathspec '/home/manu320/.config/Qtile-config/dotfiles' is in submodule 'Qtile-config'\n","exitCode":128,"gitErrorCode":"IsInSubmodule"}
[2022-08-10 23:13:22.398] [exthost] [error] {"message":"Git error","stdout":"","stderr":"fatal: Pathspec '/home/manu320/.config/Qtile-config/dotfiles' is in submodule 'Qtile-config'\n","exitCode":128,"gitErrorCode":"IsInSubmodule"}
[2022-08-10 23:13:22.398] [exthost] [error] {"message":"Git error","stdout":"","stderr":"fatal: Pathspec '/home/manu320/.config/Qtile-config/dotfiles' is in submodule 'Qtile-config'\n","exitCode":128,"gitErrorCode":"IsInSubmodule"}
[2022-08-10 23:13:22.398] [exthost] [error] {"message":"Git error","stdout":"","stderr":"fatal: Pathspec '/home/manu320/.config/Qtile-config/dotfiles' is in submodule 'Qtile-config'\n","exitCode":128,"gitErrorCode":"IsInSubmodule"}
[2022-08-10 23:13:22.398] [exthost] [error] {"message":"Git error","stdout":"","stderr":"fatal: Pathspec '/home/manu320/.config/Qtile-config/dotfiles' is in submodule 'Qtile-config'\n","exitCode":128,"gitErrorCode":"IsInSubmodule"}
[2022-08-10 23:13:22.398] [exthost] [error] {"message":"Git error","stdout":"","stderr":"fatal: Pathspec '/home/manu320/.config/Qtile-config/dotfiles' is in submodule 'Qtile-config'\n","exitCode":128,"gitErrorCode":"IsInSubmodule"}
[2022-08-10 23:13:22.398] [exthost] [error] {"message":"Git error","stdout":"","stderr":"fatal: Pathspec '/home/manu320/.config/Qtile-config/dotfiles' is in submodule 'Qtile-config'\n","exitCode":128,"gitErrorCode":"IsInSubmodule"}
[2022-08-10 23:13:22.398] [exthost] [error] {"message":"Git error","stdout":"","stderr":"fatal: Pathspec '/home/manu320/.config/Qtile-config/dotfiles' is in submodule 'Qtile-config'\n","exitCode":128,"gitErrorCode":"IsInSubmodule"}
[2022-08-10 23:13:22.398] [exthost] [error] {"message":"Git error","stdout":"","stderr":"fatal: Pathspec '/home/manu320/.config/Qtile-config/dotfiles' is in submodule 'Qtile-config'\n","exitCode":128,"gitErrorCode":"IsInSubmodule"}
[2022-08-10 23:13:22.398] [exthost] [error] {"message":"Git error","stdout":"","stderr":"fatal: Pathspec '/home/manu320/.config/Qtile-config/dotfiles' is in submodule 'Qtile-config'\n","exitCode":128,"gitErrorCode":"IsInSubmodule"}
[2022-08-10 23:13:22.398] [exthost] [error] {"message":"Git error","stdout":"","stderr":"fatal: Pathspec '/home/manu320/.config/Qtile-config/dotfiles' is in submodule 'Qtile-config'\n","exitCode":128,"gitErrorCode":"IsInSubmodule"}
[2022-08-10 23:13:22.398] [exthost] [error] {"message":"Git error","stdout":"","stderr":"fatal: Pathspec '/home/manu320/.config/Qtile-config/dotfiles' is in submodule 'Qtile-config'\n","exitCode":128,"gitErrorCode":"IsInSubmodule"}
[2022-08-10 23:13:22.398] [exthost] [error] {"message":"Git error","stdout":"","stderr":"fatal: Pathspec '/home/manu320/.config/Qtile-config/dotfiles' is in submodule 'Qtile-config'\n","exitCode":128,"gitErrorCode":"IsInSubmodule"}
[2022-08-10 23:13:22.398] [exthost] [error] {"message":"Git error","stdout":"","stderr":"fatal: Pathspec '/home/manu320/.config/Qtile-config/dotfiles' is in submodule 'Qtile-config'\n","exitCode":128,"gitErrorCode":"IsInSubmodule"}
[2022-08-10 23:13:22.398] [exthost] [error] {"message":"Git error","stdout":"","stderr":"fatal: Pathspec '/home/manu320/.config/Qtile-config/dotfiles' is in submodule 'Qtile-config'\n","exitCode":128,"gitErrorCode":"IsInSubmodule"}
[2022-08-10 23:13:22.398] [exthost] [error] {"message":"Git error","stdout":"","stderr":"fatal: Pathspec '/home/manu320/.config/Qtile-config/dotfiles' is in submodule 'Qtile-config'\n","exitCode":128,"gitErrorCode":"IsInSubmodule"}
[2022-08-10 23:13:22.398] [exthost] [error] {"message":"Git error","stdout":"","stderr":"fatal: Pathspec '/home/manu320/.config/Qtile-config/dotfiles' is in submodule 'Qtile-config'\n","exitCode":128,"gitErrorCode":"IsInSubmodule"}
[2022-08-10 23:13:22.398] [exthost] [error] {"message":"Git error","stdout":"","stderr":"fatal: Pathspec '/home/manu320/.config/Qtile-config/dotfiles' is in submodule 'Qtile-config'\n","exitCode":128,"gitErrorCode":"IsInSubmodule"}
[2022-08-10 23:13:22.398] [exthost] [error] {"message":"Git error","stdout":"","stderr":"fatal: Pathspec '/home/manu320/.config/Qtile-config/dotfiles' is in submodule 'Qtile-config'\n","exitCode":128,"gitErrorCode":"IsInSubmodule"}
[2022-08-10 23:13:22.398] [exthost] [error] {"message":"Git error","stdout":"","stderr":"fatal: Pathspec '/home/manu320/.config/Qtile-config/dotfiles' is in submodule 'Qtile-config'\n","exitCode":128,"gitErrorCode":"IsInSubmodule"}
[2022-08-10 23:13:22.398] [exthost] [error] {"message":"Git error","stdout":"","stderr":"fatal: Pathspec '/home/manu320/.config/Qtile-config/dotfiles' is in submodule 'Qtile-config'\n","exitCode":128,"gitErrorCode":"IsInSubmodule"}
[2022-08-10 23:13:22.398] [exthost] [error] {"message":"Git error","stdout":"","stderr":"fatal: Pathspec '/home/manu320/.config/Qtile-config/dotfiles' is in submodule 'Qtile-config'\n","exitCode":128,"gitErrorCode":"IsInSubmodule"}
[2022-08-10 23:13:22.398] [exthost] [error] {"message":"Git error","stdout":"","stderr":"fatal: Pathspec '/home/manu320/.config/Qtile-config/dotfiles' is in submodule 'Qtile-config'\n","exitCode":128,"gitErrorCode":"IsInSubmodule"}
[2022-08-10 23:13:22.398] [exthost] [error] {"message":"Git error","stdout":"","stderr":"fatal: Pathspec '/home/manu320/.config/Qtile-config/dotfiles' is in submodule 'Qtile-config'\n","exitCode":128,"gitErrorCode":"IsInSubmodule"}
[2022-08-10 23:13:22.398] [exthost] [error] {"message":"Git error","stdout":"","stderr":"fatal: Pathspec '/home/manu320/.config/Qtile-config/dotfiles' is in submodule 'Qtile-config'\n","exitCode":128,"gitErrorCode":"IsInSubmodule"}
[2022-08-10 23:13:22.398] [exthost] [error] {"message":"Git error","stdout":"","stderr":"fatal: Pathspec '/home/manu320/.config/Qtile-config/dotfiles' is in submodule 'Qtile-config'\n","exitCode":128,"gitErrorCode":"IsInSubmodule"}
[2022-08-10 23:13:22.398] [exthost] [error] {"message":"Git error","stdout":"","stderr":"fatal: Pathspec '/home/manu320/.config/Qtile-config/dotfiles' is in submodule 'Qtile-config'\n","exitCode":128,"gitErrorCode":"IsInSubmodule"}
[2022-08-10 23:13:22.398] [exthost] [error] {"message":"Git error","stdout":"","stderr":"fatal: Pathspec '/home/manu320/.config/Qtile-config/dotfiles' is in submodule 'Qtile-config'\n","exitCode":128,"gitErrorCode":"IsInSubmodule"}
[2022-08-10 23:13:22.398] [exthost] [error] {"message":"Git error","stdout":"","stderr":"fatal: Pathspec '/home/manu320/.config/Qtile-config/dotfiles' is in submodule 'Qtile-config'\n","exitCode":128,"gitErrorCode":"IsInSubmodule"}
[2022-08-10 23:13:22.398] [exthost] [error] {"message":"Git error","stdout":"","stderr":"fatal: Pathspec '/home/manu320/.config/Qtile-config/dotfiles' is in submodule 'Qtile-config'\n","exitCode":128,"gitErrorCode":"IsInSubmodule"}
[2022-08-10 23:13:22.398] [exthost] [error] {"message":"Git error","stdout":"","stderr":"fatal: Pathspec '/home/manu320/.config/Qtile-config/dotfiles' is in submodule 'Qtile-config'\n","exitCode":128,"gitErrorCode":"IsInSubmodule"}
[2022-08-10 23:13:22.398] [exthost] [error] {"message":"Git error","stdout":"","stderr":"fatal: Pathspec '/home/manu320/.config/Qtile-config/dotfiles' is in submodule 'Qtile-config'\n","exitCode":128,"gitErrorCode":"IsInSubmodule"}
[2022-08-10 23:13:22.398] [exthost] [error] {"message":"Git error","stdout":"","stderr":"fatal: Pathspec '/home/manu320/.config/Qtile-config/dotfiles' is in submodule 'Qtile-config'\n","exitCode":128,"gitErrorCode":"IsInSubmodule"}
[2022-08-10 23:13:22.398] [exthost] [error] {"message":"Git error","stdout":"","stderr":"fatal: Pathspec '/home/manu320/.config/Qtile-config/dotfiles' is in submodule 'Qtile-config'\n","exitCode":128,"gitErrorCode":"IsInSubmodule"}
[2022-08-10 23:13:22.398] [exthost] [error] {"message":"Git error","stdout":"","stderr":"fatal: Pathspec '/home/manu320/.config/Qtile-config/dotfiles' is in submodule 'Qtile-config'\n","exitCode":128,"gitErrorCode":"IsInSubmodule"}
[2022-08-10 23:13:22.398] [exthost] [error] {"message":"Git error","stdout":"","stderr":"fatal: Pathspec '/home/manu320/.config/Qtile-config/dotfiles' is in submodule 'Qtile-config'\n","exitCode":128,"gitErrorCode":"IsInSubmodule"}
[2022-08-10 23:13:22.398] [exthost] [error] {"message":"Git error","stdout":"","stderr":"fatal: Pathspec '/home/manu320/.config/Qtile-config/dotfiles' is in submodule 'Qtile-config'\n","exitCode":128,"gitErrorCode":"IsInSubmodule"}
[2022-08-10 23:13:22.461] [exthost] [warning] [Decorations] CAPPING events from decorations provider vscode.git 1204
[2022-08-10 23:13:23.296] [exthost] [info] ExtensionService#_doActivateExtension vscode.emmet, startup: false, activationEvent: 'onStartupFinished'
[2022-08-10 23:13:23.301] [exthost] [info] ExtensionService#_doActivateExtension vscode.merge-conflict, startup: false, activationEvent: 'onStartupFinished'
[2022-08-10 23:13:23.302] [exthost] [info] ExtensionService#_doActivateExtension esbenp.prettier-vscode, startup: false, activationEvent: 'onStartupFinished'
[2022-08-10 23:13:23.328] [exthost] [info] ExtensionService#_doActivateExtension ritwickdey.LiveServer, startup: false, activationEvent: 'onStartupFinished'
[2022-08-10 23:13:23.502] [exthost] [info] ExtensionService#_doActivateExtension ms-python.python, startup: false, activationEvent: 'onLanguage:python'
[2022-08-10 23:13:23.596] [exthost] [info] ExtensionService#_doActivateExtension ms-toolsai.jupyter, startup: false, activationEvent: 'onLanguage:python'
[2022-08-10 23:13:26.585] [exthost] [warning] [Decorations] CAPPING events from decorations provider vscode.git 1209
[2022-08-10 23:13:31.658] [exthost] [warning] [Decorations] CAPPING events from decorations provider vscode.git 1210
[2022-08-10 23:13:36.724] [exthost] [warning] [Decorations] CAPPING events from decorations provider vscode.git 1211
[2022-08-10 23:13:41.798] [exthost] [warning] [Decorations] CAPPING events from decorations provider vscode.git 1212
[2022-08-10 23:13:46.873] [exthost] [warning] [Decorations] CAPPING events from decorations provider vscode.git 1211
[2022-08-10 23:13:51.943] [exthost] [warning] [Decorations] CAPPING events from decorations provider vscode.git 1211
[2022-08-10 23:13:57.013] [exthost] [warning] [Decorations] CAPPING events from decorations provider vscode.git 1211
[2022-08-10 23:14:02.082] [exthost] [warning] [Decorations] CAPPING events from decorations provider vscode.git 1211
[2022-08-10 23:14:07.223] [exthost] [warning] [Decorations] CAPPING events from decorations provider vscode.git 1211
[2022-08-10 23:14:12.290] [exthost] [warning] [Decorations] CAPPING events from decorations provider vscode.git 1211
[2022-08-10 23:14:17.360] [exthost] [warning] [Decorations] CAPPING events from decorations provider vscode.git 1211
[2022-08-10 23:14:22.434] [exthost] [warning] [Decorations] CAPPING events from decorations provider vscode.git 1211
[2022-08-10 23:14:27.509] [exthost] [warning] [Decorations] CAPPING events from decorations provider vscode.git 1211
[2022-08-10 23:14:32.584] [exthost] [warning] [Decorations] CAPPING events from decorations provider vscode.git 1211
[2022-08-10 23:14:46.015] [exthost] [warning] [Decorations] CAPPING events from decorations provider vscode.git 1211
[2022-08-10 23:14:51.087] [exthost] [warning] [Decorations] CAPPING events from decorations provider vscode.git 1211
[2022-08-10 23:14:56.161] [exthost] [warning] [Decorations] CAPPING events from decorations provider vscode.git 1211
[2022-08-10 23:15:01.239] [exthost] [warning] [Decorations] CAPPING events from decorations provider vscode.git 1211
[2022-08-10 23:15:06.331] [exthost] [warning] [Decorations] CAPPING events from decorations provider vscode.git 1213
[2022-08-10 23:15:11.396] [exthost] [warning] [Decorations] CAPPING events from decorations provider vscode.git 1213
[2022-08-10 23:15:16.458] [exthost] [warning] [Decorations] CAPPING events from decorations provider vscode.git 1213
[2022-08-10 23:15:37.930] [exthost] [warning] [Decorations] CAPPING events from decorations provider vscode.git 1213
[2022-08-10 23:18:58.303] [exthost] [warning] [Decorations] CAPPING events from decorations provider vscode.git 1213
[2022-08-10 23:19:02.571] [exthost] [error] {"message":"Git error","stdout":"","stderr":"fatal: Pathspec '/home/manu320/.config/Qtile-config/qtile/__pycache__' is in submodule 'Qtile-config'\n","exitCode":128,"gitErrorCode":"IsInSubmodule"}
[2022-08-10 23:19:02.571] [exthost] [error] {"message":"Git error","stdout":"","stderr":"fatal: Pathspec '/home/manu320/.config/Qtile-config/qtile/__pycache__' is in submodule 'Qtile-config'\n","exitCode":128,"gitErrorCode":"IsInSubmodule"}
[2022-08-10 23:19:02.571] [exthost] [error] {"message":"Git error","stdout":"","stderr":"fatal: Pathspec '/home/manu320/.config/Qtile-config/qtile/__pycache__' is in submodule 'Qtile-config'\n","exitCode":128,"gitErrorCode":"IsInSubmodule"}
[2022-08-10 23:19:02.571] [exthost] [error] {"message":"Git error","stdout":"","stderr":"fatal: Pathspec '/home/manu320/.config/Qtile-config/qtile/__pycache__' is in submodule 'Qtile-config'\n","exitCode":128,"gitErrorCode":"IsInSubmodule"}
[2022-08-10 23:19:02.571] [exthost] [error] {"message":"Git error","stdout":"","stderr":"fatal: Pathspec '/home/manu320/.config/Qtile-config/qtile/__pycache__' is in submodule 'Qtile-config'\n","exitCode":128,"gitErrorCode":"IsInSubmodule"}
[2022-08-10 23:19:02.572] [exthost] [error] {"message":"Git error","stdout":"","stderr":"fatal: Pathspec '/home/manu320/.config/Qtile-config/qtile/__pycache__' is in submodule 'Qtile-config'\n","exitCode":128,"gitErrorCode":"IsInSubmodule"}
[2022-08-10 23:19:03.470] [exthost] [warning] [Decorations] CAPPING events from decorations provider vscode.git 1213
[2022-08-10 23:19:06.436] [exthost] [error] {"message":"Git error","stdout":"","stderr":"fatal: Pathspec '/home/manu320/.config/Qtile-config/dotfiles/Code - OSS' is in submodule 'Qtile-config'\n","exitCode":128,"gitErrorCode":"IsInSubmodule"}
[2022-08-10 23:19:06.437] [exthost] [error] {"message":"Git error","stdout":"","stderr":"fatal: Pathspec '/home/manu320/.config/Qtile-config/dotfiles/Code - OSS' is in submodule 'Qtile-config'\n","exitCode":128,"gitErrorCode":"IsInSubmodule"}
[2022-08-10 23:19:06.437] [exthost] [error] {"message":"Git error","stdout":"","stderr":"fatal: Pathspec '/home/manu320/.config/Qtile-config/dotfiles/Code - OSS' is in submodule 'Qtile-config'\n","exitCode":128,"gitErrorCode":"IsInSubmodule"}
[2022-08-10 23:19:06.437] [exthost] [error] {"message":"Git error","stdout":"","stderr":"fatal: Pathspec '/home/manu320/.config/Qtile-config/dotfiles/Code - OSS' is in submodule 'Qtile-config'\n","exitCode":128,"gitErrorCode":"IsInSubmodule"}
[2022-08-10 23:19:06.437] [exthost] [error] {"message":"Git error","stdout":"","stderr":"fatal: Pathspec '/home/manu320/.config/Qtile-config/dotfiles/Code - OSS' is in submodule 'Qtile-config'\n","exitCode":128,"gitErrorCode":"IsInSubmodule"}
[2022-08-10 23:19:06.437] [exthost] [error] {"message":"Git error","stdout":"","stderr":"fatal: Pathspec '/home/manu320/.config/Qtile-config/dotfiles/Code - OSS' is in submodule 'Qtile-config'\n","exitCode":128,"gitErrorCode":"IsInSubmodule"}
[2022-08-10 23:19:06.437] [exthost] [error] {"message":"Git error","stdout":"","stderr":"fatal: Pathspec '/home/manu320/.config/Qtile-config/dotfiles/Code - OSS' is in submodule 'Qtile-config'\n","exitCode":128,"gitErrorCode":"IsInSubmodule"}
[2022-08-10 23:19:06.437] [exthost] [error] {"message":"Git error","stdout":"","stderr":"fatal: Pathspec '/home/manu320/.config/Qtile-config/dotfiles/Code - OSS' is in submodule 'Qtile-config'\n","exitCode":128,"gitErrorCode":"IsInSubmodule"}
[2022-08-10 23:19:06.437] [exthost] [error] {"message":"Git error","stdout":"","stderr":"fatal: Pathspec '/home/manu320/.config/Qtile-config/dotfiles/Code - OSS' is in submodule 'Qtile-config'\n","exitCode":128,"gitErrorCode":"IsInSubmodule"}
[2022-08-10 23:19:06.437] [exthost] [error] {"message":"Git error","stdout":"","stderr":"fatal: Pathspec '/home/manu320/.config/Qtile-config/dotfiles/Code - OSS' is in submodule 'Qtile-config'\n","exitCode":128,"gitErrorCode":"IsInSubmodule"}
[2022-08-10 23:19:06.437] [exthost] [error] {"message":"Git error","stdout":"","stderr":"fatal: Pathspec '/home/manu320/.config/Qtile-config/dotfiles/Code - OSS' is in submodule 'Qtile-config'\n","exitCode":128,"gitErrorCode":"IsInSubmodule"}
[2022-08-10 23:19:06.437] [exthost] [error] {"message":"Git error","stdout":"","stderr":"fatal: Pathspec '/home/manu320/.config/Qtile-config/dotfiles/Code - OSS' is in submodule 'Qtile-config'\n","exitCode":128,"gitErrorCode":"IsInSubmodule"}
[2022-08-10 23:19:06.437] [exthost] [error] {"message":"Git error","stdout":"","stderr":"fatal: Pathspec '/home/manu320/.config/Qtile-config/dotfiles/Code - OSS' is in submodule 'Qtile-config'\n","exitCode":128,"gitErrorCode":"IsInSubmodule"}
[2022-08-10 23:19:06.437] [exthost] [error] {"message":"Git error","stdout":"","stderr":"fatal: Pathspec '/home/manu320/.config/Qtile-config/dotfiles/Code - OSS' is in submodule 'Qtile-config'\n","exitCode":128,"gitErrorCode":"IsInSubmodule"}
[2022-08-10 23:19:06.437] [exthost] [error] {"message":"Git error","stdout":"","stderr":"fatal: Pathspec '/home/manu320/.config/Qtile-config/dotfiles/Code - OSS' is in submodule 'Qtile-config'\n","exitCode":128,"gitErrorCode":"IsInSubmodule"}
[2022-08-10 23:19:06.437] [exthost] [error] {"message":"Git error","stdout":"","stderr":"fatal: Pathspec '/home/manu320/.config/Qtile-config/dotfiles/Code - OSS' is in submodule 'Qtile-config'\n","exitCode":128,"gitErrorCode":"IsInSubmodule"}
[2022-08-10 23:19:06.437] [exthost] [error] {"message":"Git error","stdout":"","stderr":"fatal: Pathspec '/home/manu320/.config/Qtile-config/dotfiles/Code - OSS' is in submodule 'Qtile-config'\n","exitCode":128,"gitErrorCode":"IsInSubmodule"}
[2022-08-10 23:19:08.544] [exthost] [warning] [Decorations] CAPPING events from decorations provider vscode.git 1213
[2022-08-10 23:19:09.183] [exthost] [error] {"message":"Git error","stdout":"","stderr":"fatal: Pathspec '/home/manu320/.config/Qtile-config/dotfiles/Code - OSS/Backups' is in submodule 'Qtile-config'\n","exitCode":128,"gitErrorCode":"IsInSubmodule"}
[2022-08-10 23:19:09.183] [exthost] [error] {"message":"Git error","stdout":"","stderr":"fatal: Pathspec '/home/manu320/.config/Qtile-config/dotfiles/Code - OSS/Backups' is in submodule 'Qtile-config'\n","exitCode":128,"gitErrorCode":"IsInSubmodule"}
[2022-08-10 23:19:09.183] [exthost] [error] {"message":"Git error","stdout":"","stderr":"fatal: Pathspec '/home/manu320/.config/Qtile-config/dotfiles/Code - OSS/Backups' is in submodule 'Qtile-config'\n","exitCode":128,"gitErrorCode":"IsInSubmodule"}
[2022-08-10 23:19:09.183] [exthost] [error] {"message":"Git error","stdout":"","stderr":"fatal: Pathspec '/home/manu320/.config/Qtile-config/dotfiles/Code - OSS/Backups' is in submodule 'Qtile-config'\n","exitCode":128,"gitErrorCode":"IsInSubmodule"}
[2022-08-10 23:19:09.183] [exthost] [error] {"message":"Git error","stdout":"","stderr":"fatal: Pathspec '/home/manu320/.config/Qtile-config/dotfiles/Code - OSS/Backups' is in submodule 'Qtile-config'\n","exitCode":128,"gitErrorCode":"IsInSubmodule"}
[2022-08-10 23:19:09.183] [exthost] [error] {"message":"Git error","stdout":"","stderr":"fatal: Pathspec '/home/manu320/.config/Qtile-config/dotfiles/Code - OSS/Backups' is in submodule 'Qtile-config'\n","exitCode":128,"gitErrorCode":"IsInSubmodule"}
[2022-08-10 23:19:09.183] [exthost] [error] {"message":"Git error","stdout":"","stderr":"fatal: Pathspec '/home/manu320/.config/Qtile-config/dotfiles/Code - OSS/Backups' is in submodule 'Qtile-config'\n","exitCode":128,"gitErrorCode":"IsInSubmodule"}
[2022-08-10 23:19:09.183] [exthost] [error] {"message":"Git error","stdout":"","stderr":"fatal: Pathspec '/home/manu320/.config/Qtile-config/dotfiles/Code - OSS/Backups' is in submodule 'Qtile-config'\n","exitCode":128,"gitErrorCode":"IsInSubmodule"}
[2022-08-10 23:19:09.183] [exthost] [error] {"message":"Git error","stdout":"","stderr":"fatal: Pathspec '/home/manu320/.config/Qtile-config/dotfiles/Code - OSS/Backups' is in submodule 'Qtile-config'\n","exitCode":128,"gitErrorCode":"IsInSubmodule"}
[2022-08-10 23:19:09.183] [exthost] [error] {"message":"Git error","stdout":"","stderr":"fatal: Pathspec '/home/manu320/.config/Qtile-config/dotfiles/Code - OSS/Backups' is in submodule 'Qtile-config'\n","exitCode":128,"gitErrorCode":"IsInSubmodule"}
[2022-08-10 23:19:09.183] [exthost] [error] {"message":"Git error","stdout":"","stderr":"fatal: Pathspec '/home/manu320/.config/Qtile-config/dotfiles/Code - OSS/Backups' is in submodule 'Qtile-config'\n","exitCode":128,"gitErrorCode":"IsInSubmodule"}
[2022-08-10 23:19:09.183] [exthost] [error] {"message":"Git error","stdout":"","stderr":"fatal: Pathspec '/home/manu320/.config/Qtile-config/dotfiles/Code - OSS/Backups' is in submodule 'Qtile-config'\n","exitCode":128,"gitErrorCode":"IsInSubmodule"}
[2022-08-10 23:19:09.183] [exthost] [error] {"message":"Git error","stdout":"","stderr":"fatal: Pathspec '/home/manu320/.config/Qtile-config/dotfiles/Code - OSS/Backups' is in submodule 'Qtile-config'\n","exitCode":128,"gitErrorCode":"IsInSubmodule"}
[2022-08-10 23:19:09.183] [exthost] [error] {"message":"Git error","stdout":"","stderr":"fatal: Pathspec '/home/manu320/.config/Qtile-config/dotfiles/Code - OSS/Backups' is in submodule 'Qtile-config'\n","exitCode":128,"gitErrorCode":"IsInSubmodule"}
[2022-08-10 23:19:09.183] [exthost] [error] {"message":"Git error","stdout":"","stderr":"fatal: Pathspec '/home/manu320/.config/Qtile-config/dotfiles/Code - OSS/Backups' is in submodule 'Qtile-config'\n","exitCode":128,"gitErrorCode":"IsInSubmodule"}
[2022-08-10 23:19:09.183] [exthost] [error] {"message":"Git error","stdout":"","stderr":"fatal: Pathspec '/home/manu320/.config/Qtile-config/dotfiles/Code - OSS/Backups' is in submodule 'Qtile-config'\n","exitCode":128,"gitErrorCode":"IsInSubmodule"}
[2022-08-10 23:19:09.183] [exthost] [error] {"message":"Git error","stdout":"","stderr":"fatal: Pathspec '/home/manu320/.config/Qtile-config/dotfiles/Code - OSS/Backups' is in submodule 'Qtile-config'\n","exitCode":128,"gitErrorCode":"IsInSubmodule"}
[2022-08-10 23:19:09.183] [exthost] [error] {"message":"Git error","stdout":"","stderr":"fatal: Pathspec '/home/manu320/.config/Qtile-config/dotfiles/Code - OSS/Backups' is in submodule 'Qtile-config'\n","exitCode":128,"gitErrorCode":"IsInSubmodule"}
[2022-08-10 23:19:09.183] [exthost] [error] {"message":"Git error","stdout":"","stderr":"fatal: Pathspec '/home/manu320/.config/Qtile-config/dotfiles/Code - OSS/Backups' is in submodule 'Qtile-config'\n","exitCode":128,"gitErrorCode":"IsInSubmodule"}
[2022-08-10 23:19:09.183] [exthost] [error] {"message":"Git error","stdout":"","stderr":"fatal: Pathspec '/home/manu320/.config/Qtile-config/dotfiles/Code - OSS/Backups' is in submodule 'Qtile-config'\n","exitCode":128,"gitErrorCode":"IsInSubmodule"}
[2022-08-10 23:19:09.183] [exthost] [error] {"message":"Git error","stdout":"","stderr":"fatal: Pathspec '/home/manu320/.config/Qtile-config/dotfiles/Code - OSS/Backups' is in submodule 'Qtile-config'\n","exitCode":128,"gitErrorCode":"IsInSubmodule"}
[2022-08-10 23:19:09.183] [exthost] [error] {"message":"Git error","stdout":"","stderr":"fatal: Pathspec '/home/manu320/.config/Qtile-config/dotfiles/Code - OSS/Backups' is in submodule 'Qtile-config'\n","exitCode":128,"gitErrorCode":"IsInSubmodule"}
[2022-08-10 23:19:09.183] [exthost] [error] {"message":"Git error","stdout":"","stderr":"fatal: Pathspec '/home/manu320/.config/Qtile-config/dotfiles/Code - OSS/Backups' is in submodule 'Qtile-config'\n","exitCode":128,"gitErrorCode":"IsInSubmodule"}
[2022-08-10 23:19:09.183] [exthost] [error] {"message":"Git error","stdout":"","stderr":"fatal: Pathspec '/home/manu320/.config/Qtile-config/dotfiles/Code - OSS/Backups' is in submodule 'Qtile-config'\n","exitCode":128,"gitErrorCode":"IsInSubmodule"}
[2022-08-10 23:19:14.897] [exthost] [warning] [Decorations] CAPPING events from decorations provider vscode.git 1213
[2022-08-10 23:19:20.046] [exthost] [warning] [Decorations] CAPPING events from decorations provider vscode.git 1214
[2022-08-10 23:19:22.783] [exthost] [error] {"message":"Git error","stdout":"","stderr":"fatal: Pathspec '/home/manu320/.config/Qtile-config/dotfiles/kitty/kitty.conf' is in submodule 'Qtile-config'\n","exitCode":128,"gitErrorCode":"IsInSubmodule"}
[2022-08-10 23:19:25.160] [exthost] [warning] [Decorations] CAPPING events from decorations provider vscode.git 1214
[2022-08-10 23:19:30.251] [exthost] [warning] [Decorations] CAPPING events from decorations provider vscode.git 1214
[2022-08-10 23:19:35.387] [exthost] [warning] [Decorations] CAPPING events from decorations provider vscode.git 1214
[2022-08-10 23:19:40.516] [exthost] [warning] [Decorations] CAPPING events from decorations provider vscode.git 1215
[2022-08-10 23:19:45.616] [exthost] [warning] [Decorations] CAPPING events from decorations provider vscode.git 1215
[2022-08-10 23:19:50.726] [exthost] [warning] [Decorations] CAPPING events from decorations provider vscode.git 1216
[2022-08-10 23:19:55.788] [exthost] [warning] [Decorations] CAPPING events from decorations provider vscode.git 1215
[2022-08-10 23:19:59.339] [exthost] [error] {"message":"Git error","stdout":"","stderr":"fatal: Pathspec '/home/manu320/.config/Qtile-config/dotfiles/lightdm/lightdm-gtk-greeter.conf' is in submodule 'Qtile-config'\n","exitCode":128,"gitErrorCode":"IsInSubmodule"}
[2022-08-10 23:19:59.339] [exthost] [error] {"message":"Git error","stdout":"","stderr":"fatal: Pathspec '/home/manu320/.config/Qtile-config/dotfiles/lightdm/lightdm-gtk-greeter.conf' is in submodule 'Qtile-config'\n","exitCode":128,"gitErrorCode":"IsInSubmodule"}
[2022-08-10 23:20:00.879] [exthost] [warning] [Decorations] CAPPING events from decorations provider vscode.git 1215
[2022-08-10 23:20:06.010] [exthost] [warning] [Decorations] CAPPING events from decorations provider vscode.git 1215
[2022-08-10 23:20:11.110] [exthost] [warning] [Decorations] CAPPING events from decorations provider vscode.git 1215
[2022-08-10 23:20:16.246] [exthost] [warning] [Decorations] CAPPING events from decorations provider vscode.git 1215
[2022-08-10 23:20:21.353] [exthost] [warning] [Decorations] CAPPING events from decorations provider vscode.git 1215
[2022-08-10 23:20:26.480] [exthost] [warning] [Decorations] CAPPING events from decorations provider vscode.git 1215
[2022-08-10 23:20:31.598] [exthost] [warning] [Decorations] CAPPING events from decorations provider vscode.git 1215
[2022-08-10 23:20:36.731] [exthost] [warning] [Decorations] CAPPING events from decorations provider vscode.git 1215
[2022-08-10 23:20:41.834] [exthost] [warning] [Decorations] CAPPING events from decorations provider vscode.git 1215
[2022-08-10 23:20:46.920] [exthost] [warning] [Decorations] CAPPING events from decorations provider vscode.git 1215
[2022-08-10 23:20:52.790] [exthost] [warning] [Decorations] CAPPING events from decorations provider vscode.git 1215
[2022-08-10 23:20:57.917] [exthost] [warning] [Decorations] CAPPING events from decorations provider vscode.git 1218
[2022-08-10 23:21:02.990] [exthost] [warning] [Decorations] CAPPING events from decorations provider vscode.git 1218
[2022-08-10 23:21:03.669] [exthost] [error] {"message":"Git error","stdout":"","stderr":"fatal: Pathspec '/home/manu320/.config/Qtile-config/dotfiles/neofetch/config.conf' is in submodule 'Qtile-config'\n","exitCode":128,"gitErrorCode":"IsInSubmodule"}
[2022-08-10 23:21:08.091] [exthost] [warning] [Decorations] CAPPING events from decorations provider vscode.git 1218
[2022-08-10 23:21:13.228] [exthost] [warning] [Decorations] CAPPING events from decorations provider vscode.git 1218
[2022-08-10 23:22:17.298] [exthost] [warning] [Decorations] CAPPING events from decorations provider vscode.git 1219
[2022-08-10 23:22:22.383] [exthost] [warning] [Decorations] CAPPING events from decorations provider vscode.git 1219
[2022-08-10 23:22:27.463] [exthost] [warning] [Decorations] CAPPING events from decorations provider vscode.git 1220
[2022-08-10 23:22:32.532] [exthost] [warning] [Decorations] CAPPING events from decorations provider vscode.git 1221
[2022-08-10 23:22:37.624] [exthost] [warning] [Decorations] CAPPING events from decorations provider vscode.git 1221
[2022-08-10 23:22:42.701] [exthost] [warning] [Decorations] CAPPING events from decorations provider vscode.git 1221
[2022-08-10 23:22:47.788] [exthost] [warning] [Decorations] CAPPING events from decorations provider vscode.git 1221
[2022-08-10 23:22:52.866] [exthost] [warning] [Decorations] CAPPING events from decorations provider vscode.git 1221
[2022-08-10 23:22:57.977] [exthost] [warning] [Decorations] CAPPING events from decorations provider vscode.git 1221
[2022-08-10 23:23:03.132] [exthost] [warning] [Decorations] CAPPING events from decorations provider vscode.git 1221
[2022-08-10 23:23:08.236] [exthost] [warning] [Decorations] CAPPING events from decorations provider vscode.git 1221
[2022-08-10 23:23:13.331] [exthost] [warning] [Decorations] CAPPING events from decorations provider vscode.git 1221
[2022-08-10 23:23:15.048] [exthost] [error] {"message":"Git error","stdout":"","stderr":"fatal: Pathspec '/home/manu320/.config/Qtile-config/dotfiles/zathura/catppuccin' is in submodule 'Qtile-config'\n","exitCode":128,"gitErrorCode":"IsInSubmodule"}
[2022-08-10 23:23:15.048] [exthost] [error] {"message":"Git error","stdout":"","stderr":"fatal: Pathspec '/home/manu320/.config/Qtile-config/dotfiles/zathura/catppuccin' is in submodule 'Qtile-config'\n","exitCode":128,"gitErrorCode":"IsInSubmodule"}
[2022-08-10 23:23:16.675] [exthost] [error] {"message":"Git error","stdout":"","stderr":"fatal: Pathspec '/home/manu320/.config/Qtile-config/dotfiles/systemd/user' is in submodule 'Qtile-config'\n","exitCode":128,"gitErrorCode":"IsInSubmodule"}
[2022-08-10 23:23:16.675] [exthost] [error] {"message":"Git error","stdout":"","stderr":"fatal: Pathspec '/home/manu320/.config/Qtile-config/dotfiles/systemd/user' is in submodule 'Qtile-config'\n","exitCode":128,"gitErrorCode":"IsInSubmodule"}
[2022-08-10 23:23:16.675] [exthost] [error] {"message":"Git error","stdout":"","stderr":"fatal: Pathspec '/home/manu320/.config/Qtile-config/dotfiles/systemd/user' is in submodule 'Qtile-config'\n","exitCode":128,"gitErrorCode":"IsInSubmodule"}
[2022-08-10 23:23:18.407] [exthost] [warning] [Decorations] CAPPING events from decorations provider vscode.git 1221
[2022-08-10 23:23:23.483] [exthost] [warning] [Decorations] CAPPING events from decorations provider vscode.git 1221
[2022-08-10 23:23:25.268] [exthost] [error] {"message":"Git error","stdout":"","stderr":"fatal: Pathspec '/home/manu320/.config/Qtile-config/dotfiles/Postman/Code Cache' is in submodule 'Qtile-config'\n","exitCode":128,"gitErrorCode":"IsInSubmodule"}
[2022-08-10 23:23:25.268] [exthost] [error] {"message":"Git error","stdout":"","stderr":"fatal: Pathspec '/home/manu320/.config/Qtile-config/dotfiles/Postman/Code Cache' is in submodule 'Qtile-config'\n","exitCode":128,"gitErrorCode":"IsInSubmodule"}
[2022-08-10 23:23:25.268] [exthost] [error] {"message":"Git error","stdout":"","stderr":"fatal: Pathspec '/home/manu320/.config/Qtile-config/dotfiles/Postman/Code Cache' is in submodule 'Qtile-config'\n","exitCode":128,"gitErrorCode":"IsInSubmodule"}
[2022-08-10 23:23:25.268] [exthost] [error] {"message":"Git error","stdout":"","stderr":"fatal: Pathspec '/home/manu320/.config/Qtile-config/dotfiles/Postman/Code Cache' is in submodule 'Qtile-config'\n","exitCode":128,"gitErrorCode":"IsInSubmodule"}
[2022-08-10 23:23:25.268] [exthost] [error] {"message":"Git error","stdout":"","stderr":"fatal: Pathspec '/home/manu320/.config/Qtile-config/dotfiles/Postman/Code Cache' is in submodule 'Qtile-config'\n","exitCode":128,"gitErrorCode":"IsInSubmodule"}
[2022-08-10 23:23:25.268] [exthost] [error] {"message":"Git error","stdout":"","stderr":"fatal: Pathspec '/home/manu320/.config/Qtile-config/dotfiles/Postman/Code Cache' is in submodule 'Qtile-config'\n","exitCode":128,"gitErrorCode":"IsInSubmodule"}
[2022-08-10 23:23:25.268] [exthost] [error] {"message":"Git error","stdout":"","stderr":"fatal: Pathspec '/home/manu320/.config/Qtile-config/dotfiles/Postman/Code Cache' is in submodule 'Qtile-config'\n","exitCode":128,"gitErrorCode":"IsInSubmodule"}
[2022-08-10 23:23:25.268] [exthost] [error] {"message":"Git error","stdout":"","stderr":"fatal: Pathspec '/home/manu320/.config/Qtile-config/dotfiles/Postman/Code Cache' is in submodule 'Qtile-config'\n","exitCode":128,"gitErrorCode":"IsInSubmodule"}
[2022-08-10 23:23:25.268] [exthost] [error] {"message":"Git error","stdout":"","stderr":"fatal: Pathspec '/home/manu320/.config/Qtile-config/dotfiles/Postman/Code Cache' is in submodule 'Qtile-config'\n","exitCode":128,"gitErrorCode":"IsInSubmodule"}
[2022-08-10 23:23:25.268] [exthost] [error] {"message":"Git error","stdout":"","stderr":"fatal: Pathspec '/home/manu320/.config/Qtile-config/dotfiles/Postman/Code Cache' is in submodule 'Qtile-config'\n","exitCode":128,"gitErrorCode":"IsInSubmodule"}
[2022-08-10 23:23:25.268] [exthost] [error] {"message":"Git error","stdout":"","stderr":"fatal: Pathspec '/home/manu320/.config/Qtile-config/dotfiles/Postman/Code Cache' is in submodule 'Qtile-config'\n","exitCode":128,"gitErrorCode":"IsInSubmodule"}
[2022-08-10 23:23:25.268] [exthost] [error] {"message":"Git error","stdout":"","stderr":"fatal: Pathspec '/home/manu320/.config/Qtile-config/dotfiles/Postman/Code Cache' is in submodule 'Qtile-config'\n","exitCode":128,"gitErrorCode":"IsInSubmodule"}
[2022-08-10 23:23:27.982] [exthost] [error] {"message":"Git error","stdout":"","stderr":"fatal: Pathspec '/home/manu320/.config/Qtile-config/dotfiles/nvim/lua' is in submodule 'Qtile-config'\n","exitCode":128,"gitErrorCode":"IsInSubmodule"}
[2022-08-10 23:23:27.982] [exthost] [error] {"message":"Git error","stdout":"","stderr":"fatal: Pathspec '/home/manu320/.config/Qtile-config/dotfiles/nvim/lua' is in submodule 'Qtile-config'\n","exitCode":128,"gitErrorCode":"IsInSubmodule"}
[2022-08-10 23:23:27.982] [exthost] [error] {"message":"Git error","stdout":"","stderr":"fatal: Pathspec '/home/manu320/.config/Qtile-config/dotfiles/nvim/lua' is in submodule 'Qtile-config'\n","exitCode":128,"gitErrorCode":"IsInSubmodule"}
[2022-08-10 23:23:28.586] [exthost] [warning] [Decorations] CAPPING events from decorations provider vscode.git 1221
[2022-08-10 23:23:29.823] [exthost] [error] {"message":"Git error","stdout":"","stderr":"fatal: Pathspec '/home/manu320/.config/Qtile-config/dotfiles/nvim/lua/mjs' is in submodule 'Qtile-config'\n","exitCode":128,"gitErrorCode":"IsInSubmodule"}
[2022-08-10 23:23:29.823] [exthost] [error] {"message":"Git error","stdout":"","stderr":"fatal: Pathspec '/home/manu320/.config/Qtile-config/dotfiles/nvim/lua/mjs' is in submodule 'Qtile-config'\n","exitCode":128,"gitErrorCode":"IsInSubmodule"}
[2022-08-10 23:23:29.823] [exthost] [error] {"message":"Git error","stdout":"","stderr":"fatal: Pathspec '/home/manu320/.config/Qtile-config/dotfiles/nvim/lua/mjs' is in submodule 'Qtile-config'\n","exitCode":128,"gitErrorCode":"IsInSubmodule"}
[2022-08-10 23:23:29.823] [exthost] [error] {"message":"Git error","stdout":"","stderr":"fatal: Pathspec '/home/manu320/.config/Qtile-config/dotfiles/nvim/lua/mjs' is in submodule 'Qtile-config'\n","exitCode":128,"gitErrorCode":"IsInSubmodule"}
[2022-08-10 23:23:29.823] [exthost] [error] {"message":"Git error","stdout":"","stderr":"fatal: Pathspec '/home/manu320/.config/Qtile-config/dotfiles/nvim/lua/mjs' is in submodule 'Qtile-config'\n","exitCode":128,"gitErrorCode":"IsInSubmodule"}
[2022-08-10 23:23:29.823] [exthost] [error] {"message":"Git error","stdout":"","stderr":"fatal: Pathspec '/home/manu320/.config/Qtile-config/dotfiles/nvim/lua/mjs' is in submodule 'Qtile-config'\n","exitCode":128,"gitErrorCode":"IsInSubmodule"}
[2022-08-10 23:23:29.823] [exthost] [error] {"message":"Git error","stdout":"","stderr":"fatal: Pathspec '/home/manu320/.config/Qtile-config/dotfiles/nvim/lua/mjs' is in submodule 'Qtile-config'\n","exitCode":128,"gitErrorCode":"IsInSubmodule"}
[2022-08-10 23:23:29.823] [exthost] [error] {"message":"Git error","stdout":"","stderr":"fatal: Pathspec '/home/manu320/.config/Qtile-config/dotfiles/nvim/lua/mjs' is in submodule 'Qtile-config'\n","exitCode":128,"gitErrorCode":"IsInSubmodule"}
[2022-08-10 23:23:29.823] [exthost] [error] {"message":"Git error","stdout":"","stderr":"fatal: Pathspec '/home/manu320/.config/Qtile-config/dotfiles/nvim/lua/mjs' is in submodule 'Qtile-config'\n","exitCode":128,"gitErrorCode":"IsInSubmodule"}
[2022-08-10 23:23:29.823] [exthost] [error] {"message":"Git error","stdout":"","stderr":"fatal: Pathspec '/home/manu320/.config/Qtile-config/dotfiles/nvim/lua/mjs' is in submodule 'Qtile-config'\n","exitCode":128,"gitErrorCode":"IsInSubmodule"}
[2022-08-10 23:23:29.823] [exthost] [error] {"message":"Git error","stdout":"","stderr":"fatal: Pathspec '/home/manu320/.config/Qtile-config/dotfiles/nvim/lua/mjs' is in submodule 'Qtile-config'\n","exitCode":128,"gitErrorCode":"IsInSubmodule"}
[2022-08-10 23:23:29.823] [exthost] [error] {"message":"Git error","stdout":"","stderr":"fatal: Pathspec '/home/manu320/.config/Qtile-config/dotfiles/nvim/lua/mjs' is in submodule 'Qtile-config'\n","exitCode":128,"gitErrorCode":"IsInSubmodule"}
[2022-08-10 23:23:29.823] [exthost] [error] {"message":"Git error","stdout":"","stderr":"fatal: Pathspec '/home/manu320/.config/Qtile-config/dotfiles/nvim/lua/mjs' is in submodule 'Qtile-config'\n","exitCode":128,"gitErrorCode":"IsInSubmodule"}
[2022-08-10 23:23:29.823] [exthost] [error] {"message":"Git error","stdout":"","stderr":"fatal: Pathspec '/home/manu320/.config/Qtile-config/dotfiles/nvim/lua/mjs' is in submodule 'Qtile-config'\n","exitCode":128,"gitErrorCode":"IsInSubmodule"}
[2022-08-10 23:23:29.823] [exthost] [error] {"message":"Git error","stdout":"","stderr":"fatal: Pathspec '/home/manu320/.config/Qtile-config/dotfiles/nvim/lua/mjs' is in submodule 'Qtile-config'\n","exitCode":128,"gitErrorCode":"IsInSubmodule"}
[2022-08-10 23:23:29.823] [exthost] [error] {"message":"Git error","stdout":"","stderr":"fatal: Pathspec '/home/manu320/.config/Qtile-config/dotfiles/nvim/lua/mjs' is in submodule 'Qtile-config'\n","exitCode":128,"gitErrorCode":"IsInSubmodule"}
[2022-08-10 23:23:31.143] [exthost] [error] {"message":"Git error","stdout":"","stderr":"fatal: Pathspec '/home/manu320/.config/Qtile-config/dotfiles/nvim/plugin/packer_compiled.lua' is in submodule 'Qtile-config'\n","exitCode":128,"gitErrorCode":"IsInSubmodule"}
[2022-08-10 23:23:33.681] [exthost] [warning] [Decorations] CAPPING events from decorations provider vscode.git 1221
[2022-08-10 23:23:38.758] [exthost] [warning] [Decorations] CAPPING events from decorations provider vscode.git 1221
[2022-08-10 23:23:43.886] [exthost] [warning] [Decorations] CAPPING events from decorations provider vscode.git 1243
[2022-08-10 23:23:49.034] [exthost] [warning] [Decorations] CAPPING events from decorations provider vscode.git 1243
[2022-08-10 23:24:01.907] [exthost] [warning] [Decorations] CAPPING events from decorations provider vscode.git 1243
[2022-08-10 23:24:07.011] [exthost] [warning] [Decorations] CAPPING events from decorations provider vscode.git 1243
[2022-08-10 23:24:12.116] [exthost] [warning] [Decorations] CAPPING events from decorations provider vscode.git 1243
[2022-08-10 23:24:14.089] [exthost] [info] ExtensionService#_doActivateExtension vscode.image-preview, startup: false, activationEvent: 'onCustomEditor:imagePreview.previewEditor'
[2022-08-10 23:24:17.178] [exthost] [warning] [Decorations] CAPPING events from decorations provider vscode.git 1255
[2022-08-10 23:24:22.283] [exthost] [warning] [Decorations] CAPPING events from decorations provider vscode.git 1255
[2022-08-10 23:24:27.434] [exthost] [warning] [Decorations] CAPPING events from decorations provider vscode.git 1256
[2022-08-10 23:24:32.586] [exthost] [warning] [Decorations] CAPPING events from decorations provider vscode.git 1256
[2022-08-10 23:24:37.701] [exthost] [warning] [Decorations] CAPPING events from decorations provider vscode.git 1256
[2022-08-10 23:24:51.966] [exthost] [warning] [Decorations] CAPPING events from decorations provider vscode.git 1257
[2022-08-10 23:25:03.169] [exthost] [warning] [Decorations] CAPPING events from decorations provider vscode.git 1256
[2022-08-10 23:26:29.490] [exthost] [warning] [Decorations] CAPPING events from decorations provider vscode.git 1256
[2022-08-10 23:26:34.619] [exthost] [warning] [Decorations] CAPPING events from decorations provider vscode.git 1256
[2022-08-10 23:26:39.797] [exthost] [warning] [Decorations] CAPPING events from decorations provider vscode.git 1256
[2022-08-10 23:26:44.931] [exthost] [warning] [Decorations] CAPPING events from decorations provider vscode.git 1256
[2022-08-10 23:26:50.074] [exthost] [warning] [Decorations] CAPPING events from decorations provider vscode.git 1256
[2022-08-10 23:26:55.211] [exthost] [warning] [Decorations] CAPPING events from decorations provider vscode.git 1256
[2022-08-10 23:27:00.343] [exthost] [warning] [Decorations] CAPPING events from decorations provider vscode.git 1256
[2022-08-10 23:27:05.410] [exthost] [warning] [Decorations] CAPPING events from decorations provider vscode.git 1256
[2022-08-10 23:27:10.476] [exthost] [warning] [Decorations] CAPPING events from decorations provider vscode.git 1256
[2022-08-10 23:27:15.655] [exthost] [warning] [Decorations] CAPPING events from decorations provider vscode.git 1257
[2022-08-10 23:27:16.279] [exthost] [info] Extension host terminating: received terminate message from renderer
[2022-08-10 23:27:16.312] [exthost] [info] Extension host with pid 21098 exiting with code 0
