[2022-08-11T04:27:54.661Z] Log level: Info
[2022-08-11T04:27:54.662Z] [info] Validating found git in: git
[2022-08-11T04:27:54.683Z] [info] Using git 2.37.1 from git
[2022-08-11T04:27:54.708Z] > git rev-parse --show-toplevel [4ms]
[2022-08-11T04:27:54.722Z] > git rev-parse --git-dir --git-common-dir [2ms]
[2022-08-11T04:27:54.727Z] [info] Open repository: /home/manu320/.config
[2022-08-11T04:27:54.760Z] > git status -z -uall [21ms]
[2022-08-11T04:27:54.775Z] > git symbolic-ref --short HEAD [6ms]
[2022-08-11T04:27:54.787Z] > git for-each-ref --format=%(refname)%00%(upstream:short)%00%(objectname)%00%(upstream:track)%00%(upstream:remotename)%00%(upstream:remoteref) refs/heads/master refs/remotes/master [3ms]
[2022-08-11T04:27:54.806Z] > git for-each-ref --sort -committerdate --format %(refname) %(objectname) %(*objectname) [9ms]
[2022-08-11T04:27:54.807Z] > git remote --verbose [3ms]
[2022-08-11T04:27:55.453Z] > git check-ignore -v -z --stdin [3ms]
[2022-08-11T04:27:55.456Z] > git config --get commit.template [50ms]
[2022-08-11T04:27:55.474Z] > git status -z -uall [11ms]
[2022-08-11T04:27:55.482Z] > git symbolic-ref --short HEAD [1ms]
[2022-08-11T04:27:55.491Z] > git for-each-ref --format=%(refname)%00%(upstream:short)%00%(objectname)%00%(upstream:track)%00%(upstream:remotename)%00%(upstream:remoteref) refs/heads/master refs/remotes/master [1ms]
[2022-08-11T04:27:55.503Z] > git for-each-ref --sort -committerdate --format %(refname) %(objectname) %(*objectname) [6ms]
[2022-08-11T04:27:55.504Z] > git remote --verbose [2ms]
[2022-08-11T04:27:55.536Z] > git config --get commit.template [2ms]
[2022-08-11T04:27:58.197Z] > git status -z -uall [30ms]
[2022-08-11T04:27:58.216Z] > git symbolic-ref --short HEAD [3ms]
[2022-08-11T04:27:58.235Z] > git for-each-ref --format=%(refname)%00%(upstream:short)%00%(objectname)%00%(upstream:track)%00%(upstream:remotename)%00%(upstream:remoteref) refs/heads/master refs/remotes/master [4ms]
[2022-08-11T04:27:58.265Z] > git for-each-ref --sort -committerdate --format %(refname) %(objectname) %(*objectname) [16ms]
[2022-08-11T04:27:58.266Z] > git remote --verbose [3ms]
[2022-08-11T04:27:58.303Z] > git config --get commit.template [2ms]
[2022-08-11T04:28:03.356Z] > git status -z -uall [32ms]
[2022-08-11T04:28:03.371Z] > git symbolic-ref --short HEAD [2ms]
[2022-08-11T04:28:03.386Z] > git for-each-ref --format=%(refname)%00%(upstream:short)%00%(objectname)%00%(upstream:track)%00%(upstream:remotename)%00%(upstream:remoteref) refs/heads/master refs/remotes/master [2ms]
[2022-08-11T04:28:03.405Z] > git for-each-ref --sort -committerdate --format %(refname) %(objectname) %(*objectname) [10ms]
[2022-08-11T04:28:03.406Z] > git remote --verbose [2ms]
[2022-08-11T04:28:03.440Z] > git config --get commit.template [3ms]
[2022-08-11T04:28:15.456Z] > git status -z -uall [18ms]
[2022-08-11T04:28:15.463Z] > git symbolic-ref --short HEAD [1ms]
[2022-08-11T04:28:15.472Z] > git for-each-ref --format=%(refname)%00%(upstream:short)%00%(objectname)%00%(upstream:track)%00%(upstream:remotename)%00%(upstream:remoteref) refs/heads/master refs/remotes/master [2ms]
[2022-08-11T04:28:15.484Z] > git for-each-ref --sort -committerdate --format %(refname) %(objectname) %(*objectname) [7ms]
[2022-08-11T04:28:15.484Z] > git remote --verbose [1ms]
[2022-08-11T04:28:15.509Z] > git config --get commit.template [3ms]
[2022-08-11T04:28:17.628Z] > git show --textconv :Qtile-config/dotfiles/zathura/zathurarc [5ms]
[2022-08-11T04:28:17.628Z] > git ls-files --stage -- /home/manu320/.config/Qtile-config/dotfiles/zathura/zathurarc [1ms]
[2022-08-11T04:28:18.304Z] > git show --textconv :Qtile-config/dotfiles/zathura/catppuccin [18ms]
[2022-08-11T04:28:18.306Z] > git ls-files --stage -- /home/manu320/.config/Qtile-config/dotfiles/zathura/catppuccin [4ms]
[2022-08-11T04:28:20.525Z] > git status -z -uall [10ms]
[2022-08-11T04:28:20.532Z] > git symbolic-ref --short HEAD [1ms]
[2022-08-11T04:28:20.538Z] > git for-each-ref --format=%(refname)%00%(upstream:short)%00%(objectname)%00%(upstream:track)%00%(upstream:remotename)%00%(upstream:remoteref) refs/heads/master refs/remotes/master [1ms]
[2022-08-11T04:28:20.549Z] > git for-each-ref --sort -committerdate --format %(refname) %(objectname) %(*objectname) [6ms]
[2022-08-11T04:28:20.549Z] > git remote --verbose [1ms]
[2022-08-11T04:28:20.577Z] > git config --get commit.template [4ms]
[2022-08-11T04:28:21.592Z] > git show --textconv :Qtile-config/dotfiles/zathura/zathurarc [16ms]
[2022-08-11T04:28:21.594Z] > git ls-files --stage -- /home/manu320/.config/Qtile-config/dotfiles/zathura/zathurarc [3ms]
[2022-08-11T04:30:15.572Z] > git status -z -uall [9ms]
[2022-08-11T04:30:15.577Z] > git symbolic-ref --short HEAD [1ms]
[2022-08-11T04:30:15.582Z] > git for-each-ref --format=%(refname)%00%(upstream:short)%00%(objectname)%00%(upstream:track)%00%(upstream:remotename)%00%(upstream:remoteref) refs/heads/master refs/remotes/master [1ms]
[2022-08-11T04:30:15.591Z] > git for-each-ref --sort -committerdate --format %(refname) %(objectname) %(*objectname) [4ms]
[2022-08-11T04:30:15.592Z] > git remote --verbose [2ms]
[2022-08-11T04:30:15.620Z] > git config --get commit.template [1ms]
[2022-08-11T04:30:20.671Z] > git status -z -uall [33ms]
[2022-08-11T04:30:20.686Z] > git symbolic-ref --short HEAD [3ms]
[2022-08-11T04:30:20.700Z] > git for-each-ref --format=%(refname)%00%(upstream:short)%00%(objectname)%00%(upstream:track)%00%(upstream:remotename)%00%(upstream:remoteref) refs/heads/master refs/remotes/master [3ms]
[2022-08-11T04:30:20.724Z] > git for-each-ref --sort -committerdate --format %(refname) %(objectname) %(*objectname) [12ms]
[2022-08-11T04:30:20.725Z] > git remote --verbose [3ms]
[2022-08-11T04:30:20.778Z] > git config --get commit.template [9ms]
[2022-08-11T04:30:32.782Z] > git check-ignore -v -z --stdin [5ms]
[2022-08-11T04:30:35.270Z] > git status -z -uall [10ms]
[2022-08-11T04:30:35.276Z] > git symbolic-ref --short HEAD [1ms]
[2022-08-11T04:30:35.281Z] > git for-each-ref --format=%(refname)%00%(upstream:short)%00%(objectname)%00%(upstream:track)%00%(upstream:remotename)%00%(upstream:remoteref) refs/heads/master refs/remotes/master [1ms]
[2022-08-11T04:30:35.290Z] > git for-each-ref --sort -committerdate --format %(refname) %(objectname) %(*objectname) [5ms]
[2022-08-11T04:30:35.290Z] > git remote --verbose [1ms]
[2022-08-11T04:30:35.312Z] > git config --get commit.template [0ms]
[2022-08-11T04:30:40.713Z] > git status -z -uall [10ms]
[2022-08-11T04:30:40.718Z] > git symbolic-ref --short HEAD [0ms]
[2022-08-11T04:30:40.724Z] > git for-each-ref --format=%(refname)%00%(upstream:short)%00%(objectname)%00%(upstream:track)%00%(upstream:remotename)%00%(upstream:remoteref) refs/heads/master refs/remotes/master [2ms]
[2022-08-11T04:30:40.735Z] > git for-each-ref --sort -committerdate --format %(refname) %(objectname) %(*objectname) [6ms]
[2022-08-11T04:30:40.735Z] > git remote --verbose [1ms]
[2022-08-11T04:30:40.783Z] > git config --get commit.template [10ms]
