[2022-08-10 23:27:54.241] [exthost] [info] Extension host with pid 41121 started
[2022-08-10 23:27:54.241] [exthost] [info] Skipping acquiring lock for /home/manu320/.config/Code - OSS/User/workspaceStorage/6a7bad11e60a69ed78162b22e93f74f1.
[2022-08-10 23:27:54.321] [exthost] [info] ExtensionService#_doActivateExtension vscode.configuration-editing, startup: false, activationEvent: 'onLanguage:jsonc'
[2022-08-10 23:27:54.324] [exthost] [info] ExtensionService#_doActivateExtension vscode.json-language-features, startup: false, activationEvent: 'onLanguage:jsonc'
[2022-08-10 23:27:54.354] [exthost] [info] ExtensionService#_doActivateExtension vscode.typescript-language-features, startup: false, activationEvent: 'onLanguage:jsonc'
[2022-08-10 23:27:54.368] [exthost] [info] ExtensionService#_doActivateExtension vscode.debug-auto-launch, startup: true, activationEvent: '*'
[2022-08-10 23:27:54.371] [exthost] [info] ExtensionService#_doActivateExtension vscode.git-base, startup: true, activationEvent: '*', root cause: vscode.git
[2022-08-10 23:27:54.375] [exthost] [info] ExtensionService#_doActivateExtension vscode.ipynb, startup: true, activationEvent: '*'
[2022-08-10 23:27:54.381] [exthost] [info] ExtensionService#_doActivateExtension ecmel.vscode-html-css, startup: true, activationEvent: '*'
[2022-08-10 23:27:54.418] [exthost] [info] ExtensionService#_doActivateExtension formulahendry.auto-close-tag, startup: true, activationEvent: '*'
[2022-08-10 23:27:54.419] [exthost] [info] ExtensionService#_doActivateExtension formulahendry.auto-rename-tag, startup: true, activationEvent: '*'
[2022-08-10 23:27:54.432] [exthost] [info] ExtensionService#_doActivateExtension Zignd.html-css-class-completion, startup: true, activationEvent: '*'
[2022-08-10 23:27:54.610] [exthost] [info] ExtensionService#_doActivateExtension vscode.git, startup: true, activationEvent: '*'
[2022-08-10 23:27:54.651] [exthost] [info] ExtensionService#_doActivateExtension vscode.github, startup: true, activationEvent: '*'
[2022-08-10 23:27:54.853] [exthost] [warning] [Decorations] CAPPING events from decorations provider vscode.git 1283
[2022-08-10 23:27:55.427] [exthost] [info] Eager extensions activated
[2022-08-10 23:27:55.454] [exthost] [error] {"message":"Git error","stdout":"","stderr":"fatal: Pathspec '/home/manu320/.config/Qtile-config/dotfiles/zathura/catppuccin' is in submodule 'Qtile-config'\n","exitCode":128,"gitErrorCode":"IsInSubmodule"}
[2022-08-10 23:27:55.454] [exthost] [error] {"message":"Git error","stdout":"","stderr":"fatal: Pathspec '/home/manu320/.config/Qtile-config/dotfiles/zathura/catppuccin' is in submodule 'Qtile-config'\n","exitCode":128,"gitErrorCode":"IsInSubmodule"}
[2022-08-10 23:27:55.454] [exthost] [error] {"message":"Git error","stdout":"","stderr":"fatal: Pathspec '/home/manu320/.config/Qtile-config/dotfiles/zathura/catppuccin' is in submodule 'Qtile-config'\n","exitCode":128,"gitErrorCode":"IsInSubmodule"}
[2022-08-10 23:27:55.454] [exthost] [error] {"message":"Git error","stdout":"","stderr":"fatal: Pathspec '/home/manu320/.config/Qtile-config/dotfiles/zathura/catppuccin' is in submodule 'Qtile-config'\n","exitCode":128,"gitErrorCode":"IsInSubmodule"}
[2022-08-10 23:27:55.454] [exthost] [error] {"message":"Git error","stdout":"","stderr":"fatal: Pathspec '/home/manu320/.config/Qtile-config/dotfiles/zathura/catppuccin' is in submodule 'Qtile-config'\n","exitCode":128,"gitErrorCode":"IsInSubmodule"}
[2022-08-10 23:27:55.454] [exthost] [error] {"message":"Git error","stdout":"","stderr":"fatal: Pathspec '/home/manu320/.config/Qtile-config/dotfiles/zathura/catppuccin' is in submodule 'Qtile-config'\n","exitCode":128,"gitErrorCode":"IsInSubmodule"}
[2022-08-10 23:27:55.454] [exthost] [error] {"message":"Git error","stdout":"","stderr":"fatal: Pathspec '/home/manu320/.config/Qtile-config/dotfiles/zathura/catppuccin' is in submodule 'Qtile-config'\n","exitCode":128,"gitErrorCode":"IsInSubmodule"}
[2022-08-10 23:27:55.454] [exthost] [error] {"message":"Git error","stdout":"","stderr":"fatal: Pathspec '/home/manu320/.config/Qtile-config/dotfiles/zathura/catppuccin' is in submodule 'Qtile-config'\n","exitCode":128,"gitErrorCode":"IsInSubmodule"}
[2022-08-10 23:27:55.454] [exthost] [error] {"message":"Git error","stdout":"","stderr":"fatal: Pathspec '/home/manu320/.config/Qtile-config/dotfiles/zathura/catppuccin' is in submodule 'Qtile-config'\n","exitCode":128,"gitErrorCode":"IsInSubmodule"}
[2022-08-10 23:27:55.454] [exthost] [error] {"message":"Git error","stdout":"","stderr":"fatal: Pathspec '/home/manu320/.config/Qtile-config/dotfiles/zathura/catppuccin' is in submodule 'Qtile-config'\n","exitCode":128,"gitErrorCode":"IsInSubmodule"}
[2022-08-10 23:27:55.454] [exthost] [error] {"message":"Git error","stdout":"","stderr":"fatal: Pathspec '/home/manu320/.config/Qtile-config/dotfiles/zathura/catppuccin' is in submodule 'Qtile-config'\n","exitCode":128,"gitErrorCode":"IsInSubmodule"}
[2022-08-10 23:27:55.454] [exthost] [error] {"message":"Git error","stdout":"","stderr":"fatal: Pathspec '/home/manu320/.config/Qtile-config/dotfiles/zathura/catppuccin' is in submodule 'Qtile-config'\n","exitCode":128,"gitErrorCode":"IsInSubmodule"}
[2022-08-10 23:27:55.454] [exthost] [error] {"message":"Git error","stdout":"","stderr":"fatal: Pathspec '/home/manu320/.config/Qtile-config/dotfiles/zathura/catppuccin' is in submodule 'Qtile-config'\n","exitCode":128,"gitErrorCode":"IsInSubmodule"}
[2022-08-10 23:27:55.454] [exthost] [error] {"message":"Git error","stdout":"","stderr":"fatal: Pathspec '/home/manu320/.config/Qtile-config/dotfiles/zathura/catppuccin' is in submodule 'Qtile-config'\n","exitCode":128,"gitErrorCode":"IsInSubmodule"}
[2022-08-10 23:27:55.454] [exthost] [error] {"message":"Git error","stdout":"","stderr":"fatal: Pathspec '/home/manu320/.config/Qtile-config/dotfiles/zathura/catppuccin' is in submodule 'Qtile-config'\n","exitCode":128,"gitErrorCode":"IsInSubmodule"}
[2022-08-10 23:27:55.454] [exthost] [error] {"message":"Git error","stdout":"","stderr":"fatal: Pathspec '/home/manu320/.config/Qtile-config/dotfiles/zathura/catppuccin' is in submodule 'Qtile-config'\n","exitCode":128,"gitErrorCode":"IsInSubmodule"}
[2022-08-10 23:27:55.454] [exthost] [error] {"message":"Git error","stdout":"","stderr":"fatal: Pathspec '/home/manu320/.config/Qtile-config/dotfiles/zathura/catppuccin' is in submodule 'Qtile-config'\n","exitCode":128,"gitErrorCode":"IsInSubmodule"}
[2022-08-10 23:27:55.454] [exthost] [error] {"message":"Git error","stdout":"","stderr":"fatal: Pathspec '/home/manu320/.config/Qtile-config/dotfiles/zathura/catppuccin' is in submodule 'Qtile-config'\n","exitCode":128,"gitErrorCode":"IsInSubmodule"}
[2022-08-10 23:27:55.454] [exthost] [error] {"message":"Git error","stdout":"","stderr":"fatal: Pathspec '/home/manu320/.config/Qtile-config/dotfiles/zathura/catppuccin' is in submodule 'Qtile-config'\n","exitCode":128,"gitErrorCode":"IsInSubmodule"}
[2022-08-10 23:27:55.454] [exthost] [error] {"message":"Git error","stdout":"","stderr":"fatal: Pathspec '/home/manu320/.config/Qtile-config/dotfiles/zathura/catppuccin' is in submodule 'Qtile-config'\n","exitCode":128,"gitErrorCode":"IsInSubmodule"}
[2022-08-10 23:27:55.454] [exthost] [error] {"message":"Git error","stdout":"","stderr":"fatal: Pathspec '/home/manu320/.config/Qtile-config/dotfiles/zathura/catppuccin' is in submodule 'Qtile-config'\n","exitCode":128,"gitErrorCode":"IsInSubmodule"}
[2022-08-10 23:27:55.454] [exthost] [error] {"message":"Git error","stdout":"","stderr":"fatal: Pathspec '/home/manu320/.config/Qtile-config/dotfiles/zathura/catppuccin' is in submodule 'Qtile-config'\n","exitCode":128,"gitErrorCode":"IsInSubmodule"}
[2022-08-10 23:27:55.454] [exthost] [error] {"message":"Git error","stdout":"","stderr":"fatal: Pathspec '/home/manu320/.config/Qtile-config/dotfiles/zathura/catppuccin' is in submodule 'Qtile-config'\n","exitCode":128,"gitErrorCode":"IsInSubmodule"}
[2022-08-10 23:27:55.454] [exthost] [error] {"message":"Git error","stdout":"","stderr":"fatal: Pathspec '/home/manu320/.config/Qtile-config/dotfiles/zathura/catppuccin' is in submodule 'Qtile-config'\n","exitCode":128,"gitErrorCode":"IsInSubmodule"}
[2022-08-10 23:27:55.454] [exthost] [error] {"message":"Git error","stdout":"","stderr":"fatal: Pathspec '/home/manu320/.config/Qtile-config/dotfiles/zathura/catppuccin' is in submodule 'Qtile-config'\n","exitCode":128,"gitErrorCode":"IsInSubmodule"}
[2022-08-10 23:27:55.454] [exthost] [error] {"message":"Git error","stdout":"","stderr":"fatal: Pathspec '/home/manu320/.config/Qtile-config/dotfiles/zathura/catppuccin' is in submodule 'Qtile-config'\n","exitCode":128,"gitErrorCode":"IsInSubmodule"}
[2022-08-10 23:27:55.455] [exthost] [error] {"message":"Git error","stdout":"","stderr":"fatal: Pathspec '/home/manu320/.config/Qtile-config/dotfiles/zathura/catppuccin' is in submodule 'Qtile-config'\n","exitCode":128,"gitErrorCode":"IsInSubmodule"}
[2022-08-10 23:27:55.455] [exthost] [error] {"message":"Git error","stdout":"","stderr":"fatal: Pathspec '/home/manu320/.config/Qtile-config/dotfiles/zathura/catppuccin' is in submodule 'Qtile-config'\n","exitCode":128,"gitErrorCode":"IsInSubmodule"}
[2022-08-10 23:27:55.455] [exthost] [error] {"message":"Git error","stdout":"","stderr":"fatal: Pathspec '/home/manu320/.config/Qtile-config/dotfiles/zathura/catppuccin' is in submodule 'Qtile-config'\n","exitCode":128,"gitErrorCode":"IsInSubmodule"}
[2022-08-10 23:27:55.455] [exthost] [error] {"message":"Git error","stdout":"","stderr":"fatal: Pathspec '/home/manu320/.config/Qtile-config/dotfiles/zathura/catppuccin' is in submodule 'Qtile-config'\n","exitCode":128,"gitErrorCode":"IsInSubmodule"}
[2022-08-10 23:27:55.455] [exthost] [error] {"message":"Git error","stdout":"","stderr":"fatal: Pathspec '/home/manu320/.config/Qtile-config/dotfiles/zathura/catppuccin' is in submodule 'Qtile-config'\n","exitCode":128,"gitErrorCode":"IsInSubmodule"}
[2022-08-10 23:27:55.455] [exthost] [error] {"message":"Git error","stdout":"","stderr":"fatal: Pathspec '/home/manu320/.config/Qtile-config/dotfiles/zathura/catppuccin' is in submodule 'Qtile-config'\n","exitCode":128,"gitErrorCode":"IsInSubmodule"}
[2022-08-10 23:27:55.455] [exthost] [error] {"message":"Git error","stdout":"","stderr":"fatal: Pathspec '/home/manu320/.config/Qtile-config/dotfiles/zathura/catppuccin' is in submodule 'Qtile-config'\n","exitCode":128,"gitErrorCode":"IsInSubmodule"}
[2022-08-10 23:27:55.455] [exthost] [error] {"message":"Git error","stdout":"","stderr":"fatal: Pathspec '/home/manu320/.config/Qtile-config/dotfiles/zathura/catppuccin' is in submodule 'Qtile-config'\n","exitCode":128,"gitErrorCode":"IsInSubmodule"}
[2022-08-10 23:27:55.455] [exthost] [error] {"message":"Git error","stdout":"","stderr":"fatal: Pathspec '/home/manu320/.config/Qtile-config/dotfiles/zathura/catppuccin' is in submodule 'Qtile-config'\n","exitCode":128,"gitErrorCode":"IsInSubmodule"}
[2022-08-10 23:27:55.455] [exthost] [error] {"message":"Git error","stdout":"","stderr":"fatal: Pathspec '/home/manu320/.config/Qtile-config/dotfiles/zathura/catppuccin' is in submodule 'Qtile-config'\n","exitCode":128,"gitErrorCode":"IsInSubmodule"}
[2022-08-10 23:27:55.455] [exthost] [error] {"message":"Git error","stdout":"","stderr":"fatal: Pathspec '/home/manu320/.config/Qtile-config/dotfiles/zathura/catppuccin' is in submodule 'Qtile-config'\n","exitCode":128,"gitErrorCode":"IsInSubmodule"}
[2022-08-10 23:27:55.455] [exthost] [error] {"message":"Git error","stdout":"","stderr":"fatal: Pathspec '/home/manu320/.config/Qtile-config/dotfiles/zathura/catppuccin' is in submodule 'Qtile-config'\n","exitCode":128,"gitErrorCode":"IsInSubmodule"}
[2022-08-10 23:27:55.455] [exthost] [error] {"message":"Git error","stdout":"","stderr":"fatal: Pathspec '/home/manu320/.config/Qtile-config/dotfiles/zathura/catppuccin' is in submodule 'Qtile-config'\n","exitCode":128,"gitErrorCode":"IsInSubmodule"}
[2022-08-10 23:27:55.455] [exthost] [error] {"message":"Git error","stdout":"","stderr":"fatal: Pathspec '/home/manu320/.config/Qtile-config/dotfiles/zathura/catppuccin' is in submodule 'Qtile-config'\n","exitCode":128,"gitErrorCode":"IsInSubmodule"}
[2022-08-10 23:27:55.455] [exthost] [error] {"message":"Git error","stdout":"","stderr":"fatal: Pathspec '/home/manu320/.config/Qtile-config/dotfiles/zathura/catppuccin' is in submodule 'Qtile-config'\n","exitCode":128,"gitErrorCode":"IsInSubmodule"}
[2022-08-10 23:27:55.455] [exthost] [error] {"message":"Git error","stdout":"","stderr":"fatal: Pathspec '/home/manu320/.config/Qtile-config/dotfiles/zathura/catppuccin' is in submodule 'Qtile-config'\n","exitCode":128,"gitErrorCode":"IsInSubmodule"}
[2022-08-10 23:27:55.455] [exthost] [error] {"message":"Git error","stdout":"","stderr":"fatal: Pathspec '/home/manu320/.config/Qtile-config/dotfiles/zathura/catppuccin' is in submodule 'Qtile-config'\n","exitCode":128,"gitErrorCode":"IsInSubmodule"}
[2022-08-10 23:27:55.455] [exthost] [error] {"message":"Git error","stdout":"","stderr":"fatal: Pathspec '/home/manu320/.config/Qtile-config/dotfiles/zathura/catppuccin' is in submodule 'Qtile-config'\n","exitCode":128,"gitErrorCode":"IsInSubmodule"}
[2022-08-10 23:27:55.455] [exthost] [error] {"message":"Git error","stdout":"","stderr":"fatal: Pathspec '/home/manu320/.config/Qtile-config/dotfiles/zathura/catppuccin' is in submodule 'Qtile-config'\n","exitCode":128,"gitErrorCode":"IsInSubmodule"}
[2022-08-10 23:27:55.455] [exthost] [error] {"message":"Git error","stdout":"","stderr":"fatal: Pathspec '/home/manu320/.config/Qtile-config/dotfiles/zathura/catppuccin' is in submodule 'Qtile-config'\n","exitCode":128,"gitErrorCode":"IsInSubmodule"}
[2022-08-10 23:27:55.455] [exthost] [error] {"message":"Git error","stdout":"","stderr":"fatal: Pathspec '/home/manu320/.config/Qtile-config/dotfiles/zathura/catppuccin' is in submodule 'Qtile-config'\n","exitCode":128,"gitErrorCode":"IsInSubmodule"}
[2022-08-10 23:27:55.455] [exthost] [error] {"message":"Git error","stdout":"","stderr":"fatal: Pathspec '/home/manu320/.config/Qtile-config/dotfiles/zathura/catppuccin' is in submodule 'Qtile-config'\n","exitCode":128,"gitErrorCode":"IsInSubmodule"}
[2022-08-10 23:27:55.455] [exthost] [error] {"message":"Git error","stdout":"","stderr":"fatal: Pathspec '/home/manu320/.config/Qtile-config/dotfiles/zathura/catppuccin' is in submodule 'Qtile-config'\n","exitCode":128,"gitErrorCode":"IsInSubmodule"}
[2022-08-10 23:27:55.455] [exthost] [error] {"message":"Git error","stdout":"","stderr":"fatal: Pathspec '/home/manu320/.config/Qtile-config/dotfiles/zathura/catppuccin' is in submodule 'Qtile-config'\n","exitCode":128,"gitErrorCode":"IsInSubmodule"}
[2022-08-10 23:27:55.455] [exthost] [error] {"message":"Git error","stdout":"","stderr":"fatal: Pathspec '/home/manu320/.config/Qtile-config/dotfiles/zathura/catppuccin' is in submodule 'Qtile-config'\n","exitCode":128,"gitErrorCode":"IsInSubmodule"}
[2022-08-10 23:27:55.455] [exthost] [error] {"message":"Git error","stdout":"","stderr":"fatal: Pathspec '/home/manu320/.config/Qtile-config/dotfiles/zathura/catppuccin' is in submodule 'Qtile-config'\n","exitCode":128,"gitErrorCode":"IsInSubmodule"}
[2022-08-10 23:27:55.455] [exthost] [error] {"message":"Git error","stdout":"","stderr":"fatal: Pathspec '/home/manu320/.config/Qtile-config/dotfiles/zathura/catppuccin' is in submodule 'Qtile-config'\n","exitCode":128,"gitErrorCode":"IsInSubmodule"}
[2022-08-10 23:27:55.455] [exthost] [error] {"message":"Git error","stdout":"","stderr":"fatal: Pathspec '/home/manu320/.config/Qtile-config/dotfiles/zathura/catppuccin' is in submodule 'Qtile-config'\n","exitCode":128,"gitErrorCode":"IsInSubmodule"}
[2022-08-10 23:27:55.455] [exthost] [error] {"message":"Git error","stdout":"","stderr":"fatal: Pathspec '/home/manu320/.config/Qtile-config/dotfiles/zathura/catppuccin' is in submodule 'Qtile-config'\n","exitCode":128,"gitErrorCode":"IsInSubmodule"}
[2022-08-10 23:27:55.455] [exthost] [error] {"message":"Git error","stdout":"","stderr":"fatal: Pathspec '/home/manu320/.config/Qtile-config/dotfiles/zathura/catppuccin' is in submodule 'Qtile-config'\n","exitCode":128,"gitErrorCode":"IsInSubmodule"}
[2022-08-10 23:27:55.455] [exthost] [error] {"message":"Git error","stdout":"","stderr":"fatal: Pathspec '/home/manu320/.config/Qtile-config/dotfiles/zathura/catppuccin' is in submodule 'Qtile-config'\n","exitCode":128,"gitErrorCode":"IsInSubmodule"}
[2022-08-10 23:27:55.455] [exthost] [error] {"message":"Git error","stdout":"","stderr":"fatal: Pathspec '/home/manu320/.config/Qtile-config/dotfiles/zathura/catppuccin' is in submodule 'Qtile-config'\n","exitCode":128,"gitErrorCode":"IsInSubmodule"}
[2022-08-10 23:27:55.455] [exthost] [error] {"message":"Git error","stdout":"","stderr":"fatal: Pathspec '/home/manu320/.config/Qtile-config/dotfiles/zathura/catppuccin' is in submodule 'Qtile-config'\n","exitCode":128,"gitErrorCode":"IsInSubmodule"}
[2022-08-10 23:27:55.455] [exthost] [error] {"message":"Git error","stdout":"","stderr":"fatal: Pathspec '/home/manu320/.config/Qtile-config/dotfiles/zathura/catppuccin' is in submodule 'Qtile-config'\n","exitCode":128,"gitErrorCode":"IsInSubmodule"}
[2022-08-10 23:27:55.455] [exthost] [error] {"message":"Git error","stdout":"","stderr":"fatal: Pathspec '/home/manu320/.config/Qtile-config/dotfiles/zathura/catppuccin' is in submodule 'Qtile-config'\n","exitCode":128,"gitErrorCode":"IsInSubmodule"}
[2022-08-10 23:27:55.455] [exthost] [error] {"message":"Git error","stdout":"","stderr":"fatal: Pathspec '/home/manu320/.config/Qtile-config/dotfiles/zathura/catppuccin' is in submodule 'Qtile-config'\n","exitCode":128,"gitErrorCode":"IsInSubmodule"}
[2022-08-10 23:27:55.455] [exthost] [error] {"message":"Git error","stdout":"","stderr":"fatal: Pathspec '/home/manu320/.config/Qtile-config/dotfiles/zathura/catppuccin' is in submodule 'Qtile-config'\n","exitCode":128,"gitErrorCode":"IsInSubmodule"}
[2022-08-10 23:27:55.455] [exthost] [error] {"message":"Git error","stdout":"","stderr":"fatal: Pathspec '/home/manu320/.config/Qtile-config/dotfiles/zathura/catppuccin' is in submodule 'Qtile-config'\n","exitCode":128,"gitErrorCode":"IsInSubmodule"}
[2022-08-10 23:27:55.455] [exthost] [error] {"message":"Git error","stdout":"","stderr":"fatal: Pathspec '/home/manu320/.config/Qtile-config/dotfiles/zathura/catppuccin' is in submodule 'Qtile-config'\n","exitCode":128,"gitErrorCode":"IsInSubmodule"}
[2022-08-10 23:27:55.455] [exthost] [error] {"message":"Git error","stdout":"","stderr":"fatal: Pathspec '/home/manu320/.config/Qtile-config/dotfiles/zathura/catppuccin' is in submodule 'Qtile-config'\n","exitCode":128,"gitErrorCode":"IsInSubmodule"}
[2022-08-10 23:27:55.455] [exthost] [error] {"message":"Git error","stdout":"","stderr":"fatal: Pathspec '/home/manu320/.config/Qtile-config/dotfiles/zathura/catppuccin' is in submodule 'Qtile-config'\n","exitCode":128,"gitErrorCode":"IsInSubmodule"}
[2022-08-10 23:27:55.455] [exthost] [error] {"message":"Git error","stdout":"","stderr":"fatal: Pathspec '/home/manu320/.config/Qtile-config/dotfiles/zathura/catppuccin' is in submodule 'Qtile-config'\n","exitCode":128,"gitErrorCode":"IsInSubmodule"}
[2022-08-10 23:27:55.455] [exthost] [error] {"message":"Git error","stdout":"","stderr":"fatal: Pathspec '/home/manu320/.config/Qtile-config/dotfiles/zathura/catppuccin' is in submodule 'Qtile-config'\n","exitCode":128,"gitErrorCode":"IsInSubmodule"}
[2022-08-10 23:27:55.455] [exthost] [error] {"message":"Git error","stdout":"","stderr":"fatal: Pathspec '/home/manu320/.config/Qtile-config/dotfiles/zathura/catppuccin' is in submodule 'Qtile-config'\n","exitCode":128,"gitErrorCode":"IsInSubmodule"}
[2022-08-10 23:27:55.455] [exthost] [error] {"message":"Git error","stdout":"","stderr":"fatal: Pathspec '/home/manu320/.config/Qtile-config/dotfiles/zathura/catppuccin' is in submodule 'Qtile-config'\n","exitCode":128,"gitErrorCode":"IsInSubmodule"}
[2022-08-10 23:27:55.455] [exthost] [error] {"message":"Git error","stdout":"","stderr":"fatal: Pathspec '/home/manu320/.config/Qtile-config/dotfiles/zathura/catppuccin' is in submodule 'Qtile-config'\n","exitCode":128,"gitErrorCode":"IsInSubmodule"}
[2022-08-10 23:27:55.455] [exthost] [error] {"message":"Git error","stdout":"","stderr":"fatal: Pathspec '/home/manu320/.config/Qtile-config/dotfiles/zathura/catppuccin' is in submodule 'Qtile-config'\n","exitCode":128,"gitErrorCode":"IsInSubmodule"}
[2022-08-10 23:27:55.455] [exthost] [error] {"message":"Git error","stdout":"","stderr":"fatal: Pathspec '/home/manu320/.config/Qtile-config/dotfiles/zathura/catppuccin' is in submodule 'Qtile-config'\n","exitCode":128,"gitErrorCode":"IsInSubmodule"}
[2022-08-10 23:27:55.525] [exthost] [warning] [Decorations] CAPPING events from decorations provider vscode.git 1283
[2022-08-10 23:27:55.567] [exthost] [info] ExtensionService#_doActivateExtension vscode.emmet, startup: false, activationEvent: 'onStartupFinished'
[2022-08-10 23:27:55.575] [exthost] [info] ExtensionService#_doActivateExtension vscode.merge-conflict, startup: false, activationEvent: 'onStartupFinished'
[2022-08-10 23:27:55.576] [exthost] [info] ExtensionService#_doActivateExtension esbenp.prettier-vscode, startup: false, activationEvent: 'onStartupFinished'
[2022-08-10 23:27:55.612] [exthost] [info] ExtensionService#_doActivateExtension ritwickdey.LiveServer, startup: false, activationEvent: 'onStartupFinished'
[2022-08-10 23:27:58.291] [exthost] [warning] [Decorations] CAPPING events from decorations provider vscode.git 1284
[2022-08-10 23:28:03.427] [exthost] [warning] [Decorations] CAPPING events from decorations provider vscode.git 1284
[2022-08-10 23:28:15.499] [exthost] [warning] [Decorations] CAPPING events from decorations provider vscode.git 1284
[2022-08-10 23:28:20.567] [exthost] [warning] [Decorations] CAPPING events from decorations provider vscode.git 1284
[2022-08-10 23:30:15.613] [exthost] [warning] [Decorations] CAPPING events from decorations provider vscode.git 1284
[2022-08-10 23:30:20.763] [exthost] [warning] [Decorations] CAPPING events from decorations provider vscode.git 1284
[2022-08-10 23:30:35.303] [exthost] [warning] [Decorations] CAPPING events from decorations provider vscode.git 1285
[2022-08-10 23:30:40.765] [exthost] [warning] [Decorations] CAPPING events from decorations provider vscode.git 1285
[2022-08-10 23:30:42.153] [exthost] [info] Extension host terminating: received terminate message from renderer
[2022-08-10 23:30:42.170] [exthost] [info] Extension host with pid 41121 exiting with code 0
