[2022-08-11T04:12:21.652Z] Log level: Info
[2022-08-11T04:12:21.654Z] [info] Validating found git in: git
[2022-08-11T04:12:21.670Z] [info] Using git 2.37.1 from git
[2022-08-11T04:12:21.689Z] > git rev-parse --show-toplevel [4ms]
[2022-08-11T04:12:21.699Z] > git rev-parse --git-dir --git-common-dir [1ms]
[2022-08-11T04:12:21.704Z] [info] Open repository: /home/manu320/.config
[2022-08-11T04:12:21.725Z] > git status -z -uall [12ms]
[2022-08-11T04:12:21.737Z] > git symbolic-ref --short HEAD [4ms]
[2022-08-11T04:12:21.747Z] > git for-each-ref --format=%(refname)%00%(upstream:short)%00%(objectname)%00%(upstream:track)%00%(upstream:remotename)%00%(upstream:remoteref) refs/heads/master refs/remotes/master [2ms]
[2022-08-11T04:12:21.763Z] > git for-each-ref --sort -committerdate --format %(refname) %(objectname) %(*objectname) [8ms]
[2022-08-11T04:12:21.764Z] > git remote --verbose [3ms]
[2022-08-11T04:12:22.265Z] > git check-ignore -v -z --stdin [4ms]
[2022-08-11T04:12:22.268Z] > git config --get commit.template [42ms]
[2022-08-11T04:12:22.282Z] > git status -z -uall [9ms]
[2022-08-11T04:12:22.290Z] > git symbolic-ref --short HEAD [1ms]
[2022-08-11T04:12:22.460Z] > git for-each-ref --format=%(refname)%00%(upstream:short)%00%(objectname)%00%(upstream:track)%00%(upstream:remotename)%00%(upstream:remoteref) refs/heads/master refs/remotes/master [164ms]
[2022-08-11T04:12:22.471Z] > git for-each-ref --sort -committerdate --format %(refname) %(objectname) %(*objectname) [6ms]
[2022-08-11T04:12:22.472Z] > git remote --verbose [2ms]
[2022-08-11T04:12:22.569Z] > git config --get commit.template [58ms]
[2022-08-11T04:12:24.682Z] > git status -z -uall [26ms]
[2022-08-11T04:12:24.700Z] > git symbolic-ref --short HEAD [3ms]
[2022-08-11T04:12:24.718Z] > git for-each-ref --format=%(refname)%00%(upstream:short)%00%(objectname)%00%(upstream:track)%00%(upstream:remotename)%00%(upstream:remoteref) refs/heads/master refs/remotes/master [4ms]
[2022-08-11T04:12:24.747Z] > git for-each-ref --sort -committerdate --format %(refname) %(objectname) %(*objectname) [15ms]
[2022-08-11T04:12:24.749Z] > git remote --verbose [3ms]
[2022-08-11T04:12:24.791Z] > git config --get commit.template [5ms]
[2022-08-11T04:12:25.672Z] > git show --textconv :qtile/config.py [149ms]
[2022-08-11T04:12:25.672Z] > git ls-files --stage -- /home/manu320/.config/qtile/config.py [144ms]
[2022-08-11T04:12:25.695Z] > git cat-file -s 111e8966e2f429bf78017ba61116c659bab33a4b [17ms]
[2022-08-11T04:12:29.810Z] > git status -z -uall [11ms]
[2022-08-11T04:12:29.824Z] > git symbolic-ref --short HEAD [2ms]
[2022-08-11T04:12:29.837Z] > git for-each-ref --format=%(refname)%00%(upstream:short)%00%(objectname)%00%(upstream:track)%00%(upstream:remotename)%00%(upstream:remoteref) refs/heads/master refs/remotes/master [2ms]
[2022-08-11T04:12:29.864Z] > git remote --verbose [6ms]
[2022-08-11T04:12:29.865Z] > git for-each-ref --sort -committerdate --format %(refname) %(objectname) %(*objectname) [17ms]
[2022-08-11T04:12:29.905Z] > git config --get commit.template [1ms]
[2022-08-11T04:12:34.919Z] > git status -z -uall [7ms]
[2022-08-11T04:12:34.927Z] > git symbolic-ref --short HEAD [1ms]
[2022-08-11T04:12:34.934Z] > git for-each-ref --format=%(refname)%00%(upstream:short)%00%(objectname)%00%(upstream:track)%00%(upstream:remotename)%00%(upstream:remoteref) refs/heads/master refs/remotes/master [1ms]
[2022-08-11T04:12:34.949Z] > git for-each-ref --sort -committerdate --format %(refname) %(objectname) %(*objectname) [7ms]
[2022-08-11T04:12:34.949Z] > git remote --verbose [1ms]
[2022-08-11T04:12:34.985Z] > git config --get commit.template [3ms]
[2022-08-11T04:12:40.006Z] > git status -z -uall [11ms]
[2022-08-11T04:12:40.015Z] > git symbolic-ref --short HEAD [1ms]
[2022-08-11T04:12:40.027Z] > git for-each-ref --format=%(refname)%00%(upstream:short)%00%(objectname)%00%(upstream:track)%00%(upstream:remotename)%00%(upstream:remoteref) refs/heads/master refs/remotes/master [1ms]
[2022-08-11T04:12:40.046Z] > git for-each-ref --sort -committerdate --format %(refname) %(objectname) %(*objectname) [10ms]
[2022-08-11T04:12:40.047Z] > git remote --verbose [3ms]
[2022-08-11T04:12:40.085Z] > git config --get commit.template [5ms]
[2022-08-11T04:12:45.112Z] > git status -z -uall [7ms]
[2022-08-11T04:12:45.120Z] > git symbolic-ref --short HEAD [2ms]
[2022-08-11T04:12:45.127Z] > git for-each-ref --format=%(refname)%00%(upstream:short)%00%(objectname)%00%(upstream:track)%00%(upstream:remotename)%00%(upstream:remoteref) refs/heads/master refs/remotes/master [1ms]
[2022-08-11T04:12:45.139Z] > git for-each-ref --sort -committerdate --format %(refname) %(objectname) %(*objectname) [6ms]
[2022-08-11T04:12:45.139Z] > git remote --verbose [1ms]
[2022-08-11T04:12:45.163Z] > git config --get commit.template [3ms]
[2022-08-11T04:12:50.219Z] > git status -z -uall [29ms]
[2022-08-11T04:12:50.247Z] > git symbolic-ref --short HEAD [4ms]
[2022-08-11T04:12:50.274Z] > git for-each-ref --format=%(refname)%00%(upstream:short)%00%(objectname)%00%(upstream:track)%00%(upstream:remotename)%00%(upstream:remoteref) refs/heads/master refs/remotes/master [4ms]
[2022-08-11T04:12:50.309Z] > git for-each-ref --sort -committerdate --format %(refname) %(objectname) %(*objectname) [18ms]
[2022-08-11T04:12:50.310Z] > git remote --verbose [2ms]
[2022-08-11T04:12:50.350Z] > git config --get commit.template [1ms]
