Code - OSS (1.70.0, undefined, desktop)
Jupyter Extension Version: 2022.8.1002170547.
Python Extension Version: 2022.12.0.
Workspace folder /home/manu320/.config
info 23:12:25.692: ZMQ install verified.
error 23:12:26.165: Failure during activation. Error: Extension 'ms-toolsai.jupyter' CANNOT use API proposal: notebookCellExecutionState.
Its package.json#enabledApiProposals-property declares:  but NOT notebookCellExecutionState.
 The missing proposal MUST be added and you must start in extension development mode or use the following command line switch: --enable-proposed-api ms-toolsai.jupyter
    at g (/usr/lib/code/out/vs/workbench/api/node/extensionHostProcess.js:83:68123)
    at d.onDidChangeNotebookCellExecutionState (/usr/lib/code/out/vs/workbench/api/node/extensionHostProcess.js:106:52770)
    at new f (/home/manu320/.vscode-oss/extensions/ms-toolsai.jupyter-2022.8.1002170547/out/extension.node.js:2:308606)
    at Object.t.resolveInstance (/home/manu320/.vscode-oss/extensions/ms-toolsai.jupyter-2022.8.1002170547/out/extension.node.js:17:1395108)
    at /home/manu320/.vscode-oss/extensions/ms-toolsai.jupyter-2022.8.1002170547/out/extension.node.js:17:1397046
    at /home/manu320/.vscode-oss/extensions/ms-toolsai.jupyter-2022.8.1002170547/out/extension.node.js:17:1395964
    at Array.map (<anonymous>)
    at /home/manu320/.vscode-oss/extensions/ms-toolsai.jupyter-2022.8.1002170547/out/extension.node.js:17:1395936
    at Array.map (<anonymous>)
    at Object.t.resolveInstance (/home/manu320/.vscode-oss/extensions/ms-toolsai.jupyter-2022.8.1002170547/out/extension.node.js:17:1394882)
    at /home/manu320/.vscode-oss/extensions/ms-toolsai.jupyter-2022.8.1002170547/out/extension.node.js:17:1397046
    at Object.t.resolve (/home/manu320/.vscode-oss/extensions/ms-toolsai.jupyter-2022.8.1002170547/out/extension.node.js:17:1397309)
    at /home/manu320/.vscode-oss/extensions/ms-toolsai.jupyter-2022.8.1002170547/out/extension.node.js:17:1380722
    at e._get (/home/manu320/.vscode-oss/extensions/ms-toolsai.jupyter-2022.8.1002170547/out/extension.node.js:17:1380488)
    at e.get (/home/manu320/.vscode-oss/extensions/ms-toolsai.jupyter-2022.8.1002170547/out/extension.node.js:17:1379131)
    at a.get (/home/manu320/.vscode-oss/extensions/ms-toolsai.jupyter-2022.8.1002170547/out/extension.node.js:17:48723)
    at /home/manu320/.vscode-oss/extensions/ms-toolsai.jupyter-2022.8.1002170547/out/extension.node.js:17:2933890
error 23:12:26.194: sendStartupTelemetry() failed. Error: Extension 'ms-toolsai.jupyter' CANNOT use API proposal: notebookCellExecutionState.
Its package.json#enabledApiProposals-property declares:  but NOT notebookCellExecutionState.
 The missing proposal MUST be added and you must start in extension development mode or use the following command line switch: --enable-proposed-api ms-toolsai.jupyter
    at g (/usr/lib/code/out/vs/workbench/api/node/extensionHostProcess.js:83:68123)
    at d.onDidChangeNotebookCellExecutionState (/usr/lib/code/out/vs/workbench/api/node/extensionHostProcess.js:106:52770)
    at new f (/home/manu320/.vscode-oss/extensions/ms-toolsai.jupyter-2022.8.1002170547/out/extension.node.js:2:308606)
    at Object.t.resolveInstance (/home/manu320/.vscode-oss/extensions/ms-toolsai.jupyter-2022.8.1002170547/out/extension.node.js:17:1395108)
    at /home/manu320/.vscode-oss/extensions/ms-toolsai.jupyter-2022.8.1002170547/out/extension.node.js:17:1397046
    at /home/manu320/.vscode-oss/extensions/ms-toolsai.jupyter-2022.8.1002170547/out/extension.node.js:17:1395964
    at Array.map (<anonymous>)
    at /home/manu320/.vscode-oss/extensions/ms-toolsai.jupyter-2022.8.1002170547/out/extension.node.js:17:1395936
    at Array.map (<anonymous>)
    at Object.t.resolveInstance (/home/manu320/.vscode-oss/extensions/ms-toolsai.jupyter-2022.8.1002170547/out/extension.node.js:17:1394882)
    at /home/manu320/.vscode-oss/extensions/ms-toolsai.jupyter-2022.8.1002170547/out/extension.node.js:17:1397046
    at Object.t.resolve (/home/manu320/.vscode-oss/extensions/ms-toolsai.jupyter-2022.8.1002170547/out/extension.node.js:17:1397309)
    at /home/manu320/.vscode-oss/extensions/ms-toolsai.jupyter-2022.8.1002170547/out/extension.node.js:17:1380722
    at e._get (/home/manu320/.vscode-oss/extensions/ms-toolsai.jupyter-2022.8.1002170547/out/extension.node.js:17:1380488)
    at e.get (/home/manu320/.vscode-oss/extensions/ms-toolsai.jupyter-2022.8.1002170547/out/extension.node.js:17:1379131)
    at a.get (/home/manu320/.vscode-oss/extensions/ms-toolsai.jupyter-2022.8.1002170547/out/extension.node.js:17:48723)
    at /home/manu320/.vscode-oss/extensions/ms-toolsai.jupyter-2022.8.1002170547/out/extension.node.js:17:2933890
error 23:12:26.195: extension activation failed Error: Extension 'ms-toolsai.jupyter' CANNOT use API proposal: notebookCellExecutionState.
Its package.json#enabledApiProposals-property declares:  but NOT notebookCellExecutionState.
 The missing proposal MUST be added and you must start in extension development mode or use the following command line switch: --enable-proposed-api ms-toolsai.jupyter
    at g (/usr/lib/code/out/vs/workbench/api/node/extensionHostProcess.js:83:68123)
    at d.onDidChangeNotebookCellExecutionState (/usr/lib/code/out/vs/workbench/api/node/extensionHostProcess.js:106:52770)
    at new f (/home/manu320/.vscode-oss/extensions/ms-toolsai.jupyter-2022.8.1002170547/out/extension.node.js:2:308606)
    at Object.t.resolveInstance (/home/manu320/.vscode-oss/extensions/ms-toolsai.jupyter-2022.8.1002170547/out/extension.node.js:17:1395108)
    at /home/manu320/.vscode-oss/extensions/ms-toolsai.jupyter-2022.8.1002170547/out/extension.node.js:17:1397046
    at /home/manu320/.vscode-oss/extensions/ms-toolsai.jupyter-2022.8.1002170547/out/extension.node.js:17:1395964
    at Array.map (<anonymous>)
    at /home/manu320/.vscode-oss/extensions/ms-toolsai.jupyter-2022.8.1002170547/out/extension.node.js:17:1395936
    at Array.map (<anonymous>)
    at Object.t.resolveInstance (/home/manu320/.vscode-oss/extensions/ms-toolsai.jupyter-2022.8.1002170547/out/extension.node.js:17:1394882)
    at /home/manu320/.vscode-oss/extensions/ms-toolsai.jupyter-2022.8.1002170547/out/extension.node.js:17:1397046
    at Object.t.resolve (/home/manu320/.vscode-oss/extensions/ms-toolsai.jupyter-2022.8.1002170547/out/extension.node.js:17:1397309)
    at /home/manu320/.vscode-oss/extensions/ms-toolsai.jupyter-2022.8.1002170547/out/extension.node.js:17:1380722
    at e._get (/home/manu320/.vscode-oss/extensions/ms-toolsai.jupyter-2022.8.1002170547/out/extension.node.js:17:1380488)
    at e.get (/home/manu320/.vscode-oss/extensions/ms-toolsai.jupyter-2022.8.1002170547/out/extension.node.js:17:1379131)
    at a.get (/home/manu320/.vscode-oss/extensions/ms-toolsai.jupyter-2022.8.1002170547/out/extension.node.js:17:48723)
    at /home/manu320/.vscode-oss/extensions/ms-toolsai.jupyter-2022.8.1002170547/out/extension.node.js:17:2933890
error 23:12:26.196: Failed to active the Jupyter Extension Error: Extension 'ms-toolsai.jupyter' CANNOT use API proposal: notebookCellExecutionState.
Its package.json#enabledApiProposals-property declares:  but NOT notebookCellExecutionState.
 The missing proposal MUST be added and you must start in extension development mode or use the following command line switch: --enable-proposed-api ms-toolsai.jupyter
    at g (/usr/lib/code/out/vs/workbench/api/node/extensionHostProcess.js:83:68123)
    at d.onDidChangeNotebookCellExecutionState (/usr/lib/code/out/vs/workbench/api/node/extensionHostProcess.js:106:52770)
    at new f (/home/manu320/.vscode-oss/extensions/ms-toolsai.jupyter-2022.8.1002170547/out/extension.node.js:2:308606)
    at Object.t.resolveInstance (/home/manu320/.vscode-oss/extensions/ms-toolsai.jupyter-2022.8.1002170547/out/extension.node.js:17:1395108)
    at /home/manu320/.vscode-oss/extensions/ms-toolsai.jupyter-2022.8.1002170547/out/extension.node.js:17:1397046
    at /home/manu320/.vscode-oss/extensions/ms-toolsai.jupyter-2022.8.1002170547/out/extension.node.js:17:1395964
    at Array.map (<anonymous>)
    at /home/manu320/.vscode-oss/extensions/ms-toolsai.jupyter-2022.8.1002170547/out/extension.node.js:17:1395936
    at Array.map (<anonymous>)
    at Object.t.resolveInstance (/home/manu320/.vscode-oss/extensions/ms-toolsai.jupyter-2022.8.1002170547/out/extension.node.js:17:1394882)
    at /home/manu320/.vscode-oss/extensions/ms-toolsai.jupyter-2022.8.1002170547/out/extension.node.js:17:1397046
    at Object.t.resolve (/home/manu320/.vscode-oss/extensions/ms-toolsai.jupyter-2022.8.1002170547/out/extension.node.js:17:1397309)
    at /home/manu320/.vscode-oss/extensions/ms-toolsai.jupyter-2022.8.1002170547/out/extension.node.js:17:1380722
    at e._get (/home/manu320/.vscode-oss/extensions/ms-toolsai.jupyter-2022.8.1002170547/out/extension.node.js:17:1380488)
    at e.get (/home/manu320/.vscode-oss/extensions/ms-toolsai.jupyter-2022.8.1002170547/out/extension.node.js:17:1379131)
    at a.get (/home/manu320/.vscode-oss/extensions/ms-toolsai.jupyter-2022.8.1002170547/out/extension.node.js:17:48723)
    at /home/manu320/.vscode-oss/extensions/ms-toolsai.jupyter-2022.8.1002170547/out/extension.node.js:17:2933890
info 23:12:51.577: Shutting down notebooks for 83add3bc-eef3-4d56-ab11-18675fab40c2
info 23:12:51.577: Disposing HostJupyterExecution 090ff558-4059-4a90-959f-e135b6ab2091
info 23:12:51.577: Disposing super HostJupyterExecution 090ff558-4059-4a90-959f-e135b6ab2091
info 23:12:51.578: Disposing HostJupyterExecution 090ff558-4059-4a90-959f-e135b6ab2091
info 23:12:51.578: Finished disposing HostJupyterExecution  090ff558-4059-4a90-959f-e135b6ab2091
info 23:12:51.580: Cleaning up server cache 090ff558-4059-4a90-959f-e135b6ab2091
info 23:12:51.582: Finished disposing HostJupyterExecution  090ff558-4059-4a90-959f-e135b6ab2091
