[3077][1661540708236][main][info]["Booting Postman 9.27.0, linux-5.19.3-arch1-1 on x64"]
[3077][1661540708239][main][info]["EventBus~initialize - Success"]
[3077][1661540708241][main][info]["Proxy configuration has not been setup"]
[3077][1661540708241][main][info]["CloudProxyManager~init - Success"]
[3077][1661540708251][main][info]["UpdateHandler~init - Success"]
[3077][1661540708255][main][info]["LeaderSelection: Initialized successfully"]
[3077][1661540708256][main][info]["VersionDependencyService: Initialized successfully"]
[3077][1661540708273][main][info]["LinuxAutoUpdater~Cleanup - Initial cleanup successful"]
[3077][1661540708277][main][info]["Generated root certificate for linux"]
[3077][1661540708305][main][info]["GPU detected VID 4318 DID 8016 ACTIVE true"]
[3077][1661540709406][main][info]["RuntimeIPCAgent~started: Success"]
[3077][1661540711535][main][info]["UpdateHandler~app-update-events - Received event",{"name":"checkForElectronVersionUpdated","namespace":"appUpdate"}]
[3077][1661540711550][main][info]["windowManager: First requester booted successfully."]
[3077][1661540711551][main][info]["windowManager~restoreWindows: Restoring requester windows"]
[3077][1661540711551][main][info]["Main~AppEvents - Received booted event for process requester.Version undefined UI Version: undefined Desktop Platform Version: 9.27.0"]
[3077][1661540713342][main][info]["VersionDependencyService: Resetting UI version as user logged out/switched account"]
[3077][1661540713343][main][info]["Main - model-events~user - (users, add) received"]
[3077][1661540713746][main][warn]["AuthHandler~open: Current app is not default protocol client - Falling back to polling mechanism."]
[3077][1661540733599][main][info]["UpdateHandler~app-update-events - Received event",{"name":"checkForElectronVersionUpdated","namespace":"appUpdate"}]
[3077][1661540733616][main][info]["windowManager: First requester booted successfully."]
[3077][1661540733616][main][info]["windowManager~restoreWindows: Restoring requester windows"]
[3077][1661540733617][main][info]["Main~AppEvents - Received booted event for process requester.Version 9.28.4 UI Version: 9.28.4-ui-220818-1440 Desktop Platform Version: 9.27.0"]
[3077][1661540733786][main][info]["Main - model-events~user - (authentication, get_auth_info) received"]
[3077][1661540733787][main][info]["Main - model-events~user - (authentication, authenticated) received"]
[3077][1661540734088][main][info]["Main - model-events~user - (user, update) received"]
[3077][1661540736669][main][info]["UpdateHandler~app-update-events - Received event",{"name":"checkForElectronVersionUpdated","namespace":"appUpdate"}]
[3077][1661540736688][main][info]["Main~AppEvents - Received booted event for process requester.Version 9.28.4 UI Version: 9.28.4-ui-220818-1440 Desktop Platform Version: 9.27.0"]
[3077][1661540736918][main][info]["Main - model-events~user - (authentication, get_auth_info) received"]
[3077][1661540736919][main][info]["Main - model-events~user - (authentication, authenticated) received"]
[3077][1661540737870][main][info]["Main - model-events~user - (user, update) received"]
[3077][1661540738167][main][info]["Main - model-events~user - (user, bootstrapUser) received"]
[3077][1661540738298][main][info]["Main - model-events~user - (user, bootstrapUser) received"]
[3077][1661540747075][main][info]["UpdateHandler~app-update-events - Received event",{"name":"updateElectron","namespace":"appUpdate","data":{"channel":"stable","version":"9.27.0","downloadVersion":"9.29.0","appId":"96b85534-f75e-4341-a8e9-834f39550df2","userAgent":"Mozilla/5.0 (X11; Linux x86_64) AppleWebKit/537.36 (KHTML, like Gecko) Postman/9.27.0 Chrome/94.0.4606.81 Electron/15.5.7 Safari/537.36","platform":"LINUX","arch":"64","downloadURL":"https://dl.pstmn.io/download/version/9.29.0/linux_64","updateServerDomain":"https://dl.pstmn.io/","additionalParamsString":"installationId=96b85534-f75e-4341-a8e9-834f39550df2&userId=13669996&syncEnabled=true&teamPlan=&teamId=0","userId":"13669996"}}]
[3077][1661540747075][main][info]["LinuxUpdater~downloadUpdate - UpdateInfo received",{"channel":"stable","version":"9.27.0","downloadVersion":"9.29.0","appId":"96b85534-f75e-4341-a8e9-834f39550df2","userAgent":"Mozilla/5.0 (X11; Linux x86_64) AppleWebKit/537.36 (KHTML, like Gecko) Postman/9.27.0 Chrome/94.0.4606.81 Electron/15.5.7 Safari/537.36","platform":"LINUX","arch":"64","downloadURL":"https://dl.pstmn.io/download/version/9.29.0/linux_64","updateServerDomain":"https://dl.pstmn.io/","additionalParamsString":"installationId=96b85534-f75e-4341-a8e9-834f39550df2&userId=13669996&syncEnabled=true&teamPlan=&teamId=0","userId":"13669996"}]
[3077][1661540747220][main][info]["@postman/app-updater: error",{"errno":-13,"code":"EACCES","syscall":"open","path":"/opt/postman/Postman-1661540747075.tar.gz","name":"Error","message":"EACCES: permission denied, open '/opt/postman/Postman-1661540747075.tar.gz'","stack":"Error: EACCES: permission denied, open '/opt/postman/Postman-1661540747075.tar.gz'"},{"packageName":"Postman","eID":"Postman-1661540747075","downloadURL":"https://dl.pstmn.io/download/version/9.29.0/linux_64","downloadDirectory":"/opt/postman","downloadInfo":{"status":"DOWNLOAD_ERROR","error":{"errno":-13,"code":"EACCES","syscall":"open","path":"/opt/postman/Postman-1661540747075.tar.gz"},"downloadDirectory":"/opt/postman"}}]
[3077][1661540747221][main][info]["UpdateHandler~app-update-events - Received event",{"name":"electronAppUpdateError","namespace":"appUpdate","data":{"error":{"errno":-13,"code":"EACCES","syscall":"open","path":"/opt/postman/Postman-1661540747075.tar.gz","name":"Error","message":"EACCES: permission denied, open '/opt/postman/Postman-1661540747075.tar.gz'","stack":"Error: EACCES: permission denied, open '/opt/postman/Postman-1661540747075.tar.gz'"},"updateData":{"packageName":"Postman","eID":"Postman-1661540747075","downloadURL":"https://dl.pstmn.io/download/version/9.29.0/linux_64","downloadDirectory":"/opt/postman","downloadInfo":{"status":"DOWNLOAD_ERROR","error":{"errno":-13,"code":"EACCES","syscall":"open","path":"/opt/postman/Postman-1661540747075.tar.gz"},"downloadDirectory":"/opt/postman"}}}}]
[3077][1661542066738][main][info]["WindowManager~closeHandler - Closed Window (id: 3 )"]
[3077][1661542066769][main][info]["Quitting app"]
