[3077][1661540708722][shell][info]["EventBus~initialize - Success"]
[3077][1661540708732][shell][info]["bootShellCrashReporter~ Success"]
[3077][1661540709409][shell][info]["shellController~init: Success"]
[3077][1661540709409][shell][info]["shellMeta~init: Success"]
[3077][1661540709410][shell][info]["partitionMigrationService: State of V7 partition:"]
[3077][1661540709411][shell][info]["partitionMigrationService: V7 partitions",[]]
[3077][1661540709411][shell][info]["partitionMigrationService: V7 lastActiveUser",null]
[3077][1661540709411][shell][info]["partitionMigrationService: V7 activePartition",null]
[3077][1661540709412][shell][info]["partitionMigrationService: V7 isPartitionDirty",null]
[3077][1661540709412][shell][info]["partitionMigrationService~rectifyNamespaceOfScratchPadPartition: There is no partition with scratchpad namespace"]
[3077][1661540709413][shell][info]["partitionMigrationService~rectifyNamespaceOfScratchPadPartition: There is no transit partition which could have been used for scratchpad"]
[3077][1661540709413][shell][info]["partitionMigrationService~init: Success"]
[3077][1661540709414][shell][info]["partitionMigrationService~runV8PartitionsIntegrity: Two way migration~ removing the following partitions from v8",[]]
[3077][1661540709414][shell][info]["userPartitionService~_rectifyTheActivePartitionOfApplication: Setting the active partition to ",null]
[3077][1661540709415][shell][info]["userPartitionService~init: Success"]
[3077][1661540709416][shell][info]["userPartitionService: State of v8 partition system:"]
[3077][1661540709416][shell][info]["userPartitionService: List of partitions:",[]]
[3077][1661540709416][shell][info]["userPartitionService: users global meta:",{"activePartition":null}]
[3077][1661540709417][shell][info]["shell~init~getPartitionToLoad: loading scratchpad partition"]
[3077][1661540709422][shell][info]["init~setViewAttributes - Initializing view with opts:"]
[3077][1661540709423][shell][info]["Shell~init~setViewAttributes: passing scratchpad partition id as ","f10e604f-44b0-4a8f-b0fb-06023909c866"]
[3077][1661540709424][shell][info]["Shell~init~setViewAttributes: do we have any logged in users? ",false]
[3077][1661540709425][shell][info]["init~setViewAttributes - Success"]
[3077][1661540711551][shell][info]["Shell~init~sendUsersDataToRenderer",[]]
[3077][1661540730086][shell][info]["EventBus~initialize - Success"]
[3077][1661540730094][shell][info]["bootShellCrashReporter~ Success"]
[3077][1661540730107][shell][info]["shellController~init: Success"]
[3077][1661540730108][shell][info]["shellMeta~init: Success"]
[3077][1661540730108][shell][info]["partitionMigrationService: State of V7 partition:"]
[3077][1661540730108][shell][info]["partitionMigrationService: V7 partitions",[]]
[3077][1661540730109][shell][info]["partitionMigrationService: V7 lastActiveUser",null]
[3077][1661540730109][shell][info]["partitionMigrationService: V7 activePartition",null]
[3077][1661540730109][shell][info]["partitionMigrationService: V7 isPartitionDirty",null]
[3077][1661540730110][shell][info]["partitionMigrationService~init: Success"]
[3077][1661540730110][shell][info]["partitionMigrationService~runV8PartitionsIntegrity: Two way migration~ removing the following partitions from v8",[]]
[3077][1661540730110][shell][info]["userPartitionService~_rectifyTheActivePartitionOfApplication: Setting the active partition to ",null]
[3077][1661540730111][shell][info]["userPartitionService~init: Success"]
[3077][1661540730111][shell][info]["Shell~init~loginUser: associating the user ","13669996"," with transit partition"]
[3077][1661540730113][shell][info]["userPartitionService~associateTransitPartition: ",{"partitionId":"530bca0e-beea-4e3f-af1e-f7e978809201","context":{"namespace":"users","userId":"13669996","teamId":"0"}}]
[3077][1661540730114][shell][info]["userPartitionService: State of v8 partition system:"]
[3077][1661540730114][shell][info]["userPartitionService: List of partitions:",[{"partitionId":"530bca0e-beea-4e3f-af1e-f7e978809201","namespace":"users","userId":"13669996","teamId":"0","lastUpdated":"2022-08-26T19:05:30.113Z"},{"partitionId":"f10e604f-44b0-4a8f-b0fb-06023909c866","namespace":"scratchPad","userId":0,"teamId":0,"isDirty":false}]]
[3077][1661540730115][shell][info]["userPartitionService: users global meta:",{"activePartition":null}]
[3077][1661540730116][shell][info]["init~setViewAttributes - Initializing view with opts:"]
[3077][1661540730120][shell][info]["Shell~init~setViewAttributes: passing scratchpad partition id as ","f10e604f-44b0-4a8f-b0fb-06023909c866"]
[3077][1661540730120][shell][info]["Shell~init~setViewAttributes: do we have any logged in users? ",true]
[3077][1661540730120][shell][info]["init~setViewAttributes - Success"]
[3077][1661540733616][shell][info]["Shell~init~sendUsersDataToRenderer",["13669996"]]
[3077][1661540734189][shell][info]["EventBus~initialize - Success"]
[3077][1661540734191][shell][info]["bootShellCrashReporter~ Success"]
[3077][1661540734202][shell][info]["shellController~init: Success"]
[3077][1661540734202][shell][info]["shellMeta~init: Success"]
[3077][1661540734202][shell][info]["partitionMigrationService: State of V7 partition:"]
[3077][1661540734202][shell][info]["partitionMigrationService: V7 partitions",[]]
[3077][1661540734202][shell][info]["partitionMigrationService: V7 lastActiveUser",null]
[3077][1661540734203][shell][info]["partitionMigrationService: V7 activePartition",null]
[3077][1661540734203][shell][info]["partitionMigrationService: V7 isPartitionDirty",null]
[3077][1661540734203][shell][info]["partitionMigrationService~init: Success"]
[3077][1661540734203][shell][info]["partitionMigrationService~runV8PartitionsIntegrity: Two way migration~ removing the following partitions from v8",[]]
[3077][1661540734203][shell][info]["userPartitionService~getRecentV8UserPartition: recent v8 user context partition ","530bca0e-beea-4e3f-af1e-f7e978809201"]
[3077][1661540734204][shell][info]["userPartitionService~_rectifyTheActivePartitionOfApplication: Setting the active partition to ","530bca0e-beea-4e3f-af1e-f7e978809201"]
[3077][1661540734204][shell][info]["userPartitionService~init: Success"]
[3077][1661540734204][shell][info]["Shell~init~loginUser: Updating existing user details"]
[3077][1661540734204][shell][info]["userPartitionService~associateTransitPartition: ",{"partitionId":"530bca0e-beea-4e3f-af1e-f7e978809201","context":{"namespace":"users","userId":"13669996","teamId":"0"}}]
[3077][1661540734205][shell][info]["userPartitionService: State of v8 partition system:"]
[3077][1661540734205][shell][info]["userPartitionService: List of partitions:",[{"partitionId":"530bca0e-beea-4e3f-af1e-f7e978809201","namespace":"users","userId":"13669996","teamId":"0","lastUpdated":"2022-08-26T19:05:34.204Z"},{"partitionId":"f10e604f-44b0-4a8f-b0fb-06023909c866","namespace":"scratchPad","userId":0,"teamId":0,"isDirty":false}]]
[3077][1661540734206][shell][info]["userPartitionService: users global meta:",{"activePartition":"530bca0e-beea-4e3f-af1e-f7e978809201"}]
[3077][1661540734206][shell][info]["init~setViewAttributes - Initializing view with opts:"]
[3077][1661540734209][shell][info]["Shell~init~setViewAttributes: passing scratchpad partition id as ","f10e604f-44b0-4a8f-b0fb-06023909c866"]
[3077][1661540734209][shell][info]["Shell~init~setViewAttributes: do we have any logged in users? ",true]
[3077][1661540734210][shell][info]["init~setViewAttributes - Success"]
[3077][1661540736688][shell][info]["Shell~init~sendUsersDataToRenderer",["13669996"]]
[3077][1661540738168][shell][info]["model-events~user - bootstrapUser received"]
[3077][1661540738169][shell][info]["userPartitionService~associateTransitPartition: ",{"partitionId":"530bca0e-beea-4e3f-af1e-f7e978809201","context":{"namespace":"users","userId":"13669996","teamId":"0"}}]
[3077][1661540738170][shell][info]["userPartitionService: State of v8 partition system:"]
[3077][1661540738170][shell][info]["userPartitionService: List of partitions:",[{"partitionId":"530bca0e-beea-4e3f-af1e-f7e978809201","namespace":"users","userId":"13669996","teamId":"0","lastUpdated":"2022-08-26T19:05:38.169Z"},{"partitionId":"f10e604f-44b0-4a8f-b0fb-06023909c866","namespace":"scratchPad","userId":0,"teamId":0,"isDirty":false}]]
[3077][1661540738170][shell][info]["userPartitionService: users global meta:",{"activePartition":"530bca0e-beea-4e3f-af1e-f7e978809201"}]
[3077][1661540738299][shell][info]["model-events~user - bootstrapUser received"]
[3077][1661540738300][shell][info]["userPartitionService~associateTransitPartition: ",{"partitionId":"530bca0e-beea-4e3f-af1e-f7e978809201","context":{"namespace":"users","userId":"13669996","teamId":"0"}}]
[3077][1661540738300][shell][info]["userPartitionService: State of v8 partition system:"]
[3077][1661540738300][shell][info]["userPartitionService: List of partitions:",[{"partitionId":"530bca0e-beea-4e3f-af1e-f7e978809201","namespace":"users","userId":"13669996","teamId":"0","lastUpdated":"2022-08-26T19:05:38.300Z"},{"partitionId":"f10e604f-44b0-4a8f-b0fb-06023909c866","namespace":"scratchPad","userId":0,"teamId":0,"isDirty":false}]]
[3077][1661540738300][shell][info]["userPartitionService: users global meta:",{"activePartition":"530bca0e-beea-4e3f-af1e-f7e978809201"}]
