[2022-08-10 23:12:58.530] [exthost] [info] Extension host with pid 20630 started
[2022-08-10 23:12:58.531] [exthost] [info] Skipping acquiring lock for /home/manu320/.config/Code - OSS/User/workspaceStorage/6a7bad11e60a69ed78162b22e93f74f1.
[2022-08-10 23:12:58.605] [exthost] [info] ExtensionService#_doActivateExtension vscode.configuration-editing, startup: false, activationEvent: 'onLanguage:jsonc'
[2022-08-10 23:12:58.610] [exthost] [info] ExtensionService#_doActivateExtension vscode.json-language-features, startup: false, activationEvent: 'onLanguage:jsonc'
[2022-08-10 23:12:58.640] [exthost] [info] ExtensionService#_doActivateExtension vscode.typescript-language-features, startup: false, activationEvent: 'onLanguage:jsonc'
[2022-08-10 23:12:58.650] [exthost] [info] ExtensionService#_doActivateExtension vscode.debug-auto-launch, startup: true, activationEvent: '*'
[2022-08-10 23:12:58.652] [exthost] [info] ExtensionService#_doActivateExtension vscode.git-base, startup: true, activationEvent: '*', root cause: vscode.git
[2022-08-10 23:12:58.654] [exthost] [info] ExtensionService#_doActivateExtension vscode.ipynb, startup: true, activationEvent: '*'
[2022-08-10 23:12:58.658] [exthost] [info] ExtensionService#_doActivateExtension ecmel.vscode-html-css, startup: true, activationEvent: '*'
[2022-08-10 23:12:58.696] [exthost] [info] ExtensionService#_doActivateExtension formulahendry.auto-close-tag, startup: true, activationEvent: '*'
[2022-08-10 23:12:58.698] [exthost] [info] ExtensionService#_doActivateExtension formulahendry.auto-rename-tag, startup: true, activationEvent: '*'
[2022-08-10 23:12:58.710] [exthost] [info] ExtensionService#_doActivateExtension Zignd.html-css-class-completion, startup: true, activationEvent: '*'
[2022-08-10 23:12:58.860] [exthost] [info] ExtensionService#_doActivateExtension vscode.git, startup: true, activationEvent: '*'
[2022-08-10 23:12:58.881] [exthost] [info] ExtensionService#_doActivateExtension vscode.github, startup: true, activationEvent: '*'
[2022-08-10 23:12:59.048] [exthost] [warning] [Decorations] CAPPING events from decorations provider vscode.git 1185
[2022-08-10 23:12:59.563] [exthost] [info] Eager extensions activated
[2022-08-10 23:12:59.587] [exthost] [error] {"message":"Git error","stdout":"","stderr":"fatal: Pathspec '/home/manu320/.config/Qtile-config/dotfiles' is in submodule 'Qtile-config'\n","exitCode":128,"gitErrorCode":"IsInSubmodule"}
[2022-08-10 23:12:59.587] [exthost] [error] {"message":"Git error","stdout":"","stderr":"fatal: Pathspec '/home/manu320/.config/Qtile-config/dotfiles' is in submodule 'Qtile-config'\n","exitCode":128,"gitErrorCode":"IsInSubmodule"}
[2022-08-10 23:12:59.587] [exthost] [error] {"message":"Git error","stdout":"","stderr":"fatal: Pathspec '/home/manu320/.config/Qtile-config/dotfiles' is in submodule 'Qtile-config'\n","exitCode":128,"gitErrorCode":"IsInSubmodule"}
[2022-08-10 23:12:59.587] [exthost] [error] {"message":"Git error","stdout":"","stderr":"fatal: Pathspec '/home/manu320/.config/Qtile-config/dotfiles' is in submodule 'Qtile-config'\n","exitCode":128,"gitErrorCode":"IsInSubmodule"}
[2022-08-10 23:12:59.587] [exthost] [error] {"message":"Git error","stdout":"","stderr":"fatal: Pathspec '/home/manu320/.config/Qtile-config/dotfiles' is in submodule 'Qtile-config'\n","exitCode":128,"gitErrorCode":"IsInSubmodule"}
[2022-08-10 23:12:59.587] [exthost] [error] {"message":"Git error","stdout":"","stderr":"fatal: Pathspec '/home/manu320/.config/Qtile-config/dotfiles' is in submodule 'Qtile-config'\n","exitCode":128,"gitErrorCode":"IsInSubmodule"}
[2022-08-10 23:12:59.587] [exthost] [error] {"message":"Git error","stdout":"","stderr":"fatal: Pathspec '/home/manu320/.config/Qtile-config/dotfiles' is in submodule 'Qtile-config'\n","exitCode":128,"gitErrorCode":"IsInSubmodule"}
[2022-08-10 23:12:59.587] [exthost] [error] {"message":"Git error","stdout":"","stderr":"fatal: Pathspec '/home/manu320/.config/Qtile-config/dotfiles' is in submodule 'Qtile-config'\n","exitCode":128,"gitErrorCode":"IsInSubmodule"}
[2022-08-10 23:12:59.587] [exthost] [error] {"message":"Git error","stdout":"","stderr":"fatal: Pathspec '/home/manu320/.config/Qtile-config/dotfiles' is in submodule 'Qtile-config'\n","exitCode":128,"gitErrorCode":"IsInSubmodule"}
[2022-08-10 23:12:59.587] [exthost] [error] {"message":"Git error","stdout":"","stderr":"fatal: Pathspec '/home/manu320/.config/Qtile-config/dotfiles' is in submodule 'Qtile-config'\n","exitCode":128,"gitErrorCode":"IsInSubmodule"}
[2022-08-10 23:12:59.587] [exthost] [error] {"message":"Git error","stdout":"","stderr":"fatal: Pathspec '/home/manu320/.config/Qtile-config/dotfiles' is in submodule 'Qtile-config'\n","exitCode":128,"gitErrorCode":"IsInSubmodule"}
[2022-08-10 23:12:59.587] [exthost] [error] {"message":"Git error","stdout":"","stderr":"fatal: Pathspec '/home/manu320/.config/Qtile-config/dotfiles' is in submodule 'Qtile-config'\n","exitCode":128,"gitErrorCode":"IsInSubmodule"}
[2022-08-10 23:12:59.587] [exthost] [error] {"message":"Git error","stdout":"","stderr":"fatal: Pathspec '/home/manu320/.config/Qtile-config/dotfiles' is in submodule 'Qtile-config'\n","exitCode":128,"gitErrorCode":"IsInSubmodule"}
[2022-08-10 23:12:59.587] [exthost] [error] {"message":"Git error","stdout":"","stderr":"fatal: Pathspec '/home/manu320/.config/Qtile-config/dotfiles' is in submodule 'Qtile-config'\n","exitCode":128,"gitErrorCode":"IsInSubmodule"}
[2022-08-10 23:12:59.587] [exthost] [error] {"message":"Git error","stdout":"","stderr":"fatal: Pathspec '/home/manu320/.config/Qtile-config/dotfiles' is in submodule 'Qtile-config'\n","exitCode":128,"gitErrorCode":"IsInSubmodule"}
[2022-08-10 23:12:59.587] [exthost] [error] {"message":"Git error","stdout":"","stderr":"fatal: Pathspec '/home/manu320/.config/Qtile-config/dotfiles' is in submodule 'Qtile-config'\n","exitCode":128,"gitErrorCode":"IsInSubmodule"}
[2022-08-10 23:12:59.587] [exthost] [error] {"message":"Git error","stdout":"","stderr":"fatal: Pathspec '/home/manu320/.config/Qtile-config/dotfiles' is in submodule 'Qtile-config'\n","exitCode":128,"gitErrorCode":"IsInSubmodule"}
[2022-08-10 23:12:59.587] [exthost] [error] {"message":"Git error","stdout":"","stderr":"fatal: Pathspec '/home/manu320/.config/Qtile-config/dotfiles' is in submodule 'Qtile-config'\n","exitCode":128,"gitErrorCode":"IsInSubmodule"}
[2022-08-10 23:12:59.587] [exthost] [error] {"message":"Git error","stdout":"","stderr":"fatal: Pathspec '/home/manu320/.config/Qtile-config/dotfiles' is in submodule 'Qtile-config'\n","exitCode":128,"gitErrorCode":"IsInSubmodule"}
[2022-08-10 23:12:59.587] [exthost] [error] {"message":"Git error","stdout":"","stderr":"fatal: Pathspec '/home/manu320/.config/Qtile-config/dotfiles' is in submodule 'Qtile-config'\n","exitCode":128,"gitErrorCode":"IsInSubmodule"}
[2022-08-10 23:12:59.587] [exthost] [error] {"message":"Git error","stdout":"","stderr":"fatal: Pathspec '/home/manu320/.config/Qtile-config/dotfiles' is in submodule 'Qtile-config'\n","exitCode":128,"gitErrorCode":"IsInSubmodule"}
[2022-08-10 23:12:59.587] [exthost] [error] {"message":"Git error","stdout":"","stderr":"fatal: Pathspec '/home/manu320/.config/Qtile-config/dotfiles' is in submodule 'Qtile-config'\n","exitCode":128,"gitErrorCode":"IsInSubmodule"}
[2022-08-10 23:12:59.587] [exthost] [error] {"message":"Git error","stdout":"","stderr":"fatal: Pathspec '/home/manu320/.config/Qtile-config/dotfiles' is in submodule 'Qtile-config'\n","exitCode":128,"gitErrorCode":"IsInSubmodule"}
[2022-08-10 23:12:59.587] [exthost] [error] {"message":"Git error","stdout":"","stderr":"fatal: Pathspec '/home/manu320/.config/Qtile-config/dotfiles' is in submodule 'Qtile-config'\n","exitCode":128,"gitErrorCode":"IsInSubmodule"}
[2022-08-10 23:12:59.587] [exthost] [error] {"message":"Git error","stdout":"","stderr":"fatal: Pathspec '/home/manu320/.config/Qtile-config/dotfiles' is in submodule 'Qtile-config'\n","exitCode":128,"gitErrorCode":"IsInSubmodule"}
[2022-08-10 23:12:59.587] [exthost] [error] {"message":"Git error","stdout":"","stderr":"fatal: Pathspec '/home/manu320/.config/Qtile-config/dotfiles' is in submodule 'Qtile-config'\n","exitCode":128,"gitErrorCode":"IsInSubmodule"}
[2022-08-10 23:12:59.588] [exthost] [error] {"message":"Git error","stdout":"","stderr":"fatal: Pathspec '/home/manu320/.config/Qtile-config/dotfiles' is in submodule 'Qtile-config'\n","exitCode":128,"gitErrorCode":"IsInSubmodule"}
[2022-08-10 23:12:59.588] [exthost] [error] {"message":"Git error","stdout":"","stderr":"fatal: Pathspec '/home/manu320/.config/Qtile-config/dotfiles' is in submodule 'Qtile-config'\n","exitCode":128,"gitErrorCode":"IsInSubmodule"}
[2022-08-10 23:12:59.588] [exthost] [error] {"message":"Git error","stdout":"","stderr":"fatal: Pathspec '/home/manu320/.config/Qtile-config/dotfiles' is in submodule 'Qtile-config'\n","exitCode":128,"gitErrorCode":"IsInSubmodule"}
[2022-08-10 23:12:59.588] [exthost] [error] {"message":"Git error","stdout":"","stderr":"fatal: Pathspec '/home/manu320/.config/Qtile-config/dotfiles' is in submodule 'Qtile-config'\n","exitCode":128,"gitErrorCode":"IsInSubmodule"}
[2022-08-10 23:12:59.588] [exthost] [error] {"message":"Git error","stdout":"","stderr":"fatal: Pathspec '/home/manu320/.config/Qtile-config/dotfiles' is in submodule 'Qtile-config'\n","exitCode":128,"gitErrorCode":"IsInSubmodule"}
[2022-08-10 23:12:59.588] [exthost] [error] {"message":"Git error","stdout":"","stderr":"fatal: Pathspec '/home/manu320/.config/Qtile-config/dotfiles' is in submodule 'Qtile-config'\n","exitCode":128,"gitErrorCode":"IsInSubmodule"}
[2022-08-10 23:12:59.588] [exthost] [error] {"message":"Git error","stdout":"","stderr":"fatal: Pathspec '/home/manu320/.config/Qtile-config/dotfiles' is in submodule 'Qtile-config'\n","exitCode":128,"gitErrorCode":"IsInSubmodule"}
[2022-08-10 23:12:59.588] [exthost] [error] {"message":"Git error","stdout":"","stderr":"fatal: Pathspec '/home/manu320/.config/Qtile-config/dotfiles' is in submodule 'Qtile-config'\n","exitCode":128,"gitErrorCode":"IsInSubmodule"}
[2022-08-10 23:12:59.588] [exthost] [error] {"message":"Git error","stdout":"","stderr":"fatal: Pathspec '/home/manu320/.config/Qtile-config/dotfiles' is in submodule 'Qtile-config'\n","exitCode":128,"gitErrorCode":"IsInSubmodule"}
[2022-08-10 23:12:59.588] [exthost] [error] {"message":"Git error","stdout":"","stderr":"fatal: Pathspec '/home/manu320/.config/Qtile-config/dotfiles' is in submodule 'Qtile-config'\n","exitCode":128,"gitErrorCode":"IsInSubmodule"}
[2022-08-10 23:12:59.588] [exthost] [error] {"message":"Git error","stdout":"","stderr":"fatal: Pathspec '/home/manu320/.config/Qtile-config/dotfiles' is in submodule 'Qtile-config'\n","exitCode":128,"gitErrorCode":"IsInSubmodule"}
[2022-08-10 23:12:59.588] [exthost] [error] {"message":"Git error","stdout":"","stderr":"fatal: Pathspec '/home/manu320/.config/Qtile-config/dotfiles' is in submodule 'Qtile-config'\n","exitCode":128,"gitErrorCode":"IsInSubmodule"}
[2022-08-10 23:12:59.588] [exthost] [error] {"message":"Git error","stdout":"","stderr":"fatal: Pathspec '/home/manu320/.config/Qtile-config/dotfiles' is in submodule 'Qtile-config'\n","exitCode":128,"gitErrorCode":"IsInSubmodule"}
[2022-08-10 23:12:59.588] [exthost] [error] {"message":"Git error","stdout":"","stderr":"fatal: Pathspec '/home/manu320/.config/Qtile-config/dotfiles' is in submodule 'Qtile-config'\n","exitCode":128,"gitErrorCode":"IsInSubmodule"}
[2022-08-10 23:12:59.588] [exthost] [error] {"message":"Git error","stdout":"","stderr":"fatal: Pathspec '/home/manu320/.config/Qtile-config/dotfiles' is in submodule 'Qtile-config'\n","exitCode":128,"gitErrorCode":"IsInSubmodule"}
[2022-08-10 23:12:59.588] [exthost] [error] {"message":"Git error","stdout":"","stderr":"fatal: Pathspec '/home/manu320/.config/Qtile-config/dotfiles' is in submodule 'Qtile-config'\n","exitCode":128,"gitErrorCode":"IsInSubmodule"}
[2022-08-10 23:12:59.588] [exthost] [error] {"message":"Git error","stdout":"","stderr":"fatal: Pathspec '/home/manu320/.config/Qtile-config/dotfiles' is in submodule 'Qtile-config'\n","exitCode":128,"gitErrorCode":"IsInSubmodule"}
[2022-08-10 23:12:59.588] [exthost] [error] {"message":"Git error","stdout":"","stderr":"fatal: Pathspec '/home/manu320/.config/Qtile-config/dotfiles' is in submodule 'Qtile-config'\n","exitCode":128,"gitErrorCode":"IsInSubmodule"}
[2022-08-10 23:12:59.588] [exthost] [error] {"message":"Git error","stdout":"","stderr":"fatal: Pathspec '/home/manu320/.config/Qtile-config/dotfiles' is in submodule 'Qtile-config'\n","exitCode":128,"gitErrorCode":"IsInSubmodule"}
[2022-08-10 23:12:59.588] [exthost] [error] {"message":"Git error","stdout":"","stderr":"fatal: Pathspec '/home/manu320/.config/Qtile-config/dotfiles' is in submodule 'Qtile-config'\n","exitCode":128,"gitErrorCode":"IsInSubmodule"}
[2022-08-10 23:12:59.588] [exthost] [error] {"message":"Git error","stdout":"","stderr":"fatal: Pathspec '/home/manu320/.config/Qtile-config/dotfiles' is in submodule 'Qtile-config'\n","exitCode":128,"gitErrorCode":"IsInSubmodule"}
[2022-08-10 23:12:59.588] [exthost] [error] {"message":"Git error","stdout":"","stderr":"fatal: Pathspec '/home/manu320/.config/Qtile-config/dotfiles' is in submodule 'Qtile-config'\n","exitCode":128,"gitErrorCode":"IsInSubmodule"}
[2022-08-10 23:12:59.588] [exthost] [error] {"message":"Git error","stdout":"","stderr":"fatal: Pathspec '/home/manu320/.config/Qtile-config/dotfiles' is in submodule 'Qtile-config'\n","exitCode":128,"gitErrorCode":"IsInSubmodule"}
[2022-08-10 23:12:59.588] [exthost] [error] {"message":"Git error","stdout":"","stderr":"fatal: Pathspec '/home/manu320/.config/Qtile-config/dotfiles' is in submodule 'Qtile-config'\n","exitCode":128,"gitErrorCode":"IsInSubmodule"}
[2022-08-10 23:12:59.588] [exthost] [error] {"message":"Git error","stdout":"","stderr":"fatal: Pathspec '/home/manu320/.config/Qtile-config/dotfiles' is in submodule 'Qtile-config'\n","exitCode":128,"gitErrorCode":"IsInSubmodule"}
[2022-08-10 23:12:59.588] [exthost] [error] {"message":"Git error","stdout":"","stderr":"fatal: Pathspec '/home/manu320/.config/Qtile-config/dotfiles' is in submodule 'Qtile-config'\n","exitCode":128,"gitErrorCode":"IsInSubmodule"}
[2022-08-10 23:12:59.588] [exthost] [error] {"message":"Git error","stdout":"","stderr":"fatal: Pathspec '/home/manu320/.config/Qtile-config/dotfiles' is in submodule 'Qtile-config'\n","exitCode":128,"gitErrorCode":"IsInSubmodule"}
[2022-08-10 23:12:59.588] [exthost] [error] {"message":"Git error","stdout":"","stderr":"fatal: Pathspec '/home/manu320/.config/Qtile-config/dotfiles' is in submodule 'Qtile-config'\n","exitCode":128,"gitErrorCode":"IsInSubmodule"}
[2022-08-10 23:12:59.651] [exthost] [warning] [Decorations] CAPPING events from decorations provider vscode.git 1185
[2022-08-10 23:12:59.661] [exthost] [info] ExtensionService#_doActivateExtension vscode.emmet, startup: false, activationEvent: 'onStartupFinished'
[2022-08-10 23:12:59.667] [exthost] [info] ExtensionService#_doActivateExtension vscode.merge-conflict, startup: false, activationEvent: 'onStartupFinished'
[2022-08-10 23:12:59.668] [exthost] [info] ExtensionService#_doActivateExtension esbenp.prettier-vscode, startup: false, activationEvent: 'onStartupFinished'
[2022-08-10 23:12:59.726] [exthost] [info] ExtensionService#_doActivateExtension ritwickdey.LiveServer, startup: false, activationEvent: 'onStartupFinished'
[2022-08-10 23:13:00.995] [exthost] [info] ExtensionService#_doActivateExtension ms-python.python, startup: false, activationEvent: 'onLanguage:python'
[2022-08-10 23:13:01.080] [exthost] [info] ExtensionService#_doActivateExtension ms-toolsai.jupyter, startup: false, activationEvent: 'onLanguage:python'
[2022-08-10 23:13:04.088] [exthost] [warning] [Decorations] CAPPING events from decorations provider vscode.git 1190
[2022-08-10 23:13:09.177] [exthost] [warning] [Decorations] CAPPING events from decorations provider vscode.git 1191
[2022-08-10 23:13:14.314] [exthost] [warning] [Decorations] CAPPING events from decorations provider vscode.git 1192
[2022-08-10 23:13:15.282] [exthost] [info] Extension host terminating: received terminate message from renderer
[2022-08-10 23:13:15.300] [exthost] [info] Extension host with pid 20630 exiting with code 0
