[2022-08-11T04:30:48.280Z] Log level: Info
[2022-08-11T04:30:48.281Z] [info] Validating found git in: git
[2022-08-11T04:30:48.295Z] [info] Using git 2.37.1 from git
[2022-08-11T04:30:48.313Z] > git rev-parse --show-toplevel [4ms]
[2022-08-11T04:30:48.325Z] > git rev-parse --git-dir --git-common-dir [2ms]
[2022-08-11T04:30:48.328Z] [info] Open repository: /home/manu320/.config
[2022-08-11T04:30:48.354Z] > git status -z -uall [16ms]
[2022-08-11T04:30:48.362Z] > git symbolic-ref --short HEAD [1ms]
[2022-08-11T04:30:48.373Z] > git for-each-ref --format=%(refname)%00%(upstream:short)%00%(objectname)%00%(upstream:track)%00%(upstream:remotename)%00%(upstream:remoteref) refs/heads/master refs/remotes/master [3ms]
[2022-08-11T04:30:48.388Z] > git remote --verbose [2ms]
[2022-08-11T04:30:48.389Z] > git for-each-ref --sort -committerdate --format %(refname) %(objectname) %(*objectname) [9ms]
[2022-08-11T04:30:48.977Z] > git check-ignore -v -z --stdin [3ms]
[2022-08-11T04:30:48.980Z] > git config --get commit.template [26ms]
[2022-08-11T04:30:48.998Z] > git status -z -uall [10ms]
[2022-08-11T04:30:49.005Z] > git symbolic-ref --short HEAD [1ms]
[2022-08-11T04:30:49.187Z] > git show --textconv :Qtile-config/dotfiles/zathura/zathurarc [165ms]
[2022-08-11T04:30:49.187Z] > git ls-files --stage -- /home/manu320/.config/Qtile-config/dotfiles/zathura/zathurarc [160ms]
[2022-08-11T04:30:49.188Z] > git for-each-ref --format=%(refname)%00%(upstream:short)%00%(objectname)%00%(upstream:track)%00%(upstream:remotename)%00%(upstream:remoteref) refs/heads/master refs/remotes/master [176ms]
[2022-08-11T04:30:49.225Z] > git for-each-ref --sort -committerdate --format %(refname) %(objectname) %(*objectname) [31ms]
[2022-08-11T04:30:49.226Z] > git remote --verbose [28ms]
[2022-08-11T04:30:49.264Z] > git config --get commit.template [2ms]
[2022-08-11T04:30:51.081Z] > git status -z -uall [8ms]
[2022-08-11T04:30:51.087Z] > git symbolic-ref --short HEAD [1ms]
[2022-08-11T04:30:51.094Z] > git for-each-ref --format=%(refname)%00%(upstream:short)%00%(objectname)%00%(upstream:track)%00%(upstream:remotename)%00%(upstream:remoteref) refs/heads/master refs/remotes/master [1ms]
[2022-08-11T04:30:51.106Z] > git for-each-ref --sort -committerdate --format %(refname) %(objectname) %(*objectname) [5ms]
[2022-08-11T04:30:51.107Z] > git remote --verbose [2ms]
[2022-08-11T04:30:51.139Z] > git config --get commit.template [5ms]
[2022-08-11T04:30:51.884Z] > git show --textconv :starship.toml [5ms]
[2022-08-11T04:30:51.884Z] > git ls-files --stage -- /home/manu320/.config/starship.toml [1ms]
[2022-08-11T04:30:57.062Z] > git status -z -uall [10ms]
[2022-08-11T04:30:57.069Z] > git symbolic-ref --short HEAD [1ms]
[2022-08-11T04:30:57.076Z] > git for-each-ref --format=%(refname)%00%(upstream:short)%00%(objectname)%00%(upstream:track)%00%(upstream:remotename)%00%(upstream:remoteref) refs/heads/master refs/remotes/master [2ms]
[2022-08-11T04:30:57.088Z] > git for-each-ref --sort -committerdate --format %(refname) %(objectname) %(*objectname) [6ms]
[2022-08-11T04:30:57.089Z] > git remote --verbose [1ms]
[2022-08-11T04:30:57.120Z] > git config --get commit.template [4ms]
[2022-08-11T04:31:23.342Z] > git check-ignore -v -z --stdin [2ms]
[2022-08-11T04:32:22.561Z] > git status -z -uall [14ms]
[2022-08-11T04:32:22.566Z] > git symbolic-ref --short HEAD [1ms]
[2022-08-11T04:32:22.571Z] > git for-each-ref --format=%(refname)%00%(upstream:short)%00%(objectname)%00%(upstream:track)%00%(upstream:remotename)%00%(upstream:remoteref) refs/heads/master refs/remotes/master [1ms]
[2022-08-11T04:32:22.578Z] > git for-each-ref --sort -committerdate --format %(refname) %(objectname) %(*objectname) [4ms]
[2022-08-11T04:32:22.579Z] > git remote --verbose [2ms]
[2022-08-11T04:32:22.638Z] > git config --get commit.template [2ms]
[2022-08-11T04:32:27.660Z] > git check-ignore -v -z --stdin [2ms]
[2022-08-11T04:32:27.667Z] > git status -z -uall [21ms]
[2022-08-11T04:32:27.676Z] > git symbolic-ref --short HEAD [1ms]
[2022-08-11T04:32:27.686Z] > git for-each-ref --format=%(refname)%00%(upstream:short)%00%(objectname)%00%(upstream:track)%00%(upstream:remotename)%00%(upstream:remoteref) refs/heads/master refs/remotes/master [2ms]
[2022-08-11T04:32:27.708Z] > git remote --verbose [2ms]
[2022-08-11T04:32:27.709Z] > git for-each-ref --sort -committerdate --format %(refname) %(objectname) %(*objectname) [13ms]
[2022-08-11T04:32:27.768Z] > git config --get commit.template [1ms]
[2022-08-11T04:32:32.826Z] > git status -z -uall [36ms]
[2022-08-11T04:32:32.835Z] > git symbolic-ref --short HEAD [1ms]
[2022-08-11T04:32:32.843Z] > git for-each-ref --format=%(refname)%00%(upstream:short)%00%(objectname)%00%(upstream:track)%00%(upstream:remotename)%00%(upstream:remoteref) refs/heads/master refs/remotes/master [2ms]
[2022-08-11T04:32:32.854Z] > git for-each-ref --sort -committerdate --format %(refname) %(objectname) %(*objectname) [6ms]
[2022-08-11T04:32:32.855Z] > git remote --verbose [2ms]
[2022-08-11T04:32:32.896Z] > git config --get commit.template [5ms]
