[2022-08-11T04:12:58.886Z] Log level: Info
[2022-08-11T04:12:58.887Z] [info] Validating found git in: git
[2022-08-11T04:12:58.910Z] [info] Using git 2.37.1 from git
[2022-08-11T04:12:58.928Z] > git rev-parse --show-toplevel [4ms]
[2022-08-11T04:12:58.938Z] > git rev-parse --git-dir --git-common-dir [2ms]
[2022-08-11T04:12:58.942Z] [info] Open repository: /home/manu320/.config
[2022-08-11T04:12:58.963Z] > git status -z -uall [13ms]
[2022-08-11T04:12:58.971Z] > git symbolic-ref --short HEAD [1ms]
[2022-08-11T04:12:58.982Z] > git for-each-ref --format=%(refname)%00%(upstream:short)%00%(objectname)%00%(upstream:track)%00%(upstream:remotename)%00%(upstream:remoteref) refs/heads/master refs/remotes/master [3ms]
[2022-08-11T04:12:58.995Z] > git remote --verbose [1ms]
[2022-08-11T04:12:58.996Z] > git for-each-ref --sort -committerdate --format %(refname) %(objectname) %(*objectname) [8ms]
[2022-08-11T04:12:59.586Z] > git check-ignore -v -z --stdin [3ms]
[2022-08-11T04:12:59.589Z] > git config --get commit.template [53ms]
[2022-08-11T04:12:59.603Z] > git status -z -uall [8ms]
[2022-08-11T04:12:59.610Z] > git symbolic-ref --short HEAD [1ms]
[2022-08-11T04:12:59.617Z] > git for-each-ref --format=%(refname)%00%(upstream:short)%00%(objectname)%00%(upstream:track)%00%(upstream:remotename)%00%(upstream:remoteref) refs/heads/master refs/remotes/master [1ms]
[2022-08-11T04:12:59.628Z] > git for-each-ref --sort -committerdate --format %(refname) %(objectname) %(*objectname) [6ms]
[2022-08-11T04:12:59.629Z] > git remote --verbose [2ms]
[2022-08-11T04:13:00.537Z] > git config --get commit.template [878ms]
[2022-08-11T04:13:01.819Z] > git show --textconv :qtile/config.py [516ms]
[2022-08-11T04:13:01.819Z] > git ls-files --stage -- /home/manu320/.config/qtile/config.py [507ms]
[2022-08-11T04:13:01.832Z] > git cat-file -s 111e8966e2f429bf78017ba61116c659bab33a4b [4ms]
[2022-08-11T04:13:04.041Z] > git status -z -uall [8ms]
[2022-08-11T04:13:04.048Z] > git symbolic-ref --short HEAD [1ms]
[2022-08-11T04:13:04.055Z] > git for-each-ref --format=%(refname)%00%(upstream:short)%00%(objectname)%00%(upstream:track)%00%(upstream:remotename)%00%(upstream:remoteref) refs/heads/master refs/remotes/master [1ms]
[2022-08-11T04:13:04.069Z] > git for-each-ref --sort -committerdate --format %(refname) %(objectname) %(*objectname) [7ms]
[2022-08-11T04:13:04.070Z] > git remote --verbose [2ms]
[2022-08-11T04:13:04.104Z] > git config --get commit.template [4ms]
[2022-08-11T04:13:09.130Z] > git status -z -uall [8ms]
[2022-08-11T04:13:09.138Z] > git symbolic-ref --short HEAD [1ms]
[2022-08-11T04:13:09.146Z] > git for-each-ref --format=%(refname)%00%(upstream:short)%00%(objectname)%00%(upstream:track)%00%(upstream:remotename)%00%(upstream:remoteref) refs/heads/master refs/remotes/master [1ms]
[2022-08-11T04:13:09.159Z] > git for-each-ref --sort -committerdate --format %(refname) %(objectname) %(*objectname) [7ms]
[2022-08-11T04:13:09.160Z] > git remote --verbose [2ms]
[2022-08-11T04:13:09.188Z] > git config --get commit.template [3ms]
[2022-08-11T04:13:14.245Z] > git status -z -uall [31ms]
[2022-08-11T04:13:14.265Z] > git symbolic-ref --short HEAD [2ms]
[2022-08-11T04:13:14.280Z] > git for-each-ref --format=%(refname)%00%(upstream:short)%00%(objectname)%00%(upstream:track)%00%(upstream:remotename)%00%(upstream:remoteref) refs/heads/master refs/remotes/master [2ms]
[2022-08-11T04:13:14.299Z] > git for-each-ref --sort -committerdate --format %(refname) %(objectname) %(*objectname) [9ms]
[2022-08-11T04:13:14.299Z] > git remote --verbose [1ms]
[2022-08-11T04:13:14.330Z] > git config --get commit.template [2ms]
