LSP Notebooks experiment is disabled -- not using Pylance
LSP Notebooks interactive window support is disabled -- not in LSP Notebooks experiment
Python interpreter path: /bin/python
[ERROR 2022-7-10 23:13:1.930]: [
  'Failed to activate a workspace, Class name = f, completed in 42ms, has a falsy return value, Arg 1: <Uri:/home/manu320/.config/qtile/config.py>, Return Value: undefined',
  Error: Extension 'ms-python.python' CANNOT use API proposal: testObserver.
  Its package.json#enabledApiProposals-property declares:  but NOT testObserver.
   The missing proposal MUST be added and you must start in extension development mode or use the following command line switch: --enable-proposed-api ms-python.python
      at g (/usr/lib/code/out/vs/workbench/api/node/extensionHostProcess.js:83:68123)
      at Object.get testResults [as testResults] (/usr/lib/code/out/vs/workbench/api/node/extensionHostProcess.js:106:34047)
      at P.activate (/home/manu320/.vscode-oss/extensions/ms-python.python-2022.12.0/out/client/extension.js:2:745691)
      at /home/manu320/.vscode-oss/extensions/ms-python.python-2022.12.0/out/client/extension.js:2:2251
      at Array.map (<anonymous>)
      at f.activateWorkspace (/home/manu320/.vscode-oss/extensions/ms-python.python-2022.12.0/out/client/extension.js:2:2241)
      at processTicksAndRejections (node:internal/process/task_queues:96:5)
]
[ERROR 2022-7-10 23:13:1.952]: Failure during activation. Error: Extension 'ms-python.python' CANNOT use API proposal: testObserver.
Its package.json#enabledApiProposals-property declares:  but NOT testObserver.
 The missing proposal MUST be added and you must start in extension development mode or use the following command line switch: --enable-proposed-api ms-python.python
    at g (/usr/lib/code/out/vs/workbench/api/node/extensionHostProcess.js:83:68123)
    at Object.get testResults [as testResults] (/usr/lib/code/out/vs/workbench/api/node/extensionHostProcess.js:106:34047)
    at P.activate (/home/manu320/.vscode-oss/extensions/ms-python.python-2022.12.0/out/client/extension.js:2:745691)
    at /home/manu320/.vscode-oss/extensions/ms-python.python-2022.12.0/out/client/extension.js:2:2251
    at Array.map (<anonymous>)
    at f.activateWorkspace (/home/manu320/.vscode-oss/extensions/ms-python.python-2022.12.0/out/client/extension.js:2:2241)
    at processTicksAndRejections (node:internal/process/task_queues:96:5)
[ERROR 2022-7-10 23:13:1.952]: sendStartupTelemetry() failed. Error: Extension 'ms-python.python' CANNOT use API proposal: testObserver.
Its package.json#enabledApiProposals-property declares:  but NOT testObserver.
 The missing proposal MUST be added and you must start in extension development mode or use the following command line switch: --enable-proposed-api ms-python.python
    at g (/usr/lib/code/out/vs/workbench/api/node/extensionHostProcess.js:83:68123)
    at Object.get testResults [as testResults] (/usr/lib/code/out/vs/workbench/api/node/extensionHostProcess.js:106:34047)
    at P.activate (/home/manu320/.vscode-oss/extensions/ms-python.python-2022.12.0/out/client/extension.js:2:745691)
    at /home/manu320/.vscode-oss/extensions/ms-python.python-2022.12.0/out/client/extension.js:2:2251
    at Array.map (<anonymous>)
    at f.activateWorkspace (/home/manu320/.vscode-oss/extensions/ms-python.python-2022.12.0/out/client/extension.js:2:2241)
    at processTicksAndRejections (node:internal/process/task_queues:96:5)
Starting Jedi language server for .config.
