[2022-08-10 22:54:42.424] [renderer1] [error] Git error
[2022-08-10 22:56:04.290] [renderer1] [critical] Extension 'ms-toolsai.jupyter CANNOT USE these API proposals 'notebookControllerKind, notebookWorkspaceEdit, notebookDebugOptions, notebookDeprecated, notebookMessaging, notebookMime, notebookCellExecutionState, portsAttributes, quickPickSortByLabel, notebookKernelSource, interactiveWindow'. You MUST start in extension development mode or use the --enable-proposed-api command line flag
[2022-08-10 22:56:04.290] [renderer1] [critical] Extension 'ms-python.python CANNOT USE these API proposals 'quickPickSortByLabel, testObserver'. You MUST start in extension development mode or use the --enable-proposed-api command line flag
[2022-08-10 22:56:04.344] [renderer1] [error] [ms-toolsai.jupyter]: notebook/kernelSource is a proposed menu identifier. It requires 'package.json#enabledApiProposals: ["notebookKernelSource"]' and is only available when running out of dev or with the following command line switch: --enable-proposed-api ms-toolsai.jupyter
[2022-08-10 22:56:05.088] [renderer1] [error] [Extension Host] globalMsCrypto undefined undefined {"subtle":{},"asn1":{},"url":null,"version":"1.6.5"}
[2022-08-10 22:56:05.511] [renderer1] [error] [Extension Host] extension activation failed Error: Extension 'ms-toolsai.jupyter' CANNOT use API proposal: notebookCellExecutionState.
Its package.json#enabledApiProposals-property declares:  but NOT notebookCellExecutionState.
 The missing proposal MUST be added and you must start in extension development mode or use the following command line switch: --enable-proposed-api ms-toolsai.jupyter
	at g (/usr/lib/code/out/vs/workbench/api/node/extensionHostProcess.js:83:68123)
	at d.onDidChangeNotebookCellExecutionState (/usr/lib/code/out/vs/workbench/api/node/extensionHostProcess.js:106:52770)
	at new f (/home/manu320/.vscode-oss/extensions/ms-toolsai.jupyter-2022.8.1002170547/out/extension.node.js:2:308606)
	at Object.t.resolveInstance (/home/manu320/.vscode-oss/extensions/ms-toolsai.jupyter-2022.8.1002170547/out/extension.node.js:17:1395108)
	at /home/manu320/.vscode-oss/extensions/ms-toolsai.jupyter-2022.8.1002170547/out/extension.node.js:17:1397046
	at /home/manu320/.vscode-oss/extensions/ms-toolsai.jupyter-2022.8.1002170547/out/extension.node.js:17:1395964
	at Array.map (<anonymous>)
	at /home/manu320/.vscode-oss/extensions/ms-toolsai.jupyter-2022.8.1002170547/out/extension.node.js:17:1395936
	at Array.map (<anonymous>)
	at Object.t.resolveInstance (/home/manu320/.vscode-oss/extensions/ms-toolsai.jupyter-2022.8.1002170547/out/extension.node.js:17:1394882)
	at /home/manu320/.vscode-oss/extensions/ms-toolsai.jupyter-2022.8.1002170547/out/extension.node.js:17:1397046
	at Object.t.resolve (/home/manu320/.vscode-oss/extensions/ms-toolsai.jupyter-2022.8.1002170547/out/extension.node.js:17:1397309)
	at /home/manu320/.vscode-oss/extensions/ms-toolsai.jupyter-2022.8.1002170547/out/extension.node.js:17:1380722
	at e._get (/home/manu320/.vscode-oss/extensions/ms-toolsai.jupyter-2022.8.1002170547/out/extension.node.js:17:1380488)
	at e.get (/home/manu320/.vscode-oss/extensions/ms-toolsai.jupyter-2022.8.1002170547/out/extension.node.js:17:1379131)
	at a.get (/home/manu320/.vscode-oss/extensions/ms-toolsai.jupyter-2022.8.1002170547/out/extension.node.js:17:48723)
	at /home/manu320/.vscode-oss/extensions/ms-toolsai.jupyter-2022.8.1002170547/out/extension.node.js:17:2933890
[2022-08-10 22:58:09.223] [renderer1] [error] [ms-toolsai.jupyter]: notebook/kernelSource is a proposed menu identifier. It requires 'package.json#enabledApiProposals: ["notebookKernelSource"]' and is only available when running out of dev or with the following command line switch: --enable-proposed-api ms-toolsai.jupyter
