[2022-08-11T04:13:21.668Z] Log level: Info
[2022-08-11T04:13:21.670Z] [info] Validating found git in: git
[2022-08-11T04:13:21.685Z] [info] Using git 2.37.1 from git
[2022-08-11T04:13:21.701Z] > git rev-parse --show-toplevel [4ms]
[2022-08-11T04:13:21.712Z] > git rev-parse --git-dir --git-common-dir [1ms]
[2022-08-11T04:13:21.717Z] [info] Open repository: /home/manu320/.config
[2022-08-11T04:13:21.741Z] > git status -z -uall [14ms]
[2022-08-11T04:13:21.753Z] > git symbolic-ref --short HEAD [5ms]
[2022-08-11T04:13:21.764Z] > git for-each-ref --format=%(refname)%00%(upstream:short)%00%(objectname)%00%(upstream:track)%00%(upstream:remotename)%00%(upstream:remoteref) refs/heads/master refs/remotes/master [2ms]
[2022-08-11T04:13:21.786Z] > git for-each-ref --sort -committerdate --format %(refname) %(objectname) %(*objectname) [13ms]
[2022-08-11T04:13:21.788Z] > git remote --verbose [6ms]
[2022-08-11T04:13:22.397Z] > git check-ignore -v -z --stdin [2ms]
[2022-08-11T04:13:22.400Z] > git config --get commit.template [57ms]
[2022-08-11T04:13:22.415Z] > git status -z -uall [9ms]
[2022-08-11T04:13:22.421Z] > git symbolic-ref --short HEAD [0ms]
[2022-08-11T04:13:22.428Z] > git for-each-ref --format=%(refname)%00%(upstream:short)%00%(objectname)%00%(upstream:track)%00%(upstream:remotename)%00%(upstream:remoteref) refs/heads/master refs/remotes/master [2ms]
[2022-08-11T04:13:22.439Z] > git for-each-ref --sort -committerdate --format %(refname) %(objectname) %(*objectname) [6ms]
[2022-08-11T04:13:22.440Z] > git remote --verbose [1ms]
[2022-08-11T04:13:22.470Z] > git config --get commit.template [1ms]
[2022-08-11T04:13:23.715Z] > git show --textconv :qtile/config.py [221ms]
[2022-08-11T04:13:23.715Z] > git ls-files --stage -- /home/manu320/.config/qtile/config.py [213ms]
[2022-08-11T04:13:24.197Z] > git cat-file -s 111e8966e2f429bf78017ba61116c659bab33a4b [474ms]
[2022-08-11T04:13:26.528Z] > git status -z -uall [22ms]
[2022-08-11T04:13:26.540Z] > git symbolic-ref --short HEAD [4ms]
[2022-08-11T04:13:26.548Z] > git for-each-ref --format=%(refname)%00%(upstream:short)%00%(objectname)%00%(upstream:track)%00%(upstream:remotename)%00%(upstream:remoteref) refs/heads/master refs/remotes/master [2ms]
[2022-08-11T04:13:26.561Z] > git for-each-ref --sort -committerdate --format %(refname) %(objectname) %(*objectname) [7ms]
[2022-08-11T04:13:26.561Z] > git remote --verbose [1ms]
[2022-08-11T04:13:26.595Z] > git config --get commit.template [0ms]
[2022-08-11T04:13:31.620Z] > git status -z -uall [7ms]
[2022-08-11T04:13:31.626Z] > git symbolic-ref --short HEAD [1ms]
[2022-08-11T04:13:31.632Z] > git for-each-ref --format=%(refname)%00%(upstream:short)%00%(objectname)%00%(upstream:track)%00%(upstream:remotename)%00%(upstream:remoteref) refs/heads/master refs/remotes/master [1ms]
[2022-08-11T04:13:31.642Z] > git for-each-ref --sort -committerdate --format %(refname) %(objectname) %(*objectname) [5ms]
[2022-08-11T04:13:31.642Z] > git remote --verbose [1ms]
[2022-08-11T04:13:31.668Z] > git config --get commit.template [3ms]
[2022-08-11T04:13:36.687Z] > git status -z -uall [7ms]
[2022-08-11T04:13:36.694Z] > git symbolic-ref --short HEAD [1ms]
[2022-08-11T04:13:36.700Z] > git for-each-ref --format=%(refname)%00%(upstream:short)%00%(objectname)%00%(upstream:track)%00%(upstream:remotename)%00%(upstream:remoteref) refs/heads/master refs/remotes/master [1ms]
[2022-08-11T04:13:36.710Z] > git for-each-ref --sort -committerdate --format %(refname) %(objectname) %(*objectname) [6ms]
[2022-08-11T04:13:36.710Z] > git remote --verbose [1ms]
[2022-08-11T04:13:36.734Z] > git config --get commit.template [3ms]
[2022-08-11T04:13:41.759Z] > git status -z -uall [11ms]
[2022-08-11T04:13:41.766Z] > git symbolic-ref --short HEAD [0ms]
[2022-08-11T04:13:41.774Z] > git for-each-ref --format=%(refname)%00%(upstream:short)%00%(objectname)%00%(upstream:track)%00%(upstream:remotename)%00%(upstream:remoteref) refs/heads/master refs/remotes/master [1ms]
[2022-08-11T04:13:41.784Z] > git for-each-ref --sort -committerdate --format %(refname) %(objectname) %(*objectname) [5ms]
[2022-08-11T04:13:41.784Z] > git remote --verbose [1ms]
[2022-08-11T04:13:41.808Z] > git config --get commit.template [3ms]
[2022-08-11T04:13:43.709Z] > git show --textconv :qtile/config.py [8ms]
[2022-08-11T04:13:43.710Z] > git ls-files --stage -- /home/manu320/.config/qtile/config.py [2ms]
[2022-08-11T04:13:43.722Z] > git cat-file -s 111e8966e2f429bf78017ba61116c659bab33a4b [2ms]
[2022-08-11T04:13:46.825Z] > git status -z -uall [7ms]
[2022-08-11T04:13:46.832Z] > git symbolic-ref --short HEAD [1ms]
[2022-08-11T04:13:46.839Z] > git for-each-ref --format=%(refname)%00%(upstream:short)%00%(objectname)%00%(upstream:track)%00%(upstream:remotename)%00%(upstream:remoteref) refs/heads/master refs/remotes/master [1ms]
[2022-08-11T04:13:46.854Z] > git for-each-ref --sort -committerdate --format %(refname) %(objectname) %(*objectname) [8ms]
[2022-08-11T04:13:46.855Z] > git remote --verbose [1ms]
[2022-08-11T04:13:46.884Z] > git config --get commit.template [3ms]
[2022-08-11T04:13:51.901Z] > git status -z -uall [7ms]
[2022-08-11T04:13:51.908Z] > git symbolic-ref --short HEAD [1ms]
[2022-08-11T04:13:51.914Z] > git for-each-ref --format=%(refname)%00%(upstream:short)%00%(objectname)%00%(upstream:track)%00%(upstream:remotename)%00%(upstream:remoteref) refs/heads/master refs/remotes/master [1ms]
[2022-08-11T04:13:51.927Z] > git for-each-ref --sort -committerdate --format %(refname) %(objectname) %(*objectname) [7ms]
[2022-08-11T04:13:51.927Z] > git remote --verbose [1ms]
[2022-08-11T04:13:51.955Z] > git config --get commit.template [2ms]
[2022-08-11T04:13:56.974Z] > git status -z -uall [7ms]
[2022-08-11T04:13:56.981Z] > git symbolic-ref --short HEAD [1ms]
[2022-08-11T04:13:56.988Z] > git for-each-ref --format=%(refname)%00%(upstream:short)%00%(objectname)%00%(upstream:track)%00%(upstream:remotename)%00%(upstream:remoteref) refs/heads/master refs/remotes/master [1ms]
[2022-08-11T04:13:57.000Z] > git for-each-ref --sort -committerdate --format %(refname) %(objectname) %(*objectname) [7ms]
[2022-08-11T04:13:57.000Z] > git remote --verbose [2ms]
[2022-08-11T04:13:57.023Z] > git config --get commit.template [2ms]
[2022-08-11T04:14:02.045Z] > git status -z -uall [9ms]
[2022-08-11T04:14:02.052Z] > git symbolic-ref --short HEAD [1ms]
[2022-08-11T04:14:02.059Z] > git for-each-ref --format=%(refname)%00%(upstream:short)%00%(objectname)%00%(upstream:track)%00%(upstream:remotename)%00%(upstream:remoteref) refs/heads/master refs/remotes/master [1ms]
[2022-08-11T04:14:02.069Z] > git for-each-ref --sort -committerdate --format %(refname) %(objectname) %(*objectname) [5ms]
[2022-08-11T04:14:02.069Z] > git remote --verbose [1ms]
[2022-08-11T04:14:02.091Z] > git config --get commit.template [1ms]
[2022-08-11T04:14:07.145Z] > git status -z -uall [30ms]
[2022-08-11T04:14:07.169Z] > git symbolic-ref --short HEAD [2ms]
[2022-08-11T04:14:07.187Z] > git for-each-ref --format=%(refname)%00%(upstream:short)%00%(objectname)%00%(upstream:track)%00%(upstream:remotename)%00%(upstream:remoteref) refs/heads/master refs/remotes/master [3ms]
[2022-08-11T04:14:07.208Z] > git for-each-ref --sort -committerdate --format %(refname) %(objectname) %(*objectname) [10ms]
[2022-08-11T04:14:07.208Z] > git remote --verbose [2ms]
[2022-08-11T04:14:07.233Z] > git config --get commit.template [2ms]
[2022-08-11T04:14:12.250Z] > git status -z -uall [7ms]
[2022-08-11T04:14:12.257Z] > git symbolic-ref --short HEAD [1ms]
[2022-08-11T04:14:12.264Z] > git for-each-ref --format=%(refname)%00%(upstream:short)%00%(objectname)%00%(upstream:track)%00%(upstream:remotename)%00%(upstream:remoteref) refs/heads/master refs/remotes/master [2ms]
[2022-08-11T04:14:12.276Z] > git for-each-ref --sort -committerdate --format %(refname) %(objectname) %(*objectname) [7ms]
[2022-08-11T04:14:12.276Z] > git remote --verbose [1ms]
[2022-08-11T04:14:12.300Z] > git config --get commit.template [2ms]
[2022-08-11T04:14:17.317Z] > git status -z -uall [7ms]
[2022-08-11T04:14:17.324Z] > git symbolic-ref --short HEAD [1ms]
[2022-08-11T04:14:17.332Z] > git for-each-ref --format=%(refname)%00%(upstream:short)%00%(objectname)%00%(upstream:track)%00%(upstream:remotename)%00%(upstream:remoteref) refs/heads/master refs/remotes/master [1ms]
[2022-08-11T04:14:17.349Z] > git for-each-ref --sort -committerdate --format %(refname) %(objectname) %(*objectname) [9ms]
[2022-08-11T04:14:17.349Z] > git remote --verbose [1ms]
[2022-08-11T04:14:17.372Z] > git config --get commit.template [4ms]
[2022-08-11T04:14:22.397Z] > git status -z -uall [7ms]
[2022-08-11T04:14:22.404Z] > git symbolic-ref --short HEAD [1ms]
[2022-08-11T04:14:22.410Z] > git for-each-ref --format=%(refname)%00%(upstream:short)%00%(objectname)%00%(upstream:track)%00%(upstream:remotename)%00%(upstream:remoteref) refs/heads/master refs/remotes/master [1ms]
[2022-08-11T04:14:22.422Z] > git for-each-ref --sort -committerdate --format %(refname) %(objectname) %(*objectname) [6ms]
[2022-08-11T04:14:22.422Z] > git remote --verbose [1ms]
[2022-08-11T04:14:22.445Z] > git config --get commit.template [2ms]
[2022-08-11T04:14:27.470Z] > git status -z -uall [7ms]
[2022-08-11T04:14:27.477Z] > git symbolic-ref --short HEAD [1ms]
[2022-08-11T04:14:27.483Z] > git for-each-ref --format=%(refname)%00%(upstream:short)%00%(objectname)%00%(upstream:track)%00%(upstream:remotename)%00%(upstream:remoteref) refs/heads/master refs/remotes/master [1ms]
[2022-08-11T04:14:27.496Z] > git for-each-ref --sort -committerdate --format %(refname) %(objectname) %(*objectname) [7ms]
[2022-08-11T04:14:27.496Z] > git remote --verbose [1ms]
[2022-08-11T04:14:27.521Z] > git config --get commit.template [3ms]
[2022-08-11T04:14:32.539Z] > git status -z -uall [7ms]
[2022-08-11T04:14:32.547Z] > git symbolic-ref --short HEAD [0ms]
[2022-08-11T04:14:32.555Z] > git for-each-ref --format=%(refname)%00%(upstream:short)%00%(objectname)%00%(upstream:track)%00%(upstream:remotename)%00%(upstream:remoteref) refs/heads/master refs/remotes/master [1ms]
[2022-08-11T04:14:32.569Z] > git for-each-ref --sort -committerdate --format %(refname) %(objectname) %(*objectname) [7ms]
[2022-08-11T04:14:32.569Z] > git remote --verbose [0ms]
[2022-08-11T04:14:32.597Z] > git config --get commit.template [5ms]
[2022-08-11T04:14:45.955Z] > git status -z -uall [7ms]
[2022-08-11T04:14:45.964Z] > git symbolic-ref --short HEAD [1ms]
[2022-08-11T04:14:45.975Z] > git for-each-ref --format=%(refname)%00%(upstream:short)%00%(objectname)%00%(upstream:track)%00%(upstream:remotename)%00%(upstream:remoteref) refs/heads/master refs/remotes/master [1ms]
[2022-08-11T04:14:45.997Z] > git for-each-ref --sort -committerdate --format %(refname) %(objectname) %(*objectname) [10ms]
[2022-08-11T04:14:45.997Z] > git remote --verbose [1ms]
[2022-08-11T04:14:46.026Z] > git config --get commit.template [3ms]
[2022-08-11T04:14:51.042Z] > git status -z -uall [7ms]
[2022-08-11T04:14:51.049Z] > git symbolic-ref --short HEAD [1ms]
[2022-08-11T04:14:51.056Z] > git for-each-ref --format=%(refname)%00%(upstream:short)%00%(objectname)%00%(upstream:track)%00%(upstream:remotename)%00%(upstream:remoteref) refs/heads/master refs/remotes/master [1ms]
[2022-08-11T04:14:51.069Z] > git for-each-ref --sort -committerdate --format %(refname) %(objectname) %(*objectname) [7ms]
[2022-08-11T04:14:51.069Z] > git remote --verbose [1ms]
[2022-08-11T04:14:51.098Z] > git config --get commit.template [2ms]
[2022-08-11T04:14:56.115Z] > git status -z -uall [7ms]
[2022-08-11T04:14:56.122Z] > git symbolic-ref --short HEAD [1ms]
[2022-08-11T04:14:56.130Z] > git for-each-ref --format=%(refname)%00%(upstream:short)%00%(objectname)%00%(upstream:track)%00%(upstream:remotename)%00%(upstream:remoteref) refs/heads/master refs/remotes/master [2ms]
[2022-08-11T04:14:56.144Z] > git for-each-ref --sort -committerdate --format %(refname) %(objectname) %(*objectname) [7ms]
[2022-08-11T04:14:56.144Z] > git remote --verbose [1ms]
[2022-08-11T04:14:56.175Z] > git config --get commit.template [5ms]
[2022-08-11T04:15:01.191Z] > git status -z -uall [7ms]
[2022-08-11T04:15:01.203Z] > git symbolic-ref --short HEAD [3ms]
[2022-08-11T04:15:01.210Z] > git for-each-ref --format=%(refname)%00%(upstream:short)%00%(objectname)%00%(upstream:track)%00%(upstream:remotename)%00%(upstream:remoteref) refs/heads/master refs/remotes/master [1ms]
[2022-08-11T04:15:01.222Z] > git for-each-ref --sort -committerdate --format %(refname) %(objectname) %(*objectname) [6ms]
[2022-08-11T04:15:01.222Z] > git remote --verbose [0ms]
[2022-08-11T04:15:01.251Z] > git config --get commit.template [5ms]
[2022-08-11T04:15:06.270Z] > git status -z -uall [11ms]
[2022-08-11T04:15:06.280Z] > git symbolic-ref --short HEAD [1ms]
[2022-08-11T04:15:06.290Z] > git for-each-ref --format=%(refname)%00%(upstream:short)%00%(objectname)%00%(upstream:track)%00%(upstream:remotename)%00%(upstream:remoteref) refs/heads/master refs/remotes/master [1ms]
[2022-08-11T04:15:06.307Z] > git for-each-ref --sort -committerdate --format %(refname) %(objectname) %(*objectname) [8ms]
[2022-08-11T04:15:06.308Z] > git remote --verbose [1ms]
[2022-08-11T04:15:06.342Z] > git config --get commit.template [2ms]
[2022-08-11T04:15:11.359Z] > git status -z -uall [6ms]
[2022-08-11T04:15:11.365Z] > git symbolic-ref --short HEAD [0ms]
[2022-08-11T04:15:11.371Z] > git for-each-ref --format=%(refname)%00%(upstream:short)%00%(objectname)%00%(upstream:track)%00%(upstream:remotename)%00%(upstream:remoteref) refs/heads/master refs/remotes/master [1ms]
[2022-08-11T04:15:11.383Z] > git for-each-ref --sort -committerdate --format %(refname) %(objectname) %(*objectname) [6ms]
[2022-08-11T04:15:11.383Z] > git remote --verbose [1ms]
[2022-08-11T04:15:11.405Z] > git config --get commit.template [2ms]
[2022-08-11T04:15:16.423Z] > git status -z -uall [6ms]
[2022-08-11T04:15:16.430Z] > git symbolic-ref --short HEAD [1ms]
[2022-08-11T04:15:16.436Z] > git for-each-ref --format=%(refname)%00%(upstream:short)%00%(objectname)%00%(upstream:track)%00%(upstream:remotename)%00%(upstream:remoteref) refs/heads/master refs/remotes/master [1ms]
[2022-08-11T04:15:16.446Z] > git for-each-ref --sort -committerdate --format %(refname) %(objectname) %(*objectname) [5ms]
[2022-08-11T04:15:16.446Z] > git remote --verbose [0ms]
[2022-08-11T04:15:16.469Z] > git config --get commit.template [4ms]
[2022-08-11T04:15:37.890Z] > git status -z -uall [8ms]
[2022-08-11T04:15:37.896Z] > git symbolic-ref --short HEAD [1ms]
[2022-08-11T04:15:37.902Z] > git for-each-ref --format=%(refname)%00%(upstream:short)%00%(objectname)%00%(upstream:track)%00%(upstream:remotename)%00%(upstream:remoteref) refs/heads/master refs/remotes/master [1ms]
[2022-08-11T04:15:37.911Z] > git for-each-ref --sort -committerdate --format %(refname) %(objectname) %(*objectname) [5ms]
[2022-08-11T04:15:37.911Z] > git remote --verbose [1ms]
[2022-08-11T04:15:37.942Z] > git config --get commit.template [4ms]
[2022-08-11T04:18:58.257Z] > git status -z -uall [11ms]
[2022-08-11T04:18:58.267Z] > git symbolic-ref --short HEAD [1ms]
[2022-08-11T04:18:58.274Z] > git for-each-ref --format=%(refname)%00%(upstream:short)%00%(objectname)%00%(upstream:track)%00%(upstream:remotename)%00%(upstream:remoteref) refs/heads/master refs/remotes/master [1ms]
[2022-08-11T04:18:58.286Z] > git for-each-ref --sort -committerdate --format %(refname) %(objectname) %(*objectname) [6ms]
[2022-08-11T04:18:58.287Z] > git remote --verbose [1ms]
[2022-08-11T04:18:58.313Z] > git config --get commit.template [1ms]
[2022-08-11T04:19:02.569Z] > git check-ignore -v -z --stdin [4ms]
[2022-08-11T04:19:03.366Z] > git status -z -uall [33ms]
[2022-08-11T04:19:03.388Z] > git symbolic-ref --short HEAD [3ms]
[2022-08-11T04:19:03.411Z] > git for-each-ref --format=%(refname)%00%(upstream:short)%00%(objectname)%00%(upstream:track)%00%(upstream:remotename)%00%(upstream:remoteref) refs/heads/master refs/remotes/master [4ms]
[2022-08-11T04:19:03.438Z] > git for-each-ref --sort -committerdate --format %(refname) %(objectname) %(*objectname) [11ms]
[2022-08-11T04:19:03.439Z] > git remote --verbose [2ms]
[2022-08-11T04:19:03.487Z] > git config --get commit.template [9ms]
[2022-08-11T04:19:06.434Z] > git check-ignore -v -z --stdin [4ms]
[2022-08-11T04:19:08.502Z] > git status -z -uall [9ms]
[2022-08-11T04:19:08.509Z] > git symbolic-ref --short HEAD [1ms]
[2022-08-11T04:19:08.516Z] > git for-each-ref --format=%(refname)%00%(upstream:short)%00%(objectname)%00%(upstream:track)%00%(upstream:remotename)%00%(upstream:remoteref) refs/heads/master refs/remotes/master [1ms]
[2022-08-11T04:19:08.526Z] > git for-each-ref --sort -committerdate --format %(refname) %(objectname) %(*objectname) [5ms]
[2022-08-11T04:19:08.527Z] > git remote --verbose [1ms]
[2022-08-11T04:19:08.555Z] > git config --get commit.template [4ms]
[2022-08-11T04:19:09.182Z] > git check-ignore -v -z --stdin [1ms]
[2022-08-11T04:19:14.836Z] > git status -z -uall [9ms]
[2022-08-11T04:19:14.843Z] > git symbolic-ref --short HEAD [1ms]
[2022-08-11T04:19:14.851Z] > git for-each-ref --format=%(refname)%00%(upstream:short)%00%(objectname)%00%(upstream:track)%00%(upstream:remotename)%00%(upstream:remoteref) refs/heads/master refs/remotes/master [2ms]
[2022-08-11T04:19:14.868Z] > git for-each-ref --sort -committerdate --format %(refname) %(objectname) %(*objectname) [9ms]
[2022-08-11T04:19:14.868Z] > git remote --verbose [3ms]
[2022-08-11T04:19:14.926Z] > git config --get commit.template [22ms]
[2022-08-11T04:19:19.962Z] > git status -z -uall [22ms]
[2022-08-11T04:19:19.978Z] > git symbolic-ref --short HEAD [3ms]
[2022-08-11T04:19:19.994Z] > git for-each-ref --format=%(refname)%00%(upstream:short)%00%(objectname)%00%(upstream:track)%00%(upstream:remotename)%00%(upstream:remoteref) refs/heads/master refs/remotes/master [4ms]
[2022-08-11T04:19:20.021Z] > git for-each-ref --sort -committerdate --format %(refname) %(objectname) %(*objectname) [14ms]
[2022-08-11T04:19:20.021Z] > git remote --verbose [2ms]
[2022-08-11T04:19:20.055Z] > git config --get commit.template [0ms]
[2022-08-11T04:19:22.782Z] > git check-ignore -v -z --stdin [1ms]
[2022-08-11T04:19:23.899Z] > git show --textconv :Qtile-config/dotfiles/kitty/kitty.conf [9ms]
[2022-08-11T04:19:23.900Z] > git ls-files --stage -- /home/manu320/.config/Qtile-config/dotfiles/kitty/kitty.conf [2ms]
[2022-08-11T04:19:25.106Z] > git status -z -uall [30ms]
[2022-08-11T04:19:25.116Z] > git symbolic-ref --short HEAD [1ms]
[2022-08-11T04:19:25.125Z] > git for-each-ref --format=%(refname)%00%(upstream:short)%00%(objectname)%00%(upstream:track)%00%(upstream:remotename)%00%(upstream:remoteref) refs/heads/master refs/remotes/master [2ms]
[2022-08-11T04:19:25.141Z] > git for-each-ref --sort -committerdate --format %(refname) %(objectname) %(*objectname) [9ms]
[2022-08-11T04:19:25.141Z] > git remote --verbose [1ms]
[2022-08-11T04:19:25.170Z] > git config --get commit.template [2ms]
[2022-08-11T04:19:30.190Z] > git status -z -uall [11ms]
[2022-08-11T04:19:30.198Z] > git symbolic-ref --short HEAD [1ms]
[2022-08-11T04:19:30.206Z] > git for-each-ref --format=%(refname)%00%(upstream:short)%00%(objectname)%00%(upstream:track)%00%(upstream:remotename)%00%(upstream:remoteref) refs/heads/master refs/remotes/master [2ms]
[2022-08-11T04:19:30.219Z] > git for-each-ref --sort -committerdate --format %(refname) %(objectname) %(*objectname) [7ms]
[2022-08-11T04:19:30.219Z] > git remote --verbose [1ms]
[2022-08-11T04:19:30.272Z] > git config --get commit.template [12ms]
[2022-08-11T04:19:35.312Z] > git status -z -uall [23ms]
[2022-08-11T04:19:35.330Z] > git symbolic-ref --short HEAD [3ms]
[2022-08-11T04:19:35.348Z] > git for-each-ref --format=%(refname)%00%(upstream:short)%00%(objectname)%00%(upstream:track)%00%(upstream:remotename)%00%(upstream:remoteref) refs/heads/master refs/remotes/master [3ms]
[2022-08-11T04:19:35.369Z] > git for-each-ref --sort -committerdate --format %(refname) %(objectname) %(*objectname) [10ms]
[2022-08-11T04:19:35.370Z] > git remote --verbose [2ms]
[2022-08-11T04:19:35.398Z] > git config --get commit.template [4ms]
[2022-08-11T04:19:40.450Z] > git status -z -uall [33ms]
[2022-08-11T04:19:40.468Z] > git symbolic-ref --short HEAD [2ms]
[2022-08-11T04:19:40.480Z] > git for-each-ref --format=%(refname)%00%(upstream:short)%00%(objectname)%00%(upstream:track)%00%(upstream:remotename)%00%(upstream:remoteref) refs/heads/master refs/remotes/master [2ms]
[2022-08-11T04:19:40.497Z] > git remote --verbose [2ms]
[2022-08-11T04:19:40.497Z] > git for-each-ref --sort -committerdate --format %(refname) %(objectname) %(*objectname) [9ms]
[2022-08-11T04:19:40.524Z] > git config --get commit.template [1ms]
[2022-08-11T04:19:45.549Z] > git status -z -uall [16ms]
[2022-08-11T04:19:45.560Z] > git symbolic-ref --short HEAD [2ms]
[2022-08-11T04:19:45.571Z] > git for-each-ref --format=%(refname)%00%(upstream:short)%00%(objectname)%00%(upstream:track)%00%(upstream:remotename)%00%(upstream:remoteref) refs/heads/master refs/remotes/master [2ms]
[2022-08-11T04:19:45.591Z] > git for-each-ref --sort -committerdate --format %(refname) %(objectname) %(*objectname) [11ms]
[2022-08-11T04:19:45.591Z] > git remote --verbose [1ms]
[2022-08-11T04:19:45.626Z] > git config --get commit.template [2ms]
[2022-08-11T04:19:50.676Z] > git status -z -uall [28ms]
[2022-08-11T04:19:50.687Z] > git symbolic-ref --short HEAD [2ms]
[2022-08-11T04:19:50.696Z] > git for-each-ref --format=%(refname)%00%(upstream:short)%00%(objectname)%00%(upstream:track)%00%(upstream:remotename)%00%(upstream:remoteref) refs/heads/master refs/remotes/master [2ms]
[2022-08-11T04:19:50.710Z] > git for-each-ref --sort -committerdate --format %(refname) %(objectname) %(*objectname) [8ms]
[2022-08-11T04:19:50.710Z] > git remote --verbose [1ms]
[2022-08-11T04:19:50.736Z] > git config --get commit.template [3ms]
[2022-08-11T04:19:55.750Z] > git status -z -uall [7ms]
[2022-08-11T04:19:55.757Z] > git symbolic-ref --short HEAD [1ms]
[2022-08-11T04:19:55.763Z] > git for-each-ref --format=%(refname)%00%(upstream:short)%00%(objectname)%00%(upstream:track)%00%(upstream:remotename)%00%(upstream:remoteref) refs/heads/master refs/remotes/master [1ms]
[2022-08-11T04:19:55.774Z] > git for-each-ref --sort -committerdate --format %(refname) %(objectname) %(*objectname) [6ms]
[2022-08-11T04:19:55.774Z] > git remote --verbose [1ms]
[2022-08-11T04:19:55.803Z] > git config --get commit.template [8ms]
[2022-08-11T04:19:57.421Z] > git show --textconv :qtile/config.py [7ms]
[2022-08-11T04:19:57.422Z] > git ls-files --stage -- /home/manu320/.config/qtile/config.py [3ms]
[2022-08-11T04:19:57.429Z] > git cat-file -s 111e8966e2f429bf78017ba61116c659bab33a4b [1ms]
[2022-08-11T04:19:59.337Z] > git check-ignore -v -z --stdin [4ms]
[2022-08-11T04:20:00.440Z] > git show --textconv :Qtile-config/dotfiles/lightdm/lightdm-gtk-greeter.conf [22ms]
[2022-08-11T04:20:00.443Z] > git ls-files --stage -- /home/manu320/.config/Qtile-config/dotfiles/lightdm/lightdm-gtk-greeter.conf [4ms]
[2022-08-11T04:20:00.837Z] > git status -z -uall [19ms]
[2022-08-11T04:20:00.847Z] > git symbolic-ref --short HEAD [1ms]
[2022-08-11T04:20:00.853Z] > git for-each-ref --format=%(refname)%00%(upstream:short)%00%(objectname)%00%(upstream:track)%00%(upstream:remotename)%00%(upstream:remoteref) refs/heads/master refs/remotes/master [1ms]
[2022-08-11T04:20:00.864Z] > git for-each-ref --sort -committerdate --format %(refname) %(objectname) %(*objectname) [5ms]
[2022-08-11T04:20:00.864Z] > git remote --verbose [1ms]
[2022-08-11T04:20:00.888Z] > git config --get commit.template [2ms]
[2022-08-11T04:20:01.819Z] > git show --textconv :Qtile-config/dotfiles/lightdm/lightdm.conf [14ms]
[2022-08-11T04:20:01.820Z] > git ls-files --stage -- /home/manu320/.config/Qtile-config/dotfiles/lightdm/lightdm.conf [1ms]
[2022-08-11T04:20:05.944Z] > git status -z -uall [35ms]
[2022-08-11T04:20:05.957Z] > git symbolic-ref --short HEAD [2ms]
[2022-08-11T04:20:05.968Z] > git for-each-ref --format=%(refname)%00%(upstream:short)%00%(objectname)%00%(upstream:track)%00%(upstream:remotename)%00%(upstream:remoteref) refs/heads/master refs/remotes/master [2ms]
[2022-08-11T04:20:05.984Z] > git for-each-ref --sort -committerdate --format %(refname) %(objectname) %(*objectname) [8ms]
[2022-08-11T04:20:05.985Z] > git remote --verbose [2ms]
[2022-08-11T04:20:06.028Z] > git config --get commit.template [9ms]
[2022-08-11T04:20:11.068Z] > git status -z -uall [19ms]
[2022-08-11T04:20:11.076Z] > git symbolic-ref --short HEAD [1ms]
[2022-08-11T04:20:11.083Z] > git for-each-ref --format=%(refname)%00%(upstream:short)%00%(objectname)%00%(upstream:track)%00%(upstream:remotename)%00%(upstream:remoteref) refs/heads/master refs/remotes/master [1ms]
[2022-08-11T04:20:11.094Z] > git for-each-ref --sort -committerdate --format %(refname) %(objectname) %(*objectname) [6ms]
[2022-08-11T04:20:11.095Z] > git remote --verbose [1ms]
[2022-08-11T04:20:11.120Z] > git config --get commit.template [3ms]
[2022-08-11T04:20:16.173Z] > git status -z -uall [33ms]
[2022-08-11T04:20:16.192Z] > git symbolic-ref --short HEAD [4ms]
[2022-08-11T04:20:16.206Z] > git for-each-ref --format=%(refname)%00%(upstream:short)%00%(objectname)%00%(upstream:track)%00%(upstream:remotename)%00%(upstream:remoteref) refs/heads/master refs/remotes/master [3ms]
[2022-08-11T04:20:16.224Z] > git for-each-ref --sort -committerdate --format %(refname) %(objectname) %(*objectname) [10ms]
[2022-08-11T04:20:16.224Z] > git remote --verbose [2ms]
[2022-08-11T04:20:16.263Z] > git config --get commit.template [10ms]
[2022-08-11T04:20:20.309Z] > git check-ignore -v -z --stdin [4ms]
[2022-08-11T04:20:21.310Z] > git status -z -uall [26ms]
[2022-08-11T04:20:21.320Z] > git symbolic-ref --short HEAD [1ms]
[2022-08-11T04:20:21.329Z] > git for-each-ref --format=%(refname)%00%(upstream:short)%00%(objectname)%00%(upstream:track)%00%(upstream:remotename)%00%(upstream:remoteref) refs/heads/master refs/remotes/master [2ms]
[2022-08-11T04:20:21.341Z] > git for-each-ref --sort -committerdate --format %(refname) %(objectname) %(*objectname) [7ms]
[2022-08-11T04:20:21.341Z] > git remote --verbose [1ms]
[2022-08-11T04:20:21.363Z] > git config --get commit.template [3ms]
[2022-08-11T04:20:24.736Z] > git show --textconv :Qtile-config/dotfiles/lightdm/lightdm-gtk-greeter.conf [22ms]
[2022-08-11T04:20:24.738Z] > git ls-files --stage -- /home/manu320/.config/Qtile-config/dotfiles/lightdm/lightdm-gtk-greeter.conf [4ms]
[2022-08-11T04:20:25.913Z] > git show --textconv :Qtile-config/dotfiles/lightdm/lightdm.conf [21ms]
[2022-08-11T04:20:25.916Z] > git ls-files --stage -- /home/manu320/.config/Qtile-config/dotfiles/lightdm/lightdm.conf [4ms]
[2022-08-11T04:20:26.415Z] > git status -z -uall [31ms]
[2022-08-11T04:20:26.431Z] > git symbolic-ref --short HEAD [2ms]
[2022-08-11T04:20:26.442Z] > git for-each-ref --format=%(refname)%00%(upstream:short)%00%(objectname)%00%(upstream:track)%00%(upstream:remotename)%00%(upstream:remoteref) refs/heads/master refs/remotes/master [1ms]
[2022-08-11T04:20:26.459Z] > git for-each-ref --sort -committerdate --format %(refname) %(objectname) %(*objectname) [9ms]
[2022-08-11T04:20:26.460Z] > git remote --verbose [2ms]
[2022-08-11T04:20:26.491Z] > git config --get commit.template [2ms]
[2022-08-11T04:20:27.570Z] > git show --textconv :Qtile-config/dotfiles/lightdm/lightdm-gtk-greeter.conf [6ms]
[2022-08-11T04:20:27.571Z] > git ls-files --stage -- /home/manu320/.config/Qtile-config/dotfiles/lightdm/lightdm-gtk-greeter.conf [1ms]
[2022-08-11T04:20:31.543Z] > git status -z -uall [30ms]
[2022-08-11T04:20:31.555Z] > git symbolic-ref --short HEAD [1ms]
[2022-08-11T04:20:31.565Z] > git for-each-ref --format=%(refname)%00%(upstream:short)%00%(objectname)%00%(upstream:track)%00%(upstream:remotename)%00%(upstream:remoteref) refs/heads/master refs/remotes/master [2ms]
[2022-08-11T04:20:31.579Z] > git for-each-ref --sort -committerdate --format %(refname) %(objectname) %(*objectname) [8ms]
[2022-08-11T04:20:31.579Z] > git remote --verbose [1ms]
[2022-08-11T04:20:31.610Z] > git config --get commit.template [3ms]
[2022-08-11T04:20:36.662Z] > git status -z -uall [30ms]
[2022-08-11T04:20:36.675Z] > git symbolic-ref --short HEAD [2ms]
[2022-08-11T04:20:36.687Z] > git for-each-ref --format=%(refname)%00%(upstream:short)%00%(objectname)%00%(upstream:track)%00%(upstream:remotename)%00%(upstream:remoteref) refs/heads/master refs/remotes/master [2ms]
[2022-08-11T04:20:36.710Z] > git for-each-ref --sort -committerdate --format %(refname) %(objectname) %(*objectname) [14ms]
[2022-08-11T04:20:36.711Z] > git remote --verbose [3ms]
[2022-08-11T04:20:36.740Z] > git config --get commit.template [2ms]
[2022-08-11T04:20:40.384Z] > git show --textconv :Qtile-config/dotfiles/lightdm/lightdm.conf [20ms]
[2022-08-11T04:20:40.386Z] > git ls-files --stage -- /home/manu320/.config/Qtile-config/dotfiles/lightdm/lightdm.conf [4ms]
[2022-08-11T04:20:41.782Z] > git status -z -uall [17ms]
[2022-08-11T04:20:41.792Z] > git symbolic-ref --short HEAD [2ms]
[2022-08-11T04:20:41.800Z] > git for-each-ref --format=%(refname)%00%(upstream:short)%00%(objectname)%00%(upstream:track)%00%(upstream:remotename)%00%(upstream:remoteref) refs/heads/master refs/remotes/master [2ms]
[2022-08-11T04:20:41.815Z] > git for-each-ref --sort -committerdate --format %(refname) %(objectname) %(*objectname) [7ms]
[2022-08-11T04:20:41.815Z] > git remote --verbose [2ms]
[2022-08-11T04:20:41.845Z] > git config --get commit.template [4ms]
[2022-08-11T04:20:45.799Z] > git show --textconv :Qtile-config/dotfiles/lightdm/lightdm-gtk-greeter.conf [22ms]
[2022-08-11T04:20:45.801Z] > git ls-files --stage -- /home/manu320/.config/Qtile-config/dotfiles/lightdm/lightdm-gtk-greeter.conf [4ms]
[2022-08-11T04:20:46.877Z] > git status -z -uall [15ms]
[2022-08-11T04:20:46.886Z] > git symbolic-ref --short HEAD [1ms]
[2022-08-11T04:20:46.894Z] > git for-each-ref --format=%(refname)%00%(upstream:short)%00%(objectname)%00%(upstream:track)%00%(upstream:remotename)%00%(upstream:remoteref) refs/heads/master refs/remotes/master [1ms]
[2022-08-11T04:20:46.905Z] > git for-each-ref --sort -committerdate --format %(refname) %(objectname) %(*objectname) [6ms]
[2022-08-11T04:20:46.905Z] > git remote --verbose [0ms]
[2022-08-11T04:20:46.928Z] > git config --get commit.template [2ms]
[2022-08-11T04:20:52.746Z] > git status -z -uall [9ms]
[2022-08-11T04:20:52.753Z] > git symbolic-ref --short HEAD [1ms]
[2022-08-11T04:20:52.760Z] > git for-each-ref --format=%(refname)%00%(upstream:short)%00%(objectname)%00%(upstream:track)%00%(upstream:remotename)%00%(upstream:remoteref) refs/heads/master refs/remotes/master [2ms]
[2022-08-11T04:20:52.772Z] > git for-each-ref --sort -committerdate --format %(refname) %(objectname) %(*objectname) [7ms]
[2022-08-11T04:20:52.772Z] > git remote --verbose [1ms]
[2022-08-11T04:20:52.809Z] > git config --get commit.template [3ms]
[2022-08-11T04:20:53.505Z] > git show --textconv :lightdm/lightdm-gtk-greeter.conf [7ms]
[2022-08-11T04:20:53.505Z] > git ls-files --stage -- /home/manu320/.config/lightdm/lightdm-gtk-greeter.conf [1ms]
[2022-08-11T04:20:53.998Z] > git check-ignore -v -z --stdin [3ms]
[2022-08-11T04:20:57.859Z] > git status -z -uall [28ms]
[2022-08-11T04:20:57.872Z] > git symbolic-ref --short HEAD [2ms]
[2022-08-11T04:20:57.882Z] > git for-each-ref --format=%(refname)%00%(upstream:short)%00%(objectname)%00%(upstream:track)%00%(upstream:remotename)%00%(upstream:remoteref) refs/heads/master refs/remotes/master [2ms]
[2022-08-11T04:20:57.896Z] > git for-each-ref --sort -committerdate --format %(refname) %(objectname) %(*objectname) [7ms]
[2022-08-11T04:20:57.897Z] > git remote --verbose [2ms]
[2022-08-11T04:20:57.926Z] > git config --get commit.template [1ms]
[2022-08-11T04:21:02.951Z] > git status -z -uall [11ms]
[2022-08-11T04:21:02.959Z] > git symbolic-ref --short HEAD [1ms]
[2022-08-11T04:21:02.965Z] > git for-each-ref --format=%(refname)%00%(upstream:short)%00%(objectname)%00%(upstream:track)%00%(upstream:remotename)%00%(upstream:remoteref) refs/heads/master refs/remotes/master [1ms]
[2022-08-11T04:21:02.974Z] > git for-each-ref --sort -committerdate --format %(refname) %(objectname) %(*objectname) [5ms]
[2022-08-11T04:21:02.975Z] > git remote --verbose [1ms]
[2022-08-11T04:21:03.001Z] > git config --get commit.template [3ms]
[2022-08-11T04:21:03.669Z] > git check-ignore -v -z --stdin [2ms]
[2022-08-11T04:21:08.047Z] > git status -z -uall [25ms]
[2022-08-11T04:21:08.057Z] > git symbolic-ref --short HEAD [1ms]
[2022-08-11T04:21:08.066Z] > git for-each-ref --format=%(refname)%00%(upstream:short)%00%(objectname)%00%(upstream:track)%00%(upstream:remotename)%00%(upstream:remoteref) refs/heads/master refs/remotes/master [1ms]
[2022-08-11T04:21:08.078Z] > git for-each-ref --sort -committerdate --format %(refname) %(objectname) %(*objectname) [6ms]
[2022-08-11T04:21:08.078Z] > git remote --verbose [1ms]
[2022-08-11T04:21:08.103Z] > git config --get commit.template [4ms]
[2022-08-11T04:21:13.159Z] > git status -z -uall [33ms]
[2022-08-11T04:21:13.172Z] > git symbolic-ref --short HEAD [2ms]
[2022-08-11T04:21:13.186Z] > git for-each-ref --format=%(refname)%00%(upstream:short)%00%(objectname)%00%(upstream:track)%00%(upstream:remotename)%00%(upstream:remoteref) refs/heads/master refs/remotes/master [2ms]
[2022-08-11T04:21:13.208Z] > git for-each-ref --sort -committerdate --format %(refname) %(objectname) %(*objectname) [10ms]
[2022-08-11T04:21:13.208Z] > git remote --verbose [1ms]
[2022-08-11T04:21:13.238Z] > git config --get commit.template [1ms]
[2022-08-11T04:21:14.335Z] > git show --textconv :qtile/autostart.sh [6ms]
[2022-08-11T04:21:14.336Z] > git ls-files --stage -- /home/manu320/.config/qtile/autostart.sh [1ms]
[2022-08-11T04:21:14.345Z] > git cat-file -s d5b540b47e99d76261fab85373b31e473deb35a1 [2ms]
[2022-08-11T04:21:15.206Z] > git show --textconv :lightdm/lightdm-gtk-greeter.conf [19ms]
[2022-08-11T04:21:15.209Z] > git ls-files --stage -- /home/manu320/.config/lightdm/lightdm-gtk-greeter.conf [5ms]
[2022-08-11T04:22:17.235Z] > git status -z -uall [11ms]
[2022-08-11T04:22:17.243Z] > git symbolic-ref --short HEAD [1ms]
[2022-08-11T04:22:17.251Z] > git for-each-ref --format=%(refname)%00%(upstream:short)%00%(objectname)%00%(upstream:track)%00%(upstream:remotename)%00%(upstream:remoteref) refs/heads/master refs/remotes/master [2ms]
[2022-08-11T04:22:17.263Z] > git for-each-ref --sort -committerdate --format %(refname) %(objectname) %(*objectname) [6ms]
[2022-08-11T04:22:17.264Z] > git remote --verbose [2ms]
[2022-08-11T04:22:17.311Z] > git config --get commit.template [4ms]
[2022-08-11T04:22:22.328Z] > git status -z -uall [10ms]
[2022-08-11T04:22:22.335Z] > git symbolic-ref --short HEAD [1ms]
[2022-08-11T04:22:22.342Z] > git for-each-ref --format=%(refname)%00%(upstream:short)%00%(objectname)%00%(upstream:track)%00%(upstream:remotename)%00%(upstream:remoteref) refs/heads/master refs/remotes/master [1ms]
[2022-08-11T04:22:22.353Z] > git for-each-ref --sort -committerdate --format %(refname) %(objectname) %(*objectname) [6ms]
[2022-08-11T04:22:22.354Z] > git remote --verbose [1ms]
[2022-08-11T04:22:22.402Z] > git config --get commit.template [9ms]
[2022-08-11T04:22:26.447Z] > git show --textconv :kitty/kitty.conf [6ms]
[2022-08-11T04:22:26.448Z] > git ls-files --stage -- /home/manu320/.config/kitty/kitty.conf [2ms]
[2022-08-11T04:22:26.716Z] > git check-ignore -v -z --stdin [1ms]
[2022-08-11T04:22:27.420Z] > git status -z -uall [11ms]
[2022-08-11T04:22:27.427Z] > git symbolic-ref --short HEAD [1ms]
[2022-08-11T04:22:27.434Z] > git for-each-ref --format=%(refname)%00%(upstream:short)%00%(objectname)%00%(upstream:track)%00%(upstream:remotename)%00%(upstream:remoteref) refs/heads/master refs/remotes/master [1ms]
[2022-08-11T04:22:27.447Z] > git for-each-ref --sort -committerdate --format %(refname) %(objectname) %(*objectname) [6ms]
[2022-08-11T04:22:27.448Z] > git remote --verbose [2ms]
[2022-08-11T04:22:27.472Z] > git config --get commit.template [1ms]
[2022-08-11T04:22:32.488Z] > git status -z -uall [8ms]
[2022-08-11T04:22:32.495Z] > git symbolic-ref --short HEAD [1ms]
[2022-08-11T04:22:32.502Z] > git for-each-ref --format=%(refname)%00%(upstream:short)%00%(objectname)%00%(upstream:track)%00%(upstream:remotename)%00%(upstream:remoteref) refs/heads/master refs/remotes/master [1ms]
[2022-08-11T04:22:32.515Z] > git for-each-ref --sort -committerdate --format %(refname) %(objectname) %(*objectname) [7ms]
[2022-08-11T04:22:32.515Z] > git remote --verbose [1ms]
[2022-08-11T04:22:32.545Z] > git config --get commit.template [3ms]
[2022-08-11T04:22:35.776Z] > git show --textconv :Qtile-config/dotfiles/neofetch/config.conf [6ms]
[2022-08-11T04:22:35.777Z] > git ls-files --stage -- /home/manu320/.config/Qtile-config/dotfiles/neofetch/config.conf [1ms]
[2022-08-11T04:22:37.562Z] > git status -z -uall [10ms]
[2022-08-11T04:22:37.571Z] > git symbolic-ref --short HEAD [2ms]
[2022-08-11T04:22:37.579Z] > git for-each-ref --format=%(refname)%00%(upstream:short)%00%(objectname)%00%(upstream:track)%00%(upstream:remotename)%00%(upstream:remoteref) refs/heads/master refs/remotes/master [2ms]
[2022-08-11T04:22:37.593Z] > git for-each-ref --sort -committerdate --format %(refname) %(objectname) %(*objectname) [8ms]
[2022-08-11T04:22:37.593Z] > git remote --verbose [1ms]
[2022-08-11T04:22:37.643Z] > git config --get commit.template [11ms]
[2022-08-11T04:22:42.658Z] > git status -z -uall [8ms]
[2022-08-11T04:22:42.666Z] > git symbolic-ref --short HEAD [1ms]
[2022-08-11T04:22:42.673Z] > git for-each-ref --format=%(refname)%00%(upstream:short)%00%(objectname)%00%(upstream:track)%00%(upstream:remotename)%00%(upstream:remoteref) refs/heads/master refs/remotes/master [1ms]
[2022-08-11T04:22:42.686Z] > git for-each-ref --sort -committerdate --format %(refname) %(objectname) %(*objectname) [7ms]
[2022-08-11T04:22:42.686Z] > git remote --verbose [1ms]
[2022-08-11T04:22:42.713Z] > git config --get commit.template [4ms]
[2022-08-11T04:22:47.730Z] > git status -z -uall [9ms]
[2022-08-11T04:22:47.736Z] > git symbolic-ref --short HEAD [1ms]
[2022-08-11T04:22:47.743Z] > git for-each-ref --format=%(refname)%00%(upstream:short)%00%(objectname)%00%(upstream:track)%00%(upstream:remotename)%00%(upstream:remoteref) refs/heads/master refs/remotes/master [1ms]
[2022-08-11T04:22:47.757Z] > git for-each-ref --sort -committerdate --format %(refname) %(objectname) %(*objectname) [8ms]
[2022-08-11T04:22:47.757Z] > git remote --verbose [1ms]
[2022-08-11T04:22:47.808Z] > git config --get commit.template [10ms]
[2022-08-11T04:22:52.823Z] > git status -z -uall [9ms]
[2022-08-11T04:22:52.830Z] > git symbolic-ref --short HEAD [1ms]
[2022-08-11T04:22:52.838Z] > git for-each-ref --format=%(refname)%00%(upstream:short)%00%(objectname)%00%(upstream:track)%00%(upstream:remotename)%00%(upstream:remoteref) refs/heads/master refs/remotes/master [1ms]
[2022-08-11T04:22:52.850Z] > git for-each-ref --sort -committerdate --format %(refname) %(objectname) %(*objectname) [7ms]
[2022-08-11T04:22:52.850Z] > git remote --verbose [1ms]
[2022-08-11T04:22:52.879Z] > git config --get commit.template [5ms]
[2022-08-11T04:22:57.899Z] > git status -z -uall [11ms]
[2022-08-11T04:22:57.909Z] > git symbolic-ref --short HEAD [1ms]
[2022-08-11T04:22:57.919Z] > git for-each-ref --format=%(refname)%00%(upstream:short)%00%(objectname)%00%(upstream:track)%00%(upstream:remotename)%00%(upstream:remoteref) refs/heads/master refs/remotes/master [2ms]
[2022-08-11T04:22:57.937Z] > git remote --verbose [2ms]
[2022-08-11T04:22:57.937Z] > git for-each-ref --sort -committerdate --format %(refname) %(objectname) %(*objectname) [10ms]
[2022-08-11T04:22:58.004Z] > git config --get commit.template [16ms]
[2022-08-11T04:23:00.742Z] > git show --textconv :kitty/kitty.conf [6ms]
[2022-08-11T04:23:00.743Z] > git ls-files --stage -- /home/manu320/.config/kitty/kitty.conf [1ms]
[2022-08-11T04:23:03.047Z] > git status -z -uall [26ms]
[2022-08-11T04:23:03.062Z] > git symbolic-ref --short HEAD [2ms]
[2022-08-11T04:23:03.076Z] > git for-each-ref --format=%(refname)%00%(upstream:short)%00%(objectname)%00%(upstream:track)%00%(upstream:remotename)%00%(upstream:remoteref) refs/heads/master refs/remotes/master [2ms]
[2022-08-11T04:23:03.101Z] > git for-each-ref --sort -committerdate --format %(refname) %(objectname) %(*objectname) [13ms]
[2022-08-11T04:23:03.102Z] > git remote --verbose [3ms]
[2022-08-11T04:23:03.142Z] > git config --get commit.template [2ms]
[2022-08-11T04:23:08.169Z] > git status -z -uall [13ms]
[2022-08-11T04:23:08.179Z] > git symbolic-ref --short HEAD [2ms]
[2022-08-11T04:23:08.190Z] > git for-each-ref --format=%(refname)%00%(upstream:short)%00%(objectname)%00%(upstream:track)%00%(upstream:remotename)%00%(upstream:remoteref) refs/heads/master refs/remotes/master [3ms]
[2022-08-11T04:23:08.209Z] > git remote --verbose [2ms]
[2022-08-11T04:23:08.209Z] > git for-each-ref --sort -committerdate --format %(refname) %(objectname) %(*objectname) [10ms]
[2022-08-11T04:23:08.257Z] > git config --get commit.template [12ms]
[2022-08-11T04:23:09.058Z] > git show --textconv :Qtile-config/dotfiles/mimeapps.list [8ms]
[2022-08-11T04:23:09.059Z] > git ls-files --stage -- /home/manu320/.config/Qtile-config/dotfiles/mimeapps.list [2ms]
[2022-08-11T04:23:12.736Z] > git show --textconv :kitty/kitty.conf [7ms]
[2022-08-11T04:23:12.736Z] > git ls-files --stage -- /home/manu320/.config/kitty/kitty.conf [1ms]
[2022-08-11T04:23:13.276Z] > git status -z -uall [12ms]
[2022-08-11T04:23:13.285Z] > git symbolic-ref --short HEAD [1ms]
[2022-08-11T04:23:13.296Z] > git for-each-ref --format=%(refname)%00%(upstream:short)%00%(objectname)%00%(upstream:track)%00%(upstream:remotename)%00%(upstream:remoteref) refs/heads/master refs/remotes/master [2ms]
[2022-08-11T04:23:13.311Z] > git for-each-ref --sort -committerdate --format %(refname) %(objectname) %(*objectname) [7ms]
[2022-08-11T04:23:13.312Z] > git remote --verbose [1ms]
[2022-08-11T04:23:13.344Z] > git config --get commit.template [3ms]
[2022-08-11T04:23:14.101Z] > git show --textconv :Qtile-config/dotfiles/QtProject.conf [8ms]
[2022-08-11T04:23:14.102Z] > git ls-files --stage -- /home/manu320/.config/Qtile-config/dotfiles/QtProject.conf [2ms]
[2022-08-11T04:23:15.047Z] > git check-ignore -v -z --stdin [1ms]
[2022-08-11T04:23:16.674Z] > git check-ignore -v -z --stdin [1ms]
[2022-08-11T04:23:18.363Z] > git status -z -uall [11ms]
[2022-08-11T04:23:18.370Z] > git symbolic-ref --short HEAD [1ms]
[2022-08-11T04:23:18.377Z] > git for-each-ref --format=%(refname)%00%(upstream:short)%00%(objectname)%00%(upstream:track)%00%(upstream:remotename)%00%(upstream:remoteref) refs/heads/master refs/remotes/master [1ms]
[2022-08-11T04:23:18.390Z] > git for-each-ref --sort -committerdate --format %(refname) %(objectname) %(*objectname) [6ms]
[2022-08-11T04:23:18.391Z] > git remote --verbose [2ms]
[2022-08-11T04:23:18.420Z] > git config --get commit.template [4ms]
[2022-08-11T04:23:23.436Z] > git status -z -uall [9ms]
[2022-08-11T04:23:23.444Z] > git symbolic-ref --short HEAD [1ms]
[2022-08-11T04:23:23.451Z] > git for-each-ref --format=%(refname)%00%(upstream:short)%00%(objectname)%00%(upstream:track)%00%(upstream:remotename)%00%(upstream:remoteref) refs/heads/master refs/remotes/master [2ms]
[2022-08-11T04:23:23.463Z] > git for-each-ref --sort -committerdate --format %(refname) %(objectname) %(*objectname) [6ms]
[2022-08-11T04:23:23.463Z] > git remote --verbose [1ms]
[2022-08-11T04:23:23.495Z] > git config --get commit.template [3ms]
[2022-08-11T04:23:25.267Z] > git check-ignore -v -z --stdin [1ms]
[2022-08-11T04:23:27.981Z] > git check-ignore -v -z --stdin [1ms]
[2022-08-11T04:23:28.514Z] > git status -z -uall [11ms]
[2022-08-11T04:23:28.524Z] > git symbolic-ref --short HEAD [1ms]
[2022-08-11T04:23:28.533Z] > git for-each-ref --format=%(refname)%00%(upstream:short)%00%(objectname)%00%(upstream:track)%00%(upstream:remotename)%00%(upstream:remoteref) refs/heads/master refs/remotes/master [1ms]
[2022-08-11T04:23:28.550Z] > git for-each-ref --sort -committerdate --format %(refname) %(objectname) %(*objectname) [9ms]
[2022-08-11T04:23:28.551Z] > git remote --verbose [2ms]
[2022-08-11T04:23:28.603Z] > git config --get commit.template [5ms]
[2022-08-11T04:23:29.822Z] > git check-ignore -v -z --stdin [1ms]
[2022-08-11T04:23:31.142Z] > git check-ignore -v -z --stdin [1ms]
[2022-08-11T04:23:31.855Z] > git show --textconv :Qtile-config/dotfiles/nvim/plugin/packer_compiled.lua [11ms]
[2022-08-11T04:23:31.856Z] > git ls-files --stage -- /home/manu320/.config/Qtile-config/dotfiles/nvim/plugin/packer_compiled.lua [2ms]
[2022-08-11T04:23:33.621Z] > git status -z -uall [10ms]
[2022-08-11T04:23:33.630Z] > git symbolic-ref --short HEAD [1ms]
[2022-08-11T04:23:33.639Z] > git for-each-ref --format=%(refname)%00%(upstream:short)%00%(objectname)%00%(upstream:track)%00%(upstream:remotename)%00%(upstream:remoteref) refs/heads/master refs/remotes/master [1ms]
[2022-08-11T04:23:33.657Z] > git for-each-ref --sort -committerdate --format %(refname) %(objectname) %(*objectname) [9ms]
[2022-08-11T04:23:33.657Z] > git remote --verbose [1ms]
[2022-08-11T04:23:33.693Z] > git config --get commit.template [3ms]
[2022-08-11T04:23:38.711Z] > git status -z -uall [9ms]
[2022-08-11T04:23:38.720Z] > git symbolic-ref --short HEAD [1ms]
[2022-08-11T04:23:38.727Z] > git for-each-ref --format=%(refname)%00%(upstream:short)%00%(objectname)%00%(upstream:track)%00%(upstream:remotename)%00%(upstream:remoteref) refs/heads/master refs/remotes/master [1ms]
[2022-08-11T04:23:38.741Z] > git for-each-ref --sort -committerdate --format %(refname) %(objectname) %(*objectname) [7ms]
[2022-08-11T04:23:38.741Z] > git remote --verbose [1ms]
[2022-08-11T04:23:38.774Z] > git config --get commit.template [7ms]
[2022-08-11T04:23:40.043Z] > git show --textconv :nvim/plugin/packer_compiled.lua [8ms]
[2022-08-11T04:23:40.044Z] > git ls-files --stage -- /home/manu320/.config/nvim/plugin/packer_compiled.lua [1ms]
[2022-08-11T04:23:40.388Z] > git check-ignore -v -z --stdin [1ms]
[2022-08-11T04:23:43.827Z] > git status -z -uall [33ms]
[2022-08-11T04:23:43.837Z] > git symbolic-ref --short HEAD [1ms]
[2022-08-11T04:23:43.847Z] > git for-each-ref --format=%(refname)%00%(upstream:short)%00%(objectname)%00%(upstream:track)%00%(upstream:remotename)%00%(upstream:remoteref) refs/heads/master refs/remotes/master [2ms]
[2022-08-11T04:23:43.863Z] > git for-each-ref --sort -committerdate --format %(refname) %(objectname) %(*objectname) [9ms]
[2022-08-11T04:23:43.863Z] > git remote --verbose [1ms]
[2022-08-11T04:23:43.895Z] > git config --get commit.template [1ms]
[2022-08-11T04:23:48.585Z] > git show --textconv :nvim/init.lua [21ms]
[2022-08-11T04:23:48.587Z] > git ls-files --stage -- /home/manu320/.config/nvim/init.lua [4ms]
[2022-08-11T04:23:48.947Z] > git status -z -uall [31ms]
[2022-08-11T04:23:48.969Z] > git symbolic-ref --short HEAD [3ms]
[2022-08-11T04:23:48.986Z] > git for-each-ref --format=%(refname)%00%(upstream:short)%00%(objectname)%00%(upstream:track)%00%(upstream:remotename)%00%(upstream:remoteref) refs/heads/master refs/remotes/master [3ms]
[2022-08-11T04:23:49.008Z] > git for-each-ref --sort -committerdate --format %(refname) %(objectname) %(*objectname) [11ms]
[2022-08-11T04:23:49.008Z] > git remote --verbose [1ms]
[2022-08-11T04:23:49.046Z] > git config --get commit.template [3ms]
[2022-08-11T04:24:01.860Z] > git status -z -uall [11ms]
[2022-08-11T04:24:01.869Z] > git symbolic-ref --short HEAD [1ms]
[2022-08-11T04:24:01.877Z] > git for-each-ref --format=%(refname)%00%(upstream:short)%00%(objectname)%00%(upstream:track)%00%(upstream:remotename)%00%(upstream:remoteref) refs/heads/master refs/remotes/master [1ms]
[2022-08-11T04:24:01.891Z] > git for-each-ref --sort -committerdate --format %(refname) %(objectname) %(*objectname) [7ms]
[2022-08-11T04:24:01.891Z] > git remote --verbose [1ms]
[2022-08-11T04:24:01.922Z] > git config --get commit.template [5ms]
[2022-08-11T04:24:06.190Z] > git show --textconv :Qtile-config/qtile/autostart.sh [6ms]
[2022-08-11T04:24:06.191Z] > git ls-files --stage -- /home/manu320/.config/Qtile-config/qtile/autostart.sh [1ms]
[2022-08-11T04:24:06.941Z] > git status -z -uall [11ms]
[2022-08-11T04:24:06.949Z] > git symbolic-ref --short HEAD [1ms]
[2022-08-11T04:24:06.958Z] > git for-each-ref --format=%(refname)%00%(upstream:short)%00%(objectname)%00%(upstream:track)%00%(upstream:remotename)%00%(upstream:remoteref) refs/heads/master refs/remotes/master [1ms]
[2022-08-11T04:24:06.972Z] > git for-each-ref --sort -committerdate --format %(refname) %(objectname) %(*objectname) [7ms]
[2022-08-11T04:24:06.973Z] > git remote --verbose [2ms]
[2022-08-11T04:24:07.034Z] > git config --get commit.template [13ms]
[2022-08-11T04:24:12.057Z] > git status -z -uall [13ms]
[2022-08-11T04:24:12.066Z] > git symbolic-ref --short HEAD [1ms]
[2022-08-11T04:24:12.076Z] > git for-each-ref --format=%(refname)%00%(upstream:short)%00%(objectname)%00%(upstream:track)%00%(upstream:remotename)%00%(upstream:remoteref) refs/heads/master refs/remotes/master [2ms]
[2022-08-11T04:24:12.093Z] > git for-each-ref --sort -committerdate --format %(refname) %(objectname) %(*objectname) [8ms]
[2022-08-11T04:24:12.094Z] > git remote --verbose [2ms]
[2022-08-11T04:24:12.127Z] > git config --get commit.template [3ms]
[2022-08-11T04:24:17.143Z] > git status -z -uall [7ms]
[2022-08-11T04:24:17.149Z] > git symbolic-ref --short HEAD [1ms]
[2022-08-11T04:24:17.155Z] > git for-each-ref --format=%(refname)%00%(upstream:short)%00%(objectname)%00%(upstream:track)%00%(upstream:remotename)%00%(upstream:remoteref) refs/heads/master refs/remotes/master [1ms]
[2022-08-11T04:24:17.164Z] > git for-each-ref --sort -committerdate --format %(refname) %(objectname) %(*objectname) [5ms]
[2022-08-11T04:24:17.165Z] > git remote --verbose [1ms]
[2022-08-11T04:24:17.185Z] > git config --get commit.template [1ms]
[2022-08-11T04:24:21.863Z] > git show --textconv :Qtile-config/qtile/config.py [10ms]
[2022-08-11T04:24:21.864Z] > git ls-files --stage -- /home/manu320/.config/Qtile-config/qtile/config.py [2ms]
[2022-08-11T04:24:22.232Z] > git status -z -uall [26ms]
[2022-08-11T04:24:22.243Z] > git symbolic-ref --short HEAD [2ms]
[2022-08-11T04:24:22.254Z] > git for-each-ref --format=%(refname)%00%(upstream:short)%00%(objectname)%00%(upstream:track)%00%(upstream:remotename)%00%(upstream:remoteref) refs/heads/master refs/remotes/master [2ms]
[2022-08-11T04:24:22.266Z] > git for-each-ref --sort -committerdate --format %(refname) %(objectname) %(*objectname) [6ms]
[2022-08-11T04:24:22.266Z] > git remote --verbose [0ms]
[2022-08-11T04:24:22.292Z] > git config --get commit.template [2ms]
[2022-08-11T04:24:27.347Z] > git status -z -uall [34ms]
[2022-08-11T04:24:27.364Z] > git symbolic-ref --short HEAD [3ms]
[2022-08-11T04:24:27.381Z] > git for-each-ref --format=%(refname)%00%(upstream:short)%00%(objectname)%00%(upstream:track)%00%(upstream:remotename)%00%(upstream:remoteref) refs/heads/master refs/remotes/master [4ms]
[2022-08-11T04:24:27.408Z] > git for-each-ref --sort -committerdate --format %(refname) %(objectname) %(*objectname) [14ms]
[2022-08-11T04:24:27.409Z] > git remote --verbose [2ms]
[2022-08-11T04:24:27.443Z] > git config --get commit.template [2ms]
[2022-08-11T04:24:31.472Z] > git show --textconv :Qtile-config/dotfiles/zathura/catppuccin [5ms]
[2022-08-11T04:24:31.472Z] > git ls-files --stage -- /home/manu320/.config/Qtile-config/dotfiles/zathura/catppuccin [1ms]
[2022-08-11T04:24:32.493Z] > git status -z -uall [29ms]
[2022-08-11T04:24:32.513Z] > git symbolic-ref --short HEAD [3ms]
[2022-08-11T04:24:32.530Z] > git for-each-ref --format=%(refname)%00%(upstream:short)%00%(objectname)%00%(upstream:track)%00%(upstream:remotename)%00%(upstream:remoteref) refs/heads/master refs/remotes/master [2ms]
[2022-08-11T04:24:32.557Z] > git for-each-ref --sort -committerdate --format %(refname) %(objectname) %(*objectname) [15ms]
[2022-08-11T04:24:32.558Z] > git remote --verbose [3ms]
[2022-08-11T04:24:32.596Z] > git config --get commit.template [2ms]
[2022-08-11T04:24:37.648Z] > git status -z -uall [31ms]
[2022-08-11T04:24:37.664Z] > git symbolic-ref --short HEAD [1ms]
[2022-08-11T04:24:37.675Z] > git for-each-ref --format=%(refname)%00%(upstream:short)%00%(objectname)%00%(upstream:track)%00%(upstream:remotename)%00%(upstream:remoteref) refs/heads/master refs/remotes/master [2ms]
[2022-08-11T04:24:37.687Z] > git for-each-ref --sort -committerdate --format %(refname) %(objectname) %(*objectname) [6ms]
[2022-08-11T04:24:37.687Z] > git remote --verbose [1ms]
[2022-08-11T04:24:37.710Z] > git config --get commit.template [2ms]
[2022-08-11T04:24:51.919Z] > git status -z -uall [9ms]
[2022-08-11T04:24:51.927Z] > git symbolic-ref --short HEAD [1ms]
[2022-08-11T04:24:51.934Z] > git for-each-ref --format=%(refname)%00%(upstream:short)%00%(objectname)%00%(upstream:track)%00%(upstream:remotename)%00%(upstream:remoteref) refs/heads/master refs/remotes/master [1ms]
[2022-08-11T04:24:51.949Z] > git for-each-ref --sort -committerdate --format %(refname) %(objectname) %(*objectname) [8ms]
[2022-08-11T04:24:51.949Z] > git remote --verbose [1ms]
[2022-08-11T04:24:51.978Z] > git config --get commit.template [3ms]
[2022-08-11T04:25:03.127Z] > git status -z -uall [9ms]
[2022-08-11T04:25:03.134Z] > git symbolic-ref --short HEAD [1ms]
[2022-08-11T04:25:03.142Z] > git for-each-ref --format=%(refname)%00%(upstream:short)%00%(objectname)%00%(upstream:track)%00%(upstream:remotename)%00%(upstream:remoteref) refs/heads/master refs/remotes/master [1ms]
[2022-08-11T04:25:03.152Z] > git for-each-ref --sort -committerdate --format %(refname) %(objectname) %(*objectname) [5ms]
[2022-08-11T04:25:03.153Z] > git remote --verbose [1ms]
[2022-08-11T04:25:03.181Z] > git config --get commit.template [4ms]
[2022-08-11T04:26:29.448Z] > git status -z -uall [8ms]
[2022-08-11T04:26:29.455Z] > git symbolic-ref --short HEAD [1ms]
[2022-08-11T04:26:29.462Z] > git for-each-ref --format=%(refname)%00%(upstream:short)%00%(objectname)%00%(upstream:track)%00%(upstream:remotename)%00%(upstream:remoteref) refs/heads/master refs/remotes/master [1ms]
[2022-08-11T04:26:29.472Z] > git for-each-ref --sort -committerdate --format %(refname) %(objectname) %(*objectname) [5ms]
[2022-08-11T04:26:29.473Z] > git remote --verbose [1ms]
[2022-08-11T04:26:29.498Z] > git config --get commit.template [1ms]
[2022-08-11T04:26:33.163Z] > git show --textconv :Qtile-config/dotfiles/zathura/catppuccin [20ms]
[2022-08-11T04:26:33.166Z] > git ls-files --stage -- /home/manu320/.config/Qtile-config/dotfiles/zathura/catppuccin [4ms]
[2022-08-11T04:26:34.545Z] > git status -z -uall [25ms]
[2022-08-11T04:26:34.557Z] > git symbolic-ref --short HEAD [2ms]
[2022-08-11T04:26:34.570Z] > git for-each-ref --format=%(refname)%00%(upstream:short)%00%(objectname)%00%(upstream:track)%00%(upstream:remotename)%00%(upstream:remoteref) refs/heads/master refs/remotes/master [3ms]
[2022-08-11T04:26:34.592Z] > git for-each-ref --sort -committerdate --format %(refname) %(objectname) %(*objectname) [11ms]
[2022-08-11T04:26:34.593Z] > git remote --verbose [2ms]
[2022-08-11T04:26:34.630Z] > git config --get commit.template [3ms]
[2022-08-11T04:26:39.683Z] > git status -z -uall [31ms]
[2022-08-11T04:26:39.706Z] > git symbolic-ref --short HEAD [3ms]
[2022-08-11T04:26:39.729Z] > git for-each-ref --format=%(refname)%00%(upstream:short)%00%(objectname)%00%(upstream:track)%00%(upstream:remotename)%00%(upstream:remoteref) refs/heads/master refs/remotes/master [4ms]
[2022-08-11T04:26:39.763Z] > git for-each-ref --sort -committerdate --format %(refname) %(objectname) %(*objectname) [15ms]
[2022-08-11T04:26:39.763Z] > git remote --verbose [2ms]
[2022-08-11T04:26:39.811Z] > git config --get commit.template [4ms]
[2022-08-11T04:26:40.933Z] > git show --textconv :kitty/kitty.conf [8ms]
[2022-08-11T04:26:40.934Z] > git ls-files --stage -- /home/manu320/.config/kitty/kitty.conf [1ms]
[2022-08-11T04:26:44.850Z] > git status -z -uall [23ms]
[2022-08-11T04:26:44.867Z] > git symbolic-ref --short HEAD [3ms]
[2022-08-11T04:26:44.884Z] > git for-each-ref --format=%(refname)%00%(upstream:short)%00%(objectname)%00%(upstream:track)%00%(upstream:remotename)%00%(upstream:remoteref) refs/heads/master refs/remotes/master [3ms]
[2022-08-11T04:26:44.905Z] > git for-each-ref --sort -committerdate --format %(refname) %(objectname) %(*objectname) [11ms]
[2022-08-11T04:26:44.906Z] > git remote --verbose [2ms]
[2022-08-11T04:26:44.941Z] > git config --get commit.template [2ms]
[2022-08-11T04:26:49.994Z] > git status -z -uall [33ms]
[2022-08-11T04:26:50.017Z] > git symbolic-ref --short HEAD [4ms]
[2022-08-11T04:26:50.036Z] > git for-each-ref --format=%(refname)%00%(upstream:short)%00%(objectname)%00%(upstream:track)%00%(upstream:remotename)%00%(upstream:remoteref) refs/heads/master refs/remotes/master [2ms]
[2022-08-11T04:26:50.055Z] > git for-each-ref --sort -committerdate --format %(refname) %(objectname) %(*objectname) [8ms]
[2022-08-11T04:26:50.056Z] > git remote --verbose [2ms]
[2022-08-11T04:26:50.083Z] > git config --get commit.template [2ms]
[2022-08-11T04:26:55.136Z] > git status -z -uall [31ms]
[2022-08-11T04:26:55.151Z] > git symbolic-ref --short HEAD [1ms]
[2022-08-11T04:26:55.164Z] > git for-each-ref --format=%(refname)%00%(upstream:short)%00%(objectname)%00%(upstream:track)%00%(upstream:remotename)%00%(upstream:remoteref) refs/heads/master refs/remotes/master [2ms]
[2022-08-11T04:26:55.186Z] > git for-each-ref --sort -committerdate --format %(refname) %(objectname) %(*objectname) [12ms]
[2022-08-11T04:26:55.186Z] > git remote --verbose [2ms]
[2022-08-11T04:26:55.221Z] > git config --get commit.template [2ms]
[2022-08-11T04:27:00.267Z] > git status -z -uall [26ms]
[2022-08-11T04:27:00.283Z] > git symbolic-ref --short HEAD [3ms]
[2022-08-11T04:27:00.304Z] > git for-each-ref --format=%(refname)%00%(upstream:short)%00%(objectname)%00%(upstream:track)%00%(upstream:remotename)%00%(upstream:remoteref) refs/heads/master refs/remotes/master [4ms]
[2022-08-11T04:27:00.329Z] > git for-each-ref --sort -committerdate --format %(refname) %(objectname) %(*objectname) [11ms]
[2022-08-11T04:27:00.329Z] > git remote --verbose [1ms]
[2022-08-11T04:27:00.353Z] > git config --get commit.template [2ms]
[2022-08-11T04:27:05.370Z] > git status -z -uall [7ms]
[2022-08-11T04:27:05.376Z] > git symbolic-ref --short HEAD [1ms]
[2022-08-11T04:27:05.382Z] > git for-each-ref --format=%(refname)%00%(upstream:short)%00%(objectname)%00%(upstream:track)%00%(upstream:remotename)%00%(upstream:remoteref) refs/heads/master refs/remotes/master [1ms]
[2022-08-11T04:27:05.394Z] > git for-each-ref --sort -committerdate --format %(refname) %(objectname) %(*objectname) [6ms]
[2022-08-11T04:27:05.394Z] > git remote --verbose [1ms]
[2022-08-11T04:27:05.419Z] > git config --get commit.template [2ms]
[2022-08-11T04:27:10.437Z] > git status -z -uall [8ms]
[2022-08-11T04:27:10.444Z] > git symbolic-ref --short HEAD [1ms]
[2022-08-11T04:27:10.451Z] > git for-each-ref --format=%(refname)%00%(upstream:short)%00%(objectname)%00%(upstream:track)%00%(upstream:remotename)%00%(upstream:remoteref) refs/heads/master refs/remotes/master [1ms]
[2022-08-11T04:27:10.462Z] > git for-each-ref --sort -committerdate --format %(refname) %(objectname) %(*objectname) [6ms]
[2022-08-11T04:27:10.462Z] > git remote --verbose [1ms]
[2022-08-11T04:27:10.492Z] > git config --get commit.template [9ms]
[2022-08-11T04:27:15.544Z] > git status -z -uall [30ms]
[2022-08-11T04:27:15.567Z] > git symbolic-ref --short HEAD [4ms]
[2022-08-11T04:27:15.589Z] > git for-each-ref --format=%(refname)%00%(upstream:short)%00%(objectname)%00%(upstream:track)%00%(upstream:remotename)%00%(upstream:remoteref) refs/heads/master refs/remotes/master [4ms]
[2022-08-11T04:27:15.626Z] > git for-each-ref --sort -committerdate --format %(refname) %(objectname) %(*objectname) [19ms]
[2022-08-11T04:27:15.627Z] > git remote --verbose [2ms]
[2022-08-11T04:27:15.666Z] > git config --get commit.template [3ms]
